2024-11-21 00:01:51 [Info]:  🤖 Запуск робота LandocsRobot
2024-11-21 00:01:51 [Info]:  Уровень логирования установлен на: Debug
2024-11-21 00:01:51 [Info]:  Параметры успешно загружены из config.xml
2024-11-21 00:01:51 [Info]:  Список организаций успешно загружен.
2024-11-21 00:01:51 [Info]:  Найдено 1 заяв(-ка) (-ок) для обработки.
2024-11-21 00:01:51 [Info]: [SD1792470] Начинаю обработку заявки: SD1792470+
2024-11-21 00:01:51 [Info]: [SD1792470] Файл заявки [SD1792470+.txt] найден. Начинаю обработку.
2024-11-21 00:01:51 [Debug]: [SD1792470] Начинается обработка файла: C:\Users\RobinLandocsAC\Desktop\LanDocsRobotReborn\landocs2\LandocsRobot\bin\Debug\Input\SD1792470+\SD1792470+.txt
2024-11-21 00:01:51 [Debug]: [SD1792470] Файл успешно прочитан: C:\Users\RobinLandocsAC\Desktop\LanDocsRobotReborn\landocs2\LandocsRobot\bin\Debug\Input\SD1792470+\SD1792470+.txt
2024-11-21 00:01:51 [Info]: [SD1792470] Извлеченные данные: Номер заявки - [SD1792470], Тип - [Годовая инвентаризация (по всем контрагентам и договорам)], Организация - [Дагестанский филиал], ППУД - [ДФ.Проекты ППУД]
2024-11-21 00:01:51 [Info]: [SD1792470] В папке [ЭДО] найдено 5 элементов. Начинаю обработку файлов.
2024-11-21 00:01:51 [Info]: [SD1792470] Сортировка и перемещение файлов завершены.
2024-11-21 00:01:51 [Debug]: [SD1792470] xlsx: 1 элементов.
2024-11-21 00:01:51 [Debug]: [SD1792470] pdf: 1 элементов.
2024-11-21 00:01:51 [Debug]: [SD1792470] zip: 102 элементов.
2024-11-21 00:01:51 [Debug]: [SD1792470] error: 1 элементов.
2024-11-21 00:01:51 [Debug]: [SD1792470] [+] Для файла [Акт св П 1000097213 Каримов Саид Алиевич ИП  №00000008061080 31.10.24_056206233185_ OK] найден соответствующий PDF.
2024-11-21 00:01:51 [Info]: [SD1792470] 0 файл(-а) (-ов) на конвертацию в PDF.
2024-11-21 00:01:51 [Info]: [SD1792470] Обработка заявки [SD1792470+] завершена успешно.
2024-11-21 00:01:51 [Info]: [SD1792470] Начинаю работу по файлу: Индекс: [0], Файл: [LandocsRobot.Program+FileData]. Всего файлов: [1]
2024-11-21 00:01:51 [Info]: [SD1792470] Запускаю Landocs.
2024-11-21 00:01:51 [Debug]: [SD1792470] Выполнил резервную копию файла профиля [C:\Users\RobinLandocsAC\AppData\Local\LANIT\LanDocs\3.6.1.39\UserSettings.xml] переименован в [C:\Users\RobinLandocsAC\AppData\Local\LANIT\LanDocs\3.6.1.39\UserSettings.bak].
2024-11-21 00:01:51 [Debug]: [SD1792470] Кастомный файл профиля landocs успешно перемещен из 'C:\Users\RobinLandocsAC\Desktop\LanDocsRobotReborn\landocs2\LandocsRobot\bin\Debug\UserSettings.xml' в 'C:\Users\RobinLandocsAC\AppData\Local\LANIT\LanDocs\3.6.1.39\UserSettings.xml'.
2024-11-21 00:01:51 [Info]: [SD1792470] Профиль Landocs успешно перемещен.
2024-11-21 00:01:51 [Info]: [SD1792470] Запускаю приложение Landocs по пути: C:\Users\RobinLandocsAC\AppData\Local\Apps\2.0\P5L8YXKH.MD2\WYROW58K.TZV\land...app_564c2c838af24d09_0003.0006_c04a00086fb426e6\LanDocs3.exe
2024-11-21 00:01:52 [Info]: [SD1792470] Запуск приложения: C:\Users\RobinLandocsAC\AppData\Local\Apps\2.0\P5L8YXKH.MD2\WYROW58K.TZV\land...app_564c2c838af24d09_0003.0006_c04a00086fb426e6\LanDocs3.exe
2024-11-21 00:01:52 [Info]: [SD1792470] Поиск окна приложения с именем: [RobinLandocs Робот (Мой LanDocs) - Избранное - LanDocs]. Время ожидания:[300] сек.
2024-11-21 00:01:53 [Debug]: [SD1792470] Ожидание окна приложения: [RobinLandocs Робот (Мой LanDocs) - Избранное - LanDocs]. Прошло [1] секунд...
2024-11-21 00:01:57 [Debug]: [SD1792470] Ожидание окна приложения: [RobinLandocs Робот (Мой LanDocs) - Избранное - LanDocs]. Прошло [2] секунд...
2024-11-21 00:01:58 [Debug]: [SD1792470] Ожидание окна приложения: [RobinLandocs Робот (Мой LanDocs) - Избранное - LanDocs]. Прошло [3] секунд...
2024-11-21 00:01:59 [Debug]: [SD1792470] Ожидание окна приложения: [RobinLandocs Робот (Мой LanDocs) - Избранное - LanDocs]. Прошло [4] секунд...
2024-11-21 00:02:00 [Debug]: [SD1792470] Ожидание окна приложения: [RobinLandocs Робот (Мой LanDocs) - Избранное - LanDocs]. Прошло [5] секунд...
2024-11-21 00:02:01 [Debug]: [SD1792470] Ожидание окна приложения: [RobinLandocs Робот (Мой LanDocs) - Избранное - LanDocs]. Прошло [6] секунд...
2024-11-21 00:02:02 [Debug]: [SD1792470] Ожидание окна приложения: [RobinLandocs Робот (Мой LanDocs) - Избранное - LanDocs]. Прошло [7] секунд...
2024-11-21 00:02:03 [Debug]: [SD1792470] Ожидание окна приложения: [RobinLandocs Робот (Мой LanDocs) - Избранное - LanDocs]. Прошло [8] секунд...
2024-11-21 00:02:04 [Debug]: [SD1792470] Ожидание окна приложения: [RobinLandocs Робот (Мой LanDocs) - Избранное - LanDocs]. Прошло [9] секунд...
2024-11-21 00:02:11 [Debug]: [SD1792470] Ожидание окна приложения: [RobinLandocs Робот (Мой LanDocs) - Избранное - LanDocs]. Прошло [10] секунд...
2024-11-21 00:02:11 [Warning]: [SD1792470] Ожидание окна приложения: [RobinLandocs Робот (Мой LanDocs) - Избранное - LanDocs]. Прошло [10] секунд.
2024-11-21 00:02:11 [Info]: [SD1792470] Landocs успешно запустился.
2024-11-21 00:02:11 [Info]: [SD1792470] Приложение Landocs успешно запущено и окно найдено.
2024-11-21 00:02:16 [Info]: [SD1792470] Начинаю поиск вкладки [Главная] в навигационном меню...
2024-11-21 00:02:16 [Info]: [SD1792470] Вкладка [Главная] найдена. Выполняю клик.
2024-11-21 00:02:16 [Info]: [SD1792470] Клик выполнен по элементу в центре: X=114, Y=37
2024-11-21 00:02:16 [Info]: [SD1792470] Клик по вкладке [Главная] успешно выполнен.
2024-11-21 00:02:16 [Info]: [SD1792470] Начинаю поиск кнопки [Документы] в навигационном меню...
2024-11-21 00:02:16 [Info]: [SD1792470] Нашел ссылку [Документы] в левом навигационном меню
2024-11-21 00:02:17 [Info]: [SD1792470] Клик по элементу [Документы] успешно выполнен.
2024-11-21 00:02:17 [Info]: [SD1792470] Нажимаем Ctrl+F для вызова окна поиска ППУД.
2024-11-21 00:02:20 [Info]: [SD1792470] Элемент окна поиска ППУД успешно найден.
2024-11-21 00:02:20 [Info]: [SD1792470] Значение введено в окно поиска ППУД через ValuePattern.
2024-11-21 00:02:20 [Info]: [SD1792470] Ищу кнопку [Вниз] в окне поиска ППУД.
2024-11-21 00:02:20 [Info]: [SD1792470] Фокус успешно установлен на кнопку [Вниз].
2024-11-21 00:02:22 [Info]: [SD1792470] Нажали кнопку [Вниз] в окне поиска ППУД.
2024-11-21 00:02:22 [Info]: [SD1792470] Нажали кнопку [Вниз] в окне поиска ППУД успешно.
2024-11-21 00:02:24 [Info]: [SD1792470] Начинаю поиск элемента ППУД в списке документов.
2024-11-21 00:02:24 [Info]: [SD1792470] Группа элементов найдена. Ищу ППУД с значением: [ДФ.Проекты ППУД].
2024-11-21 00:02:25 [Info]: [SD1792470] ППУД [ДФ.Проекты ППУД] найден и успешно обработан.
2024-11-21 00:02:25 [Info]: [SD1792470] Начинаю поиск кнопки для создания документа.
2024-11-21 00:02:25 [Info]: [SD1792470] Кнопка [Создать документ] найдена. Устанавливаю фокус и выполняю действие.
2024-11-21 00:02:25 [Info]: [SD1792470] Клик выполнен по элементу в центре: X=34, Y=85
2024-11-21 00:02:25 [Info]: [SD1792470] Успешно нажали на кнопку [Создать документ].
2024-11-21 00:02:25 [Info]: [SD1792470] Начинаю поиск окна создания документа.
2024-11-21 00:02:32 [Info]: [SD1792470] Появилось окно создания документа: [Без имени - Документ LanDocs].
2024-11-21 00:02:32 [Info]: [SD1792470] Начинаю процесс выбора типа документа.
2024-11-21 00:02:32 [Info]: [SD1792470] Открыли список выбора типа документа.
2024-11-21 00:02:32 [Info]: [SD1792470] Выбрали тип документа: [ППУД. Исходящий электронный документ].
2024-11-21 00:02:32 [Info]: [SD1792470] Начинаю поиск и выбор типа документа для второго типа.
2024-11-21 00:02:32 [Info]: [SD1792470] Нажали на кнопку выбора типа документа.
2024-11-21 00:02:34 [Info]: [SD1792470] Выбрали тип документа: [ППУД ИСХ. Акт сверки по договору / договорам].
2024-11-21 00:02:34 [Info]: [SD1792470] Начинаю поиск кнопки для открытия окна с контрагентами.
2024-11-21 00:02:35 [Info]: [SD1792470] Клик выполнен по элементу в центре: X=794, Y=440
2024-11-21 00:02:35 [Info]: [SD1792470] Нажали на кнопку [Открыть окно с контрагентами].
2024-11-21 00:02:38 [Info]: [SD1792470] Появилось окно поиска контрагента [Выбор элемента]
2024-11-21 00:02:38 [Info]: [SD1792470] Значение [056206233185] успешно введено в поле поиска контрагента через ValuePattern.
2024-11-21 00:02:39 [Info]: [SD1792470] Нажали на кнопку поиска контрагента[Поиск]
2024-11-21 00:02:39 [Info]: [SD1792470] Начинаем поиск элемента 'Список контрагентов'...
2024-11-21 00:02:39 [Info]: [SD1792470] Элемент 'Список контрагентов' найден. Пытаемся найти 'Панель данных' внутри списка...
2024-11-21 00:02:39 [Info]: [SD1792470] 'Панель данных' найдена. Получаем список контрагентов...
2024-11-21 00:02:39 [Info]: [SD1792470] Получен список контрагентов: найдено 1 элементов.
2024-11-21 00:02:39 [Debug]: [SD1792470] Обработка контрагента под индексом [0]...
2024-11-21 00:02:39 [Debug]: [SD1792470] Найден контрагент [0]: [Каримов Саид Алиевич ИП, ИНН: 056206233185, КПП: ]
2024-11-21 00:02:39 [Info]: [SD1792470] Все элементы контрагентов обработаны. Выполняем поиск необходимого контрагента...
2024-11-21 00:02:39 [Info]: [SD1792470] Необходимый контрагент найден: ключ [0].
2024-11-21 00:02:39 [Info]: [SD1792470] Выбираем найденного контрагента.
2024-11-21 00:02:39 [Info]: [SD1792470] Работа с найденным элементом завершена.
2024-11-21 00:02:39 [Info]: [SD1792470] Начинаем поиск кнопки [Выбрать] в окне [Выбор элемента] со списком контрагентов...
2024-11-21 00:02:39 [Info]: [SD1792470] Кнопка [Выбрать] найдена. Пытаемся нажать на кнопку...
2024-11-21 00:02:39 [Info]: [SD1792470] Нажали на кнопку [Выбрать] в окне [Выбор элемента] со списком контрагентов.
2024-11-21 00:02:39 [Info]: [SD1792470] Начинаем поиск кнопки [...] для выбора договора в окне [Создание документа]...
2024-11-21 00:02:39 [Info]: [SD1792470] Кнопка открытия окна с  договорами найдена. Пытаемся нажать на кнопку...
2024-11-21 00:02:40 [Info]: [SD1792470] Клик выполнен по элементу в центре: X=114, Y=550
2024-11-21 00:02:40 [Info]: [SD1792470] Нажали на кнопку открытия окна с договорами в окне [Создание документа].
2024-11-21 00:02:44 [Info]: [SD1792470] Окно поиска контрагента [Выбор документа] найдено.
2024-11-21 00:02:44 [Info]: [SD1792470] Начинаем поиск дерева элементов списка [Журналы регистрации]...
2024-11-21 00:02:44 [Info]: [SD1792470] Элемент дерева [Журналы регистрации] найден.
2024-11-21 00:02:44 [Info]: [SD1792470] Элемент дерева [Журналы регистрации] найден. Пытаемся инициализировать скролл...
2024-11-21 00:02:44 [Info]: [SD1792470] Элемент скролла [Vertical] найден! Работа робота продолжается.
2024-11-21 00:02:44 [Info]: [SD1792470] Элемент [Журналы регистраций] найден.
2024-11-21 00:02:44 [Debug]: [SD1792470] Элемент [Журналы регистраций] уже раскрыт.
2024-11-21 00:02:44 [Info]: [SD1792470] Количество журналов [78]
2024-11-21 00:02:44 [Debug]: [SD1792470] Выполняю поиск внутри элемента [Журналы регистраций] - Журнал [ДФ.Договоры]. Фокус на элементе: [БГЭС.Договоры]
2024-11-21 00:02:44 [Debug]: [SD1792470] Выполняю поиск внутри элемента [Журналы регистраций] - Журнал [ДФ.Договоры]. Фокус на элементе: [БГЭС.ПЗД / Приложения к договорам]
2024-11-21 00:02:44 [Debug]: [SD1792470] Выполняю поиск внутри элемента [Журналы регистраций] - Журнал [ДФ.Договоры]. Фокус на элементе: [БГЭС.Проекты договоров]
2024-11-21 00:02:44 [Debug]: [SD1792470] Выполняю поиск внутри элемента [Журналы регистраций] - Журнал [ДФ.Договоры]. Фокус на элементе: [ВГЭС.Договоры]
2024-11-21 00:02:44 [Debug]: [SD1792470] Выполняю поиск внутри элемента [Журналы регистраций] - Журнал [ДФ.Договоры]. Фокус на элементе: [ВГЭС.ПЗД / Приложения к договорам]
2024-11-21 00:02:44 [Debug]: [SD1792470] Выполняю поиск внутри элемента [Журналы регистраций] - Журнал [ДФ.Договоры]. Фокус на элементе: [ВГЭС.Проекты договоров]
2024-11-21 00:02:44 [Debug]: [SD1792470] Выполняю поиск внутри элемента [Журналы регистраций] - Журнал [ДФ.Договоры]. Фокус на элементе: [ВЛГЭС.Договоры]
2024-11-21 00:02:44 [Debug]: [SD1792470] Выполняю поиск внутри элемента [Журналы регистраций] - Журнал [ДФ.Договоры]. Фокус на элементе: [ВЛГЭС.ПЗД / Приложения к договорам]
2024-11-21 00:02:44 [Debug]: [SD1792470] Выполняю поиск внутри элемента [Журналы регистраций] - Журнал [ДФ.Договоры]. Фокус на элементе: [ВЛГЭС.Проекты договоров]
2024-11-21 00:02:44 [Debug]: [SD1792470] Выполняю поиск внутри элемента [Журналы регистраций] - Журнал [ДФ.Договоры]. Фокус на элементе: [ДФ.Договоры]
2024-11-21 00:02:44 [Info]: [SD1792470] Журнал [ДФ.Договоры] внутри элемента [Журналы регистраций] найден.
2024-11-21 00:02:44 [Debug]: [SD1792470] Элемент журнала прокручен в область видимости.
2024-11-21 00:02:46 [Info]: [SD1792470] Элемент журнала выбран.
2024-11-21 00:02:47 [Info]: [SD1792470] Элемент найден. Фокус успешно установлен на первый элемент таблицы договоров.
2024-11-21 00:02:47 [Info]: [SD1792470] Нажали на кнопку [Выбрать] в окне [Выбор документа] со списком журналов.
2024-11-21 00:02:47 [Info]: [SD1792470] Договор проставлен успешно. Номер договора: 1080-156-2024
2024-11-21 00:02:47 [Info]: [SD1792470] Текущий подписант: [Гамзатов Тимур Гамзатович]. Меняю на: [Черданцева Наталья Викторовна].
2024-11-21 00:02:47 [Info]: [SD1792470] Подписант успешно установлен: [Черданцева Наталья Викторовна].
2024-11-21 00:02:48 [Info]: [SD1792470] Клик выполнен по элементу в центре: X=37, Y=85
2024-11-21 00:02:48 [Info]: [SD1792470] Нажали на кнопку [Сохранить документ] в окне [Создать документ].
2024-11-21 00:02:49 [Info]: [SD1792470] Элемент неактивен, ждем 1 минуту...
2024-11-21 00:03:50 [Info]: [SD1792470] Клик выполнен по элементу в центре: X=130, Y=180
2024-11-21 00:03:50 [Info]: [SD1792470] Элемент [Структура папок] выбран.
2024-11-21 00:03:50 [Info]: [SD1792470] Нажали на кнопку [Структура папок] в окне [Создать документ].
2024-11-21 00:03:50 [Info]: [SD1792470] CheckBox был установлен в состояние 'true'.
2024-11-21 00:07:04 [Info]:  🤖 Запуск робота LandocsRobot
2024-11-21 00:07:04 [Info]:  Уровень логирования установлен на: Debug
2024-11-21 00:07:04 [Info]:  Параметры успешно загружены из config.xml
2024-11-21 00:07:04 [Info]:  Список организаций успешно загружен.
2024-11-21 00:07:04 [Info]:  Найдено 1 заяв(-ка) (-ок) для обработки.
2024-11-21 00:07:04 [Info]: [SD1792470] Начинаю обработку заявки: SD1792470+
2024-11-21 00:07:04 [Info]: [SD1792470] Файл заявки [SD1792470+.txt] найден. Начинаю обработку.
2024-11-21 00:07:04 [Debug]: [SD1792470] Начинается обработка файла: C:\Users\RobinLandocsAC\Desktop\LanDocsRobotReborn\landocs2\LandocsRobot\bin\Debug\Input\SD1792470+\SD1792470+.txt
2024-11-21 00:07:04 [Debug]: [SD1792470] Файл успешно прочитан: C:\Users\RobinLandocsAC\Desktop\LanDocsRobotReborn\landocs2\LandocsRobot\bin\Debug\Input\SD1792470+\SD1792470+.txt
2024-11-21 00:07:04 [Info]: [SD1792470] Извлеченные данные: Номер заявки - [SD1792470], Тип - [Годовая инвентаризация (по всем контрагентам и договорам)], Организация - [Дагестанский филиал], ППУД - [ДФ.Проекты ППУД]
2024-11-21 00:07:04 [Info]: [SD1792470] В папке [ЭДО] найдено 5 элементов. Начинаю обработку файлов.
2024-11-21 00:07:04 [Info]: [SD1792470] Сортировка и перемещение файлов завершены.
2024-11-21 00:07:04 [Debug]: [SD1792470] xlsx: 1 элементов.
2024-11-21 00:07:04 [Debug]: [SD1792470] pdf: 1 элементов.
2024-11-21 00:07:04 [Debug]: [SD1792470] zip: 102 элементов.
2024-11-21 00:07:04 [Debug]: [SD1792470] error: 1 элементов.
2024-11-21 00:07:04 [Debug]: [SD1792470] [+] Для файла [Акт св П 1000097213 Каримов Саид Алиевич ИП  №00000008061080 31.10.24_056206233185_ OK] найден соответствующий PDF.
2024-11-21 00:07:04 [Info]: [SD1792470] 0 файл(-а) (-ов) на конвертацию в PDF.
2024-11-21 00:07:04 [Info]: [SD1792470] Обработка заявки [SD1792470+] завершена успешно.
2024-11-21 00:07:04 [Info]: [SD1792470] Начинаю работу по файлу: Индекс: [0], Файл: [LandocsRobot.Program+FileData]. Всего файлов: [1]
2024-11-21 00:07:04 [Info]: [SD1792470] Запускаю Landocs.
2024-11-21 00:07:04 [Debug]: [SD1792470] Выполнил резервную копию файла профиля [C:\Users\RobinLandocsAC\AppData\Local\LANIT\LanDocs\3.6.1.39\UserSettings.xml] переименован в [C:\Users\RobinLandocsAC\AppData\Local\LANIT\LanDocs\3.6.1.39\UserSettings.bak].
2024-11-21 00:07:04 [Debug]: [SD1792470] Кастомный файл профиля landocs успешно перемещен из 'C:\Users\RobinLandocsAC\Desktop\LanDocsRobotReborn\landocs2\LandocsRobot\bin\Debug\UserSettings.xml' в 'C:\Users\RobinLandocsAC\AppData\Local\LANIT\LanDocs\3.6.1.39\UserSettings.xml'.
2024-11-21 00:07:04 [Info]: [SD1792470] Профиль Landocs успешно перемещен.
2024-11-21 00:07:04 [Info]: [SD1792470] Запускаю приложение Landocs по пути: C:\Users\RobinLandocsAC\AppData\Local\Apps\2.0\P5L8YXKH.MD2\WYROW58K.TZV\land...app_564c2c838af24d09_0003.0006_c04a00086fb426e6\LanDocs3.exe
2024-11-21 00:07:04 [Info]: [SD1792470] Запуск приложения: C:\Users\RobinLandocsAC\AppData\Local\Apps\2.0\P5L8YXKH.MD2\WYROW58K.TZV\land...app_564c2c838af24d09_0003.0006_c04a00086fb426e6\LanDocs3.exe
2024-11-21 00:07:04 [Info]: [SD1792470] Поиск окна приложения с именем: [RobinLandocs Робот (Мой LanDocs) - Избранное - LanDocs]. Время ожидания:[300] сек.
2024-11-21 00:07:05 [Debug]: [SD1792470] Ожидание окна приложения: [RobinLandocs Робот (Мой LanDocs) - Избранное - LanDocs]. Прошло [1] секунд...
2024-11-21 00:07:08 [Debug]: [SD1792470] Ожидание окна приложения: [RobinLandocs Робот (Мой LanDocs) - Избранное - LanDocs]. Прошло [2] секунд...
2024-11-21 00:07:09 [Debug]: [SD1792470] Ожидание окна приложения: [RobinLandocs Робот (Мой LanDocs) - Избранное - LanDocs]. Прошло [3] секунд...
2024-11-21 00:07:10 [Debug]: [SD1792470] Ожидание окна приложения: [RobinLandocs Робот (Мой LanDocs) - Избранное - LanDocs]. Прошло [4] секунд...
2024-11-21 00:07:11 [Debug]: [SD1792470] Ожидание окна приложения: [RobinLandocs Робот (Мой LanDocs) - Избранное - LanDocs]. Прошло [5] секунд...
2024-11-21 00:07:12 [Debug]: [SD1792470] Ожидание окна приложения: [RobinLandocs Робот (Мой LanDocs) - Избранное - LanDocs]. Прошло [6] секунд...
2024-11-21 00:07:13 [Debug]: [SD1792470] Ожидание окна приложения: [RobinLandocs Робот (Мой LanDocs) - Избранное - LanDocs]. Прошло [7] секунд...
2024-11-21 00:07:14 [Debug]: [SD1792470] Ожидание окна приложения: [RobinLandocs Робот (Мой LanDocs) - Избранное - LanDocs]. Прошло [8] секунд...
2024-11-21 00:07:20 [Debug]: [SD1792470] Ожидание окна приложения: [RobinLandocs Робот (Мой LanDocs) - Избранное - LanDocs]. Прошло [9] секунд...
2024-11-21 00:07:20 [Info]: [SD1792470] Landocs успешно запустился.
2024-11-21 00:07:20 [Info]: [SD1792470] Приложение Landocs успешно запущено и окно найдено.
2024-11-21 00:07:25 [Info]: [SD1792470] Начинаю поиск вкладки [Главная] в навигационном меню...
2024-11-21 00:07:25 [Info]: [SD1792470] Вкладка [Главная] найдена. Выполняю клик.
2024-11-21 00:07:26 [Info]: [SD1792470] Клик выполнен по элементу в центре: X=114, Y=37
2024-11-21 00:07:26 [Info]: [SD1792470] Клик по вкладке [Главная] успешно выполнен.
2024-11-21 00:07:26 [Info]: [SD1792470] Начинаю поиск кнопки [Документы] в навигационном меню...
2024-11-21 00:07:26 [Info]: [SD1792470] Нашел ссылку [Документы] в левом навигационном меню
2024-11-21 00:07:27 [Info]: [SD1792470] Клик по элементу [Документы] успешно выполнен.
2024-11-21 00:07:27 [Info]: [SD1792470] Нажимаем Ctrl+F для вызова окна поиска ППУД.
2024-11-21 00:07:30 [Info]: [SD1792470] Элемент окна поиска ППУД успешно найден.
2024-11-21 00:07:30 [Info]: [SD1792470] Значение введено в окно поиска ППУД через ValuePattern.
2024-11-21 00:07:30 [Info]: [SD1792470] Ищу кнопку [Вниз] в окне поиска ППУД.
2024-11-21 00:07:30 [Info]: [SD1792470] Фокус успешно установлен на кнопку [Вниз].
2024-11-21 00:07:32 [Info]: [SD1792470] Нажали кнопку [Вниз] в окне поиска ППУД.
2024-11-21 00:07:32 [Info]: [SD1792470] Нажали кнопку [Вниз] в окне поиска ППУД успешно.
2024-11-21 00:07:34 [Info]: [SD1792470] Начинаю поиск элемента ППУД в списке документов.
2024-11-21 00:07:34 [Info]: [SD1792470] Группа элементов найдена. Ищу ППУД с значением: [ДФ.Проекты ППУД].
2024-11-21 00:07:34 [Info]: [SD1792470] ППУД [ДФ.Проекты ППУД] найден и успешно обработан.
2024-11-21 00:07:34 [Info]: [SD1792470] Начинаю поиск кнопки для создания документа.
2024-11-21 00:07:35 [Info]: [SD1792470] Кнопка [Создать документ] найдена. Устанавливаю фокус и выполняю действие.
2024-11-21 00:07:36 [Info]: [SD1792470] Клик выполнен по элементу в центре: X=34, Y=85
2024-11-21 00:07:36 [Info]: [SD1792470] Успешно нажали на кнопку [Создать документ].
2024-11-21 00:07:36 [Info]: [SD1792470] Начинаю поиск окна создания документа.
2024-11-21 00:07:42 [Info]: [SD1792470] Появилось окно создания документа: [Без имени - Документ LanDocs].
2024-11-21 00:07:42 [Info]: [SD1792470] Начинаю процесс выбора типа документа.
2024-11-21 00:07:42 [Info]: [SD1792470] Открыли список выбора типа документа.
2024-11-21 00:07:42 [Info]: [SD1792470] Выбрали тип документа: [ППУД. Исходящий электронный документ].
2024-11-21 00:07:42 [Info]: [SD1792470] Начинаю поиск и выбор типа документа для второго типа.
2024-11-21 00:07:42 [Info]: [SD1792470] Нажали на кнопку выбора типа документа.
2024-11-21 00:07:44 [Info]: [SD1792470] Выбрали тип документа: [ППУД ИСХ. Акт сверки по договору / договорам].
2024-11-21 00:07:44 [Info]: [SD1792470] Начинаю поиск кнопки для открытия окна с контрагентами.
2024-11-21 00:07:44 [Info]: [SD1792470] Клик выполнен по элементу в центре: X=794, Y=440
2024-11-21 00:07:44 [Info]: [SD1792470] Нажали на кнопку [Открыть окно с контрагентами].
2024-11-21 00:07:48 [Info]: [SD1792470] Появилось окно поиска контрагента [Выбор элемента]
2024-11-21 00:07:48 [Info]: [SD1792470] Значение [056206233185] успешно введено в поле поиска контрагента через ValuePattern.
2024-11-21 00:07:49 [Info]: [SD1792470] Нажали на кнопку поиска контрагента[Поиск]
2024-11-21 00:07:49 [Info]: [SD1792470] Начинаем поиск элемента 'Список контрагентов'...
2024-11-21 00:07:49 [Info]: [SD1792470] Элемент 'Список контрагентов' найден. Пытаемся найти 'Панель данных' внутри списка...
2024-11-21 00:07:49 [Info]: [SD1792470] 'Панель данных' найдена. Получаем список контрагентов...
2024-11-21 00:07:49 [Info]: [SD1792470] Получен список контрагентов: найдено 1 элементов.
2024-11-21 00:07:49 [Debug]: [SD1792470] Обработка контрагента под индексом [0]...
2024-11-21 00:07:49 [Debug]: [SD1792470] Найден контрагент [0]: [Каримов Саид Алиевич ИП, ИНН: 056206233185, КПП: ]
2024-11-21 00:07:49 [Info]: [SD1792470] Все элементы контрагентов обработаны. Выполняем поиск необходимого контрагента...
2024-11-21 00:07:49 [Info]: [SD1792470] Необходимый контрагент найден: ключ [0].
2024-11-21 00:07:49 [Info]: [SD1792470] Выбираем найденного контрагента.
2024-11-21 00:07:49 [Info]: [SD1792470] Работа с найденным элементом завершена.
2024-11-21 00:07:49 [Info]: [SD1792470] Начинаем поиск кнопки [Выбрать] в окне [Выбор элемента] со списком контрагентов...
2024-11-21 00:07:49 [Info]: [SD1792470] Кнопка [Выбрать] найдена. Пытаемся нажать на кнопку...
2024-11-21 00:07:49 [Info]: [SD1792470] Нажали на кнопку [Выбрать] в окне [Выбор элемента] со списком контрагентов.
2024-11-21 00:07:49 [Info]: [SD1792470] Начинаем поиск кнопки [...] для выбора договора в окне [Создание документа]...
2024-11-21 00:07:49 [Info]: [SD1792470] Кнопка открытия окна с  договорами найдена. Пытаемся нажать на кнопку...
2024-11-21 00:07:49 [Info]: [SD1792470] Клик выполнен по элементу в центре: X=114, Y=550
2024-11-21 00:07:49 [Info]: [SD1792470] Нажали на кнопку открытия окна с договорами в окне [Создание документа].
2024-11-21 00:07:53 [Info]: [SD1792470] Окно поиска контрагента [Выбор документа] найдено.
2024-11-21 00:07:53 [Info]: [SD1792470] Начинаем поиск дерева элементов списка [Журналы регистрации]...
2024-11-21 00:07:53 [Info]: [SD1792470] Элемент дерева [Журналы регистрации] найден.
2024-11-21 00:07:53 [Info]: [SD1792470] Элемент дерева [Журналы регистрации] найден. Пытаемся инициализировать скролл...
2024-11-21 00:07:53 [Info]: [SD1792470] Элемент скролла [Vertical] найден! Работа робота продолжается.
2024-11-21 00:07:53 [Info]: [SD1792470] Элемент [Журналы регистраций] найден.
2024-11-21 00:07:53 [Debug]: [SD1792470] Элемент [Журналы регистраций] уже раскрыт.
2024-11-21 00:07:53 [Info]: [SD1792470] Количество журналов [78]
2024-11-21 00:07:53 [Debug]: [SD1792470] Выполняю поиск внутри элемента [Журналы регистраций] - Журнал [ДФ.Договоры]. Фокус на элементе: [БГЭС.Договоры]
2024-11-21 00:07:53 [Debug]: [SD1792470] Выполняю поиск внутри элемента [Журналы регистраций] - Журнал [ДФ.Договоры]. Фокус на элементе: [БГЭС.ПЗД / Приложения к договорам]
2024-11-21 00:07:53 [Debug]: [SD1792470] Выполняю поиск внутри элемента [Журналы регистраций] - Журнал [ДФ.Договоры]. Фокус на элементе: [БГЭС.Проекты договоров]
2024-11-21 00:07:53 [Debug]: [SD1792470] Выполняю поиск внутри элемента [Журналы регистраций] - Журнал [ДФ.Договоры]. Фокус на элементе: [ВГЭС.Договоры]
2024-11-21 00:07:53 [Debug]: [SD1792470] Выполняю поиск внутри элемента [Журналы регистраций] - Журнал [ДФ.Договоры]. Фокус на элементе: [ВГЭС.ПЗД / Приложения к договорам]
2024-11-21 00:07:53 [Debug]: [SD1792470] Выполняю поиск внутри элемента [Журналы регистраций] - Журнал [ДФ.Договоры]. Фокус на элементе: [ВГЭС.Проекты договоров]
2024-11-21 00:07:53 [Debug]: [SD1792470] Выполняю поиск внутри элемента [Журналы регистраций] - Журнал [ДФ.Договоры]. Фокус на элементе: [ВЛГЭС.Договоры]
2024-11-21 00:07:53 [Debug]: [SD1792470] Выполняю поиск внутри элемента [Журналы регистраций] - Журнал [ДФ.Договоры]. Фокус на элементе: [ВЛГЭС.ПЗД / Приложения к договорам]
2024-11-21 00:07:53 [Debug]: [SD1792470] Выполняю поиск внутри элемента [Журналы регистраций] - Журнал [ДФ.Договоры]. Фокус на элементе: [ВЛГЭС.Проекты договоров]
2024-11-21 00:07:53 [Debug]: [SD1792470] Выполняю поиск внутри элемента [Журналы регистраций] - Журнал [ДФ.Договоры]. Фокус на элементе: [ДФ.Договоры]
2024-11-21 00:07:53 [Info]: [SD1792470] Журнал [ДФ.Договоры] внутри элемента [Журналы регистраций] найден.
2024-11-21 00:07:53 [Debug]: [SD1792470] Элемент журнала прокручен в область видимости.
2024-11-21 00:07:56 [Info]: [SD1792470] Элемент журнала выбран.
2024-11-21 00:07:56 [Info]: [SD1792470] Элемент найден. Фокус успешно установлен на первый элемент таблицы договоров.
2024-11-21 00:07:56 [Info]: [SD1792470] Нажали на кнопку [Выбрать] в окне [Выбор документа] со списком журналов.
2024-11-21 00:07:57 [Info]: [SD1792470] Договор проставлен успешно. Номер договора: 1080-156-2024
2024-11-21 00:07:57 [Info]: [SD1792470] Текущий подписант: [Гамзатов Тимур Гамзатович]. Меняю на: [Черданцева Наталья Викторовна].
2024-11-21 00:07:57 [Info]: [SD1792470] Подписант успешно установлен: [Черданцева Наталья Викторовна].
2024-11-21 00:07:57 [Info]: [SD1792470] Клик выполнен по элементу в центре: X=37, Y=85
2024-11-21 00:07:57 [Info]: [SD1792470] Нажали на кнопку [Сохранить документ] в окне [Создать документ].
2024-11-21 00:07:59 [Info]: [SD1792470] Элемент неактивен, ждем 1 минуту...
2024-11-21 00:09:00 [Info]: [SD1792470] Клик выполнен по элементу в центре: X=130, Y=180
2024-11-21 00:09:00 [Info]: [SD1792470] Элемент [Структура папок] выбран.
2024-11-21 00:09:00 [Info]: [SD1792470] Нажали на кнопку [Структура папок] в окне [Создать документ].
2024-11-21 00:09:00 [Info]: [SD1792470] CheckBox был установлен в состояние 'true'.
2024-11-21 00:09:01 [Info]: [SD1792470] Выбран элемент 'Акты сверки' после раскрытия CheckBox.
2024-11-21 00:09:01 [Info]: [SD1792470] Робот завершил работу.
2024-11-21 00:41:07 [Info]:  🤖 Запуск робота LandocsRobot
2024-11-21 00:41:07 [Info]:  Уровень логирования установлен на: Debug
2024-11-21 00:41:07 [Info]:  Параметры успешно загружены из config.xml
2024-11-21 00:41:07 [Info]:  Список организаций успешно загружен.
2024-11-21 00:41:07 [Info]:  Найдено 1 заяв(-ка) (-ок) для обработки.
2024-11-21 00:41:07 [Info]: [SD1792470] Начинаю обработку заявки: SD1792470+
2024-11-21 00:41:07 [Info]: [SD1792470] Файл заявки [SD1792470+.txt] найден. Начинаю обработку.
2024-11-21 00:41:07 [Debug]: [SD1792470] Начинается обработка файла: C:\Users\RobinLandocsAC\Desktop\LanDocsRobotReborn\landocs2\LandocsRobot\bin\Debug\Input\SD1792470+\SD1792470+.txt
2024-11-21 00:41:07 [Debug]: [SD1792470] Файл успешно прочитан: C:\Users\RobinLandocsAC\Desktop\LanDocsRobotReborn\landocs2\LandocsRobot\bin\Debug\Input\SD1792470+\SD1792470+.txt
2024-11-21 00:41:07 [Info]: [SD1792470] Извлеченные данные: Номер заявки - [SD1792470], Тип - [Годовая инвентаризация (по всем контрагентам и договорам)], Организация - [Дагестанский филиал], ППУД - [ДФ.Проекты ППУД]
2024-11-21 00:41:07 [Info]: [SD1792470] В папке [ЭДО] найдено 5 элементов. Начинаю обработку файлов.
2024-11-21 00:41:07 [Info]: [SD1792470] Сортировка и перемещение файлов завершены.
2024-11-21 00:41:07 [Debug]: [SD1792470] xlsx: 1 элементов.
2024-11-21 00:41:07 [Debug]: [SD1792470] pdf: 1 элементов.
2024-11-21 00:41:07 [Debug]: [SD1792470] zip: 102 элементов.
2024-11-21 00:41:07 [Debug]: [SD1792470] error: 1 элементов.
2024-11-21 00:41:07 [Debug]: [SD1792470] [+] Для файла [Акт св П 1000097213 Каримов Саид Алиевич ИП  №00000008061080 31.10.24_056206233185_ OK] найден соответствующий PDF.
2024-11-21 00:41:07 [Info]: [SD1792470] 0 файл(-а) (-ов) на конвертацию в PDF.
2024-11-21 00:41:07 [Info]: [SD1792470] Обработка заявки [SD1792470+] завершена успешно.
2024-11-21 00:41:07 [Info]: [SD1792470] Начинаю работу по файлу: Индекс: [0], Файл: [LandocsRobot.Program+FileData]. Всего файлов: [1]
2024-11-21 00:41:07 [Info]: [SD1792470] Запускаю Landocs.
2024-11-21 00:41:07 [Debug]: [SD1792470] Выполнил резервную копию файла профиля [C:\Users\RobinLandocsAC\AppData\Local\LANIT\LanDocs\3.6.1.39\UserSettings.xml] переименован в [C:\Users\RobinLandocsAC\AppData\Local\LANIT\LanDocs\3.6.1.39\UserSettings.bak].
2024-11-21 00:41:07 [Debug]: [SD1792470] Кастомный файл профиля landocs успешно перемещен из 'C:\Users\RobinLandocsAC\Desktop\LanDocsRobotReborn\landocs2\LandocsRobot\bin\Debug\UserSettings.xml' в 'C:\Users\RobinLandocsAC\AppData\Local\LANIT\LanDocs\3.6.1.39\UserSettings.xml'.
2024-11-21 00:41:07 [Info]: [SD1792470] Профиль Landocs успешно перемещен.
2024-11-21 00:41:07 [Info]: [SD1792470] Запускаю приложение Landocs по пути: C:\Users\RobinLandocsAC\AppData\Local\Apps\2.0\P5L8YXKH.MD2\WYROW58K.TZV\land...app_564c2c838af24d09_0003.0006_c04a00086fb426e6\LanDocs3.exe
2024-11-21 00:41:07 [Info]: [SD1792470] Запуск приложения: C:\Users\RobinLandocsAC\AppData\Local\Apps\2.0\P5L8YXKH.MD2\WYROW58K.TZV\land...app_564c2c838af24d09_0003.0006_c04a00086fb426e6\LanDocs3.exe
2024-11-21 00:41:07 [Info]: [SD1792470] Поиск окна приложения с именем: [RobinLandocs Робот (Мой LanDocs) - Избранное - LanDocs]. Время ожидания:[300] сек.
2024-11-21 00:41:09 [Debug]: [SD1792470] Ожидание окна приложения: [RobinLandocs Робот (Мой LanDocs) - Избранное - LanDocs]. Прошло [1] секунд...
2024-11-21 00:41:12 [Debug]: [SD1792470] Ожидание окна приложения: [RobinLandocs Робот (Мой LanDocs) - Избранное - LanDocs]. Прошло [2] секунд...
2024-11-21 00:41:13 [Debug]: [SD1792470] Ожидание окна приложения: [RobinLandocs Робот (Мой LanDocs) - Избранное - LanDocs]. Прошло [3] секунд...
2024-11-21 00:41:14 [Debug]: [SD1792470] Ожидание окна приложения: [RobinLandocs Робот (Мой LanDocs) - Избранное - LanDocs]. Прошло [4] секунд...
2024-11-21 00:41:15 [Debug]: [SD1792470] Ожидание окна приложения: [RobinLandocs Робот (Мой LanDocs) - Избранное - LanDocs]. Прошло [5] секунд...
2024-11-21 00:41:16 [Debug]: [SD1792470] Ожидание окна приложения: [RobinLandocs Робот (Мой LanDocs) - Избранное - LanDocs]. Прошло [6] секунд...
2024-11-21 00:41:17 [Debug]: [SD1792470] Ожидание окна приложения: [RobinLandocs Робот (Мой LanDocs) - Избранное - LanDocs]. Прошло [7] секунд...
2024-11-21 00:41:18 [Debug]: [SD1792470] Ожидание окна приложения: [RobinLandocs Робот (Мой LanDocs) - Избранное - LanDocs]. Прошло [8] секунд...
2024-11-21 00:41:19 [Debug]: [SD1792470] Ожидание окна приложения: [RobinLandocs Робот (Мой LanDocs) - Избранное - LanDocs]. Прошло [9] секунд...
2024-11-21 00:41:25 [Debug]: [SD1792470] Ожидание окна приложения: [RobinLandocs Робот (Мой LanDocs) - Избранное - LanDocs]. Прошло [10] секунд...
2024-11-21 00:41:25 [Warning]: [SD1792470] Ожидание окна приложения: [RobinLandocs Робот (Мой LanDocs) - Избранное - LanDocs]. Прошло [10] секунд.
2024-11-21 00:41:25 [Info]: [SD1792470] Landocs успешно запустился.
2024-11-21 00:41:25 [Info]: [SD1792470] Приложение Landocs успешно запущено и окно найдено.
2024-11-21 00:41:30 [Info]: [SD1792470] Начинаю поиск вкладки [Главная] в навигационном меню...
2024-11-21 00:41:30 [Info]: [SD1792470] Вкладка [Главная] найдена. Выполняю клик.
2024-11-21 00:41:30 [Info]: [SD1792470] Клик выполнен по элементу в центре: X=114, Y=37
2024-11-21 00:41:30 [Info]: [SD1792470] Клик по вкладке [Главная] успешно выполнен.
2024-11-21 00:41:30 [Info]: [SD1792470] Начинаю поиск кнопки [Документы] в навигационном меню...
2024-11-21 00:41:31 [Info]: [SD1792470] Нашел ссылку [Документы] в левом навигационном меню
2024-11-21 00:41:32 [Info]: [SD1792470] Клик по элементу [Документы] успешно выполнен.
2024-11-21 00:41:32 [Info]: [SD1792470] Нажимаем Ctrl+F для вызова окна поиска ППУД.
2024-11-21 00:41:35 [Info]: [SD1792470] Элемент окна поиска ППУД успешно найден.
2024-11-21 00:41:35 [Info]: [SD1792470] Значение введено в окно поиска ППУД через ValuePattern.
2024-11-21 00:41:35 [Info]: [SD1792470] Ищу кнопку [Вниз] в окне поиска ППУД.
2024-11-21 00:41:35 [Info]: [SD1792470] Фокус успешно установлен на кнопку [Вниз].
2024-11-21 00:41:37 [Info]: [SD1792470] Нажали кнопку [Вниз] в окне поиска ППУД.
2024-11-21 00:41:37 [Info]: [SD1792470] Нажали кнопку [Вниз] в окне поиска ППУД успешно.
2024-11-21 00:41:39 [Info]: [SD1792470] Начинаю поиск элемента ППУД в списке документов.
2024-11-21 00:41:39 [Info]: [SD1792470] Группа элементов найдена. Ищу ППУД с значением: [ДФ.Проекты ППУД].
2024-11-21 00:41:39 [Info]: [SD1792470] ППУД [ДФ.Проекты ППУД] найден и успешно обработан.
2024-11-21 00:41:39 [Info]: [SD1792470] Начинаю поиск кнопки для создания документа.
2024-11-21 00:41:40 [Info]: [SD1792470] Кнопка [Создать документ] найдена. Устанавливаю фокус и выполняю действие.
2024-11-21 00:41:40 [Info]: [SD1792470] Клик выполнен по элементу в центре: X=34, Y=85
2024-11-21 00:41:40 [Info]: [SD1792470] Успешно нажали на кнопку [Создать документ].
2024-11-21 00:41:40 [Info]: [SD1792470] Начинаю поиск окна создания документа.
2024-11-21 00:41:46 [Info]: [SD1792470] Появилось окно создания документа: [Без имени - Документ LanDocs].
2024-11-21 00:41:46 [Info]: [SD1792470] Начинаю процесс выбора типа документа.
2024-11-21 00:41:46 [Info]: [SD1792470] Открыли список выбора типа документа.
2024-11-21 00:41:46 [Info]: [SD1792470] Выбрали тип документа: [ППУД. Исходящий электронный документ].
2024-11-21 00:41:46 [Info]: [SD1792470] Начинаю поиск и выбор типа документа для второго типа.
2024-11-21 00:41:47 [Info]: [SD1792470] Нажали на кнопку выбора типа документа.
2024-11-21 00:41:49 [Info]: [SD1792470] Выбрали тип документа: [ППУД ИСХ. Акт сверки по договору / договорам].
2024-11-21 00:41:49 [Info]: [SD1792470] Начинаю поиск кнопки для открытия окна с контрагентами.
2024-11-21 00:41:49 [Info]: [SD1792470] Клик выполнен по элементу в центре: X=794, Y=440
2024-11-21 00:41:49 [Info]: [SD1792470] Нажали на кнопку [Открыть окно с контрагентами].
2024-11-21 00:41:53 [Info]: [SD1792470] Появилось окно поиска контрагента [Выбор элемента]
2024-11-21 00:41:53 [Info]: [SD1792470] Значение [056206233185] успешно введено в поле поиска контрагента через ValuePattern.
2024-11-21 00:41:54 [Info]: [SD1792470] Нажали на кнопку поиска контрагента[Поиск]
2024-11-21 00:41:54 [Info]: [SD1792470] Начинаем поиск элемента 'Список контрагентов'...
2024-11-21 00:41:54 [Info]: [SD1792470] Элемент 'Список контрагентов' найден. Пытаемся найти 'Панель данных' внутри списка...
2024-11-21 00:41:54 [Info]: [SD1792470] 'Панель данных' найдена. Получаем список контрагентов...
2024-11-21 00:41:54 [Info]: [SD1792470] Получен список контрагентов: найдено 1 элементов.
2024-11-21 00:41:54 [Debug]: [SD1792470] Обработка контрагента под индексом [0]...
2024-11-21 00:41:54 [Debug]: [SD1792470] Найден контрагент [0]: [Каримов Саид Алиевич ИП, ИНН: 056206233185, КПП: ]
2024-11-21 00:41:54 [Info]: [SD1792470] Все элементы контрагентов обработаны. Выполняем поиск необходимого контрагента...
2024-11-21 00:41:54 [Info]: [SD1792470] Необходимый контрагент найден: ключ [0].
2024-11-21 00:41:54 [Info]: [SD1792470] Выбираем найденного контрагента.
2024-11-21 00:41:54 [Info]: [SD1792470] Работа с найденным элементом завершена.
2024-11-21 00:41:54 [Info]: [SD1792470] Начинаем поиск кнопки [Выбрать] в окне [Выбор элемента] со списком контрагентов...
2024-11-21 00:41:54 [Info]: [SD1792470] Кнопка [Выбрать] найдена. Пытаемся нажать на кнопку...
2024-11-21 00:41:54 [Info]: [SD1792470] Нажали на кнопку [Выбрать] в окне [Выбор элемента] со списком контрагентов.
2024-11-21 00:41:54 [Info]: [SD1792470] Начинаем поиск кнопки [...] для выбора договора в окне [Создание документа]...
2024-11-21 00:41:54 [Info]: [SD1792470] Кнопка открытия окна с  договорами найдена. Пытаемся нажать на кнопку...
2024-11-21 00:41:54 [Info]: [SD1792470] Клик выполнен по элементу в центре: X=114, Y=550
2024-11-21 00:41:54 [Info]: [SD1792470] Нажали на кнопку открытия окна с договорами в окне [Создание документа].
2024-11-21 00:41:58 [Info]: [SD1792470] Окно поиска контрагента [Выбор документа] найдено.
2024-11-21 00:41:58 [Info]: [SD1792470] Начинаем поиск дерева элементов списка [Журналы регистрации]...
2024-11-21 00:41:58 [Info]: [SD1792470] Элемент дерева [Журналы регистрации] найден.
2024-11-21 00:41:58 [Info]: [SD1792470] Элемент дерева [Журналы регистрации] найден. Пытаемся инициализировать скролл...
2024-11-21 00:41:58 [Info]: [SD1792470] Элемент скролла [Vertical] найден! Работа робота продолжается.
2024-11-21 00:41:58 [Info]: [SD1792470] Элемент [Журналы регистраций] найден.
2024-11-21 00:41:58 [Debug]: [SD1792470] Элемент [Журналы регистраций] уже раскрыт.
2024-11-21 00:41:58 [Info]: [SD1792470] Количество журналов [78]
2024-11-21 00:41:58 [Debug]: [SD1792470] Выполняю поиск внутри элемента [Журналы регистраций] - Журнал [ДФ.Договоры]. Фокус на элементе: [БГЭС.Договоры]
2024-11-21 00:41:58 [Debug]: [SD1792470] Выполняю поиск внутри элемента [Журналы регистраций] - Журнал [ДФ.Договоры]. Фокус на элементе: [БГЭС.ПЗД / Приложения к договорам]
2024-11-21 00:41:58 [Debug]: [SD1792470] Выполняю поиск внутри элемента [Журналы регистраций] - Журнал [ДФ.Договоры]. Фокус на элементе: [БГЭС.Проекты договоров]
2024-11-21 00:41:58 [Debug]: [SD1792470] Выполняю поиск внутри элемента [Журналы регистраций] - Журнал [ДФ.Договоры]. Фокус на элементе: [ВГЭС.Договоры]
2024-11-21 00:41:58 [Debug]: [SD1792470] Выполняю поиск внутри элемента [Журналы регистраций] - Журнал [ДФ.Договоры]. Фокус на элементе: [ВГЭС.ПЗД / Приложения к договорам]
2024-11-21 00:41:58 [Debug]: [SD1792470] Выполняю поиск внутри элемента [Журналы регистраций] - Журнал [ДФ.Договоры]. Фокус на элементе: [ВГЭС.Проекты договоров]
2024-11-21 00:41:58 [Debug]: [SD1792470] Выполняю поиск внутри элемента [Журналы регистраций] - Журнал [ДФ.Договоры]. Фокус на элементе: [ВЛГЭС.Договоры]
2024-11-21 00:41:58 [Debug]: [SD1792470] Выполняю поиск внутри элемента [Журналы регистраций] - Журнал [ДФ.Договоры]. Фокус на элементе: [ВЛГЭС.ПЗД / Приложения к договорам]
2024-11-21 00:41:58 [Debug]: [SD1792470] Выполняю поиск внутри элемента [Журналы регистраций] - Журнал [ДФ.Договоры]. Фокус на элементе: [ВЛГЭС.Проекты договоров]
2024-11-21 00:41:58 [Debug]: [SD1792470] Выполняю поиск внутри элемента [Журналы регистраций] - Журнал [ДФ.Договоры]. Фокус на элементе: [ДФ.Договоры]
2024-11-21 00:41:58 [Info]: [SD1792470] Журнал [ДФ.Договоры] внутри элемента [Журналы регистраций] найден.
2024-11-21 00:41:58 [Debug]: [SD1792470] Элемент журнала прокручен в область видимости.
2024-11-21 00:42:03 [Info]: [SD1792470] Элемент журнала выбран.
2024-11-21 00:42:03 [Info]: [SD1792470] Элемент найден. Фокус успешно установлен на первый элемент таблицы договоров.
2024-11-21 00:42:03 [Info]: [SD1792470] Нажали на кнопку [Выбрать] в окне [Выбор документа] со списком журналов.
2024-11-21 00:42:03 [Info]: [SD1792470] Договор проставлен успешно. Номер договора: 1080-156-2024
2024-11-21 00:42:04 [Info]: [SD1792470] Текущий подписант: [Гамзатов Тимур Гамзатович]. Меняю на: [Черданцева Наталья Викторовна].
2024-11-21 00:42:04 [Info]: [SD1792470] Подписант успешно установлен: [Черданцева Наталья Викторовна].
2024-11-21 00:42:04 [Info]: [SD1792470] Клик выполнен по элементу в центре: X=37, Y=85
2024-11-21 00:42:04 [Info]: [SD1792470] Нажали на кнопку [Сохранить документ] в окне [Создать документ].
2024-11-21 00:42:06 [Info]: [SD1792470] Клик выполнен по элементу в центре: X=130, Y=180
2024-11-21 00:42:06 [Info]: [SD1792470] Элемент [Структура папок] выбран.
2024-11-21 00:42:06 [Info]: [SD1792470] Нажали на кнопку [Структура папок] в окне [Создать документ].
2024-11-21 00:42:08 [Info]: [SD1792470] CheckBox был установлен в состояние 'true'.
2024-11-21 00:42:09 [Info]: [SD1792470] Выбран элемент 'Акты сверки' после раскрытия CheckBox.
2024-11-21 00:42:10 [Info]: [SD1792470] Клик выполнен по элементу в центре: X=205, Y=285
2024-11-21 00:42:10 [Info]: [SD1792470] Нажали на кнопку [Добавить] в окне [Создать документ].
2024-11-21 00:42:10 [Info]: [SD1792470] Начинаю поиск окна для выбора pdf файла
2024-11-21 00:42:11 [Info]: [SD1792470] Появилось окно для прикрепления к РК: [Выберете файлы для прикрепления к РК].
2024-11-21 00:42:11 [Debug]: [SD1792470] Текущий путь к файлу отсутствует. Устанавливаю новый: [C:\Users\RobinLandocsAC\Desktop\LanDocsRobotReborn\landocs2\LandocsRobot\bin\Debug\Input\SD1792470+\ЭДО\pdf\Акт св П 1000097213 Каримов Саид Алиевич ИП  №00000008061080 31.10.24_056206233185_ OK.pdf].
2024-11-21 00:42:11 [Info]: [SD1792470] Путь к файлу успешно установлен: [C:\Users\RobinLandocsAC\Desktop\LanDocsRobotReborn\landocs2\LandocsRobot\bin\Debug\Input\SD1792470+\ЭДО\pdf\Акт св П 1000097213 Каримов Саид Алиевич ИП  №00000008061080 31.10.24_056206233185_ OK.pdf].
2024-11-21 00:42:11 [Info]: [SD1792470] Клик выполнен по элементу в центре: X=826, Y=491
2024-11-21 00:42:11 [Info]: [SD1792470] Нажали на кнопку [Open].
2024-11-21 00:42:11 [Info]: [SD1792470] Робот завершил работу.
2024-11-21 00:43:50 [Info]:  🤖 Запуск робота LandocsRobot
2024-11-21 00:43:50 [Info]:  Уровень логирования установлен на: Debug
2024-11-21 00:43:50 [Info]:  Параметры успешно загружены из config.xml
2024-11-21 00:43:50 [Info]:  Список организаций успешно загружен.
2024-11-21 00:43:50 [Info]:  Найдено 1 заяв(-ка) (-ок) для обработки.
2024-11-21 00:43:50 [Info]: [SD1792470] Начинаю обработку заявки: SD1792470+
2024-11-21 00:43:50 [Info]: [SD1792470] Файл заявки [SD1792470+.txt] найден. Начинаю обработку.
2024-11-21 00:43:50 [Debug]: [SD1792470] Начинается обработка файла: C:\Users\RobinLandocsAC\Desktop\LanDocsRobotReborn\landocs2\LandocsRobot\bin\Debug\Input\SD1792470+\SD1792470+.txt
2024-11-21 00:43:50 [Debug]: [SD1792470] Файл успешно прочитан: C:\Users\RobinLandocsAC\Desktop\LanDocsRobotReborn\landocs2\LandocsRobot\bin\Debug\Input\SD1792470+\SD1792470+.txt
2024-11-21 00:43:50 [Info]: [SD1792470] Извлеченные данные: Номер заявки - [SD1792470], Тип - [Годовая инвентаризация (по всем контрагентам и договорам)], Организация - [Дагестанский филиал], ППУД - [ДФ.Проекты ППУД]
2024-11-21 00:43:50 [Info]: [SD1792470] В папке [ЭДО] найдено 5 элементов. Начинаю обработку файлов.
2024-11-21 00:43:50 [Info]: [SD1792470] Сортировка и перемещение файлов завершены.
2024-11-21 00:43:50 [Debug]: [SD1792470] xlsx: 1 элементов.
2024-11-21 00:43:50 [Debug]: [SD1792470] pdf: 1 элементов.
2024-11-21 00:43:50 [Debug]: [SD1792470] zip: 102 элементов.
2024-11-21 00:43:50 [Debug]: [SD1792470] error: 1 элементов.
2024-11-21 00:43:50 [Debug]: [SD1792470] [+] Для файла [Акт св П 1000097213 Каримов Саид Алиевич ИП  №00000008061080 31.10.24_056206233185_ OK] найден соответствующий PDF.
2024-11-21 00:43:50 [Info]: [SD1792470] 0 файл(-а) (-ов) на конвертацию в PDF.
2024-11-21 00:43:50 [Info]: [SD1792470] Обработка заявки [SD1792470+] завершена успешно.
2024-11-21 00:43:50 [Info]: [SD1792470] Начинаю работу по файлу: Индекс: [0], Файл: [LandocsRobot.Program+FileData]. Всего файлов: [1]
2024-11-21 00:43:50 [Info]: [SD1792470] Запускаю Landocs.
2024-11-21 00:43:50 [Debug]: [SD1792470] Выполнил резервную копию файла профиля [C:\Users\RobinLandocsAC\AppData\Local\LANIT\LanDocs\3.6.1.39\UserSettings.xml] переименован в [C:\Users\RobinLandocsAC\AppData\Local\LANIT\LanDocs\3.6.1.39\UserSettings.bak].
2024-11-21 00:43:50 [Debug]: [SD1792470] Кастомный файл профиля landocs успешно перемещен из 'C:\Users\RobinLandocsAC\Desktop\LanDocsRobotReborn\landocs2\LandocsRobot\bin\Debug\UserSettings.xml' в 'C:\Users\RobinLandocsAC\AppData\Local\LANIT\LanDocs\3.6.1.39\UserSettings.xml'.
2024-11-21 00:43:50 [Info]: [SD1792470] Профиль Landocs успешно перемещен.
2024-11-21 00:43:50 [Info]: [SD1792470] Запускаю приложение Landocs по пути: C:\Users\RobinLandocsAC\AppData\Local\Apps\2.0\P5L8YXKH.MD2\WYROW58K.TZV\land...app_564c2c838af24d09_0003.0006_c04a00086fb426e6\LanDocs3.exe
2024-11-21 00:43:50 [Info]: [SD1792470] Запуск приложения: C:\Users\RobinLandocsAC\AppData\Local\Apps\2.0\P5L8YXKH.MD2\WYROW58K.TZV\land...app_564c2c838af24d09_0003.0006_c04a00086fb426e6\LanDocs3.exe
2024-11-21 00:43:50 [Info]: [SD1792470] Поиск окна приложения с именем: [RobinLandocs Робот (Мой LanDocs) - Избранное - LanDocs]. Время ожидания:[300] сек.
2024-11-21 00:43:51 [Debug]: [SD1792470] Ожидание окна приложения: [RobinLandocs Робот (Мой LanDocs) - Избранное - LanDocs]. Прошло [1] секунд...
2024-11-21 00:43:54 [Debug]: [SD1792470] Ожидание окна приложения: [RobinLandocs Робот (Мой LanDocs) - Избранное - LanDocs]. Прошло [2] секунд...
2024-11-21 00:43:55 [Debug]: [SD1792470] Ожидание окна приложения: [RobinLandocs Робот (Мой LanDocs) - Избранное - LanDocs]. Прошло [3] секунд...
2024-11-21 00:43:56 [Debug]: [SD1792470] Ожидание окна приложения: [RobinLandocs Робот (Мой LanDocs) - Избранное - LanDocs]. Прошло [4] секунд...
2024-11-21 00:43:58 [Debug]: [SD1792470] Ожидание окна приложения: [RobinLandocs Робот (Мой LanDocs) - Избранное - LanDocs]. Прошло [5] секунд...
2024-11-21 00:43:59 [Debug]: [SD1792470] Ожидание окна приложения: [RobinLandocs Робот (Мой LanDocs) - Избранное - LanDocs]. Прошло [6] секунд...
2024-11-21 00:44:00 [Debug]: [SD1792470] Ожидание окна приложения: [RobinLandocs Робот (Мой LanDocs) - Избранное - LanDocs]. Прошло [7] секунд...
2024-11-21 00:44:01 [Debug]: [SD1792470] Ожидание окна приложения: [RobinLandocs Робот (Мой LanDocs) - Избранное - LanDocs]. Прошло [8] секунд...
2024-11-21 00:44:07 [Debug]: [SD1792470] Ожидание окна приложения: [RobinLandocs Робот (Мой LanDocs) - Избранное - LanDocs]. Прошло [9] секунд...
2024-11-21 00:44:07 [Info]: [SD1792470] Landocs успешно запустился.
2024-11-21 00:44:07 [Info]: [SD1792470] Приложение Landocs успешно запущено и окно найдено.
2024-11-21 00:44:12 [Info]: [SD1792470] Начинаю поиск вкладки [Главная] в навигационном меню...
2024-11-21 00:44:12 [Info]: [SD1792470] Вкладка [Главная] найдена. Выполняю клик.
2024-11-21 00:44:12 [Info]: [SD1792470] Клик выполнен по элементу в центре: X=114, Y=37
2024-11-21 00:44:12 [Info]: [SD1792470] Клик по вкладке [Главная] успешно выполнен.
2024-11-21 00:44:12 [Info]: [SD1792470] Начинаю поиск кнопки [Документы] в навигационном меню...
2024-11-21 00:44:12 [Info]: [SD1792470] Нашел ссылку [Документы] в левом навигационном меню
2024-11-21 00:44:13 [Info]: [SD1792470] Клик по элементу [Документы] успешно выполнен.
2024-11-21 00:44:13 [Info]: [SD1792470] Нажимаем Ctrl+F для вызова окна поиска ППУД.
2024-11-21 00:44:16 [Info]: [SD1792470] Элемент окна поиска ППУД успешно найден.
2024-11-21 00:44:16 [Info]: [SD1792470] Значение введено в окно поиска ППУД через ValuePattern.
2024-11-21 00:44:16 [Info]: [SD1792470] Ищу кнопку [Вниз] в окне поиска ППУД.
2024-11-21 00:44:16 [Info]: [SD1792470] Фокус успешно установлен на кнопку [Вниз].
2024-11-21 00:44:18 [Info]: [SD1792470] Нажали кнопку [Вниз] в окне поиска ППУД.
2024-11-21 00:44:18 [Info]: [SD1792470] Нажали кнопку [Вниз] в окне поиска ППУД успешно.
2024-11-21 00:44:20 [Info]: [SD1792470] Начинаю поиск элемента ППУД в списке документов.
2024-11-21 00:44:20 [Info]: [SD1792470] Группа элементов найдена. Ищу ППУД с значением: [ДФ.Проекты ППУД].
2024-11-21 00:44:21 [Info]: [SD1792470] ППУД [ДФ.Проекты ППУД] найден и успешно обработан.
2024-11-21 00:44:21 [Info]: [SD1792470] Начинаю поиск кнопки для создания документа.
2024-11-21 00:44:22 [Info]: [SD1792470] Кнопка [Создать документ] найдена. Устанавливаю фокус и выполняю действие.
2024-11-21 00:44:22 [Info]: [SD1792470] Клик выполнен по элементу в центре: X=34, Y=85
2024-11-21 00:44:22 [Info]: [SD1792470] Успешно нажали на кнопку [Создать документ].
2024-11-21 00:44:22 [Info]: [SD1792470] Начинаю поиск окна создания документа.
2024-11-21 00:44:28 [Info]: [SD1792470] Появилось окно создания документа: [Без имени - Документ LanDocs].
2024-11-21 00:44:28 [Info]: [SD1792470] Начинаю процесс выбора типа документа.
2024-11-21 00:44:28 [Info]: [SD1792470] Открыли список выбора типа документа.
2024-11-21 00:44:28 [Info]: [SD1792470] Выбрали тип документа: [ППУД. Исходящий электронный документ].
2024-11-21 00:44:28 [Info]: [SD1792470] Начинаю поиск и выбор типа документа для второго типа.
2024-11-21 00:44:28 [Info]: [SD1792470] Нажали на кнопку выбора типа документа.
2024-11-21 00:44:30 [Info]: [SD1792470] Выбрали тип документа: [ППУД ИСХ. Акт сверки по договору / договорам].
2024-11-21 00:44:30 [Info]: [SD1792470] Начинаю поиск кнопки для открытия окна с контрагентами.
2024-11-21 00:44:31 [Info]: [SD1792470] Клик выполнен по элементу в центре: X=794, Y=440
2024-11-21 00:44:31 [Info]: [SD1792470] Нажали на кнопку [Открыть окно с контрагентами].
2024-11-21 00:44:34 [Info]: [SD1792470] Появилось окно поиска контрагента [Выбор элемента]
2024-11-21 00:44:34 [Info]: [SD1792470] Значение [056206233185] успешно введено в поле поиска контрагента через ValuePattern.
2024-11-21 00:44:35 [Info]: [SD1792470] Нажали на кнопку поиска контрагента[Поиск]
2024-11-21 00:44:35 [Info]: [SD1792470] Начинаем поиск элемента 'Список контрагентов'...
2024-11-21 00:44:35 [Info]: [SD1792470] Элемент 'Список контрагентов' найден. Пытаемся найти 'Панель данных' внутри списка...
2024-11-21 00:44:35 [Info]: [SD1792470] 'Панель данных' найдена. Получаем список контрагентов...
2024-11-21 00:44:35 [Info]: [SD1792470] Получен список контрагентов: найдено 1 элементов.
2024-11-21 00:44:35 [Debug]: [SD1792470] Обработка контрагента под индексом [0]...
2024-11-21 00:44:35 [Debug]: [SD1792470] Найден контрагент [0]: [Каримов Саид Алиевич ИП, ИНН: 056206233185, КПП: ]
2024-11-21 00:44:35 [Info]: [SD1792470] Все элементы контрагентов обработаны. Выполняем поиск необходимого контрагента...
2024-11-21 00:44:35 [Info]: [SD1792470] Необходимый контрагент найден: ключ [0].
2024-11-21 00:44:35 [Info]: [SD1792470] Выбираем найденного контрагента.
2024-11-21 00:44:35 [Info]: [SD1792470] Работа с найденным элементом завершена.
2024-11-21 00:44:35 [Info]: [SD1792470] Начинаем поиск кнопки [Выбрать] в окне [Выбор элемента] со списком контрагентов...
2024-11-21 00:44:35 [Info]: [SD1792470] Кнопка [Выбрать] найдена. Пытаемся нажать на кнопку...
2024-11-21 00:44:35 [Info]: [SD1792470] Нажали на кнопку [Выбрать] в окне [Выбор элемента] со списком контрагентов.
2024-11-21 00:44:35 [Info]: [SD1792470] Начинаем поиск кнопки [...] для выбора договора в окне [Создание документа]...
2024-11-21 00:44:35 [Info]: [SD1792470] Кнопка открытия окна с  договорами найдена. Пытаемся нажать на кнопку...
2024-11-21 00:44:36 [Info]: [SD1792470] Клик выполнен по элементу в центре: X=114, Y=550
2024-11-21 00:44:36 [Info]: [SD1792470] Нажали на кнопку открытия окна с договорами в окне [Создание документа].
2024-11-21 00:44:39 [Info]: [SD1792470] Окно поиска контрагента [Выбор документа] найдено.
2024-11-21 00:44:39 [Info]: [SD1792470] Начинаем поиск дерева элементов списка [Журналы регистрации]...
2024-11-21 00:44:39 [Info]: [SD1792470] Элемент дерева [Журналы регистрации] найден.
2024-11-21 00:44:39 [Info]: [SD1792470] Элемент дерева [Журналы регистрации] найден. Пытаемся инициализировать скролл...
2024-11-21 00:44:39 [Info]: [SD1792470] Элемент скролла [Vertical] найден! Работа робота продолжается.
2024-11-21 00:44:39 [Info]: [SD1792470] Элемент [Журналы регистраций] найден.
2024-11-21 00:44:39 [Debug]: [SD1792470] Элемент [Журналы регистраций] уже раскрыт.
2024-11-21 00:44:39 [Info]: [SD1792470] Количество журналов [78]
2024-11-21 00:44:39 [Debug]: [SD1792470] Выполняю поиск внутри элемента [Журналы регистраций] - Журнал [ДФ.Договоры]. Фокус на элементе: [БГЭС.Договоры]
2024-11-21 00:44:39 [Debug]: [SD1792470] Выполняю поиск внутри элемента [Журналы регистраций] - Журнал [ДФ.Договоры]. Фокус на элементе: [БГЭС.ПЗД / Приложения к договорам]
2024-11-21 00:44:39 [Debug]: [SD1792470] Выполняю поиск внутри элемента [Журналы регистраций] - Журнал [ДФ.Договоры]. Фокус на элементе: [БГЭС.Проекты договоров]
2024-11-21 00:44:39 [Debug]: [SD1792470] Выполняю поиск внутри элемента [Журналы регистраций] - Журнал [ДФ.Договоры]. Фокус на элементе: [ВГЭС.Договоры]
2024-11-21 00:44:39 [Debug]: [SD1792470] Выполняю поиск внутри элемента [Журналы регистраций] - Журнал [ДФ.Договоры]. Фокус на элементе: [ВГЭС.ПЗД / Приложения к договорам]
2024-11-21 00:44:39 [Debug]: [SD1792470] Выполняю поиск внутри элемента [Журналы регистраций] - Журнал [ДФ.Договоры]. Фокус на элементе: [ВГЭС.Проекты договоров]
2024-11-21 00:44:39 [Debug]: [SD1792470] Выполняю поиск внутри элемента [Журналы регистраций] - Журнал [ДФ.Договоры]. Фокус на элементе: [ВЛГЭС.Договоры]
2024-11-21 00:44:39 [Debug]: [SD1792470] Выполняю поиск внутри элемента [Журналы регистраций] - Журнал [ДФ.Договоры]. Фокус на элементе: [ВЛГЭС.ПЗД / Приложения к договорам]
2024-11-21 00:44:39 [Debug]: [SD1792470] Выполняю поиск внутри элемента [Журналы регистраций] - Журнал [ДФ.Договоры]. Фокус на элементе: [ВЛГЭС.Проекты договоров]
2024-11-21 00:44:39 [Debug]: [SD1792470] Выполняю поиск внутри элемента [Журналы регистраций] - Журнал [ДФ.Договоры]. Фокус на элементе: [ДФ.Договоры]
2024-11-21 00:44:39 [Info]: [SD1792470] Журнал [ДФ.Договоры] внутри элемента [Журналы регистраций] найден.
2024-11-21 00:44:39 [Debug]: [SD1792470] Элемент журнала прокручен в область видимости.
2024-11-21 00:44:41 [Info]: [SD1792470] Элемент журнала выбран.
2024-11-21 00:44:42 [Info]: [SD1792470] Элемент найден. Фокус успешно установлен на первый элемент таблицы договоров.
2024-11-21 00:44:42 [Info]: [SD1792470] Нажали на кнопку [Выбрать] в окне [Выбор документа] со списком журналов.
2024-11-21 00:44:42 [Info]: [SD1792470] Договор проставлен успешно. Номер договора: 1080-156-2024
2024-11-21 00:44:42 [Info]: [SD1792470] Текущий подписант: [Гамзатов Тимур Гамзатович]. Меняю на: [Черданцева Наталья Викторовна].
2024-11-21 00:44:42 [Info]: [SD1792470] Подписант успешно установлен: [Черданцева Наталья Викторовна].
2024-11-21 00:44:43 [Info]: [SD1792470] Клик выполнен по элементу в центре: X=37, Y=85
2024-11-21 00:44:43 [Info]: [SD1792470] Нажали на кнопку [Сохранить документ] в окне [Создать документ].
2024-11-21 00:44:45 [Info]: [SD1792470] Клик выполнен по элементу в центре: X=130, Y=180
2024-11-21 00:44:45 [Info]: [SD1792470] Элемент [Структура папок] выбран.
2024-11-21 00:44:45 [Info]: [SD1792470] Нажали на кнопку [Структура папок] в окне [Создать документ].
2024-11-21 00:44:45 [Info]: [SD1792470] CheckBox был установлен в состояние 'true'.
2024-11-21 00:44:46 [Info]: [SD1792470] Выбран элемент 'Акты сверки' после раскрытия CheckBox.
2024-11-21 00:44:48 [Info]: [SD1792470] Клик выполнен по элементу в центре: X=205, Y=285
2024-11-21 00:44:48 [Info]: [SD1792470] Нажали на кнопку [Добавить] в окне [Создать документ].
2024-11-21 00:44:48 [Info]: [SD1792470] Начинаю поиск окна для выбора pdf файла
2024-11-21 00:44:49 [Info]: [SD1792470] Появилось окно для прикрепления к РК: [Выберете файлы для прикрепления к РК].
2024-11-21 00:44:49 [Debug]: [SD1792470] Текущий путь к файлу отсутствует. Устанавливаю новый: [C:\Users\RobinLandocsAC\Desktop\LanDocsRobotReborn\landocs2\LandocsRobot\bin\Debug\Input\SD1792470+\ЭДО\pdf\Акт св П 1000097213 Каримов Саид Алиевич ИП  №00000008061080 31.10.24_056206233185_ OK.pdf].
2024-11-21 00:44:49 [Info]: [SD1792470] Путь к файлу успешно установлен: [C:\Users\RobinLandocsAC\Desktop\LanDocsRobotReborn\landocs2\LandocsRobot\bin\Debug\Input\SD1792470+\ЭДО\pdf\Акт св П 1000097213 Каримов Саид Алиевич ИП  №00000008061080 31.10.24_056206233185_ OK.pdf].
2024-11-21 00:44:49 [Info]: [SD1792470] Клик выполнен по элементу в центре: X=826, Y=491
2024-11-21 00:44:49 [Info]: [SD1792470] Нажали на кнопку [Open].
2024-11-21 00:44:49 [Info]: [SD1792470] Робот завершил работу.
2024-11-21 00:46:08 [Info]:  🤖 Запуск робота LandocsRobot
2024-11-21 00:46:08 [Info]:  Уровень логирования установлен на: Debug
2024-11-21 00:46:08 [Info]:  Параметры успешно загружены из config.xml
2024-11-21 00:46:08 [Info]:  Список организаций успешно загружен.
2024-11-21 00:46:08 [Info]:  Найдено 1 заяв(-ка) (-ок) для обработки.
2024-11-21 00:46:08 [Info]: [SD1792470] Начинаю обработку заявки: SD1792470+
2024-11-21 00:46:08 [Info]: [SD1792470] Файл заявки [SD1792470+.txt] найден. Начинаю обработку.
2024-11-21 00:46:08 [Debug]: [SD1792470] Начинается обработка файла: C:\Users\RobinLandocsAC\Desktop\LanDocsRobotReborn\landocs2\LandocsRobot\bin\Debug\Input\SD1792470+\SD1792470+.txt
2024-11-21 00:46:08 [Debug]: [SD1792470] Файл успешно прочитан: C:\Users\RobinLandocsAC\Desktop\LanDocsRobotReborn\landocs2\LandocsRobot\bin\Debug\Input\SD1792470+\SD1792470+.txt
2024-11-21 00:46:08 [Info]: [SD1792470] Извлеченные данные: Номер заявки - [SD1792470], Тип - [Годовая инвентаризация (по всем контрагентам и договорам)], Организация - [Дагестанский филиал], ППУД - [ДФ.Проекты ППУД]
2024-11-21 00:46:08 [Info]: [SD1792470] В папке [ЭДО] найдено 5 элементов. Начинаю обработку файлов.
2024-11-21 00:46:08 [Info]: [SD1792470] Сортировка и перемещение файлов завершены.
2024-11-21 00:46:08 [Debug]: [SD1792470] xlsx: 1 элементов.
2024-11-21 00:46:08 [Debug]: [SD1792470] pdf: 1 элементов.
2024-11-21 00:46:08 [Debug]: [SD1792470] zip: 102 элементов.
2024-11-21 00:46:08 [Debug]: [SD1792470] error: 1 элементов.
2024-11-21 00:46:08 [Debug]: [SD1792470] [+] Для файла [Акт св П 1000097213 Каримов Саид Алиевич ИП  №00000008061080 31.10.24_056206233185_ OK] найден соответствующий PDF.
2024-11-21 00:46:08 [Info]: [SD1792470] 0 файл(-а) (-ов) на конвертацию в PDF.
2024-11-21 00:46:08 [Info]: [SD1792470] Обработка заявки [SD1792470+] завершена успешно.
2024-11-21 00:46:08 [Info]: [SD1792470] Начинаю работу по файлу: Индекс: [0], Файл: [LandocsRobot.Program+FileData]. Всего файлов: [1]
2024-11-21 00:46:08 [Info]: [SD1792470] Запускаю Landocs.
2024-11-21 00:46:08 [Debug]: [SD1792470] Выполнил резервную копию файла профиля [C:\Users\RobinLandocsAC\AppData\Local\LANIT\LanDocs\3.6.1.39\UserSettings.xml] переименован в [C:\Users\RobinLandocsAC\AppData\Local\LANIT\LanDocs\3.6.1.39\UserSettings.bak].
2024-11-21 00:46:08 [Debug]: [SD1792470] Кастомный файл профиля landocs успешно перемещен из 'C:\Users\RobinLandocsAC\Desktop\LanDocsRobotReborn\landocs2\LandocsRobot\bin\Debug\UserSettings.xml' в 'C:\Users\RobinLandocsAC\AppData\Local\LANIT\LanDocs\3.6.1.39\UserSettings.xml'.
2024-11-21 00:46:08 [Info]: [SD1792470] Профиль Landocs успешно перемещен.
2024-11-21 00:46:08 [Info]: [SD1792470] Запускаю приложение Landocs по пути: C:\Users\RobinLandocsAC\AppData\Local\Apps\2.0\P5L8YXKH.MD2\WYROW58K.TZV\land...app_564c2c838af24d09_0003.0006_c04a00086fb426e6\LanDocs3.exe
2024-11-21 00:46:09 [Info]: [SD1792470] Запуск приложения: C:\Users\RobinLandocsAC\AppData\Local\Apps\2.0\P5L8YXKH.MD2\WYROW58K.TZV\land...app_564c2c838af24d09_0003.0006_c04a00086fb426e6\LanDocs3.exe
2024-11-21 00:46:09 [Info]: [SD1792470] Поиск окна приложения с именем: [RobinLandocs Робот (Мой LanDocs) - Избранное - LanDocs]. Время ожидания:[300] сек.
2024-11-21 00:46:10 [Debug]: [SD1792470] Ожидание окна приложения: [RobinLandocs Робот (Мой LanDocs) - Избранное - LanDocs]. Прошло [1] секунд...
2024-11-21 00:46:12 [Debug]: [SD1792470] Ожидание окна приложения: [RobinLandocs Робот (Мой LanDocs) - Избранное - LanDocs]. Прошло [2] секунд...
2024-11-21 00:46:13 [Debug]: [SD1792470] Ожидание окна приложения: [RobinLandocs Робот (Мой LanDocs) - Избранное - LanDocs]. Прошло [3] секунд...
2024-11-21 00:46:14 [Debug]: [SD1792470] Ожидание окна приложения: [RobinLandocs Робот (Мой LanDocs) - Избранное - LanDocs]. Прошло [4] секунд...
2024-11-21 00:46:15 [Debug]: [SD1792470] Ожидание окна приложения: [RobinLandocs Робот (Мой LanDocs) - Избранное - LanDocs]. Прошло [5] секунд...
2024-11-21 00:46:16 [Debug]: [SD1792470] Ожидание окна приложения: [RobinLandocs Робот (Мой LanDocs) - Избранное - LanDocs]. Прошло [6] секунд...
2024-11-21 00:46:17 [Debug]: [SD1792470] Ожидание окна приложения: [RobinLandocs Робот (Мой LanDocs) - Избранное - LanDocs]. Прошло [7] секунд...
2024-11-21 00:46:18 [Debug]: [SD1792470] Ожидание окна приложения: [RobinLandocs Робот (Мой LanDocs) - Избранное - LanDocs]. Прошло [8] секунд...
2024-11-21 00:46:25 [Debug]: [SD1792470] Ожидание окна приложения: [RobinLandocs Робот (Мой LanDocs) - Избранное - LanDocs]. Прошло [9] секунд...
2024-11-21 00:46:25 [Info]: [SD1792470] Landocs успешно запустился.
2024-11-21 00:46:25 [Info]: [SD1792470] Приложение Landocs успешно запущено и окно найдено.
2024-11-21 00:46:30 [Info]: [SD1792470] Начинаю поиск вкладки [Главная] в навигационном меню...
2024-11-21 00:46:30 [Info]: [SD1792470] Вкладка [Главная] найдена. Выполняю клик.
2024-11-21 00:46:30 [Info]: [SD1792470] Клик выполнен по элементу в центре: X=114, Y=37
2024-11-21 00:46:30 [Info]: [SD1792470] Клик по вкладке [Главная] успешно выполнен.
2024-11-21 00:46:30 [Info]: [SD1792470] Начинаю поиск кнопки [Документы] в навигационном меню...
2024-11-21 00:46:30 [Info]: [SD1792470] Нашел ссылку [Документы] в левом навигационном меню
2024-11-21 00:46:31 [Info]: [SD1792470] Клик по элементу [Документы] успешно выполнен.
2024-11-21 00:46:31 [Info]: [SD1792470] Нажимаем Ctrl+F для вызова окна поиска ППУД.
2024-11-21 00:46:34 [Info]: [SD1792470] Элемент окна поиска ППУД успешно найден.
2024-11-21 00:46:34 [Info]: [SD1792470] Значение введено в окно поиска ППУД через ValuePattern.
2024-11-21 00:46:34 [Info]: [SD1792470] Ищу кнопку [Вниз] в окне поиска ППУД.
2024-11-21 00:46:34 [Info]: [SD1792470] Фокус успешно установлен на кнопку [Вниз].
2024-11-21 00:46:36 [Info]: [SD1792470] Нажали кнопку [Вниз] в окне поиска ППУД.
2024-11-21 00:46:36 [Info]: [SD1792470] Нажали кнопку [Вниз] в окне поиска ППУД успешно.
2024-11-21 00:46:38 [Info]: [SD1792470] Начинаю поиск элемента ППУД в списке документов.
2024-11-21 00:46:38 [Info]: [SD1792470] Группа элементов найдена. Ищу ППУД с значением: [ДФ.Проекты ППУД].
2024-11-21 00:46:38 [Info]: [SD1792470] ППУД [ДФ.Проекты ППУД] найден и успешно обработан.
2024-11-21 00:46:38 [Info]: [SD1792470] Начинаю поиск кнопки для создания документа.
2024-11-21 00:46:39 [Info]: [SD1792470] Кнопка [Создать документ] найдена. Устанавливаю фокус и выполняю действие.
2024-11-21 00:46:40 [Info]: [SD1792470] Клик выполнен по элементу в центре: X=34, Y=85
2024-11-21 00:46:40 [Info]: [SD1792470] Успешно нажали на кнопку [Создать документ].
2024-11-21 00:46:40 [Info]: [SD1792470] Начинаю поиск окна создания документа.
2024-11-21 00:46:46 [Info]: [SD1792470] Появилось окно создания документа: [Без имени - Документ LanDocs].
2024-11-21 00:46:46 [Info]: [SD1792470] Начинаю процесс выбора типа документа.
2024-11-21 00:46:46 [Info]: [SD1792470] Открыли список выбора типа документа.
2024-11-21 00:46:46 [Info]: [SD1792470] Выбрали тип документа: [ППУД. Исходящий электронный документ].
2024-11-21 00:46:46 [Info]: [SD1792470] Начинаю поиск и выбор типа документа для второго типа.
2024-11-21 00:46:46 [Info]: [SD1792470] Нажали на кнопку выбора типа документа.
2024-11-21 00:46:49 [Info]: [SD1792470] Выбрали тип документа: [ППУД ИСХ. Акт сверки по договору / договорам].
2024-11-21 00:46:49 [Info]: [SD1792470] Начинаю поиск кнопки для открытия окна с контрагентами.
2024-11-21 00:46:49 [Info]: [SD1792470] Клик выполнен по элементу в центре: X=794, Y=440
2024-11-21 00:46:49 [Info]: [SD1792470] Нажали на кнопку [Открыть окно с контрагентами].
2024-11-21 00:46:53 [Info]: [SD1792470] Появилось окно поиска контрагента [Выбор элемента]
2024-11-21 00:46:53 [Info]: [SD1792470] Значение [056206233185] успешно введено в поле поиска контрагента через ValuePattern.
2024-11-21 00:46:53 [Info]: [SD1792470] Нажали на кнопку поиска контрагента[Поиск]
2024-11-21 00:46:53 [Info]: [SD1792470] Начинаем поиск элемента 'Список контрагентов'...
2024-11-21 00:46:53 [Info]: [SD1792470] Элемент 'Список контрагентов' найден. Пытаемся найти 'Панель данных' внутри списка...
2024-11-21 00:46:53 [Info]: [SD1792470] 'Панель данных' найдена. Получаем список контрагентов...
2024-11-21 00:46:54 [Info]: [SD1792470] Получен список контрагентов: найдено 1 элементов.
2024-11-21 00:46:54 [Debug]: [SD1792470] Обработка контрагента под индексом [0]...
2024-11-21 00:46:54 [Debug]: [SD1792470] Найден контрагент [0]: [Каримов Саид Алиевич ИП, ИНН: 056206233185, КПП: ]
2024-11-21 00:46:54 [Info]: [SD1792470] Все элементы контрагентов обработаны. Выполняем поиск необходимого контрагента...
2024-11-21 00:46:54 [Info]: [SD1792470] Необходимый контрагент найден: ключ [0].
2024-11-21 00:46:54 [Info]: [SD1792470] Выбираем найденного контрагента.
2024-11-21 00:46:54 [Info]: [SD1792470] Работа с найденным элементом завершена.
2024-11-21 00:46:54 [Info]: [SD1792470] Начинаем поиск кнопки [Выбрать] в окне [Выбор элемента] со списком контрагентов...
2024-11-21 00:46:54 [Info]: [SD1792470] Кнопка [Выбрать] найдена. Пытаемся нажать на кнопку...
2024-11-21 00:46:54 [Info]: [SD1792470] Нажали на кнопку [Выбрать] в окне [Выбор элемента] со списком контрагентов.
2024-11-21 00:46:54 [Info]: [SD1792470] Начинаем поиск кнопки [...] для выбора договора в окне [Создание документа]...
2024-11-21 00:46:54 [Info]: [SD1792470] Кнопка открытия окна с  договорами найдена. Пытаемся нажать на кнопку...
2024-11-21 00:46:54 [Info]: [SD1792470] Клик выполнен по элементу в центре: X=114, Y=550
2024-11-21 00:46:54 [Info]: [SD1792470] Нажали на кнопку открытия окна с договорами в окне [Создание документа].
2024-11-21 00:46:55 [Info]: [SD1792470] Окно поиска контрагента [Выбор документа] найдено.
2024-11-21 00:46:55 [Info]: [SD1792470] Начинаем поиск дерева элементов списка [Журналы регистрации]...
2024-11-21 00:46:55 [Info]: [SD1792470] Элемент дерева [Журналы регистрации] найден.
2024-11-21 00:46:55 [Info]: [SD1792470] Элемент дерева [Журналы регистрации] найден. Пытаемся инициализировать скролл...
2024-11-21 00:46:55 [Info]: [SD1792470] Элемент скролла [Vertical] найден! Работа робота продолжается.
2024-11-21 00:46:55 [Info]: [SD1792470] Элемент [Журналы регистраций] найден.
2024-11-21 00:46:55 [Debug]: [SD1792470] Элемент [Журналы регистраций] уже раскрыт.
2024-11-21 00:46:55 [Info]: [SD1792470] Количество журналов [78]
2024-11-21 00:46:55 [Debug]: [SD1792470] Выполняю поиск внутри элемента [Журналы регистраций] - Журнал [ДФ.Договоры]. Фокус на элементе: [БГЭС.Договоры]
2024-11-21 00:46:55 [Debug]: [SD1792470] Выполняю поиск внутри элемента [Журналы регистраций] - Журнал [ДФ.Договоры]. Фокус на элементе: [БГЭС.ПЗД / Приложения к договорам]
2024-11-21 00:46:55 [Debug]: [SD1792470] Выполняю поиск внутри элемента [Журналы регистраций] - Журнал [ДФ.Договоры]. Фокус на элементе: [БГЭС.Проекты договоров]
2024-11-21 00:46:55 [Debug]: [SD1792470] Выполняю поиск внутри элемента [Журналы регистраций] - Журнал [ДФ.Договоры]. Фокус на элементе: [ВГЭС.Договоры]
2024-11-21 00:46:55 [Debug]: [SD1792470] Выполняю поиск внутри элемента [Журналы регистраций] - Журнал [ДФ.Договоры]. Фокус на элементе: [ВГЭС.ПЗД / Приложения к договорам]
2024-11-21 00:46:55 [Debug]: [SD1792470] Выполняю поиск внутри элемента [Журналы регистраций] - Журнал [ДФ.Договоры]. Фокус на элементе: [ВГЭС.Проекты договоров]
2024-11-21 00:46:55 [Debug]: [SD1792470] Выполняю поиск внутри элемента [Журналы регистраций] - Журнал [ДФ.Договоры]. Фокус на элементе: [ВЛГЭС.Договоры]
2024-11-21 00:46:55 [Debug]: [SD1792470] Выполняю поиск внутри элемента [Журналы регистраций] - Журнал [ДФ.Договоры]. Фокус на элементе: [ВЛГЭС.ПЗД / Приложения к договорам]
2024-11-21 00:46:55 [Debug]: [SD1792470] Выполняю поиск внутри элемента [Журналы регистраций] - Журнал [ДФ.Договоры]. Фокус на элементе: [ВЛГЭС.Проекты договоров]
2024-11-21 00:46:55 [Debug]: [SD1792470] Выполняю поиск внутри элемента [Журналы регистраций] - Журнал [ДФ.Договоры]. Фокус на элементе: [ДФ.Договоры]
2024-11-21 00:46:55 [Info]: [SD1792470] Журнал [ДФ.Договоры] внутри элемента [Журналы регистраций] найден.
2024-11-21 00:46:55 [Debug]: [SD1792470] Элемент журнала прокручен в область видимости.
2024-11-21 00:46:59 [Info]: [SD1792470] Элемент журнала выбран.
2024-11-21 00:46:59 [Info]: [SD1792470] Элемент найден. Фокус успешно установлен на первый элемент таблицы договоров.
2024-11-21 00:46:59 [Info]: [SD1792470] Нажали на кнопку [Выбрать] в окне [Выбор документа] со списком журналов.
2024-11-21 00:46:59 [Info]: [SD1792470] Договор проставлен успешно. Номер договора: 1080-156-2024
2024-11-21 00:46:59 [Info]: [SD1792470] Текущий подписант: [Гамзатов Тимур Гамзатович]. Меняю на: [Черданцева Наталья Викторовна].
2024-11-21 00:46:59 [Info]: [SD1792470] Подписант успешно установлен: [Черданцева Наталья Викторовна].
2024-11-21 00:47:00 [Info]: [SD1792470] Клик выполнен по элементу в центре: X=37, Y=85
2024-11-21 00:47:00 [Info]: [SD1792470] Нажали на кнопку [Сохранить документ] в окне [Создать документ].
2024-11-21 00:47:02 [Info]: [SD1792470] Элемент неактивен, ждем 1 минуту...
2024-11-21 00:48:03 [Info]: [SD1792470] Клик выполнен по элементу в центре: X=130, Y=180
2024-11-21 00:48:03 [Info]: [SD1792470] Элемент [Структура папок] выбран.
2024-11-21 00:48:03 [Info]: [SD1792470] Нажали на кнопку [Структура папок] в окне [Создать документ].
2024-11-21 00:48:03 [Info]: [SD1792470] CheckBox был установлен в состояние 'true'.
2024-11-21 00:48:04 [Info]: [SD1792470] Выбран элемент 'Акты сверки' после раскрытия CheckBox.
2024-11-21 00:48:05 [Info]: [SD1792470] Клик выполнен по элементу в центре: X=205, Y=285
2024-11-21 00:48:05 [Info]: [SD1792470] Нажали на кнопку [Добавить] в окне [Создать документ].
2024-11-21 00:48:05 [Info]: [SD1792470] Начинаю поиск окна для выбора pdf файла
2024-11-21 00:48:06 [Info]: [SD1792470] Появилось окно для прикрепления к РК: [Выберете файлы для прикрепления к РК].
2024-11-21 00:48:07 [Error]: [SD1792470] Ошибка при обработке элемента ввода пути к файлу: Элемент ввода пути к файлу не найден. Робот завершает работу.
2024-11-21 00:48:07 [Error]: [SD1792470] Ошибка в работе LanDocs [C:\Users\RobinLandocsAC\Desktop\LanDocsRobotReborn\landocs2\LandocsRobot\bin\Debug\Input\SD1792470+]: Элемент ввода пути к файлу не найден. Робот завершает работу.
2024-11-21 00:48:37 [Info]: [SD1792470] Робот завершил работу.
2024-11-21 00:49:49 [Info]:  🤖 Запуск робота LandocsRobot
2024-11-21 00:49:49 [Info]:  Уровень логирования установлен на: Debug
2024-11-21 00:49:49 [Info]:  Параметры успешно загружены из config.xml
2024-11-21 00:49:49 [Info]:  Список организаций успешно загружен.
2024-11-21 00:49:49 [Info]:  Найдено 1 заяв(-ка) (-ок) для обработки.
2024-11-21 00:49:49 [Info]: [SD1792470] Начинаю обработку заявки: SD1792470+
2024-11-21 00:49:49 [Info]: [SD1792470] Файл заявки [SD1792470+.txt] найден. Начинаю обработку.
2024-11-21 00:49:49 [Debug]: [SD1792470] Начинается обработка файла: C:\Users\RobinLandocsAC\Desktop\LanDocsRobotReborn\landocs2\LandocsRobot\bin\Debug\Input\SD1792470+\SD1792470+.txt
2024-11-21 00:49:49 [Debug]: [SD1792470] Файл успешно прочитан: C:\Users\RobinLandocsAC\Desktop\LanDocsRobotReborn\landocs2\LandocsRobot\bin\Debug\Input\SD1792470+\SD1792470+.txt
2024-11-21 00:49:49 [Info]: [SD1792470] Извлеченные данные: Номер заявки - [SD1792470], Тип - [Годовая инвентаризация (по всем контрагентам и договорам)], Организация - [Дагестанский филиал], ППУД - [ДФ.Проекты ППУД]
2024-11-21 00:49:49 [Info]: [SD1792470] В папке [ЭДО] найдено 5 элементов. Начинаю обработку файлов.
2024-11-21 00:49:49 [Info]: [SD1792470] Сортировка и перемещение файлов завершены.
2024-11-21 00:49:49 [Debug]: [SD1792470] xlsx: 1 элементов.
2024-11-21 00:49:49 [Debug]: [SD1792470] pdf: 1 элементов.
2024-11-21 00:49:49 [Debug]: [SD1792470] zip: 102 элементов.
2024-11-21 00:49:49 [Debug]: [SD1792470] error: 1 элементов.
2024-11-21 00:49:49 [Debug]: [SD1792470] [+] Для файла [Акт св П 1000097213 Каримов Саид Алиевич ИП  №00000008061080 31.10.24_056206233185_ OK] найден соответствующий PDF.
2024-11-21 00:49:49 [Info]: [SD1792470] 0 файл(-а) (-ов) на конвертацию в PDF.
2024-11-21 00:49:49 [Info]: [SD1792470] Обработка заявки [SD1792470+] завершена успешно.
2024-11-21 00:49:49 [Info]: [SD1792470] Начинаю работу по файлу: Индекс: [0], Файл: [LandocsRobot.Program+FileData]. Всего файлов: [1]
2024-11-21 00:49:49 [Info]: [SD1792470] Запускаю Landocs.
2024-11-21 00:49:49 [Debug]: [SD1792470] Выполнил резервную копию файла профиля [C:\Users\RobinLandocsAC\AppData\Local\LANIT\LanDocs\3.6.1.39\UserSettings.xml] переименован в [C:\Users\RobinLandocsAC\AppData\Local\LANIT\LanDocs\3.6.1.39\UserSettings.bak].
2024-11-21 00:49:49 [Debug]: [SD1792470] Кастомный файл профиля landocs успешно перемещен из 'C:\Users\RobinLandocsAC\Desktop\LanDocsRobotReborn\landocs2\LandocsRobot\bin\Debug\UserSettings.xml' в 'C:\Users\RobinLandocsAC\AppData\Local\LANIT\LanDocs\3.6.1.39\UserSettings.xml'.
2024-11-21 00:49:49 [Info]: [SD1792470] Профиль Landocs успешно перемещен.
2024-11-21 00:49:49 [Info]: [SD1792470] Запускаю приложение Landocs по пути: C:\Users\RobinLandocsAC\AppData\Local\Apps\2.0\P5L8YXKH.MD2\WYROW58K.TZV\land...app_564c2c838af24d09_0003.0006_c04a00086fb426e6\LanDocs3.exe
2024-11-21 00:49:49 [Info]: [SD1792470] Запуск приложения: C:\Users\RobinLandocsAC\AppData\Local\Apps\2.0\P5L8YXKH.MD2\WYROW58K.TZV\land...app_564c2c838af24d09_0003.0006_c04a00086fb426e6\LanDocs3.exe
2024-11-21 00:49:49 [Info]: [SD1792470] Поиск окна приложения с именем: [RobinLandocs Робот (Мой LanDocs) - Избранное - LanDocs]. Время ожидания:[300] сек.
2024-11-21 00:49:50 [Debug]: [SD1792470] Ожидание окна приложения: [RobinLandocs Робот (Мой LanDocs) - Избранное - LanDocs]. Прошло [1] секунд...
2024-11-21 00:49:53 [Debug]: [SD1792470] Ожидание окна приложения: [RobinLandocs Робот (Мой LanDocs) - Избранное - LanDocs]. Прошло [2] секунд...
2024-11-21 00:49:54 [Debug]: [SD1792470] Ожидание окна приложения: [RobinLandocs Робот (Мой LanDocs) - Избранное - LanDocs]. Прошло [3] секунд...
2024-11-21 00:49:55 [Debug]: [SD1792470] Ожидание окна приложения: [RobinLandocs Робот (Мой LanDocs) - Избранное - LanDocs]. Прошло [4] секунд...
2024-11-21 00:49:56 [Debug]: [SD1792470] Ожидание окна приложения: [RobinLandocs Робот (Мой LanDocs) - Избранное - LanDocs]. Прошло [5] секунд...
2024-11-21 00:49:57 [Debug]: [SD1792470] Ожидание окна приложения: [RobinLandocs Робот (Мой LanDocs) - Избранное - LanDocs]. Прошло [6] секунд...
2024-11-21 00:49:58 [Debug]: [SD1792470] Ожидание окна приложения: [RobinLandocs Робот (Мой LanDocs) - Избранное - LanDocs]. Прошло [7] секунд...
2024-11-21 00:49:59 [Debug]: [SD1792470] Ожидание окна приложения: [RobinLandocs Робот (Мой LanDocs) - Избранное - LanDocs]. Прошло [8] секунд...
2024-11-21 00:50:00 [Debug]: [SD1792470] Ожидание окна приложения: [RobinLandocs Робот (Мой LanDocs) - Избранное - LanDocs]. Прошло [9] секунд...
2024-11-21 00:50:06 [Debug]: [SD1792470] Ожидание окна приложения: [RobinLandocs Робот (Мой LanDocs) - Избранное - LanDocs]. Прошло [10] секунд...
2024-11-21 00:50:06 [Warning]: [SD1792470] Ожидание окна приложения: [RobinLandocs Робот (Мой LanDocs) - Избранное - LanDocs]. Прошло [10] секунд.
2024-11-21 00:50:06 [Info]: [SD1792470] Landocs успешно запустился.
2024-11-21 00:50:06 [Info]: [SD1792470] Приложение Landocs успешно запущено и окно найдено.
2024-11-21 00:50:11 [Info]: [SD1792470] Начинаю поиск вкладки [Главная] в навигационном меню...
2024-11-21 00:50:11 [Info]: [SD1792470] Вкладка [Главная] найдена. Выполняю клик.
2024-11-21 00:50:11 [Info]: [SD1792470] Клик выполнен по элементу в центре: X=114, Y=37
2024-11-21 00:50:11 [Info]: [SD1792470] Клик по вкладке [Главная] успешно выполнен.
2024-11-21 00:50:11 [Info]: [SD1792470] Начинаю поиск кнопки [Документы] в навигационном меню...
2024-11-21 00:50:12 [Info]: [SD1792470] Нашел ссылку [Документы] в левом навигационном меню
2024-11-21 00:50:13 [Info]: [SD1792470] Клик по элементу [Документы] успешно выполнен.
2024-11-21 00:50:13 [Info]: [SD1792470] Нажимаем Ctrl+F для вызова окна поиска ППУД.
2024-11-21 00:50:16 [Info]: [SD1792470] Элемент окна поиска ППУД успешно найден.
2024-11-21 00:50:16 [Info]: [SD1792470] Значение введено в окно поиска ППУД через ValuePattern.
2024-11-21 00:50:16 [Info]: [SD1792470] Ищу кнопку [Вниз] в окне поиска ППУД.
2024-11-21 00:50:16 [Info]: [SD1792470] Фокус успешно установлен на кнопку [Вниз].
2024-11-21 00:50:18 [Info]: [SD1792470] Нажали кнопку [Вниз] в окне поиска ППУД.
2024-11-21 00:50:18 [Info]: [SD1792470] Нажали кнопку [Вниз] в окне поиска ППУД успешно.
2024-11-21 00:50:20 [Info]: [SD1792470] Начинаю поиск элемента ППУД в списке документов.
2024-11-21 00:50:20 [Info]: [SD1792470] Группа элементов найдена. Ищу ППУД с значением: [ДФ.Проекты ППУД].
2024-11-21 00:50:20 [Info]: [SD1792470] ППУД [ДФ.Проекты ППУД] найден и успешно обработан.
2024-11-21 00:50:20 [Info]: [SD1792470] Начинаю поиск кнопки для создания документа.
2024-11-21 00:50:21 [Info]: [SD1792470] Кнопка [Создать документ] найдена. Устанавливаю фокус и выполняю действие.
2024-11-21 00:50:21 [Info]: [SD1792470] Клик выполнен по элементу в центре: X=34, Y=85
2024-11-21 00:50:21 [Info]: [SD1792470] Успешно нажали на кнопку [Создать документ].
2024-11-21 00:50:21 [Info]: [SD1792470] Начинаю поиск окна создания документа.
2024-11-21 00:50:27 [Info]: [SD1792470] Появилось окно создания документа: [Без имени - Документ LanDocs].
2024-11-21 00:50:27 [Info]: [SD1792470] Начинаю процесс выбора типа документа.
2024-11-21 00:50:27 [Info]: [SD1792470] Открыли список выбора типа документа.
2024-11-21 00:50:28 [Info]: [SD1792470] Выбрали тип документа: [ППУД. Исходящий электронный документ].
2024-11-21 00:50:28 [Info]: [SD1792470] Начинаю поиск и выбор типа документа для второго типа.
2024-11-21 00:50:28 [Info]: [SD1792470] Нажали на кнопку выбора типа документа.
2024-11-21 00:50:30 [Info]: [SD1792470] Выбрали тип документа: [ППУД ИСХ. Акт сверки по договору / договорам].
2024-11-21 00:50:30 [Info]: [SD1792470] Начинаю поиск кнопки для открытия окна с контрагентами.
2024-11-21 00:50:30 [Info]: [SD1792470] Клик выполнен по элементу в центре: X=794, Y=440
2024-11-21 00:50:30 [Info]: [SD1792470] Нажали на кнопку [Открыть окно с контрагентами].
2024-11-21 00:50:34 [Info]: [SD1792470] Появилось окно поиска контрагента [Выбор элемента]
2024-11-21 00:50:34 [Info]: [SD1792470] Значение [056206233185] успешно введено в поле поиска контрагента через ValuePattern.
2024-11-21 00:50:35 [Info]: [SD1792470] Нажали на кнопку поиска контрагента[Поиск]
2024-11-21 00:50:35 [Info]: [SD1792470] Начинаем поиск элемента 'Список контрагентов'...
2024-11-21 00:50:35 [Info]: [SD1792470] Элемент 'Список контрагентов' найден. Пытаемся найти 'Панель данных' внутри списка...
2024-11-21 00:50:35 [Info]: [SD1792470] 'Панель данных' найдена. Получаем список контрагентов...
2024-11-21 00:50:35 [Info]: [SD1792470] Получен список контрагентов: найдено 1 элементов.
2024-11-21 00:50:35 [Debug]: [SD1792470] Обработка контрагента под индексом [0]...
2024-11-21 00:50:35 [Debug]: [SD1792470] Найден контрагент [0]: [Каримов Саид Алиевич ИП, ИНН: 056206233185, КПП: ]
2024-11-21 00:50:35 [Info]: [SD1792470] Все элементы контрагентов обработаны. Выполняем поиск необходимого контрагента...
2024-11-21 00:50:35 [Info]: [SD1792470] Необходимый контрагент найден: ключ [0].
2024-11-21 00:50:35 [Info]: [SD1792470] Выбираем найденного контрагента.
2024-11-21 00:50:35 [Info]: [SD1792470] Работа с найденным элементом завершена.
2024-11-21 00:50:35 [Info]: [SD1792470] Начинаем поиск кнопки [Выбрать] в окне [Выбор элемента] со списком контрагентов...
2024-11-21 00:50:35 [Info]: [SD1792470] Кнопка [Выбрать] найдена. Пытаемся нажать на кнопку...
2024-11-21 00:50:35 [Info]: [SD1792470] Нажали на кнопку [Выбрать] в окне [Выбор элемента] со списком контрагентов.
2024-11-21 00:50:35 [Info]: [SD1792470] Начинаем поиск кнопки [...] для выбора договора в окне [Создание документа]...
2024-11-21 00:50:35 [Info]: [SD1792470] Кнопка открытия окна с  договорами найдена. Пытаемся нажать на кнопку...
2024-11-21 00:50:35 [Info]: [SD1792470] Клик выполнен по элементу в центре: X=114, Y=550
2024-11-21 00:50:35 [Info]: [SD1792470] Нажали на кнопку открытия окна с договорами в окне [Создание документа].
2024-11-21 00:50:38 [Info]: [SD1792470] Окно поиска контрагента [Выбор документа] найдено.
2024-11-21 00:50:38 [Info]: [SD1792470] Начинаем поиск дерева элементов списка [Журналы регистрации]...
2024-11-21 00:50:38 [Info]: [SD1792470] Элемент дерева [Журналы регистрации] найден.
2024-11-21 00:50:38 [Info]: [SD1792470] Элемент дерева [Журналы регистрации] найден. Пытаемся инициализировать скролл...
2024-11-21 00:50:38 [Info]: [SD1792470] Элемент скролла [Vertical] найден! Работа робота продолжается.
2024-11-21 00:50:38 [Info]: [SD1792470] Элемент [Журналы регистраций] найден.
2024-11-21 00:50:38 [Debug]: [SD1792470] Элемент [Журналы регистраций] уже раскрыт.
2024-11-21 00:50:38 [Info]: [SD1792470] Количество журналов [78]
2024-11-21 00:50:38 [Debug]: [SD1792470] Выполняю поиск внутри элемента [Журналы регистраций] - Журнал [ДФ.Договоры]. Фокус на элементе: [БГЭС.Договоры]
2024-11-21 00:50:38 [Debug]: [SD1792470] Выполняю поиск внутри элемента [Журналы регистраций] - Журнал [ДФ.Договоры]. Фокус на элементе: [БГЭС.ПЗД / Приложения к договорам]
2024-11-21 00:50:38 [Debug]: [SD1792470] Выполняю поиск внутри элемента [Журналы регистраций] - Журнал [ДФ.Договоры]. Фокус на элементе: [БГЭС.Проекты договоров]
2024-11-21 00:50:38 [Debug]: [SD1792470] Выполняю поиск внутри элемента [Журналы регистраций] - Журнал [ДФ.Договоры]. Фокус на элементе: [ВГЭС.Договоры]
2024-11-21 00:50:38 [Debug]: [SD1792470] Выполняю поиск внутри элемента [Журналы регистраций] - Журнал [ДФ.Договоры]. Фокус на элементе: [ВГЭС.ПЗД / Приложения к договорам]
2024-11-21 00:50:38 [Debug]: [SD1792470] Выполняю поиск внутри элемента [Журналы регистраций] - Журнал [ДФ.Договоры]. Фокус на элементе: [ВГЭС.Проекты договоров]
2024-11-21 00:50:38 [Debug]: [SD1792470] Выполняю поиск внутри элемента [Журналы регистраций] - Журнал [ДФ.Договоры]. Фокус на элементе: [ВЛГЭС.Договоры]
2024-11-21 00:50:38 [Debug]: [SD1792470] Выполняю поиск внутри элемента [Журналы регистраций] - Журнал [ДФ.Договоры]. Фокус на элементе: [ВЛГЭС.ПЗД / Приложения к договорам]
2024-11-21 00:50:38 [Debug]: [SD1792470] Выполняю поиск внутри элемента [Журналы регистраций] - Журнал [ДФ.Договоры]. Фокус на элементе: [ВЛГЭС.Проекты договоров]
2024-11-21 00:50:38 [Debug]: [SD1792470] Выполняю поиск внутри элемента [Журналы регистраций] - Журнал [ДФ.Договоры]. Фокус на элементе: [ДФ.Договоры]
2024-11-21 00:50:38 [Info]: [SD1792470] Журнал [ДФ.Договоры] внутри элемента [Журналы регистраций] найден.
2024-11-21 00:50:38 [Debug]: [SD1792470] Элемент журнала прокручен в область видимости.
2024-11-21 00:50:41 [Info]: [SD1792470] Элемент журнала выбран.
2024-11-21 00:50:41 [Info]: [SD1792470] Элемент найден. Фокус успешно установлен на первый элемент таблицы договоров.
2024-11-21 00:50:41 [Info]: [SD1792470] Нажали на кнопку [Выбрать] в окне [Выбор документа] со списком журналов.
2024-11-21 00:50:42 [Info]: [SD1792470] Договор проставлен успешно. Номер договора: 1080-156-2024
2024-11-21 00:50:42 [Info]: [SD1792470] Текущий подписант: [Гамзатов Тимур Гамзатович]. Меняю на: [Черданцева Наталья Викторовна].
2024-11-21 00:50:42 [Info]: [SD1792470] Подписант успешно установлен: [Черданцева Наталья Викторовна].
2024-11-21 00:50:42 [Info]: [SD1792470] Клик выполнен по элементу в центре: X=37, Y=85
2024-11-21 00:50:42 [Info]: [SD1792470] Нажали на кнопку [Сохранить документ] в окне [Создать документ].
2024-11-21 00:50:43 [Info]: [SD1792470] Элемент неактивен, ждем 1 минуту...
2024-11-21 00:51:45 [Info]: [SD1792470] Клик выполнен по элементу в центре: X=130, Y=180
2024-11-21 00:51:45 [Info]: [SD1792470] Элемент [Структура папок] выбран.
2024-11-21 00:51:45 [Info]: [SD1792470] Нажали на кнопку [Структура папок] в окне [Создать документ].
2024-11-21 00:51:45 [Info]: [SD1792470] CheckBox был установлен в состояние 'true'.
2024-11-21 00:51:46 [Info]: [SD1792470] Выбран элемент 'Акты сверки' после раскрытия CheckBox.
2024-11-21 00:51:46 [Info]: [SD1792470] Клик выполнен по элементу в центре: X=205, Y=285
2024-11-21 00:51:46 [Info]: [SD1792470] Нажали на кнопку [Добавить] в окне [Создать документ].
2024-11-21 00:51:46 [Info]: [SD1792470] Начинаю поиск окна для выбора pdf файла
2024-11-21 00:51:47 [Info]: [SD1792470] Появилось окно для прикрепления к РК: [Выберете файлы для прикрепления к РК].
2024-11-21 00:51:47 [Debug]: [SD1792470] Текущий путь к файлу отсутствует. Устанавливаю новый: [C:\Users\RobinLandocsAC\Desktop\LanDocsRobotReborn\landocs2\LandocsRobot\bin\Debug\Input\SD1792470+\ЭДО\pdf\Акт св П 1000097213 Каримов Саид Алиевич ИП  №00000008061080 31.10.24_056206233185_ OK.pdf].
2024-11-21 00:51:47 [Info]: [SD1792470] Путь к файлу успешно установлен: [C:\Users\RobinLandocsAC\Desktop\LanDocsRobotReborn\landocs2\LandocsRobot\bin\Debug\Input\SD1792470+\ЭДО\pdf\Акт св П 1000097213 Каримов Саид Алиевич ИП  №00000008061080 31.10.24_056206233185_ OK.pdf].
2024-11-21 00:51:48 [Info]: [SD1792470] Клик выполнен по элементу в центре: X=826, Y=491
2024-11-21 00:51:48 [Info]: [SD1792470] Нажали на кнопку [Open].
2024-11-21 00:51:48 [Info]: [SD1792470] Робот завершил работу.
