2025-09-17 14:05:09 [Info] 🤖 Запуск робота LandocsRobot
2025-09-17 14:05:10 [Info] Параметры успешно загружены из config.xml
2025-09-17 14:05:10 [Info] Уровень логирования установлен на: Debug
2025-09-17 14:05:10 [Info] Список организаций успешно загружен.
2025-09-17 14:05:10 [Info] Найдено 1 заяв(-ка) (-ок) для обработки.
2025-09-17 14:05:10 [Info] [SD1792470] Начинаю обработку заявки: SD1792470+
2025-09-17 14:05:10 [Info] [SD1792470] Файл заявки [SD1792470+.txt] найден. Начинаю обработку.
2025-09-17 14:05:10 [Debug] [SD1792470] Начинается обработка файла: C:\Users\RobinLandocsAC\Desktop\LanDocsRobotReborn\landocs2\LandocsRobot\bin\Debug\Input\SD1792470+\SD1792470+.txt
2025-09-17 14:05:10 [Debug] [SD1792470] Файл успешно прочитан: C:\Users\RobinLandocsAC\Desktop\LanDocsRobotReborn\landocs2\LandocsRobot\bin\Debug\Input\SD1792470+\SD1792470+.txt
2025-09-17 14:05:10 [Info] [SD1792470] Извлеченные данные: Номер заявки - [SD1792470], Тип - [Годовая инвентаризация (по всем контрагентам и договорам)], Организация - [Дагестанский филиал], ППУД - [ДФ.Проекты ППУД]
2025-09-17 14:05:10 [Info] [SD1792470] В папке [ЭДО] найдено 5 элементов. Начинаю обработку файлов.
2025-09-17 14:05:10 [Info] [SD1792470] Сортировка и перемещение файлов завершены.
2025-09-17 14:05:10 [Debug] [SD1792470] xlsx: 1 элементов.
2025-09-17 14:05:10 [Debug] [SD1792470] pdf: 2 элементов.
2025-09-17 14:05:10 [Debug] [SD1792470] zip: 102 элементов.
2025-09-17 14:05:10 [Debug] [SD1792470] error: 1 элементов.
2025-09-17 14:05:10 [Debug] [SD1792470] [+] Для файла [Акт св П 1000097213 Каримов Саид Алиевич ИП  №00000008061080 31.10.24_056206233185_ OK] найден соответствующий PDF.
2025-09-17 14:05:10 [Info] [SD1792470] 0 файл(-а) (-ов) на конвертацию в PDF.
2025-09-17 14:05:10 [Info] [SD1792470] Обработка заявки [SD1792470+] завершена успешно.
2025-09-17 14:05:10 [Info] [SD1792470] Начинаю работу по файлу: Индекс: [0], Файл: [LandocsRobot.Program+FileData]. Всего файлов: [2]
2025-09-17 14:05:10 [Info] [SD1792470] Запускаю Landocs.
2025-09-17 14:05:10 [Debug] [SD1792470] Выполнил резервную копию файла профиля [C:\Users\RobinLandocsAC\AppData\Local\LANIT\LanDocs\3.6.1.39\UserSettings.xml] переименован в [C:\Users\RobinLandocsAC\AppData\Local\LANIT\LanDocs\3.6.1.39\UserSettings.bak].
2025-09-17 14:05:10 [Debug] [SD1792470] Кастомный файл профиля landocs успешно перемещен из 'C:\Users\RobinLandocsAC\Desktop\LanDocsRobotReborn\landocs2\LandocsRobot\bin\Debug\UserSettings.xml' в 'C:\Users\RobinLandocsAC\AppData\Local\LANIT\LanDocs\3.6.1.39\UserSettings.xml'.
2025-09-17 14:05:10 [Info] [SD1792470] Профиль Landocs успешно перемещен.
2025-09-17 14:05:10 [Info] [SD1792470] Запускаю приложение Landocs по пути: C:\Users\RobinLandocsAC\AppData\Local\Apps\2.0\P5L8YXKH.MD2\WYROW58K.TZV\land...app_564c2c838af24d09_0003.0006_c04a00086fb426e6\LanDocs3.exe
2025-09-17 14:05:10 [Info] [SD1792470] Запуск приложения: C:\Users\RobinLandocsAC\AppData\Local\Apps\2.0\P5L8YXKH.MD2\WYROW58K.TZV\land...app_564c2c838af24d09_0003.0006_c04a00086fb426e6\LanDocs3.exe
2025-09-17 14:05:10 [Info] [SD1792470] Поиск окна приложения с именем: [_robin_landocs (Мой LanDocs) - Избранное - LanDocs]. Время ожидания:[300] сек.
2025-09-17 14:05:11 [Debug] [SD1792470] Ожидание окна приложения: [_robin_landocs (Мой LanDocs) - Избранное - LanDocs]. Прошло [1] секунд...
2025-09-17 14:05:12 [Debug] [SD1792470] Ожидание окна приложения: [_robin_landocs (Мой LanDocs) - Избранное - LanDocs]. Прошло [2] секунд...
2025-09-17 14:05:17 [Debug] [SD1792470] Ожидание окна приложения: [_robin_landocs (Мой LanDocs) - Избранное - LanDocs]. Прошло [3] секунд...
2025-09-17 14:05:18 [Debug] [SD1792470] Ожидание окна приложения: [_robin_landocs (Мой LanDocs) - Избранное - LanDocs]. Прошло [4] секунд...
2025-09-17 14:05:19 [Debug] [SD1792470] Ожидание окна приложения: [_robin_landocs (Мой LanDocs) - Избранное - LanDocs]. Прошло [5] секунд...
2025-09-17 14:05:20 [Debug] [SD1792470] Ожидание окна приложения: [_robin_landocs (Мой LanDocs) - Избранное - LanDocs]. Прошло [6] секунд...
2025-09-17 14:05:21 [Debug] [SD1792470] Ожидание окна приложения: [_robin_landocs (Мой LanDocs) - Избранное - LanDocs]. Прошло [7] секунд...
2025-09-17 14:05:22 [Debug] [SD1792470] Ожидание окна приложения: [_robin_landocs (Мой LanDocs) - Избранное - LanDocs]. Прошло [8] секунд...
2025-09-17 14:05:30 [Debug] [SD1792470] Ожидание окна приложения: [_robin_landocs (Мой LanDocs) - Избранное - LanDocs]. Прошло [9] секунд...
2025-09-17 14:05:30 [Info] [SD1792470] Landocs успешно запустился.
2025-09-17 14:05:30 [Info] [SD1792470] Приложение Landocs успешно запущено и окно найдено.
2025-09-17 14:05:35 [Info] [SD1792470] Начинаю поиск вкладки [Главная] в навигационном меню...
2025-09-17 14:05:35 [Info] [SD1792470] Вкладка [Главная] найдена. Выполняю клик.
2025-09-17 14:05:36 [Info] [SD1792470] Клик выполнен по элементу в центре: X=114, Y=37
2025-09-17 14:05:36 [Info] [SD1792470] Клик по вкладке [Главная] успешно выполнен.
2025-09-17 14:05:36 [Info] [SD1792470] Начинаю поиск кнопки [Документы] в навигационном меню...
2025-09-17 14:05:36 [Info] [SD1792470] Нашел ссылку [Документы] в левом навигационном меню
2025-09-17 14:05:37 [Info] [SD1792470] Клик по элементу [Документы] успешно выполнен.
2025-09-17 14:05:37 [Info] [SD1792470] Нажимаем Ctrl+F для вызова окна поиска ППУД.
2025-09-17 14:05:40 [Info] [SD1792470] Элемент окна поиска ППУД успешно найден.
2025-09-17 14:05:40 [Info] [SD1792470] Значение введено в окно поиска ППУД через ValuePattern.
2025-09-17 14:05:40 [Info] [SD1792470] Ищу кнопку [Вниз] в окне поиска ППУД.
2025-09-17 14:05:40 [Info] [SD1792470] Фокус успешно установлен на кнопку [Вниз].
2025-09-17 14:05:42 [Info] [SD1792470] Нажали кнопку [Вниз] в окне поиска ППУД.
2025-09-17 14:05:42 [Info] [SD1792470] Нажали кнопку [Вниз] в окне поиска ППУД успешно.
2025-09-17 14:05:44 [Info] [SD1792470] Начинаю поиск элемента ППУД в списке документов.
2025-09-17 14:05:44 [Info] [SD1792470] Группа элементов найдена. Ищу ППУД с значением: [ДФ.Проекты ППУД].
2025-09-17 14:05:44 [Info] [SD1792470] ППУД [ДФ.Проекты ППУД] найден и успешно обработан.
2025-09-17 14:05:44 [Info] [SD1792470] Начинаю поиск кнопки для создания документа.
2025-09-17 14:05:45 [Info] [SD1792470] Кнопка [Создать документ] найдена. Устанавливаю фокус и выполняю действие.
2025-09-17 14:05:46 [Info] [SD1792470] Клик выполнен по элементу в центре: X=34, Y=85
2025-09-17 14:05:46 [Info] [SD1792470] Успешно нажали на кнопку [Создать документ].
2025-09-17 14:05:46 [Info] [SD1792470] Начинаю поиск окна создания документа.
2025-09-17 14:05:52 [Info] [SD1792470] Появилось окно создания документа: [Без имени - Документ LanDocs].
2025-09-17 14:05:52 [Info] [SD1792470] Начинаю процесс выбора типа документа.
2025-09-17 14:05:52 [Info] [SD1792470] Открыли список выбора типа документа.
2025-09-17 14:05:52 [Info] [SD1792470] Выбрали тип документа: [ППУД. Исходящий электронный документ].
2025-09-17 14:05:52 [Info] [SD1792470] Начинаю поиск и выбор типа документа для второго типа.
2025-09-17 14:05:52 [Info] [SD1792470] Нажали на кнопку выбора типа документа.
2025-09-17 14:05:53 [Info] [SD1792470] Выбрали тип документа: [ППУД ИСХ. Акт сверки по договору / договорам].
2025-09-17 14:05:53 [Info] [SD1792470] Начинаю поиск кнопки для открытия окна с контрагентами.
2025-09-17 14:05:54 [Info] [SD1792470] Клик выполнен по элементу в центре: X=901, Y=440
2025-09-17 14:05:54 [Info] [SD1792470] Нажали на кнопку [Открыть окно с контрагентами].
2025-09-17 14:05:57 [Info] [SD1792470] Появилось окно поиска контрагента [Выбор элемента]
2025-09-17 14:05:57 [Info] [SD1792470] Значение [0541031172] успешно введено в поле поиска контрагента через ValuePattern.
2025-09-17 14:05:58 [Info] [SD1792470] Нажали на кнопку поиска контрагента[Поиск]
2025-09-17 14:05:58 [Info] [SD1792470] Начинаем поиск элемента 'Список контрагентов'...
2025-09-17 14:05:58 [Info] [SD1792470] Элемент 'Список контрагентов' найден. Пытаемся найти 'Панель данных' внутри списка...
2025-09-17 14:05:58 [Info] [SD1792470] 'Панель данных' найдена. Получаем список контрагентов...
2025-09-17 14:05:58 [Info] [SD1792470] Получен список контрагентов: найдено 1 элементов.
2025-09-17 14:05:58 [Debug] [SD1792470] Обработка контрагента под индексом [0]...
2025-09-17 14:05:58 [Debug] [SD1792470] Найден контрагент [0]: [Дагестанская энергосбытоваякомпания ПАО, ИНН: 0541031172, КПП: 057201001]
2025-09-17 14:05:58 [Info] [SD1792470] Все элементы контрагентов обработаны. Выполняем поиск необходимого контрагента...
2025-09-17 14:05:58 [Info] [SD1792470] Необходимый контрагент найден: ключ [0].
2025-09-17 14:05:58 [Info] [SD1792470] Выбираем найденного контрагента.
2025-09-17 14:05:58 [Info] [SD1792470] Работа с найденным элементом завершена.
2025-09-17 14:05:58 [Info] [SD1792470] Начинаем поиск кнопки [Выбрать] в окне [Выбор элемента] со списком контрагентов...
2025-09-17 14:05:58 [Info] [SD1792470] Кнопка [Выбрать] найдена. Пытаемся нажать на кнопку...
2025-09-17 14:05:58 [Info] [SD1792470] Нажали на кнопку [Выбрать] в окне [Выбор элемента] со списком контрагентов.
2025-09-17 14:05:58 [Info] [SD1792470] Начинаем поиск кнопки [...] для выбора договора в окне [Создание документа]...
2025-09-17 14:05:58 [Info] [SD1792470] Кнопка открытия окна с  договорами найдена. Пытаемся нажать на кнопку...
2025-09-17 14:05:58 [Info] [SD1792470] Клик выполнен по элементу в центре: X=114, Y=550
2025-09-17 14:05:58 [Info] [SD1792470] Нажали на кнопку открытия окна с договорами в окне [Создание документа].
2025-09-17 14:05:59 [Info] [SD1792470] Окно поиска контрагента [Выбор документа] найдено.
2025-09-17 14:05:59 [Info] [SD1792470] Начинаем поиск дерева элементов списка [Журналы регистрации]...
2025-09-17 14:05:59 [Info] [SD1792470] Элемент дерева [Журналы регистрации] найден.
2025-09-17 14:05:59 [Info] [SD1792470] Элемент дерева [Журналы регистрации] найден. Пытаемся инициализировать скролл...
2025-09-17 14:05:59 [Info] [SD1792470] Элемент скролла [Vertical] найден! Работа робота продолжается.
2025-09-17 14:05:59 [Info] [SD1792470] Элемент [Журналы регистраций] найден.
2025-09-17 14:05:59 [Debug] [SD1792470] Элемент [Журналы регистраций] уже раскрыт.
2025-09-17 14:06:00 [Info] [SD1792470] Количество журналов [78]
2025-09-17 14:06:00 [Debug] [SD1792470] Выполняю поиск внутри элемента [Журналы регистраций] - Журнал [ДФ.Договоры]. Фокус на элементе: [БГЭС.Договоры]
2025-09-17 14:06:00 [Debug] [SD1792470] Выполняю поиск внутри элемента [Журналы регистраций] - Журнал [ДФ.Договоры]. Фокус на элементе: [БГЭС.ПЗД / Приложения к договорам]
2025-09-17 14:06:00 [Debug] [SD1792470] Выполняю поиск внутри элемента [Журналы регистраций] - Журнал [ДФ.Договоры]. Фокус на элементе: [БГЭС.Проекты договоров]
2025-09-17 14:06:00 [Debug] [SD1792470] Выполняю поиск внутри элемента [Журналы регистраций] - Журнал [ДФ.Договоры]. Фокус на элементе: [ВГЭС.Договоры]
2025-09-17 14:06:00 [Debug] [SD1792470] Выполняю поиск внутри элемента [Журналы регистраций] - Журнал [ДФ.Договоры]. Фокус на элементе: [ВГЭС.ПЗД / Приложения к договорам]
2025-09-17 14:06:00 [Debug] [SD1792470] Выполняю поиск внутри элемента [Журналы регистраций] - Журнал [ДФ.Договоры]. Фокус на элементе: [ВГЭС.Проекты договоров]
2025-09-17 14:06:00 [Debug] [SD1792470] Выполняю поиск внутри элемента [Журналы регистраций] - Журнал [ДФ.Договоры]. Фокус на элементе: [ВЛГЭС.Договоры]
2025-09-17 14:06:00 [Debug] [SD1792470] Выполняю поиск внутри элемента [Журналы регистраций] - Журнал [ДФ.Договоры]. Фокус на элементе: [ВЛГЭС.ПЗД / Приложения к договорам]
2025-09-17 14:06:00 [Debug] [SD1792470] Выполняю поиск внутри элемента [Журналы регистраций] - Журнал [ДФ.Договоры]. Фокус на элементе: [ВЛГЭС.Проекты договоров]
2025-09-17 14:06:00 [Debug] [SD1792470] Выполняю поиск внутри элемента [Журналы регистраций] - Журнал [ДФ.Договоры]. Фокус на элементе: [ДФ.Договоры]
2025-09-17 14:06:00 [Info] [SD1792470] Журнал [ДФ.Договоры] внутри элемента [Журналы регистраций] найден.
2025-09-17 14:06:00 [Debug] [SD1792470] Элемент журнала прокручен в область видимости.
2025-09-17 14:06:01 [Info] [SD1792470] Элемент журнала выбран.
2025-09-17 14:06:01 [Info] [SD1792470] Элемент найден. Фокус успешно установлен на первый элемент таблицы договоров.
2025-09-17 14:06:01 [Info] [SD1792470] Нажали на кнопку [Выбрать] в окне [Выбор документа] со списком журналов.
2025-09-17 14:06:01 [Info] [SD1792470] Договор проставлен успешно. Номер договора: 1080-59-1-2013
2025-09-17 14:06:01 [Info] [SD1792470] Текущий подписант: [Гамзатов Тимур Гамзатович]. Меняю на: [Черданцева Наталья Викторовна].
2025-09-17 14:06:01 [Info] [SD1792470] Подписант успешно установлен: [Черданцева Наталья Викторовна].
2025-09-17 14:06:02 [Info] [SD1792470] Клик выполнен по элементу в центре: X=37, Y=85
2025-09-17 14:06:02 [Info] [SD1792470] Нажали на кнопку [Сохранить документ] в окне [Создать документ].
2025-09-17 14:06:03 [Info] [SD1792470] Элемент неактивен, ждем 1 минуту...
2025-09-17 14:25:19 [Info] 🤖 Запуск робота LandocsRobot
2025-09-17 14:25:19 [Info] Параметры успешно загружены из config.xml
2025-09-17 14:25:19 [Info] Уровень логирования установлен на: Debug
2025-09-17 14:25:19 [Info] Список организаций успешно загружен.
2025-09-17 14:25:19 [Info] Найдено 1 заяв(-ка) (-ок) для обработки.
2025-09-17 14:25:19 [Info] [SD1792470] Начинаю обработку заявки: SD1792470+
2025-09-17 14:25:19 [Info] [SD1792470] Файл заявки [SD1792470+.txt] найден. Начинаю обработку.
2025-09-17 14:25:19 [Debug] [SD1792470] Начинается обработка файла: C:\Users\RobinLandocsAC\Desktop\LanDocsRobotReborn\landocs2\LandocsRobot\bin\Debug\Input\SD1792470+\SD1792470+.txt
2025-09-17 14:25:19 [Debug] [SD1792470] Файл успешно прочитан: C:\Users\RobinLandocsAC\Desktop\LanDocsRobotReborn\landocs2\LandocsRobot\bin\Debug\Input\SD1792470+\SD1792470+.txt
2025-09-17 14:25:19 [Info] [SD1792470] Извлеченные данные: Номер заявки - [SD1792470], Тип - [Годовая инвентаризация (по всем контрагентам и договорам)], Организация - [Дагестанский филиал], ППУД - [ДФ.Проекты ППУД]
2025-09-17 14:25:19 [Info] [SD1792470] В папке [ЭДО] найдено 5 элементов. Начинаю обработку файлов.
2025-09-17 14:25:19 [Info] [SD1792470] Сортировка и перемещение файлов завершены.
2025-09-17 14:25:19 [Debug] [SD1792470] xlsx: 1 элементов.
2025-09-17 14:25:19 [Debug] [SD1792470] pdf: 2 элементов.
2025-09-17 14:25:19 [Debug] [SD1792470] zip: 102 элементов.
2025-09-17 14:25:19 [Debug] [SD1792470] error: 1 элементов.
2025-09-17 14:25:19 [Debug] [SD1792470] [+] Для файла [Акт св П 1000097213 Каримов Саид Алиевич ИП  №00000008061080 31.10.24_056206233185_ OK] найден соответствующий PDF.
2025-09-17 14:25:19 [Info] [SD1792470] 0 файл(-а) (-ов) на конвертацию в PDF.
2025-09-17 14:25:19 [Info] [SD1792470] Обработка заявки [SD1792470+] завершена успешно.
2025-09-17 14:25:19 [Info] [SD1792470] Начинаю работу по файлу: Индекс: [0], Файл: [LandocsRobot.Program+FileData]. Всего файлов: [2]
2025-09-17 14:25:19 [Info] [SD1792470] Запускаю Landocs.
2025-09-17 14:25:19 [Debug] [SD1792470] Выполнил резервную копию файла профиля [C:\Users\RobinLandocsAC\AppData\Local\LANIT\LanDocs\3.6.1.39\UserSettings.xml] переименован в [C:\Users\RobinLandocsAC\AppData\Local\LANIT\LanDocs\3.6.1.39\UserSettings.bak].
2025-09-17 14:25:19 [Debug] [SD1792470] Кастомный файл профиля landocs успешно перемещен из 'C:\Users\RobinLandocsAC\Desktop\LanDocsRobotReborn\landocs2\LandocsRobot\bin\Debug\UserSettings.xml' в 'C:\Users\RobinLandocsAC\AppData\Local\LANIT\LanDocs\3.6.1.39\UserSettings.xml'.
2025-09-17 14:25:19 [Info] [SD1792470] Профиль Landocs успешно перемещен.
2025-09-17 14:25:19 [Info] [SD1792470] Запускаю приложение Landocs по пути: C:\Users\RobinLandocsAC\AppData\Local\Apps\2.0\P5L8YXKH.MD2\WYROW58K.TZV\land...app_564c2c838af24d09_0003.0006_c04a00086fb426e6\LanDocs3.exe
2025-09-17 14:25:19 [Info] [SD1792470] Запуск приложения: C:\Users\RobinLandocsAC\AppData\Local\Apps\2.0\P5L8YXKH.MD2\WYROW58K.TZV\land...app_564c2c838af24d09_0003.0006_c04a00086fb426e6\LanDocs3.exe
2025-09-17 14:25:19 [Info] [SD1792470] Поиск окна приложения с именем: [_robin_landocs (Мой LanDocs) - Избранное - LanDocs]. Время ожидания:[300] сек.
2025-09-17 14:25:20 [Debug] [SD1792470] Ожидание окна приложения: [_robin_landocs (Мой LanDocs) - Избранное - LanDocs]. Прошло [1] секунд...
2025-09-17 14:25:24 [Debug] [SD1792470] Ожидание окна приложения: [_robin_landocs (Мой LanDocs) - Избранное - LanDocs]. Прошло [2] секунд...
2025-09-17 14:25:25 [Debug] [SD1792470] Ожидание окна приложения: [_robin_landocs (Мой LanDocs) - Избранное - LanDocs]. Прошло [3] секунд...
2025-09-17 14:25:26 [Debug] [SD1792470] Ожидание окна приложения: [_robin_landocs (Мой LanDocs) - Избранное - LanDocs]. Прошло [4] секунд...
2025-09-17 14:25:27 [Debug] [SD1792470] Ожидание окна приложения: [_robin_landocs (Мой LanDocs) - Избранное - LanDocs]. Прошло [5] секунд...
2025-09-17 14:25:28 [Debug] [SD1792470] Ожидание окна приложения: [_robin_landocs (Мой LanDocs) - Избранное - LanDocs]. Прошло [6] секунд...
2025-09-17 14:25:29 [Debug] [SD1792470] Ожидание окна приложения: [_robin_landocs (Мой LanDocs) - Избранное - LanDocs]. Прошло [7] секунд...
2025-09-17 14:25:35 [Debug] [SD1792470] Ожидание окна приложения: [_robin_landocs (Мой LanDocs) - Избранное - LanDocs]. Прошло [8] секунд...
2025-09-17 14:25:35 [Info] [SD1792470] Landocs успешно запустился.
2025-09-17 14:25:35 [Info] [SD1792470] Приложение Landocs успешно запущено и окно найдено.
2025-09-17 14:25:40 [Info] [SD1792470] Начинаю поиск вкладки [Главная] в навигационном меню...
2025-09-17 14:25:40 [Info] [SD1792470] Вкладка [Главная] найдена. Выполняю клик.
2025-09-17 14:25:41 [Info] [SD1792470] Клик выполнен по элементу в центре: X=114, Y=37
2025-09-17 14:25:41 [Info] [SD1792470] Клик по вкладке [Главная] успешно выполнен.
2025-09-17 14:25:41 [Info] [SD1792470] Начинаю поиск кнопки [Документы] в навигационном меню...
2025-09-17 14:25:41 [Info] [SD1792470] Нашел ссылку [Документы] в левом навигационном меню
2025-09-17 14:25:42 [Info] [SD1792470] Клик по элементу [Документы] успешно выполнен.
2025-09-17 14:25:42 [Info] [SD1792470] Нажимаем Ctrl+F для вызова окна поиска ППУД.
2025-09-17 14:25:45 [Info] [SD1792470] Элемент окна поиска ППУД успешно найден.
2025-09-17 14:25:45 [Warning] [SD1792470] ValuePattern недоступен. Значение введено в окно поиска ППУД через SendKeys.
2025-09-17 14:25:45 [Info] [SD1792470] Ищу кнопку [Вниз] в окне поиска ППУД.
2025-09-17 14:25:45 [Error] [SD1792470] Элемент кнопки [Вниз] в окне поиска ППУД не найден.
2025-09-17 14:25:45 [Error] [SD1792470] Ошибка при поиске или клике по кнопке [Вниз]: Элемент кнопки [Вниз] в окне поиска ППУД не найден.
2025-09-17 14:25:45 [Error] [SD1792470] Ошибка в работе LanDocs [C:\Users\RobinLandocsAC\Desktop\LanDocsRobotReborn\landocs2\LandocsRobot\bin\Debug\Input\SD1792470+]: Элемент кнопки [Вниз] в окне поиска ППУД не найден.
2025-09-17 14:25:50 [Info] [SD1792470] Начинаю работу по файлу: Индекс: [0], Файл: [LandocsRobot.Program+FileData]. Всего файлов: [2]
2025-09-17 14:25:50 [Info] [SD1792470] Запускаю Landocs.
2025-09-17 14:25:50 [Debug] [SD1792470] Выполнил резервную копию файла профиля [C:\Users\RobinLandocsAC\AppData\Local\LANIT\LanDocs\3.6.1.39\UserSettings.xml] переименован в [C:\Users\RobinLandocsAC\AppData\Local\LANIT\LanDocs\3.6.1.39\UserSettings.bak].
2025-09-17 14:25:50 [Debug] [SD1792470] Кастомный файл профиля landocs успешно перемещен из 'C:\Users\RobinLandocsAC\Desktop\LanDocsRobotReborn\landocs2\LandocsRobot\bin\Debug\UserSettings.xml' в 'C:\Users\RobinLandocsAC\AppData\Local\LANIT\LanDocs\3.6.1.39\UserSettings.xml'.
2025-09-17 14:25:50 [Info] [SD1792470] Профиль Landocs успешно перемещен.
2025-09-17 14:25:50 [Info] [SD1792470] Запускаю приложение Landocs по пути: C:\Users\RobinLandocsAC\AppData\Local\Apps\2.0\P5L8YXKH.MD2\WYROW58K.TZV\land...app_564c2c838af24d09_0003.0006_c04a00086fb426e6\LanDocs3.exe
2025-09-17 14:25:50 [Info] [SD1792470] Запуск приложения: C:\Users\RobinLandocsAC\AppData\Local\Apps\2.0\P5L8YXKH.MD2\WYROW58K.TZV\land...app_564c2c838af24d09_0003.0006_c04a00086fb426e6\LanDocs3.exe
2025-09-17 14:25:50 [Info] [SD1792470] Поиск окна приложения с именем: [_robin_landocs (Мой LanDocs) - Избранное - LanDocs]. Время ожидания:[300] сек.
2025-09-17 14:25:51 [Debug] [SD1792470] Ожидание окна приложения: [_robin_landocs (Мой LanDocs) - Избранное - LanDocs]. Прошло [1] секунд...
2025-09-17 14:25:55 [Debug] [SD1792470] Ожидание окна приложения: [_robin_landocs (Мой LanDocs) - Избранное - LanDocs]. Прошло [2] секунд...
2025-09-17 14:25:56 [Debug] [SD1792470] Ожидание окна приложения: [_robin_landocs (Мой LanDocs) - Избранное - LanDocs]. Прошло [3] секунд...
2025-09-17 14:26:06 [Info] 🤖 Запуск робота LandocsRobot
2025-09-17 14:26:06 [Info] Параметры успешно загружены из config.xml
2025-09-17 14:26:06 [Info] Уровень логирования установлен на: Debug
2025-09-17 14:26:06 [Info] Список организаций успешно загружен.
2025-09-17 14:26:06 [Info] Найдено 1 заяв(-ка) (-ок) для обработки.
2025-09-17 14:26:06 [Info] [SD1792470] Начинаю обработку заявки: SD1792470+
2025-09-17 14:26:06 [Info] [SD1792470] Файл заявки [SD1792470+.txt] найден. Начинаю обработку.
2025-09-17 14:26:06 [Debug] [SD1792470] Начинается обработка файла: C:\Users\RobinLandocsAC\Desktop\LanDocsRobotReborn\landocs2\LandocsRobot\bin\Debug\Input\SD1792470+\SD1792470+.txt
2025-09-17 14:26:06 [Debug] [SD1792470] Файл успешно прочитан: C:\Users\RobinLandocsAC\Desktop\LanDocsRobotReborn\landocs2\LandocsRobot\bin\Debug\Input\SD1792470+\SD1792470+.txt
2025-09-17 14:26:06 [Info] [SD1792470] Извлеченные данные: Номер заявки - [SD1792470], Тип - [Годовая инвентаризация (по всем контрагентам и договорам)], Организация - [Дагестанский филиал], ППУД - [ДФ.Проекты ППУД]
2025-09-17 14:26:06 [Info] [SD1792470] В папке [ЭДО] найдено 5 элементов. Начинаю обработку файлов.
2025-09-17 14:26:06 [Info] [SD1792470] Сортировка и перемещение файлов завершены.
2025-09-17 14:26:06 [Debug] [SD1792470] xlsx: 1 элементов.
2025-09-17 14:26:06 [Debug] [SD1792470] pdf: 2 элементов.
2025-09-17 14:26:06 [Debug] [SD1792470] zip: 102 элементов.
2025-09-17 14:26:06 [Debug] [SD1792470] error: 1 элементов.
2025-09-17 14:26:06 [Debug] [SD1792470] [+] Для файла [Акт св П 1000097213 Каримов Саид Алиевич ИП  №00000008061080 31.10.24_056206233185_ OK] найден соответствующий PDF.
2025-09-17 14:26:06 [Info] [SD1792470] 0 файл(-а) (-ов) на конвертацию в PDF.
2025-09-17 14:26:06 [Info] [SD1792470] Обработка заявки [SD1792470+] завершена успешно.
2025-09-17 14:26:06 [Info] [SD1792470] Начинаю работу по файлу: Индекс: [0], Файл: [LandocsRobot.Program+FileData]. Всего файлов: [2]
2025-09-17 14:26:06 [Info] [SD1792470] Запускаю Landocs.
2025-09-17 14:26:06 [Debug] [SD1792470] Выполнил резервную копию файла профиля [C:\Users\RobinLandocsAC\AppData\Local\LANIT\LanDocs\3.6.1.39\UserSettings.xml] переименован в [C:\Users\RobinLandocsAC\AppData\Local\LANIT\LanDocs\3.6.1.39\UserSettings.bak].
2025-09-17 14:26:06 [Debug] [SD1792470] Кастомный файл профиля landocs успешно перемещен из 'C:\Users\RobinLandocsAC\Desktop\LanDocsRobotReborn\landocs2\LandocsRobot\bin\Debug\UserSettings.xml' в 'C:\Users\RobinLandocsAC\AppData\Local\LANIT\LanDocs\3.6.1.39\UserSettings.xml'.
2025-09-17 14:26:06 [Info] [SD1792470] Профиль Landocs успешно перемещен.
2025-09-17 14:26:06 [Info] [SD1792470] Запускаю приложение Landocs по пути: C:\Users\RobinLandocsAC\AppData\Local\Apps\2.0\P5L8YXKH.MD2\WYROW58K.TZV\land...app_564c2c838af24d09_0003.0006_c04a00086fb426e6\LanDocs3.exe
2025-09-17 14:26:06 [Info] [SD1792470] Запуск приложения: C:\Users\RobinLandocsAC\AppData\Local\Apps\2.0\P5L8YXKH.MD2\WYROW58K.TZV\land...app_564c2c838af24d09_0003.0006_c04a00086fb426e6\LanDocs3.exe
2025-09-17 14:26:06 [Info] [SD1792470] Поиск окна приложения с именем: [_robin_landocs (Мой LanDocs) - Избранное - LanDocs]. Время ожидания:[300] сек.
2025-09-17 14:26:07 [Debug] [SD1792470] Ожидание окна приложения: [_robin_landocs (Мой LanDocs) - Избранное - LanDocs]. Прошло [1] секунд...
2025-09-17 14:26:10 [Debug] [SD1792470] Ожидание окна приложения: [_robin_landocs (Мой LanDocs) - Избранное - LanDocs]. Прошло [2] секунд...
2025-09-17 14:26:11 [Debug] [SD1792470] Ожидание окна приложения: [_robin_landocs (Мой LanDocs) - Избранное - LanDocs]. Прошло [3] секунд...
2025-09-17 14:26:12 [Debug] [SD1792470] Ожидание окна приложения: [_robin_landocs (Мой LanDocs) - Избранное - LanDocs]. Прошло [4] секунд...
2025-09-17 14:26:13 [Debug] [SD1792470] Ожидание окна приложения: [_robin_landocs (Мой LanDocs) - Избранное - LanDocs]. Прошло [5] секунд...
2025-09-17 14:26:15 [Debug] [SD1792470] Ожидание окна приложения: [_robin_landocs (Мой LanDocs) - Избранное - LanDocs]. Прошло [6] секунд...
2025-09-17 14:26:20 [Debug] [SD1792470] Ожидание окна приложения: [_robin_landocs (Мой LanDocs) - Избранное - LanDocs]. Прошло [7] секунд...
2025-09-17 14:26:20 [Info] [SD1792470] Landocs успешно запустился.
2025-09-17 14:26:20 [Info] [SD1792470] Приложение Landocs успешно запущено и окно найдено.
2025-09-17 14:26:25 [Info] [SD1792470] Начинаю поиск вкладки [Главная] в навигационном меню...
2025-09-17 14:26:25 [Info] [SD1792470] Вкладка [Главная] найдена. Выполняю клик.
2025-09-17 14:26:26 [Info] [SD1792470] Клик выполнен по элементу в центре: X=114, Y=37
2025-09-17 14:26:26 [Info] [SD1792470] Клик по вкладке [Главная] успешно выполнен.
2025-09-17 14:26:26 [Info] [SD1792470] Начинаю поиск кнопки [Документы] в навигационном меню...
2025-09-17 14:26:26 [Info] [SD1792470] Нашел ссылку [Документы] в левом навигационном меню
2025-09-17 14:26:27 [Info] [SD1792470] Клик по элементу [Документы] успешно выполнен.
2025-09-17 14:26:27 [Info] [SD1792470] Нажимаем Ctrl+F для вызова окна поиска ППУД.
2025-09-17 14:26:30 [Info] [SD1792470] Элемент окна поиска ППУД успешно найден.
2025-09-17 14:26:30 [Info] [SD1792470] Значение введено в окно поиска ППУД через ValuePattern.
2025-09-17 14:26:30 [Info] [SD1792470] Ищу кнопку [Вниз] в окне поиска ППУД.
2025-09-17 14:26:30 [Info] [SD1792470] Фокус успешно установлен на кнопку [Вниз].
2025-09-17 14:26:32 [Info] [SD1792470] Нажали кнопку [Вниз] в окне поиска ППУД.
2025-09-17 14:26:32 [Info] [SD1792470] Нажали кнопку [Вниз] в окне поиска ППУД успешно.
2025-09-17 14:26:34 [Info] [SD1792470] Начинаю поиск элемента ППУД в списке документов.
2025-09-17 14:26:34 [Info] [SD1792470] Группа элементов найдена. Ищу ППУД с значением: [ДФ.Проекты ППУД].
2025-09-17 14:26:34 [Info] [SD1792470] ППУД [ДФ.Проекты ППУД] найден и успешно обработан.
2025-09-17 14:26:34 [Info] [SD1792470] Начинаю поиск кнопки для создания документа.
2025-09-17 14:26:34 [Info] [SD1792470] Кнопка [Создать документ] найдена. Устанавливаю фокус и выполняю действие.
2025-09-17 14:26:35 [Info] [SD1792470] Клик выполнен по элементу в центре: X=34, Y=85
2025-09-17 14:26:35 [Info] [SD1792470] Успешно нажали на кнопку [Создать документ].
2025-09-17 14:26:35 [Info] [SD1792470] Начинаю поиск окна создания документа.
2025-09-17 14:26:40 [Info] [SD1792470] Появилось окно создания документа: [Без имени - Документ LanDocs].
2025-09-17 14:26:40 [Info] [SD1792470] Начинаю процесс выбора типа документа.
2025-09-17 14:26:41 [Info] [SD1792470] Открыли список выбора типа документа.
2025-09-17 14:26:41 [Info] [SD1792470] Выбрали тип документа: [ППУД. Исходящий электронный документ].
2025-09-17 14:26:41 [Info] [SD1792470] Начинаю поиск и выбор типа документа для второго типа.
2025-09-17 14:26:41 [Info] [SD1792470] Нажали на кнопку выбора типа документа.
2025-09-17 14:26:42 [Info] [SD1792470] Выбрали тип документа: [ППУД ИСХ. Акт сверки по договору / договорам].
2025-09-17 14:26:42 [Info] [SD1792470] Начинаю поиск кнопки для открытия окна с контрагентами.
2025-09-17 14:26:42 [Info] [SD1792470] Клик выполнен по элементу в центре: X=901, Y=440
2025-09-17 14:26:42 [Info] [SD1792470] Нажали на кнопку [Открыть окно с контрагентами].
2025-09-17 14:26:45 [Info] [SD1792470] Появилось окно поиска контрагента [Выбор элемента]
2025-09-17 14:26:45 [Info] [SD1792470] Значение [0541031172] успешно введено в поле поиска контрагента через ValuePattern.
2025-09-17 14:26:46 [Info] [SD1792470] Нажали на кнопку поиска контрагента[Поиск]
2025-09-17 14:26:46 [Info] [SD1792470] Начинаем поиск элемента 'Список контрагентов'...
2025-09-17 14:26:46 [Info] [SD1792470] Элемент 'Список контрагентов' найден. Пытаемся найти 'Панель данных' внутри списка...
2025-09-17 14:26:46 [Info] [SD1792470] 'Панель данных' найдена. Получаем список контрагентов...
2025-09-17 14:26:46 [Info] [SD1792470] Получен список контрагентов: найдено 1 элементов.
2025-09-17 14:26:46 [Debug] [SD1792470] Обработка контрагента под индексом [0]...
2025-09-17 14:26:46 [Debug] [SD1792470] Найден контрагент [0]: [Дагестанская энергосбытоваякомпания ПАО, ИНН: 0541031172, КПП: 057201001]
2025-09-17 14:26:46 [Info] [SD1792470] Все элементы контрагентов обработаны. Выполняем поиск необходимого контрагента...
2025-09-17 14:26:46 [Info] [SD1792470] Необходимый контрагент найден: ключ [0].
2025-09-17 14:26:46 [Info] [SD1792470] Выбираем найденного контрагента.
2025-09-17 14:26:46 [Info] [SD1792470] Работа с найденным элементом завершена.
2025-09-17 14:26:46 [Info] [SD1792470] Начинаем поиск кнопки [Выбрать] в окне [Выбор элемента] со списком контрагентов...
2025-09-17 14:26:46 [Info] [SD1792470] Кнопка [Выбрать] найдена. Пытаемся нажать на кнопку...
2025-09-17 14:26:46 [Info] [SD1792470] Нажали на кнопку [Выбрать] в окне [Выбор элемента] со списком контрагентов.
2025-09-17 14:26:46 [Info] [SD1792470] Начинаем поиск кнопки [...] для выбора договора в окне [Создание документа]...
2025-09-17 14:26:46 [Info] [SD1792470] Кнопка открытия окна с  договорами найдена. Пытаемся нажать на кнопку...
2025-09-17 14:26:46 [Info] [SD1792470] Клик выполнен по элементу в центре: X=114, Y=550
2025-09-17 14:26:46 [Info] [SD1792470] Нажали на кнопку открытия окна с договорами в окне [Создание документа].
2025-09-17 14:26:49 [Info] [SD1792470] Окно поиска контрагента [Выбор документа] найдено.
2025-09-17 14:26:49 [Info] [SD1792470] Начинаем поиск дерева элементов списка [Журналы регистрации]...
2025-09-17 14:26:49 [Info] [SD1792470] Элемент дерева [Журналы регистрации] найден.
2025-09-17 14:26:49 [Info] [SD1792470] Элемент дерева [Журналы регистрации] найден. Пытаемся инициализировать скролл...
2025-09-17 14:26:49 [Info] [SD1792470] Элемент скролла [Vertical] найден! Работа робота продолжается.
2025-09-17 14:26:49 [Info] [SD1792470] Элемент [Журналы регистраций] найден.
2025-09-17 14:26:49 [Debug] [SD1792470] Элемент [Журналы регистраций] уже раскрыт.
2025-09-17 14:26:49 [Info] [SD1792470] Количество журналов [78]
2025-09-17 14:26:49 [Debug] [SD1792470] Выполняю поиск внутри элемента [Журналы регистраций] - Журнал [ДФ.Договоры]. Фокус на элементе: [БГЭС.Договоры]
2025-09-17 14:26:49 [Debug] [SD1792470] Выполняю поиск внутри элемента [Журналы регистраций] - Журнал [ДФ.Договоры]. Фокус на элементе: [БГЭС.ПЗД / Приложения к договорам]
2025-09-17 14:26:49 [Debug] [SD1792470] Выполняю поиск внутри элемента [Журналы регистраций] - Журнал [ДФ.Договоры]. Фокус на элементе: [БГЭС.Проекты договоров]
2025-09-17 14:26:49 [Debug] [SD1792470] Выполняю поиск внутри элемента [Журналы регистраций] - Журнал [ДФ.Договоры]. Фокус на элементе: [ВГЭС.Договоры]
2025-09-17 14:26:49 [Debug] [SD1792470] Выполняю поиск внутри элемента [Журналы регистраций] - Журнал [ДФ.Договоры]. Фокус на элементе: [ВГЭС.ПЗД / Приложения к договорам]
2025-09-17 14:26:49 [Debug] [SD1792470] Выполняю поиск внутри элемента [Журналы регистраций] - Журнал [ДФ.Договоры]. Фокус на элементе: [ВГЭС.Проекты договоров]
2025-09-17 14:26:49 [Debug] [SD1792470] Выполняю поиск внутри элемента [Журналы регистраций] - Журнал [ДФ.Договоры]. Фокус на элементе: [ВЛГЭС.Договоры]
2025-09-17 14:26:49 [Debug] [SD1792470] Выполняю поиск внутри элемента [Журналы регистраций] - Журнал [ДФ.Договоры]. Фокус на элементе: [ВЛГЭС.ПЗД / Приложения к договорам]
2025-09-17 14:26:49 [Debug] [SD1792470] Выполняю поиск внутри элемента [Журналы регистраций] - Журнал [ДФ.Договоры]. Фокус на элементе: [ВЛГЭС.Проекты договоров]
2025-09-17 14:26:49 [Debug] [SD1792470] Выполняю поиск внутри элемента [Журналы регистраций] - Журнал [ДФ.Договоры]. Фокус на элементе: [ДФ.Договоры]
2025-09-17 14:26:49 [Info] [SD1792470] Журнал [ДФ.Договоры] внутри элемента [Журналы регистраций] найден.
2025-09-17 14:26:49 [Debug] [SD1792470] Элемент журнала прокручен в область видимости.
2025-09-17 14:26:50 [Info] [SD1792470] Элемент журнала выбран.
2025-09-17 14:26:50 [Info] [SD1792470] Элемент найден. Фокус успешно установлен на первый элемент таблицы договоров.
2025-09-17 14:26:50 [Info] [SD1792470] Нажали на кнопку [Выбрать] в окне [Выбор документа] со списком журналов.
2025-09-17 14:26:50 [Info] [SD1792470] Договор проставлен успешно. Номер договора: 1080-59-1-2013
2025-09-17 14:26:50 [Info] [SD1792470] Текущий подписант: [Гамзатов Тимур Гамзатович]. Меняю на: [Черданцева Наталья Викторовна].
2025-09-17 14:26:50 [Info] [SD1792470] Подписант успешно установлен: [Черданцева Наталья Викторовна].
2025-09-17 14:27:52 [Info] 🤖 Запуск робота LandocsRobot
2025-09-17 14:27:52 [Info] Параметры успешно загружены из config.xml
2025-09-17 14:27:52 [Info] Уровень логирования установлен на: Debug
2025-09-17 14:27:52 [Info] Список организаций успешно загружен.
2025-09-17 14:27:52 [Info] Найдено 1 заяв(-ка) (-ок) для обработки.
2025-09-17 14:27:52 [Info] [SD1792470] Начинаю обработку заявки: SD1792470+
2025-09-17 14:27:52 [Info] [SD1792470] Файл заявки [SD1792470+.txt] найден. Начинаю обработку.
2025-09-17 14:27:52 [Debug] [SD1792470] Начинается обработка файла: C:\Users\RobinLandocsAC\Desktop\LanDocsRobotReborn\landocs2\LandocsRobot\bin\Debug\Input\SD1792470+\SD1792470+.txt
2025-09-17 14:27:52 [Debug] [SD1792470] Файл успешно прочитан: C:\Users\RobinLandocsAC\Desktop\LanDocsRobotReborn\landocs2\LandocsRobot\bin\Debug\Input\SD1792470+\SD1792470+.txt
2025-09-17 14:27:52 [Info] [SD1792470] Извлеченные данные: Номер заявки - [SD1792470], Тип - [Годовая инвентаризация (по всем контрагентам и договорам)], Организация - [Дагестанский филиал], ППУД - [ДФ.Проекты ППУД]
2025-09-17 14:27:52 [Info] [SD1792470] В папке [ЭДО] найдено 5 элементов. Начинаю обработку файлов.
2025-09-17 14:27:52 [Info] [SD1792470] Сортировка и перемещение файлов завершены.
2025-09-17 14:27:52 [Debug] [SD1792470] xlsx: 1 элементов.
2025-09-17 14:27:52 [Debug] [SD1792470] pdf: 2 элементов.
2025-09-17 14:27:52 [Debug] [SD1792470] zip: 102 элементов.
2025-09-17 14:27:52 [Debug] [SD1792470] error: 1 элементов.
2025-09-17 14:27:52 [Debug] [SD1792470] [+] Для файла [Акт св П 1000097213 Каримов Саид Алиевич ИП  №00000008061080 31.10.24_056206233185_ OK] найден соответствующий PDF.
2025-09-17 14:27:52 [Info] [SD1792470] 0 файл(-а) (-ов) на конвертацию в PDF.
2025-09-17 14:27:52 [Info] [SD1792470] Обработка заявки [SD1792470+] завершена успешно.
2025-09-17 14:27:52 [Info] [SD1792470] Начинаю работу по файлу: Индекс: [0], Файл: [LandocsRobot.Program+FileData]. Всего файлов: [2]
2025-09-17 14:27:52 [Info] [SD1792470] Запускаю Landocs.
2025-09-17 14:27:52 [Debug] [SD1792470] Выполнил резервную копию файла профиля [C:\Users\RobinLandocsAC\AppData\Local\LANIT\LanDocs\3.6.1.39\UserSettings.xml] переименован в [C:\Users\RobinLandocsAC\AppData\Local\LANIT\LanDocs\3.6.1.39\UserSettings.bak].
2025-09-17 14:27:52 [Debug] [SD1792470] Кастомный файл профиля landocs успешно перемещен из 'C:\Users\RobinLandocsAC\Desktop\LanDocsRobotReborn\landocs2\LandocsRobot\bin\Debug\UserSettings.xml' в 'C:\Users\RobinLandocsAC\AppData\Local\LANIT\LanDocs\3.6.1.39\UserSettings.xml'.
2025-09-17 14:27:52 [Info] [SD1792470] Профиль Landocs успешно перемещен.
2025-09-17 14:27:52 [Info] [SD1792470] Запускаю приложение Landocs по пути: C:\Users\RobinLandocsAC\AppData\Local\Apps\2.0\P5L8YXKH.MD2\WYROW58K.TZV\land...app_564c2c838af24d09_0003.0006_c04a00086fb426e6\LanDocs3.exe
2025-09-17 14:27:52 [Info] [SD1792470] Запуск приложения: C:\Users\RobinLandocsAC\AppData\Local\Apps\2.0\P5L8YXKH.MD2\WYROW58K.TZV\land...app_564c2c838af24d09_0003.0006_c04a00086fb426e6\LanDocs3.exe
2025-09-17 14:27:52 [Info] [SD1792470] Поиск окна приложения с именем: [_robin_landocs (Мой LanDocs) - Избранное - LanDocs]. Время ожидания:[300] сек.
2025-09-17 14:27:53 [Debug] [SD1792470] Ожидание окна приложения: [_robin_landocs (Мой LanDocs) - Избранное - LanDocs]. Прошло [1] секунд...
2025-09-17 14:27:56 [Debug] [SD1792470] Ожидание окна приложения: [_robin_landocs (Мой LanDocs) - Избранное - LanDocs]. Прошло [2] секунд...
2025-09-17 14:27:57 [Debug] [SD1792470] Ожидание окна приложения: [_robin_landocs (Мой LanDocs) - Избранное - LanDocs]. Прошло [3] секунд...
2025-09-17 14:27:59 [Debug] [SD1792470] Ожидание окна приложения: [_robin_landocs (Мой LanDocs) - Избранное - LanDocs]. Прошло [4] секунд...
2025-09-17 14:28:00 [Debug] [SD1792470] Ожидание окна приложения: [_robin_landocs (Мой LanDocs) - Избранное - LanDocs]. Прошло [5] секунд...
2025-09-17 14:28:01 [Debug] [SD1792470] Ожидание окна приложения: [_robin_landocs (Мой LanDocs) - Избранное - LanDocs]. Прошло [6] секунд...
2025-09-17 14:28:07 [Debug] [SD1792470] Ожидание окна приложения: [_robin_landocs (Мой LanDocs) - Избранное - LanDocs]. Прошло [7] секунд...
2025-09-17 14:28:07 [Info] [SD1792470] Landocs успешно запустился.
2025-09-17 14:28:07 [Info] [SD1792470] Приложение Landocs успешно запущено и окно найдено.
2025-09-17 14:28:12 [Info] [SD1792470] Начинаю поиск вкладки [Главная] в навигационном меню...
2025-09-17 14:28:12 [Info] [SD1792470] Вкладка [Главная] найдена. Выполняю клик.
2025-09-17 14:28:13 [Info] [SD1792470] Клик выполнен по элементу в центре: X=114, Y=37
2025-09-17 14:28:13 [Info] [SD1792470] Клик по вкладке [Главная] успешно выполнен.
2025-09-17 14:28:13 [Info] [SD1792470] Начинаю поиск кнопки [Документы] в навигационном меню...
2025-09-17 14:28:13 [Info] [SD1792470] Нашел ссылку [Документы] в левом навигационном меню
2025-09-17 14:28:14 [Info] [SD1792470] Клик по элементу [Документы] успешно выполнен.
2025-09-17 14:28:14 [Info] [SD1792470] Нажимаем Ctrl+F для вызова окна поиска ППУД.
2025-09-17 14:28:17 [Info] [SD1792470] Элемент окна поиска ППУД успешно найден.
2025-09-17 14:28:17 [Info] [SD1792470] Значение введено в окно поиска ППУД через ValuePattern.
2025-09-17 14:28:17 [Info] [SD1792470] Ищу кнопку [Вниз] в окне поиска ППУД.
2025-09-17 14:28:17 [Info] [SD1792470] Фокус успешно установлен на кнопку [Вниз].
2025-09-17 14:28:19 [Info] [SD1792470] Нажали кнопку [Вниз] в окне поиска ППУД.
2025-09-17 14:28:19 [Info] [SD1792470] Нажали кнопку [Вниз] в окне поиска ППУД успешно.
2025-09-17 14:28:21 [Info] [SD1792470] Начинаю поиск элемента ППУД в списке документов.
2025-09-17 14:28:21 [Info] [SD1792470] Группа элементов найдена. Ищу ППУД с значением: [ДФ.Проекты ППУД].
2025-09-17 14:28:21 [Info] [SD1792470] ППУД [ДФ.Проекты ППУД] найден и успешно обработан.
2025-09-17 14:28:21 [Info] [SD1792470] Начинаю поиск кнопки для создания документа.
2025-09-17 14:28:22 [Info] [SD1792470] Кнопка [Создать документ] найдена. Устанавливаю фокус и выполняю действие.
2025-09-17 14:28:22 [Info] [SD1792470] Клик выполнен по элементу в центре: X=34, Y=85
2025-09-17 14:28:22 [Info] [SD1792470] Успешно нажали на кнопку [Создать документ].
2025-09-17 14:28:22 [Info] [SD1792470] Начинаю поиск окна создания документа.
2025-09-17 14:28:27 [Info] [SD1792470] Появилось окно создания документа: [Без имени - Документ LanDocs].
2025-09-17 14:28:27 [Info] [SD1792470] Начинаю процесс выбора типа документа.
2025-09-17 14:28:27 [Info] [SD1792470] Открыли список выбора типа документа.
2025-09-17 14:28:27 [Info] [SD1792470] Выбрали тип документа: [ППУД. Исходящий электронный документ].
2025-09-17 14:28:27 [Info] [SD1792470] Начинаю поиск и выбор типа документа для второго типа.
2025-09-17 14:28:27 [Info] [SD1792470] Нажали на кнопку выбора типа документа.
2025-09-17 14:28:28 [Info] [SD1792470] Выбрали тип документа: [ППУД ИСХ. Акт сверки по договору / договорам].
2025-09-17 14:28:28 [Info] [SD1792470] Начинаю поиск кнопки для открытия окна с контрагентами.
2025-09-17 14:28:28 [Info] [SD1792470] Клик выполнен по элементу в центре: X=901, Y=440
2025-09-17 14:28:28 [Info] [SD1792470] Нажали на кнопку [Открыть окно с контрагентами].
2025-09-17 14:28:31 [Info] [SD1792470] Появилось окно поиска контрагента [Выбор элемента]
2025-09-17 14:28:31 [Info] [SD1792470] Значение [0541031172] успешно введено в поле поиска контрагента через ValuePattern.
2025-09-17 14:28:32 [Info] [SD1792470] Нажали на кнопку поиска контрагента[Поиск]
2025-09-17 14:28:32 [Info] [SD1792470] Начинаем поиск элемента 'Список контрагентов'...
2025-09-17 14:28:32 [Info] [SD1792470] Элемент 'Список контрагентов' найден. Пытаемся найти 'Панель данных' внутри списка...
2025-09-17 14:28:32 [Info] [SD1792470] 'Панель данных' найдена. Получаем список контрагентов...
2025-09-17 14:28:32 [Info] [SD1792470] Получен список контрагентов: найдено 1 элементов.
2025-09-17 14:28:32 [Debug] [SD1792470] Обработка контрагента под индексом [0]...
2025-09-17 14:28:32 [Debug] [SD1792470] Найден контрагент [0]: [Дагестанская энергосбытоваякомпания ПАО, ИНН: 0541031172, КПП: 057201001]
2025-09-17 14:28:32 [Info] [SD1792470] Все элементы контрагентов обработаны. Выполняем поиск необходимого контрагента...
2025-09-17 14:28:32 [Info] [SD1792470] Необходимый контрагент найден: ключ [0].
2025-09-17 14:28:32 [Info] [SD1792470] Выбираем найденного контрагента.
2025-09-17 14:28:32 [Info] [SD1792470] Работа с найденным элементом завершена.
2025-09-17 14:28:32 [Info] [SD1792470] Начинаем поиск кнопки [Выбрать] в окне [Выбор элемента] со списком контрагентов...
2025-09-17 14:28:32 [Info] [SD1792470] Кнопка [Выбрать] найдена. Пытаемся нажать на кнопку...
2025-09-17 14:28:32 [Info] [SD1792470] Нажали на кнопку [Выбрать] в окне [Выбор элемента] со списком контрагентов.
2025-09-17 14:28:32 [Info] [SD1792470] Начинаем поиск кнопки [...] для выбора договора в окне [Создание документа]...
2025-09-17 14:28:32 [Info] [SD1792470] Кнопка открытия окна с  договорами найдена. Пытаемся нажать на кнопку...
2025-09-17 14:28:32 [Info] [SD1792470] Клик выполнен по элементу в центре: X=114, Y=550
2025-09-17 14:28:32 [Info] [SD1792470] Нажали на кнопку открытия окна с договорами в окне [Создание документа].
2025-09-17 14:28:35 [Info] [SD1792470] Окно поиска контрагента [Выбор документа] найдено.
2025-09-17 14:28:35 [Info] [SD1792470] Начинаем поиск дерева элементов списка [Журналы регистрации]...
2025-09-17 14:28:35 [Info] [SD1792470] Элемент дерева [Журналы регистрации] найден.
2025-09-17 14:28:35 [Info] [SD1792470] Элемент дерева [Журналы регистрации] найден. Пытаемся инициализировать скролл...
2025-09-17 14:28:35 [Info] [SD1792470] Элемент скролла [Vertical] найден! Работа робота продолжается.
2025-09-17 14:28:35 [Info] [SD1792470] Элемент [Журналы регистраций] найден.
2025-09-17 14:28:35 [Debug] [SD1792470] Элемент [Журналы регистраций] уже раскрыт.
2025-09-17 14:28:35 [Info] [SD1792470] Количество журналов [78]
2025-09-17 14:28:35 [Debug] [SD1792470] Выполняю поиск внутри элемента [Журналы регистраций] - Журнал [ДФ.Договоры]. Фокус на элементе: [БГЭС.Договоры]
2025-09-17 14:28:35 [Debug] [SD1792470] Выполняю поиск внутри элемента [Журналы регистраций] - Журнал [ДФ.Договоры]. Фокус на элементе: [БГЭС.ПЗД / Приложения к договорам]
2025-09-17 14:28:35 [Debug] [SD1792470] Выполняю поиск внутри элемента [Журналы регистраций] - Журнал [ДФ.Договоры]. Фокус на элементе: [БГЭС.Проекты договоров]
2025-09-17 14:28:35 [Debug] [SD1792470] Выполняю поиск внутри элемента [Журналы регистраций] - Журнал [ДФ.Договоры]. Фокус на элементе: [ВГЭС.Договоры]
2025-09-17 14:28:35 [Debug] [SD1792470] Выполняю поиск внутри элемента [Журналы регистраций] - Журнал [ДФ.Договоры]. Фокус на элементе: [ВГЭС.ПЗД / Приложения к договорам]
2025-09-17 14:28:35 [Debug] [SD1792470] Выполняю поиск внутри элемента [Журналы регистраций] - Журнал [ДФ.Договоры]. Фокус на элементе: [ВГЭС.Проекты договоров]
2025-09-17 14:28:35 [Debug] [SD1792470] Выполняю поиск внутри элемента [Журналы регистраций] - Журнал [ДФ.Договоры]. Фокус на элементе: [ВЛГЭС.Договоры]
2025-09-17 14:28:35 [Debug] [SD1792470] Выполняю поиск внутри элемента [Журналы регистраций] - Журнал [ДФ.Договоры]. Фокус на элементе: [ВЛГЭС.ПЗД / Приложения к договорам]
2025-09-17 14:28:35 [Debug] [SD1792470] Выполняю поиск внутри элемента [Журналы регистраций] - Журнал [ДФ.Договоры]. Фокус на элементе: [ВЛГЭС.Проекты договоров]
2025-09-17 14:28:35 [Debug] [SD1792470] Выполняю поиск внутри элемента [Журналы регистраций] - Журнал [ДФ.Договоры]. Фокус на элементе: [ДФ.Договоры]
2025-09-17 14:28:35 [Info] [SD1792470] Журнал [ДФ.Договоры] внутри элемента [Журналы регистраций] найден.
2025-09-17 14:28:35 [Debug] [SD1792470] Элемент журнала прокручен в область видимости.
2025-09-17 14:28:36 [Info] [SD1792470] Элемент журнала выбран.
2025-09-17 14:28:36 [Info] [SD1792470] Элемент найден. Фокус успешно установлен на первый элемент таблицы договоров.
2025-09-17 14:28:36 [Info] [SD1792470] Нажали на кнопку [Выбрать] в окне [Выбор документа] со списком журналов.
2025-09-17 14:28:36 [Info] [SD1792470] Договор проставлен успешно. Номер договора: 1080-59-1-2013
2025-09-17 14:28:36 [Info] [SD1792470] Текущий подписант: [Гамзатов Тимур Гамзатович]. Меняю на: [Черданцева Наталья Викторовна].
2025-09-17 14:28:36 [Info] [SD1792470] Подписант успешно установлен: [Черданцева Наталья Викторовна].
2025-09-17 14:30:21 [Info] 🤖 Запуск робота LandocsRobot
2025-09-17 14:30:21 [Info] Параметры успешно загружены из config.xml
2025-09-17 14:30:21 [Info] Уровень логирования установлен на: Debug
2025-09-17 14:30:21 [Info] Список организаций успешно загружен.
2025-09-17 14:30:21 [Info] Найдено 1 заяв(-ка) (-ок) для обработки.
2025-09-17 14:30:21 [Info] [SD1792470] Начинаю обработку заявки: SD1792470+
2025-09-17 14:30:21 [Info] [SD1792470] Файл заявки [SD1792470+.txt] найден. Начинаю обработку.
2025-09-17 14:30:21 [Debug] [SD1792470] Начинается обработка файла: C:\Users\RobinLandocsAC\Desktop\LanDocsRobotReborn\landocs2\LandocsRobot\bin\Debug\Input\SD1792470+\SD1792470+.txt
2025-09-17 14:30:21 [Debug] [SD1792470] Файл успешно прочитан: C:\Users\RobinLandocsAC\Desktop\LanDocsRobotReborn\landocs2\LandocsRobot\bin\Debug\Input\SD1792470+\SD1792470+.txt
2025-09-17 14:30:21 [Info] [SD1792470] Извлеченные данные: Номер заявки - [SD1792470], Тип - [Годовая инвентаризация (по всем контрагентам и договорам)], Организация - [Дагестанский филиал], ППУД - [ДФ.Проекты ППУД]
2025-09-17 14:30:21 [Info] [SD1792470] В папке [ЭДО] найдено 5 элементов. Начинаю обработку файлов.
2025-09-17 14:30:21 [Info] [SD1792470] Сортировка и перемещение файлов завершены.
2025-09-17 14:30:21 [Debug] [SD1792470] xlsx: 1 элементов.
2025-09-17 14:30:21 [Debug] [SD1792470] pdf: 2 элементов.
2025-09-17 14:30:21 [Debug] [SD1792470] zip: 102 элементов.
2025-09-17 14:30:21 [Debug] [SD1792470] error: 1 элементов.
2025-09-17 14:30:21 [Debug] [SD1792470] [+] Для файла [Акт св П 1000097213 Каримов Саид Алиевич ИП  №00000008061080 31.10.24_056206233185_ OK] найден соответствующий PDF.
2025-09-17 14:30:21 [Info] [SD1792470] 0 файл(-а) (-ов) на конвертацию в PDF.
2025-09-17 14:30:21 [Info] [SD1792470] Обработка заявки [SD1792470+] завершена успешно.
2025-09-17 14:30:21 [Info] [SD1792470] Начинаю работу по файлу: Индекс: [0], Файл: [LandocsRobot.Program+FileData]. Всего файлов: [2]
2025-09-17 14:30:21 [Info] [SD1792470] Запускаю Landocs.
2025-09-17 14:30:21 [Debug] [SD1792470] Выполнил резервную копию файла профиля [C:\Users\RobinLandocsAC\AppData\Local\LANIT\LanDocs\3.6.1.39\UserSettings.xml] переименован в [C:\Users\RobinLandocsAC\AppData\Local\LANIT\LanDocs\3.6.1.39\UserSettings.bak].
2025-09-17 14:30:21 [Debug] [SD1792470] Кастомный файл профиля landocs успешно перемещен из 'C:\Users\RobinLandocsAC\Desktop\LanDocsRobotReborn\landocs2\LandocsRobot\bin\Debug\UserSettings.xml' в 'C:\Users\RobinLandocsAC\AppData\Local\LANIT\LanDocs\3.6.1.39\UserSettings.xml'.
2025-09-17 14:30:21 [Info] [SD1792470] Профиль Landocs успешно перемещен.
2025-09-17 14:30:21 [Info] [SD1792470] Запускаю приложение Landocs по пути: C:\Users\RobinLandocsAC\AppData\Local\Apps\2.0\P5L8YXKH.MD2\WYROW58K.TZV\land...app_564c2c838af24d09_0003.0006_c04a00086fb426e6\LanDocs3.exe
2025-09-17 14:30:21 [Info] [SD1792470] Запуск приложения: C:\Users\RobinLandocsAC\AppData\Local\Apps\2.0\P5L8YXKH.MD2\WYROW58K.TZV\land...app_564c2c838af24d09_0003.0006_c04a00086fb426e6\LanDocs3.exe
2025-09-17 14:30:21 [Info] [SD1792470] Поиск окна приложения с именем: [_robin_landocs (Мой LanDocs) - Избранное - LanDocs]. Время ожидания:[300] сек.
2025-09-17 14:30:22 [Debug] [SD1792470] Ожидание окна приложения: [_robin_landocs (Мой LanDocs) - Избранное - LanDocs]. Прошло [1] секунд...
2025-09-17 14:30:25 [Debug] [SD1792470] Ожидание окна приложения: [_robin_landocs (Мой LanDocs) - Избранное - LanDocs]. Прошло [2] секунд...
2025-09-17 14:30:26 [Debug] [SD1792470] Ожидание окна приложения: [_robin_landocs (Мой LanDocs) - Избранное - LanDocs]. Прошло [3] секунд...
2025-09-17 14:30:27 [Debug] [SD1792470] Ожидание окна приложения: [_robin_landocs (Мой LanDocs) - Избранное - LanDocs]. Прошло [4] секунд...
2025-09-17 14:30:29 [Debug] [SD1792470] Ожидание окна приложения: [_robin_landocs (Мой LanDocs) - Избранное - LanDocs]. Прошло [5] секунд...
2025-09-17 14:30:30 [Debug] [SD1792470] Ожидание окна приложения: [_robin_landocs (Мой LanDocs) - Избранное - LanDocs]. Прошло [6] секунд...
2025-09-17 14:30:36 [Debug] [SD1792470] Ожидание окна приложения: [_robin_landocs (Мой LanDocs) - Избранное - LanDocs]. Прошло [7] секунд...
2025-09-17 14:30:36 [Info] [SD1792470] Landocs успешно запустился.
2025-09-17 14:30:36 [Info] [SD1792470] Приложение Landocs успешно запущено и окно найдено.
2025-09-17 14:30:41 [Info] [SD1792470] Начинаю поиск вкладки [Главная] в навигационном меню...
2025-09-17 14:30:41 [Info] [SD1792470] Вкладка [Главная] найдена. Выполняю клик.
2025-09-17 14:30:41 [Info] [SD1792470] Клик выполнен по элементу в центре: X=114, Y=37
2025-09-17 14:30:41 [Info] [SD1792470] Клик по вкладке [Главная] успешно выполнен.
2025-09-17 14:30:41 [Info] [SD1792470] Начинаю поиск кнопки [Документы] в навигационном меню...
2025-09-17 14:30:41 [Info] [SD1792470] Нашел ссылку [Документы] в левом навигационном меню
2025-09-17 14:30:42 [Info] [SD1792470] Клик по элементу [Документы] успешно выполнен.
2025-09-17 14:30:42 [Info] [SD1792470] Нажимаем Ctrl+F для вызова окна поиска ППУД.
2025-09-17 14:30:45 [Info] [SD1792470] Элемент окна поиска ППУД успешно найден.
2025-09-17 14:30:45 [Info] [SD1792470] Значение введено в окно поиска ППУД через ValuePattern.
2025-09-17 14:30:45 [Info] [SD1792470] Ищу кнопку [Вниз] в окне поиска ППУД.
2025-09-17 14:30:45 [Info] [SD1792470] Фокус успешно установлен на кнопку [Вниз].
2025-09-17 14:30:47 [Info] [SD1792470] Нажали кнопку [Вниз] в окне поиска ППУД.
2025-09-17 14:30:47 [Info] [SD1792470] Нажали кнопку [Вниз] в окне поиска ППУД успешно.
2025-09-17 14:30:49 [Info] [SD1792470] Начинаю поиск элемента ППУД в списке документов.
2025-09-17 14:30:49 [Info] [SD1792470] Группа элементов найдена. Ищу ППУД с значением: [ДФ.Проекты ППУД].
2025-09-17 14:30:50 [Info] [SD1792470] ППУД [ДФ.Проекты ППУД] найден и успешно обработан.
2025-09-17 14:30:50 [Info] [SD1792470] Начинаю поиск кнопки для создания документа.
2025-09-17 14:30:50 [Info] [SD1792470] Кнопка [Создать документ] найдена. Устанавливаю фокус и выполняю действие.
2025-09-17 14:30:51 [Info] [SD1792470] Клик выполнен по элементу в центре: X=34, Y=85
2025-09-17 14:30:51 [Info] [SD1792470] Успешно нажали на кнопку [Создать документ].
2025-09-17 14:30:51 [Info] [SD1792470] Начинаю поиск окна создания документа.
2025-09-17 14:30:55 [Info] [SD1792470] Появилось окно создания документа: [Без имени - Документ LanDocs].
2025-09-17 14:30:55 [Info] [SD1792470] Начинаю процесс выбора типа документа.
2025-09-17 14:30:55 [Info] [SD1792470] Открыли список выбора типа документа.
2025-09-17 14:30:55 [Info] [SD1792470] Выбрали тип документа: [ППУД. Исходящий электронный документ].
2025-09-17 14:30:55 [Info] [SD1792470] Начинаю поиск и выбор типа документа для второго типа.
2025-09-17 14:30:55 [Info] [SD1792470] Нажали на кнопку выбора типа документа.
2025-09-17 14:30:56 [Info] [SD1792470] Выбрали тип документа: [ППУД ИСХ. Акт сверки по договору / договорам].
2025-09-17 14:30:56 [Info] [SD1792470] Начинаю поиск кнопки для открытия окна с контрагентами.
2025-09-17 14:30:56 [Info] [SD1792470] Клик выполнен по элементу в центре: X=901, Y=440
2025-09-17 14:30:56 [Info] [SD1792470] Нажали на кнопку [Открыть окно с контрагентами].
2025-09-17 14:30:59 [Info] [SD1792470] Появилось окно поиска контрагента [Выбор элемента]
2025-09-17 14:30:59 [Info] [SD1792470] Значение [0541031172] успешно введено в поле поиска контрагента через ValuePattern.
2025-09-17 14:31:00 [Info] [SD1792470] Нажали на кнопку поиска контрагента[Поиск]
2025-09-17 14:31:00 [Info] [SD1792470] Начинаем поиск элемента 'Список контрагентов'...
2025-09-17 14:31:00 [Info] [SD1792470] Элемент 'Список контрагентов' найден. Пытаемся найти 'Панель данных' внутри списка...
2025-09-17 14:31:00 [Info] [SD1792470] 'Панель данных' найдена. Получаем список контрагентов...
2025-09-17 14:31:00 [Info] [SD1792470] Получен список контрагентов: найдено 1 элементов.
2025-09-17 14:31:00 [Debug] [SD1792470] Обработка контрагента под индексом [0]...
2025-09-17 14:31:00 [Debug] [SD1792470] Найден контрагент [0]: [Дагестанская энергосбытоваякомпания ПАО, ИНН: 0541031172, КПП: 057201001]
2025-09-17 14:31:00 [Info] [SD1792470] Все элементы контрагентов обработаны. Выполняем поиск необходимого контрагента...
2025-09-17 14:31:00 [Info] [SD1792470] Необходимый контрагент найден: ключ [0].
2025-09-17 14:31:00 [Info] [SD1792470] Выбираем найденного контрагента.
2025-09-17 14:31:00 [Info] [SD1792470] Работа с найденным элементом завершена.
2025-09-17 14:31:00 [Info] [SD1792470] Начинаем поиск кнопки [Выбрать] в окне [Выбор элемента] со списком контрагентов...
2025-09-17 14:31:00 [Info] [SD1792470] Кнопка [Выбрать] найдена. Пытаемся нажать на кнопку...
2025-09-17 14:31:00 [Info] [SD1792470] Нажали на кнопку [Выбрать] в окне [Выбор элемента] со списком контрагентов.
2025-09-17 14:31:00 [Info] [SD1792470] Начинаем поиск кнопки [...] для выбора договора в окне [Создание документа]...
2025-09-17 14:31:00 [Info] [SD1792470] Кнопка открытия окна с  договорами найдена. Пытаемся нажать на кнопку...
2025-09-17 14:31:00 [Info] [SD1792470] Клик выполнен по элементу в центре: X=114, Y=550
2025-09-17 14:31:00 [Info] [SD1792470] Нажали на кнопку открытия окна с договорами в окне [Создание документа].
2025-09-17 14:31:02 [Info] [SD1792470] Окно поиска контрагента [Выбор документа] найдено.
2025-09-17 14:31:02 [Info] [SD1792470] Начинаем поиск дерева элементов списка [Журналы регистрации]...
2025-09-17 14:31:02 [Info] [SD1792470] Элемент дерева [Журналы регистрации] найден.
2025-09-17 14:31:02 [Info] [SD1792470] Элемент дерева [Журналы регистрации] найден. Пытаемся инициализировать скролл...
2025-09-17 14:31:02 [Info] [SD1792470] Элемент скролла [Vertical] найден! Работа робота продолжается.
2025-09-17 14:31:02 [Info] [SD1792470] Элемент [Журналы регистраций] найден.
2025-09-17 14:31:02 [Debug] [SD1792470] Элемент [Журналы регистраций] уже раскрыт.
2025-09-17 14:31:02 [Info] [SD1792470] Количество журналов [78]
2025-09-17 14:31:02 [Debug] [SD1792470] Выполняю поиск внутри элемента [Журналы регистраций] - Журнал [ДФ.Договоры]. Фокус на элементе: [БГЭС.Договоры]
2025-09-17 14:31:02 [Debug] [SD1792470] Выполняю поиск внутри элемента [Журналы регистраций] - Журнал [ДФ.Договоры]. Фокус на элементе: [БГЭС.ПЗД / Приложения к договорам]
2025-09-17 14:31:02 [Debug] [SD1792470] Выполняю поиск внутри элемента [Журналы регистраций] - Журнал [ДФ.Договоры]. Фокус на элементе: [БГЭС.Проекты договоров]
2025-09-17 14:31:02 [Debug] [SD1792470] Выполняю поиск внутри элемента [Журналы регистраций] - Журнал [ДФ.Договоры]. Фокус на элементе: [ВГЭС.Договоры]
2025-09-17 14:31:02 [Debug] [SD1792470] Выполняю поиск внутри элемента [Журналы регистраций] - Журнал [ДФ.Договоры]. Фокус на элементе: [ВГЭС.ПЗД / Приложения к договорам]
2025-09-17 14:31:02 [Debug] [SD1792470] Выполняю поиск внутри элемента [Журналы регистраций] - Журнал [ДФ.Договоры]. Фокус на элементе: [ВГЭС.Проекты договоров]
2025-09-17 14:31:02 [Debug] [SD1792470] Выполняю поиск внутри элемента [Журналы регистраций] - Журнал [ДФ.Договоры]. Фокус на элементе: [ВЛГЭС.Договоры]
2025-09-17 14:31:02 [Debug] [SD1792470] Выполняю поиск внутри элемента [Журналы регистраций] - Журнал [ДФ.Договоры]. Фокус на элементе: [ВЛГЭС.ПЗД / Приложения к договорам]
2025-09-17 14:31:02 [Debug] [SD1792470] Выполняю поиск внутри элемента [Журналы регистраций] - Журнал [ДФ.Договоры]. Фокус на элементе: [ВЛГЭС.Проекты договоров]
2025-09-17 14:31:02 [Debug] [SD1792470] Выполняю поиск внутри элемента [Журналы регистраций] - Журнал [ДФ.Договоры]. Фокус на элементе: [ДФ.Договоры]
2025-09-17 14:31:02 [Info] [SD1792470] Журнал [ДФ.Договоры] внутри элемента [Журналы регистраций] найден.
2025-09-17 14:31:02 [Debug] [SD1792470] Элемент журнала прокручен в область видимости.
2025-09-17 14:31:03 [Info] [SD1792470] Элемент журнала выбран.
2025-09-17 14:31:03 [Info] [SD1792470] Элемент найден. Фокус успешно установлен на первый элемент таблицы договоров.
2025-09-17 14:31:03 [Info] [SD1792470] Нажали на кнопку [Выбрать] в окне [Выбор документа] со списком журналов.
2025-09-17 14:31:04 [Info] [SD1792470] Договор проставлен успешно. Номер договора: 1080-59-1-2013
2025-09-17 14:31:04 [Info] [SD1792470] Текущий подписант: [Гамзатов Тимур Гамзатович]. Меняю на: [Черданцева Наталья Викторовна].
2025-09-17 14:31:04 [Info] [SD1792470] Подписант успешно установлен: [Черданцева Наталья Викторовна].
2025-09-17 14:31:23 [Info] [SD1792470] Клик выполнен по элементу в центре: X=37, Y=85
2025-09-17 14:31:27 [Info] [SD1792470] Нажали на кнопку [Сохранить документ] в окне [Создать документ].
2025-09-17 14:32:28 [Info] 🤖 Запуск робота LandocsRobot
2025-09-17 14:32:28 [Info] Параметры успешно загружены из config.xml
2025-09-17 14:32:28 [Info] Уровень логирования установлен на: Debug
2025-09-17 14:32:28 [Info] Список организаций успешно загружен.
2025-09-17 14:32:28 [Info] Найдено 1 заяв(-ка) (-ок) для обработки.
2025-09-17 14:32:28 [Info] [SD1792470] Начинаю обработку заявки: SD1792470+
2025-09-17 14:32:28 [Info] [SD1792470] Файл заявки [SD1792470+.txt] найден. Начинаю обработку.
2025-09-17 14:32:28 [Debug] [SD1792470] Начинается обработка файла: C:\Users\RobinLandocsAC\Desktop\LanDocsRobotReborn\landocs2\LandocsRobot\bin\Debug\Input\SD1792470+\SD1792470+.txt
2025-09-17 14:32:28 [Debug] [SD1792470] Файл успешно прочитан: C:\Users\RobinLandocsAC\Desktop\LanDocsRobotReborn\landocs2\LandocsRobot\bin\Debug\Input\SD1792470+\SD1792470+.txt
2025-09-17 14:32:28 [Info] [SD1792470] Извлеченные данные: Номер заявки - [SD1792470], Тип - [Годовая инвентаризация (по всем контрагентам и договорам)], Организация - [Дагестанский филиал], ППУД - [ДФ.Проекты ППУД]
2025-09-17 14:32:28 [Info] [SD1792470] В папке [ЭДО] найдено 5 элементов. Начинаю обработку файлов.
2025-09-17 14:32:28 [Info] [SD1792470] Сортировка и перемещение файлов завершены.
2025-09-17 14:32:28 [Debug] [SD1792470] xlsx: 1 элементов.
2025-09-17 14:32:28 [Debug] [SD1792470] pdf: 2 элементов.
2025-09-17 14:32:28 [Debug] [SD1792470] zip: 102 элементов.
2025-09-17 14:32:28 [Debug] [SD1792470] error: 1 элементов.
2025-09-17 14:32:28 [Debug] [SD1792470] [+] Для файла [Акт св П 1000097213 Каримов Саид Алиевич ИП  №00000008061080 31.10.24_056206233185_ OK] найден соответствующий PDF.
2025-09-17 14:32:28 [Info] [SD1792470] 0 файл(-а) (-ов) на конвертацию в PDF.
2025-09-17 14:32:28 [Info] [SD1792470] Обработка заявки [SD1792470+] завершена успешно.
2025-09-17 14:32:28 [Info] [SD1792470] Начинаю работу по файлу: Индекс: [0], Файл: [LandocsRobot.Program+FileData]. Всего файлов: [2]
2025-09-17 14:32:28 [Info] [SD1792470] Запускаю Landocs.
2025-09-17 14:32:28 [Debug] [SD1792470] Выполнил резервную копию файла профиля [C:\Users\RobinLandocsAC\AppData\Local\LANIT\LanDocs\3.6.1.39\UserSettings.xml] переименован в [C:\Users\RobinLandocsAC\AppData\Local\LANIT\LanDocs\3.6.1.39\UserSettings.bak].
2025-09-17 14:32:28 [Debug] [SD1792470] Кастомный файл профиля landocs успешно перемещен из 'C:\Users\RobinLandocsAC\Desktop\LanDocsRobotReborn\landocs2\LandocsRobot\bin\Debug\UserSettings.xml' в 'C:\Users\RobinLandocsAC\AppData\Local\LANIT\LanDocs\3.6.1.39\UserSettings.xml'.
2025-09-17 14:32:28 [Info] [SD1792470] Профиль Landocs успешно перемещен.
2025-09-17 14:32:28 [Info] [SD1792470] Запускаю приложение Landocs по пути: C:\Users\RobinLandocsAC\AppData\Local\Apps\2.0\P5L8YXKH.MD2\WYROW58K.TZV\land...app_564c2c838af24d09_0003.0006_c04a00086fb426e6\LanDocs3.exe
2025-09-17 14:32:28 [Info] [SD1792470] Запуск приложения: C:\Users\RobinLandocsAC\AppData\Local\Apps\2.0\P5L8YXKH.MD2\WYROW58K.TZV\land...app_564c2c838af24d09_0003.0006_c04a00086fb426e6\LanDocs3.exe
2025-09-17 14:32:28 [Info] [SD1792470] Поиск окна приложения с именем: [_robin_landocs (Мой LanDocs) - Избранное - LanDocs]. Время ожидания:[300] сек.
2025-09-17 14:32:30 [Debug] [SD1792470] Ожидание окна приложения: [_robin_landocs (Мой LanDocs) - Избранное - LanDocs]. Прошло [1] секунд...
2025-09-17 14:32:33 [Debug] [SD1792470] Ожидание окна приложения: [_robin_landocs (Мой LanDocs) - Избранное - LanDocs]. Прошло [2] секунд...
2025-09-17 14:32:34 [Debug] [SD1792470] Ожидание окна приложения: [_robin_landocs (Мой LanDocs) - Избранное - LanDocs]. Прошло [3] секунд...
2025-09-17 14:32:35 [Debug] [SD1792470] Ожидание окна приложения: [_robin_landocs (Мой LanDocs) - Избранное - LanDocs]. Прошло [4] секунд...
2025-09-17 14:32:36 [Debug] [SD1792470] Ожидание окна приложения: [_robin_landocs (Мой LanDocs) - Избранное - LanDocs]. Прошло [5] секунд...
2025-09-17 14:32:37 [Debug] [SD1792470] Ожидание окна приложения: [_robin_landocs (Мой LanDocs) - Избранное - LanDocs]. Прошло [6] секунд...
2025-09-17 14:32:43 [Debug] [SD1792470] Ожидание окна приложения: [_robin_landocs (Мой LanDocs) - Избранное - LanDocs]. Прошло [7] секунд...
2025-09-17 14:32:43 [Info] [SD1792470] Landocs успешно запустился.
2025-09-17 14:32:43 [Info] [SD1792470] Приложение Landocs успешно запущено и окно найдено.
2025-09-17 14:32:48 [Info] [SD1792470] Начинаю поиск вкладки [Главная] в навигационном меню...
2025-09-17 14:32:48 [Info] [SD1792470] Вкладка [Главная] найдена. Выполняю клик.
2025-09-17 14:32:49 [Info] [SD1792470] Клик выполнен по элементу в центре: X=114, Y=37
2025-09-17 14:32:49 [Info] [SD1792470] Клик по вкладке [Главная] успешно выполнен.
2025-09-17 14:32:49 [Info] [SD1792470] Начинаю поиск кнопки [Документы] в навигационном меню...
2025-09-17 14:32:49 [Info] [SD1792470] Нашел ссылку [Документы] в левом навигационном меню
2025-09-17 14:32:50 [Info] [SD1792470] Клик по элементу [Документы] успешно выполнен.
2025-09-17 14:32:50 [Info] [SD1792470] Нажимаем Ctrl+F для вызова окна поиска ППУД.
2025-09-17 14:32:53 [Info] [SD1792470] Элемент окна поиска ППУД успешно найден.
2025-09-17 14:32:53 [Info] [SD1792470] Значение введено в окно поиска ППУД через ValuePattern.
2025-09-17 14:32:53 [Info] [SD1792470] Ищу кнопку [Вниз] в окне поиска ППУД.
2025-09-17 14:32:53 [Info] [SD1792470] Фокус успешно установлен на кнопку [Вниз].
2025-09-17 14:32:55 [Info] [SD1792470] Нажали кнопку [Вниз] в окне поиска ППУД.
2025-09-17 14:32:55 [Info] [SD1792470] Нажали кнопку [Вниз] в окне поиска ППУД успешно.
2025-09-17 14:32:57 [Info] [SD1792470] Начинаю поиск элемента ППУД в списке документов.
2025-09-17 14:32:57 [Info] [SD1792470] Группа элементов найдена. Ищу ППУД с значением: [ДФ.Проекты ППУД].
2025-09-17 14:32:57 [Info] [SD1792470] ППУД [ДФ.Проекты ППУД] найден и успешно обработан.
2025-09-17 14:32:57 [Info] [SD1792470] Начинаю поиск кнопки для создания документа.
2025-09-17 14:32:58 [Info] [SD1792470] Кнопка [Создать документ] найдена. Устанавливаю фокус и выполняю действие.
2025-09-17 14:32:58 [Info] [SD1792470] Клик выполнен по элементу в центре: X=34, Y=85
2025-09-17 14:32:58 [Info] [SD1792470] Успешно нажали на кнопку [Создать документ].
2025-09-17 14:32:58 [Info] [SD1792470] Начинаю поиск окна создания документа.
2025-09-17 14:33:03 [Info] [SD1792470] Появилось окно создания документа: [Без имени - Документ LanDocs].
2025-09-17 14:33:03 [Info] [SD1792470] Начинаю процесс выбора типа документа.
2025-09-17 14:33:03 [Info] [SD1792470] Открыли список выбора типа документа.
2025-09-17 14:33:03 [Info] [SD1792470] Выбрали тип документа: [ППУД. Исходящий электронный документ].
2025-09-17 14:33:03 [Info] [SD1792470] Начинаю поиск и выбор типа документа для второго типа.
2025-09-17 14:33:03 [Info] [SD1792470] Нажали на кнопку выбора типа документа.
2025-09-17 14:33:04 [Info] [SD1792470] Выбрали тип документа: [ППУД ИСХ. Акт сверки по договору / договорам].
2025-09-17 14:33:04 [Info] [SD1792470] Начинаю поиск кнопки для открытия окна с контрагентами.
2025-09-17 14:33:04 [Info] [SD1792470] Клик выполнен по элементу в центре: X=901, Y=440
2025-09-17 14:33:04 [Info] [SD1792470] Нажали на кнопку [Открыть окно с контрагентами].
2025-09-17 14:33:07 [Info] [SD1792470] Появилось окно поиска контрагента [Выбор элемента]
2025-09-17 14:33:07 [Info] [SD1792470] Значение [0541031172] успешно введено в поле поиска контрагента через ValuePattern.
2025-09-17 14:33:08 [Info] [SD1792470] Нажали на кнопку поиска контрагента[Поиск]
2025-09-17 14:33:08 [Info] [SD1792470] Начинаем поиск элемента 'Список контрагентов'...
2025-09-17 14:33:08 [Info] [SD1792470] Элемент 'Список контрагентов' найден. Пытаемся найти 'Панель данных' внутри списка...
2025-09-17 14:33:08 [Info] [SD1792470] 'Панель данных' найдена. Получаем список контрагентов...
2025-09-17 14:33:08 [Info] [SD1792470] Получен список контрагентов: найдено 1 элементов.
2025-09-17 14:33:08 [Debug] [SD1792470] Обработка контрагента под индексом [0]...
2025-09-17 14:33:08 [Debug] [SD1792470] Найден контрагент [0]: [Дагестанская энергосбытоваякомпания ПАО, ИНН: 0541031172, КПП: 057201001]
2025-09-17 14:33:08 [Info] [SD1792470] Все элементы контрагентов обработаны. Выполняем поиск необходимого контрагента...
2025-09-17 14:33:08 [Info] [SD1792470] Необходимый контрагент найден: ключ [0].
2025-09-17 14:33:08 [Info] [SD1792470] Выбираем найденного контрагента.
2025-09-17 14:33:08 [Info] [SD1792470] Работа с найденным элементом завершена.
2025-09-17 14:33:08 [Info] [SD1792470] Начинаем поиск кнопки [Выбрать] в окне [Выбор элемента] со списком контрагентов...
2025-09-17 14:33:08 [Info] [SD1792470] Кнопка [Выбрать] найдена. Пытаемся нажать на кнопку...
2025-09-17 14:33:08 [Info] [SD1792470] Нажали на кнопку [Выбрать] в окне [Выбор элемента] со списком контрагентов.
2025-09-17 14:33:08 [Info] [SD1792470] Начинаем поиск кнопки [...] для выбора договора в окне [Создание документа]...
2025-09-17 14:33:08 [Info] [SD1792470] Кнопка открытия окна с  договорами найдена. Пытаемся нажать на кнопку...
2025-09-17 14:33:08 [Info] [SD1792470] Клик выполнен по элементу в центре: X=114, Y=550
2025-09-17 14:33:08 [Info] [SD1792470] Нажали на кнопку открытия окна с договорами в окне [Создание документа].
2025-09-17 14:33:09 [Info] [SD1792470] Окно поиска контрагента [Выбор документа] найдено.
2025-09-17 14:33:09 [Info] [SD1792470] Начинаем поиск дерева элементов списка [Журналы регистрации]...
2025-09-17 14:33:09 [Info] [SD1792470] Элемент дерева [Журналы регистрации] найден.
2025-09-17 14:33:09 [Info] [SD1792470] Элемент дерева [Журналы регистрации] найден. Пытаемся инициализировать скролл...
2025-09-17 14:33:09 [Info] [SD1792470] Элемент скролла [Vertical] найден! Работа робота продолжается.
2025-09-17 14:33:09 [Info] [SD1792470] Элемент [Журналы регистраций] найден.
2025-09-17 14:33:09 [Debug] [SD1792470] Элемент [Журналы регистраций] уже раскрыт.
2025-09-17 14:33:09 [Info] [SD1792470] Количество журналов [78]
2025-09-17 14:33:09 [Debug] [SD1792470] Выполняю поиск внутри элемента [Журналы регистраций] - Журнал [ДФ.Договоры]. Фокус на элементе: [БГЭС.Договоры]
2025-09-17 14:33:09 [Debug] [SD1792470] Выполняю поиск внутри элемента [Журналы регистраций] - Журнал [ДФ.Договоры]. Фокус на элементе: [БГЭС.ПЗД / Приложения к договорам]
2025-09-17 14:33:09 [Debug] [SD1792470] Выполняю поиск внутри элемента [Журналы регистраций] - Журнал [ДФ.Договоры]. Фокус на элементе: [БГЭС.Проекты договоров]
2025-09-17 14:33:09 [Debug] [SD1792470] Выполняю поиск внутри элемента [Журналы регистраций] - Журнал [ДФ.Договоры]. Фокус на элементе: [ВГЭС.Договоры]
2025-09-17 14:33:09 [Debug] [SD1792470] Выполняю поиск внутри элемента [Журналы регистраций] - Журнал [ДФ.Договоры]. Фокус на элементе: [ВГЭС.ПЗД / Приложения к договорам]
2025-09-17 14:33:09 [Debug] [SD1792470] Выполняю поиск внутри элемента [Журналы регистраций] - Журнал [ДФ.Договоры]. Фокус на элементе: [ВГЭС.Проекты договоров]
2025-09-17 14:33:09 [Debug] [SD1792470] Выполняю поиск внутри элемента [Журналы регистраций] - Журнал [ДФ.Договоры]. Фокус на элементе: [ВЛГЭС.Договоры]
2025-09-17 14:33:09 [Debug] [SD1792470] Выполняю поиск внутри элемента [Журналы регистраций] - Журнал [ДФ.Договоры]. Фокус на элементе: [ВЛГЭС.ПЗД / Приложения к договорам]
2025-09-17 14:33:09 [Debug] [SD1792470] Выполняю поиск внутри элемента [Журналы регистраций] - Журнал [ДФ.Договоры]. Фокус на элементе: [ВЛГЭС.Проекты договоров]
2025-09-17 14:33:09 [Debug] [SD1792470] Выполняю поиск внутри элемента [Журналы регистраций] - Журнал [ДФ.Договоры]. Фокус на элементе: [ДФ.Договоры]
2025-09-17 14:33:09 [Info] [SD1792470] Журнал [ДФ.Договоры] внутри элемента [Журналы регистраций] найден.
2025-09-17 14:33:09 [Debug] [SD1792470] Элемент журнала прокручен в область видимости.
2025-09-17 14:33:10 [Info] [SD1792470] Элемент журнала выбран.
2025-09-17 14:33:10 [Info] [SD1792470] Элемент найден. Фокус успешно установлен на первый элемент таблицы договоров.
2025-09-17 14:33:10 [Info] [SD1792470] Нажали на кнопку [Выбрать] в окне [Выбор документа] со списком журналов.
2025-09-17 14:33:11 [Info] [SD1792470] Договор проставлен успешно. Номер договора: 1080-59-1-2013
2025-09-17 14:33:11 [Info] [SD1792470] Текущий подписант: [Гамзатов Тимур Гамзатович]. Меняю на: [Черданцева Наталья Викторовна].
2025-09-17 14:33:11 [Info] [SD1792470] Подписант успешно установлен: [Черданцева Наталья Викторовна].
2025-09-17 14:33:20 [Info] [SD1792470] Клик выполнен по элементу в центре: X=37, Y=85
2025-09-17 14:33:20 [Info] [SD1792470] Нажали на кнопку [Сохранить документ] в окне [Создать документ].
2025-09-17 14:35:19 [Info] 🤖 Запуск робота LandocsRobot
2025-09-17 14:35:19 [Info] Параметры успешно загружены из config.xml
2025-09-17 14:35:19 [Info] Уровень логирования установлен на: Debug
2025-09-17 14:35:19 [Info] Список организаций успешно загружен.
2025-09-17 14:35:19 [Info] Найдено 1 заяв(-ка) (-ок) для обработки.
2025-09-17 14:35:19 [Info] [SD1792470] Начинаю обработку заявки: SD1792470+
2025-09-17 14:35:19 [Info] [SD1792470] Файл заявки [SD1792470+.txt] найден. Начинаю обработку.
2025-09-17 14:35:19 [Debug] [SD1792470] Начинается обработка файла: C:\Users\RobinLandocsAC\Desktop\LanDocsRobotReborn\landocs2\LandocsRobot\bin\Debug\Input\SD1792470+\SD1792470+.txt
2025-09-17 14:35:19 [Debug] [SD1792470] Файл успешно прочитан: C:\Users\RobinLandocsAC\Desktop\LanDocsRobotReborn\landocs2\LandocsRobot\bin\Debug\Input\SD1792470+\SD1792470+.txt
2025-09-17 14:35:19 [Info] [SD1792470] Извлеченные данные: Номер заявки - [SD1792470], Тип - [Годовая инвентаризация (по всем контрагентам и договорам)], Организация - [Дагестанский филиал], ППУД - [ДФ.Проекты ППУД]
2025-09-17 14:35:19 [Info] [SD1792470] В папке [ЭДО] найдено 5 элементов. Начинаю обработку файлов.
2025-09-17 14:35:19 [Info] [SD1792470] Сортировка и перемещение файлов завершены.
2025-09-17 14:35:19 [Debug] [SD1792470] xlsx: 1 элементов.
2025-09-17 14:35:19 [Debug] [SD1792470] pdf: 2 элементов.
2025-09-17 14:35:19 [Debug] [SD1792470] zip: 102 элементов.
2025-09-17 14:35:19 [Debug] [SD1792470] error: 1 элементов.
2025-09-17 14:35:19 [Debug] [SD1792470] [+] Для файла [Акт св П 1000097213 Каримов Саид Алиевич ИП  №00000008061080 31.10.24_056206233185_ OK] найден соответствующий PDF.
2025-09-17 14:35:19 [Info] [SD1792470] 0 файл(-а) (-ов) на конвертацию в PDF.
2025-09-17 14:35:19 [Info] [SD1792470] Обработка заявки [SD1792470+] завершена успешно.
2025-09-17 14:35:19 [Info] [SD1792470] Начинаю работу по файлу: Индекс: [0], Файл: [LandocsRobot.Program+FileData]. Всего файлов: [2]
2025-09-17 14:35:19 [Info] [SD1792470] Запускаю Landocs.
2025-09-17 14:35:19 [Debug] [SD1792470] Выполнил резервную копию файла профиля [C:\Users\RobinLandocsAC\AppData\Local\LANIT\LanDocs\3.6.1.39\UserSettings.xml] переименован в [C:\Users\RobinLandocsAC\AppData\Local\LANIT\LanDocs\3.6.1.39\UserSettings.bak].
2025-09-17 14:35:19 [Debug] [SD1792470] Кастомный файл профиля landocs успешно перемещен из 'C:\Users\RobinLandocsAC\Desktop\LanDocsRobotReborn\landocs2\LandocsRobot\bin\Debug\UserSettings.xml' в 'C:\Users\RobinLandocsAC\AppData\Local\LANIT\LanDocs\3.6.1.39\UserSettings.xml'.
2025-09-17 14:35:19 [Info] [SD1792470] Профиль Landocs успешно перемещен.
2025-09-17 14:35:19 [Info] [SD1792470] Запускаю приложение Landocs по пути: C:\Users\RobinLandocsAC\AppData\Local\Apps\2.0\P5L8YXKH.MD2\WYROW58K.TZV\land...app_564c2c838af24d09_0003.0006_c04a00086fb426e6\LanDocs3.exe
2025-09-17 14:35:19 [Info] [SD1792470] Запуск приложения: C:\Users\RobinLandocsAC\AppData\Local\Apps\2.0\P5L8YXKH.MD2\WYROW58K.TZV\land...app_564c2c838af24d09_0003.0006_c04a00086fb426e6\LanDocs3.exe
2025-09-17 14:35:19 [Info] [SD1792470] Поиск окна приложения с именем: [_robin_landocs (Мой LanDocs) - Избранное - LanDocs]. Время ожидания:[300] сек.
2025-09-17 14:35:20 [Debug] [SD1792470] Ожидание окна приложения: [_robin_landocs (Мой LanDocs) - Избранное - LanDocs]. Прошло [1] секунд...
2025-09-17 14:35:24 [Debug] [SD1792470] Ожидание окна приложения: [_robin_landocs (Мой LanDocs) - Избранное - LanDocs]. Прошло [2] секунд...
2025-09-17 14:35:25 [Debug] [SD1792470] Ожидание окна приложения: [_robin_landocs (Мой LanDocs) - Избранное - LanDocs]. Прошло [3] секунд...
2025-09-17 14:35:26 [Debug] [SD1792470] Ожидание окна приложения: [_robin_landocs (Мой LanDocs) - Избранное - LanDocs]. Прошло [4] секунд...
2025-09-17 14:35:27 [Debug] [SD1792470] Ожидание окна приложения: [_robin_landocs (Мой LanDocs) - Избранное - LanDocs]. Прошло [5] секунд...
2025-09-17 14:35:28 [Debug] [SD1792470] Ожидание окна приложения: [_robin_landocs (Мой LanDocs) - Избранное - LanDocs]. Прошло [6] секунд...
2025-09-17 14:35:29 [Debug] [SD1792470] Ожидание окна приложения: [_robin_landocs (Мой LanDocs) - Избранное - LanDocs]. Прошло [7] секунд...
2025-09-17 14:35:35 [Debug] [SD1792470] Ожидание окна приложения: [_robin_landocs (Мой LanDocs) - Избранное - LanDocs]. Прошло [8] секунд...
2025-09-17 14:35:35 [Info] [SD1792470] Landocs успешно запустился.
2025-09-17 14:35:35 [Info] [SD1792470] Приложение Landocs успешно запущено и окно найдено.
2025-09-17 14:35:40 [Info] [SD1792470] Начинаю поиск вкладки [Главная] в навигационном меню...
2025-09-17 14:35:40 [Info] [SD1792470] Вкладка [Главная] найдена. Выполняю клик.
2025-09-17 14:35:40 [Info] [SD1792470] Клик выполнен по элементу в центре: X=114, Y=37
2025-09-17 14:35:40 [Info] [SD1792470] Клик по вкладке [Главная] успешно выполнен.
2025-09-17 14:35:40 [Info] [SD1792470] Начинаю поиск кнопки [Документы] в навигационном меню...
2025-09-17 14:35:40 [Info] [SD1792470] Нашел ссылку [Документы] в левом навигационном меню
2025-09-17 14:35:41 [Info] [SD1792470] Клик по элементу [Документы] успешно выполнен.
2025-09-17 14:35:41 [Info] [SD1792470] Нажимаем Ctrl+F для вызова окна поиска ППУД.
2025-09-17 14:35:44 [Info] [SD1792470] Элемент окна поиска ППУД успешно найден.
2025-09-17 14:35:44 [Info] [SD1792470] Значение введено в окно поиска ППУД через ValuePattern.
2025-09-17 14:35:44 [Info] [SD1792470] Ищу кнопку [Вниз] в окне поиска ППУД.
2025-09-17 14:35:44 [Info] [SD1792470] Фокус успешно установлен на кнопку [Вниз].
2025-09-17 14:35:46 [Info] [SD1792470] Нажали кнопку [Вниз] в окне поиска ППУД.
2025-09-17 14:35:46 [Info] [SD1792470] Нажали кнопку [Вниз] в окне поиска ППУД успешно.
2025-09-17 14:35:48 [Info] [SD1792470] Начинаю поиск элемента ППУД в списке документов.
2025-09-17 14:35:48 [Info] [SD1792470] Группа элементов найдена. Ищу ППУД с значением: [ДФ.Проекты ППУД].
2025-09-17 14:35:49 [Info] [SD1792470] ППУД [ДФ.Проекты ППУД] найден и успешно обработан.
2025-09-17 14:35:49 [Info] [SD1792470] Начинаю поиск кнопки для создания документа.
2025-09-17 14:35:50 [Info] [SD1792470] Кнопка [Создать документ] найдена. Устанавливаю фокус и выполняю действие.
2025-09-17 14:35:50 [Info] [SD1792470] Клик выполнен по элементу в центре: X=34, Y=85
2025-09-17 14:35:50 [Info] [SD1792470] Успешно нажали на кнопку [Создать документ].
2025-09-17 14:35:50 [Info] [SD1792470] Начинаю поиск окна создания документа.
2025-09-17 14:35:55 [Info] [SD1792470] Появилось окно создания документа: [Без имени - Документ LanDocs].
2025-09-17 14:35:55 [Info] [SD1792470] Начинаю процесс выбора типа документа.
2025-09-17 14:35:55 [Info] [SD1792470] Открыли список выбора типа документа.
2025-09-17 14:35:55 [Info] [SD1792470] Выбрали тип документа: [ППУД. Исходящий электронный документ].
2025-09-17 14:35:55 [Info] [SD1792470] Начинаю поиск и выбор типа документа для второго типа.
2025-09-17 14:35:55 [Info] [SD1792470] Нажали на кнопку выбора типа документа.
2025-09-17 14:35:56 [Info] [SD1792470] Выбрали тип документа: [ППУД ИСХ. Акт сверки по договору / договорам].
2025-09-17 14:35:56 [Info] [SD1792470] Начинаю поиск кнопки для открытия окна с контрагентами.
2025-09-17 14:35:57 [Info] [SD1792470] Клик выполнен по элементу в центре: X=901, Y=440
2025-09-17 14:35:57 [Info] [SD1792470] Нажали на кнопку [Открыть окно с контрагентами].
2025-09-17 14:35:59 [Info] [SD1792470] Появилось окно поиска контрагента [Выбор элемента]
2025-09-17 14:36:00 [Info] [SD1792470] Значение [0541031172] успешно введено в поле поиска контрагента через ValuePattern.
2025-09-17 14:36:00 [Info] [SD1792470] Нажали на кнопку поиска контрагента[Поиск]
2025-09-17 14:36:00 [Info] [SD1792470] Начинаем поиск элемента 'Список контрагентов'...
2025-09-17 14:36:00 [Info] [SD1792470] Элемент 'Список контрагентов' найден. Пытаемся найти 'Панель данных' внутри списка...
2025-09-17 14:36:00 [Info] [SD1792470] 'Панель данных' найдена. Получаем список контрагентов...
2025-09-17 14:36:00 [Info] [SD1792470] Получен список контрагентов: найдено 1 элементов.
2025-09-17 14:36:00 [Debug] [SD1792470] Обработка контрагента под индексом [0]...
2025-09-17 14:36:00 [Debug] [SD1792470] Найден контрагент [0]: [Дагестанская энергосбытоваякомпания ПАО, ИНН: 0541031172, КПП: 057201001]
2025-09-17 14:36:00 [Info] [SD1792470] Все элементы контрагентов обработаны. Выполняем поиск необходимого контрагента...
2025-09-17 14:36:00 [Info] [SD1792470] Необходимый контрагент найден: ключ [0].
2025-09-17 14:36:00 [Info] [SD1792470] Выбираем найденного контрагента.
2025-09-17 14:36:00 [Info] [SD1792470] Работа с найденным элементом завершена.
2025-09-17 14:36:00 [Info] [SD1792470] Начинаем поиск кнопки [Выбрать] в окне [Выбор элемента] со списком контрагентов...
2025-09-17 14:36:00 [Info] [SD1792470] Кнопка [Выбрать] найдена. Пытаемся нажать на кнопку...
2025-09-17 14:36:00 [Info] [SD1792470] Нажали на кнопку [Выбрать] в окне [Выбор элемента] со списком контрагентов.
2025-09-17 14:36:00 [Info] [SD1792470] Начинаем поиск кнопки [...] для выбора договора в окне [Создание документа]...
2025-09-17 14:36:00 [Info] [SD1792470] Кнопка открытия окна с  договорами найдена. Пытаемся нажать на кнопку...
2025-09-17 14:36:01 [Info] [SD1792470] Клик выполнен по элементу в центре: X=114, Y=550
2025-09-17 14:36:01 [Info] [SD1792470] Нажали на кнопку открытия окна с договорами в окне [Создание документа].
2025-09-17 14:36:01 [Info] [SD1792470] Окно поиска контрагента [Выбор документа] найдено.
2025-09-17 14:36:01 [Info] [SD1792470] Начинаем поиск дерева элементов списка [Журналы регистрации]...
2025-09-17 14:36:01 [Info] [SD1792470] Элемент дерева [Журналы регистрации] найден.
2025-09-17 14:36:01 [Info] [SD1792470] Элемент дерева [Журналы регистрации] найден. Пытаемся инициализировать скролл...
2025-09-17 14:36:01 [Info] [SD1792470] Элемент скролла [Vertical] найден! Работа робота продолжается.
2025-09-17 14:36:01 [Info] [SD1792470] Элемент [Журналы регистраций] найден.
2025-09-17 14:36:01 [Debug] [SD1792470] Элемент [Журналы регистраций] уже раскрыт.
2025-09-17 14:36:01 [Info] [SD1792470] Количество журналов [78]
2025-09-17 14:36:01 [Debug] [SD1792470] Выполняю поиск внутри элемента [Журналы регистраций] - Журнал [ДФ.Договоры]. Фокус на элементе: [БГЭС.Договоры]
2025-09-17 14:36:01 [Debug] [SD1792470] Выполняю поиск внутри элемента [Журналы регистраций] - Журнал [ДФ.Договоры]. Фокус на элементе: [БГЭС.ПЗД / Приложения к договорам]
2025-09-17 14:36:01 [Debug] [SD1792470] Выполняю поиск внутри элемента [Журналы регистраций] - Журнал [ДФ.Договоры]. Фокус на элементе: [БГЭС.Проекты договоров]
2025-09-17 14:36:01 [Debug] [SD1792470] Выполняю поиск внутри элемента [Журналы регистраций] - Журнал [ДФ.Договоры]. Фокус на элементе: [ВГЭС.Договоры]
2025-09-17 14:36:01 [Debug] [SD1792470] Выполняю поиск внутри элемента [Журналы регистраций] - Журнал [ДФ.Договоры]. Фокус на элементе: [ВГЭС.ПЗД / Приложения к договорам]
2025-09-17 14:36:01 [Debug] [SD1792470] Выполняю поиск внутри элемента [Журналы регистраций] - Журнал [ДФ.Договоры]. Фокус на элементе: [ВГЭС.Проекты договоров]
2025-09-17 14:36:01 [Debug] [SD1792470] Выполняю поиск внутри элемента [Журналы регистраций] - Журнал [ДФ.Договоры]. Фокус на элементе: [ВЛГЭС.Договоры]
2025-09-17 14:36:01 [Debug] [SD1792470] Выполняю поиск внутри элемента [Журналы регистраций] - Журнал [ДФ.Договоры]. Фокус на элементе: [ВЛГЭС.ПЗД / Приложения к договорам]
2025-09-17 14:36:01 [Debug] [SD1792470] Выполняю поиск внутри элемента [Журналы регистраций] - Журнал [ДФ.Договоры]. Фокус на элементе: [ВЛГЭС.Проекты договоров]
2025-09-17 14:36:01 [Debug] [SD1792470] Выполняю поиск внутри элемента [Журналы регистраций] - Журнал [ДФ.Договоры]. Фокус на элементе: [ДФ.Договоры]
2025-09-17 14:36:01 [Info] [SD1792470] Журнал [ДФ.Договоры] внутри элемента [Журналы регистраций] найден.
2025-09-17 14:36:02 [Debug] [SD1792470] Элемент журнала прокручен в область видимости.
2025-09-17 14:36:02 [Info] [SD1792470] Элемент журнала выбран.
2025-09-17 14:36:02 [Info] [SD1792470] Элемент найден. Фокус успешно установлен на первый элемент таблицы договоров.
2025-09-17 14:36:03 [Info] [SD1792470] Нажали на кнопку [Выбрать] в окне [Выбор документа] со списком журналов.
2025-09-17 14:36:03 [Info] [SD1792470] Договор проставлен успешно. Номер договора: 1080-59-1-2013
2025-09-17 14:36:03 [Info] [SD1792470] Текущий подписант: [Гамзатов Тимур Гамзатович]. Меняю на: [Черданцева Наталья Викторовна].
2025-09-17 14:36:03 [Info] [SD1792470] Подписант успешно установлен: [Черданцева Наталья Викторовна].
2025-09-17 14:36:22 [Info] [SD1792470] Клик выполнен по элементу в центре: X=37, Y=85
2025-09-17 14:36:41 [Info] [SD1792470] Нажали на кнопку [Сохранить документ] в окне [Создать документ].
2025-09-17 14:36:56 [Error] [SD1792470] Контрагент отсутствует в Landocs. Закрываю приложение.
2025-09-17 14:37:17 [Debug] [SD1792470] Завершаем процесс LanDocs3 с ID 45216, пользователь: RobinLandocsAC
2025-09-17 14:37:52 [Info] 🤖 Запуск робота LandocsRobot
2025-09-17 14:37:53 [Info] Параметры успешно загружены из config.xml
2025-09-17 14:37:53 [Info] Уровень логирования установлен на: Debug
2025-09-17 14:37:53 [Info] Список организаций успешно загружен.
2025-09-17 14:37:53 [Info] Найдено 1 заяв(-ка) (-ок) для обработки.
2025-09-17 14:37:53 [Info] [SD1792470] Начинаю обработку заявки: SD1792470+
2025-09-17 14:37:53 [Info] [SD1792470] Файл заявки [SD1792470+.txt] найден. Начинаю обработку.
2025-09-17 14:37:53 [Debug] [SD1792470] Начинается обработка файла: C:\Users\RobinLandocsAC\Desktop\LanDocsRobotReborn\landocs2\LandocsRobot\bin\Debug\Input\SD1792470+\SD1792470+.txt
2025-09-17 14:37:53 [Debug] [SD1792470] Файл успешно прочитан: C:\Users\RobinLandocsAC\Desktop\LanDocsRobotReborn\landocs2\LandocsRobot\bin\Debug\Input\SD1792470+\SD1792470+.txt
2025-09-17 14:37:53 [Info] [SD1792470] Извлеченные данные: Номер заявки - [SD1792470], Тип - [Годовая инвентаризация (по всем контрагентам и договорам)], Организация - [Дагестанский филиал], ППУД - [ДФ.Проекты ППУД]
2025-09-17 14:37:53 [Info] [SD1792470] В папке [ЭДО] найдено 5 элементов. Начинаю обработку файлов.
2025-09-17 14:37:53 [Info] [SD1792470] Сортировка и перемещение файлов завершены.
2025-09-17 14:37:53 [Debug] [SD1792470] xlsx: 1 элементов.
2025-09-17 14:37:53 [Debug] [SD1792470] pdf: 2 элементов.
2025-09-17 14:37:53 [Debug] [SD1792470] zip: 102 элементов.
2025-09-17 14:37:53 [Debug] [SD1792470] error: 1 элементов.
2025-09-17 14:37:53 [Debug] [SD1792470] [+] Для файла [Акт св П 1000097213 Каримов Саид Алиевич ИП  №00000008061080 31.10.24_056206233185_ OK] найден соответствующий PDF.
2025-09-17 14:37:53 [Info] [SD1792470] 0 файл(-а) (-ов) на конвертацию в PDF.
2025-09-17 14:37:53 [Info] [SD1792470] Обработка заявки [SD1792470+] завершена успешно.
2025-09-17 14:37:53 [Info] [SD1792470] Начинаю работу по файлу: Индекс: [0], Файл: [LandocsRobot.Program+FileData]. Всего файлов: [2]
2025-09-17 14:37:53 [Info] [SD1792470] Запускаю Landocs.
2025-09-17 14:37:53 [Debug] [SD1792470] Выполнил резервную копию файла профиля [C:\Users\RobinLandocsAC\AppData\Local\LANIT\LanDocs\3.6.1.39\UserSettings.xml] переименован в [C:\Users\RobinLandocsAC\AppData\Local\LANIT\LanDocs\3.6.1.39\UserSettings.bak].
2025-09-17 14:37:53 [Debug] [SD1792470] Кастомный файл профиля landocs успешно перемещен из 'C:\Users\RobinLandocsAC\Desktop\LanDocsRobotReborn\landocs2\LandocsRobot\bin\Debug\UserSettings.xml' в 'C:\Users\RobinLandocsAC\AppData\Local\LANIT\LanDocs\3.6.1.39\UserSettings.xml'.
2025-09-17 14:37:53 [Info] [SD1792470] Профиль Landocs успешно перемещен.
2025-09-17 14:37:53 [Info] [SD1792470] Запускаю приложение Landocs по пути: C:\Users\RobinLandocsAC\AppData\Local\Apps\2.0\P5L8YXKH.MD2\WYROW58K.TZV\land...app_564c2c838af24d09_0003.0006_c04a00086fb426e6\LanDocs3.exe
2025-09-17 14:37:53 [Info] [SD1792470] Запуск приложения: C:\Users\RobinLandocsAC\AppData\Local\Apps\2.0\P5L8YXKH.MD2\WYROW58K.TZV\land...app_564c2c838af24d09_0003.0006_c04a00086fb426e6\LanDocs3.exe
2025-09-17 14:37:53 [Info] [SD1792470] Поиск окна приложения с именем: [_robin_landocs (Мой LanDocs) - Избранное - LanDocs]. Время ожидания:[300] сек.
2025-09-17 14:37:55 [Debug] [SD1792470] Ожидание окна приложения: [_robin_landocs (Мой LanDocs) - Избранное - LanDocs]. Прошло [1] секунд...
2025-09-17 14:37:59 [Debug] [SD1792470] Ожидание окна приложения: [_robin_landocs (Мой LanDocs) - Избранное - LanDocs]. Прошло [2] секунд...
2025-09-17 14:38:00 [Debug] [SD1792470] Ожидание окна приложения: [_robin_landocs (Мой LanDocs) - Избранное - LanDocs]. Прошло [3] секунд...
2025-09-17 14:38:01 [Debug] [SD1792470] Ожидание окна приложения: [_robin_landocs (Мой LanDocs) - Избранное - LanDocs]. Прошло [4] секунд...
2025-09-17 14:38:02 [Debug] [SD1792470] Ожидание окна приложения: [_robin_landocs (Мой LanDocs) - Избранное - LanDocs]. Прошло [5] секунд...
2025-09-17 14:38:03 [Debug] [SD1792470] Ожидание окна приложения: [_robin_landocs (Мой LanDocs) - Избранное - LanDocs]. Прошло [6] секунд...
2025-09-17 14:38:11 [Debug] [SD1792470] Ожидание окна приложения: [_robin_landocs (Мой LanDocs) - Избранное - LanDocs]. Прошло [7] секунд...
2025-09-17 14:38:11 [Info] [SD1792470] Landocs успешно запустился.
2025-09-17 14:38:11 [Info] [SD1792470] Приложение Landocs успешно запущено и окно найдено.
2025-09-17 14:38:16 [Info] [SD1792470] Начинаю поиск вкладки [Главная] в навигационном меню...
2025-09-17 14:38:16 [Info] [SD1792470] Вкладка [Главная] найдена. Выполняю клик.
2025-09-17 14:38:17 [Info] [SD1792470] Клик выполнен по элементу в центре: X=114, Y=37
2025-09-17 14:38:17 [Info] [SD1792470] Клик по вкладке [Главная] успешно выполнен.
2025-09-17 14:38:17 [Info] [SD1792470] Начинаю поиск кнопки [Документы] в навигационном меню...
2025-09-17 14:38:17 [Info] [SD1792470] Нашел ссылку [Документы] в левом навигационном меню
2025-09-17 14:38:18 [Info] [SD1792470] Клик по элементу [Документы] успешно выполнен.
2025-09-17 14:38:18 [Info] [SD1792470] Нажимаем Ctrl+F для вызова окна поиска ППУД.
2025-09-17 14:38:21 [Info] [SD1792470] Элемент окна поиска ППУД успешно найден.
2025-09-17 14:38:21 [Info] [SD1792470] Значение введено в окно поиска ППУД через ValuePattern.
2025-09-17 14:38:21 [Info] [SD1792470] Ищу кнопку [Вниз] в окне поиска ППУД.
2025-09-17 14:38:21 [Info] [SD1792470] Фокус успешно установлен на кнопку [Вниз].
2025-09-17 14:38:23 [Info] [SD1792470] Нажали кнопку [Вниз] в окне поиска ППУД.
2025-09-17 14:38:23 [Info] [SD1792470] Нажали кнопку [Вниз] в окне поиска ППУД успешно.
2025-09-17 14:38:25 [Info] [SD1792470] Начинаю поиск элемента ППУД в списке документов.
2025-09-17 14:38:25 [Info] [SD1792470] Группа элементов найдена. Ищу ППУД с значением: [ДФ.Проекты ППУД].
2025-09-17 14:38:25 [Info] [SD1792470] ППУД [ДФ.Проекты ППУД] найден и успешно обработан.
2025-09-17 14:38:25 [Info] [SD1792470] Начинаю поиск кнопки для создания документа.
2025-09-17 14:38:26 [Info] [SD1792470] Кнопка [Создать документ] найдена. Устанавливаю фокус и выполняю действие.
2025-09-17 14:38:27 [Info] [SD1792470] Клик выполнен по элементу в центре: X=34, Y=85
2025-09-17 14:38:27 [Info] [SD1792470] Успешно нажали на кнопку [Создать документ].
2025-09-17 14:38:27 [Info] [SD1792470] Начинаю поиск окна создания документа.
2025-09-17 14:38:31 [Info] [SD1792470] Появилось окно создания документа: [Без имени - Документ LanDocs].
2025-09-17 14:38:31 [Info] [SD1792470] Начинаю процесс выбора типа документа.
2025-09-17 14:38:32 [Info] [SD1792470] Открыли список выбора типа документа.
2025-09-17 14:38:32 [Info] [SD1792470] Выбрали тип документа: [ППУД. Исходящий электронный документ].
2025-09-17 14:38:32 [Info] [SD1792470] Начинаю поиск и выбор типа документа для второго типа.
2025-09-17 14:38:32 [Info] [SD1792470] Нажали на кнопку выбора типа документа.
2025-09-17 14:38:33 [Info] [SD1792470] Выбрали тип документа: [ППУД ИСХ. Акт сверки по договору / договорам].
2025-09-17 14:38:33 [Info] [SD1792470] Начинаю поиск кнопки для открытия окна с контрагентами.
2025-09-17 14:38:33 [Info] [SD1792470] Клик выполнен по элементу в центре: X=901, Y=440
2025-09-17 14:38:33 [Info] [SD1792470] Нажали на кнопку [Открыть окно с контрагентами].
2025-09-17 14:38:36 [Info] [SD1792470] Появилось окно поиска контрагента [Выбор элемента]
2025-09-17 14:38:36 [Info] [SD1792470] Значение [0541031172] успешно введено в поле поиска контрагента через ValuePattern.
2025-09-17 14:38:37 [Info] [SD1792470] Нажали на кнопку поиска контрагента[Поиск]
2025-09-17 14:38:37 [Info] [SD1792470] Начинаем поиск элемента 'Список контрагентов'...
2025-09-17 14:38:37 [Info] [SD1792470] Элемент 'Список контрагентов' найден. Пытаемся найти 'Панель данных' внутри списка...
2025-09-17 14:38:37 [Info] [SD1792470] 'Панель данных' найдена. Получаем список контрагентов...
2025-09-17 14:38:37 [Info] [SD1792470] Получен список контрагентов: найдено 1 элементов.
2025-09-17 14:38:37 [Debug] [SD1792470] Обработка контрагента под индексом [0]...
2025-09-17 14:38:37 [Debug] [SD1792470] Найден контрагент [0]: [Дагестанская энергосбытоваякомпания ПАО, ИНН: 0541031172, КПП: 057201001]
2025-09-17 14:38:37 [Info] [SD1792470] Все элементы контрагентов обработаны. Выполняем поиск необходимого контрагента...
2025-09-17 14:38:37 [Info] [SD1792470] Необходимый контрагент найден: ключ [0].
2025-09-17 14:38:37 [Info] [SD1792470] Выбираем найденного контрагента.
2025-09-17 14:38:37 [Info] [SD1792470] Работа с найденным элементом завершена.
2025-09-17 14:38:37 [Info] [SD1792470] Начинаем поиск кнопки [Выбрать] в окне [Выбор элемента] со списком контрагентов...
2025-09-17 14:38:37 [Info] [SD1792470] Кнопка [Выбрать] найдена. Пытаемся нажать на кнопку...
2025-09-17 14:38:37 [Info] [SD1792470] Нажали на кнопку [Выбрать] в окне [Выбор элемента] со списком контрагентов.
2025-09-17 14:38:37 [Info] [SD1792470] Начинаем поиск кнопки [...] для выбора договора в окне [Создание документа]...
2025-09-17 14:38:37 [Info] [SD1792470] Кнопка открытия окна с  договорами найдена. Пытаемся нажать на кнопку...
2025-09-17 14:38:37 [Info] [SD1792470] Клик выполнен по элементу в центре: X=114, Y=550
2025-09-17 14:38:37 [Info] [SD1792470] Нажали на кнопку открытия окна с договорами в окне [Создание документа].
2025-09-17 14:38:40 [Info] [SD1792470] Окно поиска контрагента [Выбор документа] найдено.
2025-09-17 14:38:40 [Info] [SD1792470] Начинаем поиск дерева элементов списка [Журналы регистрации]...
2025-09-17 14:38:40 [Info] [SD1792470] Элемент дерева [Журналы регистрации] найден.
2025-09-17 14:38:40 [Info] [SD1792470] Элемент дерева [Журналы регистрации] найден. Пытаемся инициализировать скролл...
2025-09-17 14:38:40 [Info] [SD1792470] Элемент скролла [Vertical] найден! Работа робота продолжается.
2025-09-17 14:38:40 [Info] [SD1792470] Элемент [Журналы регистраций] найден.
2025-09-17 14:38:40 [Debug] [SD1792470] Элемент [Журналы регистраций] уже раскрыт.
2025-09-17 14:38:40 [Info] [SD1792470] Количество журналов [78]
2025-09-17 14:38:40 [Debug] [SD1792470] Выполняю поиск внутри элемента [Журналы регистраций] - Журнал [ДФ.Договоры]. Фокус на элементе: [БГЭС.Договоры]
2025-09-17 14:38:40 [Debug] [SD1792470] Выполняю поиск внутри элемента [Журналы регистраций] - Журнал [ДФ.Договоры]. Фокус на элементе: [БГЭС.ПЗД / Приложения к договорам]
2025-09-17 14:38:40 [Debug] [SD1792470] Выполняю поиск внутри элемента [Журналы регистраций] - Журнал [ДФ.Договоры]. Фокус на элементе: [БГЭС.Проекты договоров]
2025-09-17 14:38:40 [Debug] [SD1792470] Выполняю поиск внутри элемента [Журналы регистраций] - Журнал [ДФ.Договоры]. Фокус на элементе: [ВГЭС.Договоры]
2025-09-17 14:38:40 [Debug] [SD1792470] Выполняю поиск внутри элемента [Журналы регистраций] - Журнал [ДФ.Договоры]. Фокус на элементе: [ВГЭС.ПЗД / Приложения к договорам]
2025-09-17 14:38:40 [Debug] [SD1792470] Выполняю поиск внутри элемента [Журналы регистраций] - Журнал [ДФ.Договоры]. Фокус на элементе: [ВГЭС.Проекты договоров]
2025-09-17 14:38:40 [Debug] [SD1792470] Выполняю поиск внутри элемента [Журналы регистраций] - Журнал [ДФ.Договоры]. Фокус на элементе: [ВЛГЭС.Договоры]
2025-09-17 14:38:40 [Debug] [SD1792470] Выполняю поиск внутри элемента [Журналы регистраций] - Журнал [ДФ.Договоры]. Фокус на элементе: [ВЛГЭС.ПЗД / Приложения к договорам]
2025-09-17 14:38:40 [Debug] [SD1792470] Выполняю поиск внутри элемента [Журналы регистраций] - Журнал [ДФ.Договоры]. Фокус на элементе: [ВЛГЭС.Проекты договоров]
2025-09-17 14:38:40 [Debug] [SD1792470] Выполняю поиск внутри элемента [Журналы регистраций] - Журнал [ДФ.Договоры]. Фокус на элементе: [ДФ.Договоры]
2025-09-17 14:38:40 [Info] [SD1792470] Журнал [ДФ.Договоры] внутри элемента [Журналы регистраций] найден.
2025-09-17 14:38:40 [Debug] [SD1792470] Элемент журнала прокручен в область видимости.
2025-09-17 14:38:41 [Info] [SD1792470] Элемент журнала выбран.
2025-09-17 14:38:41 [Info] [SD1792470] Элемент найден. Фокус успешно установлен на первый элемент таблицы договоров.
2025-09-17 14:38:41 [Info] [SD1792470] Нажали на кнопку [Выбрать] в окне [Выбор документа] со списком журналов.
2025-09-17 14:38:42 [Info] [SD1792470] Договор проставлен успешно. Номер договора: 1080-59-1-2013
2025-09-17 14:38:42 [Info] [SD1792470] Текущий подписант: [Гамзатов Тимур Гамзатович]. Меняю на: [Черданцева Наталья Викторовна].
2025-09-17 14:38:42 [Info] [SD1792470] Подписант успешно установлен: [Черданцева Наталья Викторовна].
2025-09-17 14:38:47 [Info] [SD1792470] Клик выполнен по элементу в центре: X=37, Y=85
2025-09-17 14:38:47 [Info] [SD1792470] Нажали на кнопку [Сохранить документ] в окне [Создать документ].
2025-09-17 14:38:50 [Error] [SD1792470] Контрагент отсутствует в Landocs. Закрываю приложение.
2025-09-17 14:38:53 [Debug] [SD1792470] Завершаем процесс LanDocs3 с ID 24956, пользователь: RobinLandocsAC
2025-09-17 14:38:53 [Error] [SD1792470] Ошибка: Контрагент отсутствует в Landocs. Работа робота завершена.
2025-09-17 14:38:53 [Error] [SD1792470] Ошибка: Контрагент отсутствует в Landocs. Работа робота завершена.
2025-09-17 14:38:53 [Error] [SD1792470] Ошибка в работе LanDocs [C:\Users\RobinLandocsAC\Desktop\LanDocsRobotReborn\landocs2\LandocsRobot\bin\Debug\Input\SD1792470+]: Контрагент отсутствует в Landocs. Работа робота завершена.
