2025-09-02 09:54:37 [Info]:  🤖 Запуск робота LandocsRobot
2025-09-02 09:54:37 [Info]:  Уровень логирования установлен на: Debug
2025-09-02 09:54:37 [Info]:  Параметры успешно загружены из config.xml
2025-09-02 09:54:37 [Info]:  Список организаций успешно загружен.
2025-09-02 09:54:37 [Info]:  Найдено 1 заяв(-ка) (-ок) для обработки.
2025-09-02 09:54:37 [Info]: [SD1792470] Начинаю обработку заявки: SD1792470+
2025-09-02 09:54:37 [Info]: [SD1792470] Файл заявки [SD1792470+.txt] найден. Начинаю обработку.
2025-09-02 09:54:37 [Debug]: [SD1792470] Начинается обработка файла: C:\Users\RobinLandocsAC\Desktop\LanDocsRobotReborn\landocs2\LandocsRobot\bin\Debug\Input\SD1792470+\SD1792470+.txt
2025-09-02 09:54:37 [Debug]: [SD1792470] Файл успешно прочитан: C:\Users\RobinLandocsAC\Desktop\LanDocsRobotReborn\landocs2\LandocsRobot\bin\Debug\Input\SD1792470+\SD1792470+.txt
2025-09-02 09:54:37 [Info]: [SD1792470] Извлеченные данные: Номер заявки - [SD1792470], Тип - [Годовая инвентаризация (по всем контрагентам и договорам)], Организация - [Дагестанский филиал], ППУД - [ДФ.Проекты ППУД]
2025-09-02 09:54:37 [Info]: [SD1792470] В папке [ЭДО] найдено 5 элементов. Начинаю обработку файлов.
2025-09-02 09:54:37 [Info]: [SD1792470] Сортировка и перемещение файлов завершены.
2025-09-02 09:54:37 [Debug]: [SD1792470] xlsx: 1 элементов.
2025-09-02 09:54:37 [Debug]: [SD1792470] pdf: 2 элементов.
2025-09-02 09:54:37 [Debug]: [SD1792470] zip: 102 элементов.
2025-09-02 09:54:37 [Debug]: [SD1792470] error: 1 элементов.
2025-09-02 09:54:37 [Debug]: [SD1792470] [+] Для файла [Акт св П 1000097213 Каримов Саид Алиевич ИП  №00000008061080 31.10.24_056206233185_ OK] найден соответствующий PDF.
2025-09-02 09:54:37 [Info]: [SD1792470] 0 файл(-а) (-ов) на конвертацию в PDF.
2025-09-02 09:54:37 [Info]: [SD1792470] Обработка заявки [SD1792470+] завершена успешно.
2025-09-02 09:54:37 [Info]: [SD1792470] Начинаю работу по файлу: Индекс: [0], Файл: [LandocsRobot.Program+FileData]. Всего файлов: [2]
2025-09-02 09:54:37 [Info]: [SD1792470] Запускаю Landocs.
2025-09-02 09:54:37 [Debug]: [SD1792470] Выполнил резервную копию файла профиля [C:\Users\RobinLandocsAC\AppData\Local\LANIT\LanDocs\3.6.1.39\UserSettings.xml] переименован в [C:\Users\RobinLandocsAC\AppData\Local\LANIT\LanDocs\3.6.1.39\UserSettings.bak].
2025-09-02 09:54:37 [Debug]: [SD1792470] Кастомный файл профиля landocs успешно перемещен из 'C:\Users\RobinLandocsAC\Desktop\LanDocsRobotReborn\landocs2\LandocsRobot\bin\Debug\UserSettings.xml' в 'C:\Users\RobinLandocsAC\AppData\Local\LANIT\LanDocs\3.6.1.39\UserSettings.xml'.
2025-09-02 09:54:37 [Info]: [SD1792470] Профиль Landocs успешно перемещен.
2025-09-02 09:54:37 [Info]: [SD1792470] Запускаю приложение Landocs по пути: C:\Users\RobinLandocsAC\AppData\Local\Apps\2.0\P5L8YXKH.MD2\WYROW58K.TZV\land...app_564c2c838af24d09_0003.0006_c04a00086fb426e6\LanDocs3.exe
2025-09-02 09:54:37 [Info]: [SD1792470] Запуск приложения: C:\Users\RobinLandocsAC\AppData\Local\Apps\2.0\P5L8YXKH.MD2\WYROW58K.TZV\land...app_564c2c838af24d09_0003.0006_c04a00086fb426e6\LanDocs3.exe
2025-09-02 09:54:38 [Info]: [SD1792470] Поиск окна приложения с именем: [RobinLandocs Робот (Мой LanDocs) - Избранное - LanDocs]. Время ожидания:[300] сек.
2025-09-02 09:55:05 [Info]:  🤖 Запуск робота LandocsRobot
2025-09-02 09:55:05 [Info]:  Уровень логирования установлен на: Debug
2025-09-02 09:55:05 [Info]:  Параметры успешно загружены из config.xml
2025-09-02 09:55:05 [Info]:  Список организаций успешно загружен.
2025-09-02 09:55:05 [Info]:  Найдено 1 заяв(-ка) (-ок) для обработки.
2025-09-02 09:55:05 [Info]: [SD1792470] Начинаю обработку заявки: SD1792470+
2025-09-02 09:55:05 [Info]: [SD1792470] Файл заявки [SD1792470+.txt] найден. Начинаю обработку.
2025-09-02 09:55:05 [Debug]: [SD1792470] Начинается обработка файла: C:\Users\RobinLandocsAC\Desktop\LanDocsRobotReborn\landocs2\LandocsRobot\bin\Debug\Input\SD1792470+\SD1792470+.txt
2025-09-02 09:55:05 [Debug]: [SD1792470] Файл успешно прочитан: C:\Users\RobinLandocsAC\Desktop\LanDocsRobotReborn\landocs2\LandocsRobot\bin\Debug\Input\SD1792470+\SD1792470+.txt
2025-09-02 09:55:05 [Info]: [SD1792470] Извлеченные данные: Номер заявки - [SD1792470], Тип - [Годовая инвентаризация (по всем контрагентам и договорам)], Организация - [Дагестанский филиал], ППУД - [ДФ.Проекты ППУД]
2025-09-02 09:55:05 [Info]: [SD1792470] В папке [ЭДО] найдено 5 элементов. Начинаю обработку файлов.
2025-09-02 09:55:05 [Info]: [SD1792470] Сортировка и перемещение файлов завершены.
2025-09-02 09:55:05 [Debug]: [SD1792470] xlsx: 1 элементов.
2025-09-02 09:55:05 [Debug]: [SD1792470] pdf: 2 элементов.
2025-09-02 09:55:05 [Debug]: [SD1792470] zip: 102 элементов.
2025-09-02 09:55:05 [Debug]: [SD1792470] error: 1 элементов.
2025-09-02 09:55:05 [Debug]: [SD1792470] [+] Для файла [Акт св П 1000097213 Каримов Саид Алиевич ИП  №00000008061080 31.10.24_056206233185_ OK] найден соответствующий PDF.
2025-09-02 09:55:05 [Info]: [SD1792470] 0 файл(-а) (-ов) на конвертацию в PDF.
2025-09-02 09:55:05 [Info]: [SD1792470] Обработка заявки [SD1792470+] завершена успешно.
2025-09-02 09:55:05 [Info]: [SD1792470] Начинаю работу по файлу: Индекс: [0], Файл: [LandocsRobot.Program+FileData]. Всего файлов: [2]
2025-09-02 09:55:05 [Info]: [SD1792470] Запускаю Landocs.
2025-09-02 09:55:05 [Debug]: [SD1792470] Выполнил резервную копию файла профиля [C:\Users\RobinLandocsAC\AppData\Local\LANIT\LanDocs\3.6.1.39\UserSettings.xml] переименован в [C:\Users\RobinLandocsAC\AppData\Local\LANIT\LanDocs\3.6.1.39\UserSettings.bak].
2025-09-02 09:55:05 [Debug]: [SD1792470] Кастомный файл профиля landocs успешно перемещен из 'C:\Users\RobinLandocsAC\Desktop\LanDocsRobotReborn\landocs2\LandocsRobot\bin\Debug\UserSettings.xml' в 'C:\Users\RobinLandocsAC\AppData\Local\LANIT\LanDocs\3.6.1.39\UserSettings.xml'.
2025-09-02 09:55:05 [Info]: [SD1792470] Профиль Landocs успешно перемещен.
2025-09-02 09:55:05 [Info]: [SD1792470] Запускаю приложение Landocs по пути: C:\Users\RobinLandocsAC\AppData\Local\Apps\2.0\P5L8YXKH.MD2\WYROW58K.TZV\land...app_564c2c838af24d09_0003.0006_c04a00086fb426e6\LanDocs3.exe
2025-09-02 09:55:05 [Info]: [SD1792470] Запуск приложения: C:\Users\RobinLandocsAC\AppData\Local\Apps\2.0\P5L8YXKH.MD2\WYROW58K.TZV\land...app_564c2c838af24d09_0003.0006_c04a00086fb426e6\LanDocs3.exe
2025-09-02 09:55:05 [Info]: [SD1792470] Поиск окна приложения с именем: [RobinLandocs Робот (Мой LanDocs) - Избранное - LanDocs]. Время ожидания:[300] сек.
2025-09-02 09:56:09 [Info]:  🤖 Запуск робота LandocsRobot
2025-09-02 09:56:09 [Info]:  Уровень логирования установлен на: Debug
2025-09-02 09:56:09 [Info]:  Параметры успешно загружены из config.xml
2025-09-02 09:56:09 [Info]:  Список организаций успешно загружен.
2025-09-02 09:56:09 [Info]:  Найдено 1 заяв(-ка) (-ок) для обработки.
2025-09-02 09:56:09 [Info]: [SD1792470] Начинаю обработку заявки: SD1792470+
2025-09-02 09:56:09 [Info]: [SD1792470] Файл заявки [SD1792470+.txt] найден. Начинаю обработку.
2025-09-02 09:56:09 [Debug]: [SD1792470] Начинается обработка файла: C:\Users\RobinLandocsAC\Desktop\LanDocsRobotReborn\landocs2\LandocsRobot\bin\Debug\Input\SD1792470+\SD1792470+.txt
2025-09-02 09:56:09 [Debug]: [SD1792470] Файл успешно прочитан: C:\Users\RobinLandocsAC\Desktop\LanDocsRobotReborn\landocs2\LandocsRobot\bin\Debug\Input\SD1792470+\SD1792470+.txt
2025-09-02 09:56:09 [Info]: [SD1792470] Извлеченные данные: Номер заявки - [SD1792470], Тип - [Годовая инвентаризация (по всем контрагентам и договорам)], Организация - [Дагестанский филиал], ППУД - [ДФ.Проекты ППУД]
2025-09-02 09:56:09 [Info]: [SD1792470] В папке [ЭДО] найдено 5 элементов. Начинаю обработку файлов.
2025-09-02 09:56:09 [Info]: [SD1792470] Сортировка и перемещение файлов завершены.
2025-09-02 09:56:09 [Debug]: [SD1792470] xlsx: 1 элементов.
2025-09-02 09:56:09 [Debug]: [SD1792470] pdf: 2 элементов.
2025-09-02 09:56:09 [Debug]: [SD1792470] zip: 102 элементов.
2025-09-02 09:56:09 [Debug]: [SD1792470] error: 1 элементов.
2025-09-02 09:56:09 [Debug]: [SD1792470] [+] Для файла [Акт св П 1000097213 Каримов Саид Алиевич ИП  №00000008061080 31.10.24_056206233185_ OK] найден соответствующий PDF.
2025-09-02 09:56:09 [Info]: [SD1792470] 0 файл(-а) (-ов) на конвертацию в PDF.
2025-09-02 09:56:09 [Info]: [SD1792470] Обработка заявки [SD1792470+] завершена успешно.
2025-09-02 09:56:09 [Info]: [SD1792470] Начинаю работу по файлу: Индекс: [0], Файл: [LandocsRobot.Program+FileData]. Всего файлов: [2]
2025-09-02 09:56:09 [Info]: [SD1792470] Запускаю Landocs.
2025-09-02 09:56:09 [Debug]: [SD1792470] Выполнил резервную копию файла профиля [C:\Users\RobinLandocsAC\AppData\Local\LANIT\LanDocs\3.6.1.39\UserSettings.xml] переименован в [C:\Users\RobinLandocsAC\AppData\Local\LANIT\LanDocs\3.6.1.39\UserSettings.bak].
2025-09-02 09:56:09 [Debug]: [SD1792470] Кастомный файл профиля landocs успешно перемещен из 'C:\Users\RobinLandocsAC\Desktop\LanDocsRobotReborn\landocs2\LandocsRobot\bin\Debug\UserSettings.xml' в 'C:\Users\RobinLandocsAC\AppData\Local\LANIT\LanDocs\3.6.1.39\UserSettings.xml'.
2025-09-02 09:56:09 [Info]: [SD1792470] Профиль Landocs успешно перемещен.
2025-09-02 09:56:09 [Info]: [SD1792470] Запускаю приложение Landocs по пути: C:\Users\RobinLandocsAC\AppData\Local\Apps\2.0\P5L8YXKH.MD2\WYROW58K.TZV\land...app_564c2c838af24d09_0003.0006_c04a00086fb426e6\LanDocs3.exe
2025-09-02 09:56:09 [Info]: [SD1792470] Запуск приложения: C:\Users\RobinLandocsAC\AppData\Local\Apps\2.0\P5L8YXKH.MD2\WYROW58K.TZV\land...app_564c2c838af24d09_0003.0006_c04a00086fb426e6\LanDocs3.exe
2025-09-02 09:56:09 [Info]: [SD1792470] Поиск окна приложения с именем: [RobinLandocs Робот (Мой LanDocs) - Избранное - LanDocs]. Время ожидания:[300] сек.
2025-09-02 09:56:11 [Debug]: [SD1792470] Ожидание окна приложения: [RobinLandocs Робот (Мой LanDocs) - Избранное - LanDocs]. Прошло [1] секунд...
2025-09-02 09:56:14 [Debug]: [SD1792470] Ожидание окна приложения: [RobinLandocs Робот (Мой LanDocs) - Избранное - LanDocs]. Прошло [2] секунд...
2025-09-02 09:56:15 [Debug]: [SD1792470] Ожидание окна приложения: [RobinLandocs Робот (Мой LanDocs) - Избранное - LanDocs]. Прошло [3] секунд...
2025-09-02 09:56:16 [Debug]: [SD1792470] Ожидание окна приложения: [RobinLandocs Робот (Мой LanDocs) - Избранное - LanDocs]. Прошло [4] секунд...
2025-09-02 09:56:17 [Debug]: [SD1792470] Ожидание окна приложения: [RobinLandocs Робот (Мой LanDocs) - Избранное - LanDocs]. Прошло [5] секунд...
2025-09-02 09:56:18 [Debug]: [SD1792470] Ожидание окна приложения: [RobinLandocs Робот (Мой LanDocs) - Избранное - LanDocs]. Прошло [6] секунд...
2025-09-02 09:56:25 [Debug]: [SD1792470] Ожидание окна приложения: [RobinLandocs Робот (Мой LanDocs) - Избранное - LanDocs]. Прошло [7] секунд...
2025-09-02 09:56:26 [Debug]: [SD1792470] Ожидание окна приложения: [RobinLandocs Робот (Мой LanDocs) - Избранное - LanDocs]. Прошло [8] секунд...
2025-09-02 09:56:27 [Debug]: [SD1792470] Ожидание окна приложения: [RobinLandocs Робот (Мой LanDocs) - Избранное - LanDocs]. Прошло [9] секунд...
2025-09-02 09:56:28 [Debug]: [SD1792470] Ожидание окна приложения: [RobinLandocs Робот (Мой LanDocs) - Избранное - LanDocs]. Прошло [10] секунд...
2025-09-02 09:56:28 [Warning]: [SD1792470] Ожидание окна приложения: [RobinLandocs Робот (Мой LanDocs) - Избранное - LanDocs]. Прошло [10] секунд.
2025-09-02 09:56:29 [Debug]: [SD1792470] Ожидание окна приложения: [RobinLandocs Робот (Мой LanDocs) - Избранное - LanDocs]. Прошло [11] секунд...
2025-09-02 09:56:30 [Debug]: [SD1792470] Ожидание окна приложения: [RobinLandocs Робот (Мой LanDocs) - Избранное - LanDocs]. Прошло [12] секунд...
2025-09-02 09:56:31 [Debug]: [SD1792470] Ожидание окна приложения: [RobinLandocs Робот (Мой LanDocs) - Избранное - LanDocs]. Прошло [13] секунд...
2025-09-02 09:56:32 [Debug]: [SD1792470] Ожидание окна приложения: [RobinLandocs Робот (Мой LanDocs) - Избранное - LanDocs]. Прошло [14] секунд...
2025-09-02 09:56:33 [Debug]: [SD1792470] Ожидание окна приложения: [RobinLandocs Робот (Мой LanDocs) - Избранное - LanDocs]. Прошло [15] секунд...
2025-09-02 09:56:34 [Debug]: [SD1792470] Ожидание окна приложения: [RobinLandocs Робот (Мой LanDocs) - Избранное - LanDocs]. Прошло [16] секунд...
2025-09-02 09:56:35 [Debug]: [SD1792470] Ожидание окна приложения: [RobinLandocs Робот (Мой LanDocs) - Избранное - LanDocs]. Прошло [17] секунд...
2025-09-02 09:56:36 [Debug]: [SD1792470] Ожидание окна приложения: [RobinLandocs Робот (Мой LanDocs) - Избранное - LanDocs]. Прошло [18] секунд...
2025-09-02 09:56:37 [Debug]: [SD1792470] Ожидание окна приложения: [RobinLandocs Робот (Мой LanDocs) - Избранное - LanDocs]. Прошло [19] секунд...
2025-09-02 09:56:38 [Debug]: [SD1792470] Ожидание окна приложения: [RobinLandocs Робот (Мой LanDocs) - Избранное - LanDocs]. Прошло [20] секунд...
2025-09-02 09:56:38 [Warning]: [SD1792470] Ожидание окна приложения: [RobinLandocs Робот (Мой LanDocs) - Избранное - LanDocs]. Прошло [20] секунд.
2025-09-02 09:56:39 [Debug]: [SD1792470] Ожидание окна приложения: [RobinLandocs Робот (Мой LanDocs) - Избранное - LanDocs]. Прошло [21] секунд...
2025-09-02 09:56:40 [Debug]: [SD1792470] Ожидание окна приложения: [RobinLandocs Робот (Мой LanDocs) - Избранное - LanDocs]. Прошло [22] секунд...
2025-09-02 09:56:41 [Debug]: [SD1792470] Ожидание окна приложения: [RobinLandocs Робот (Мой LanDocs) - Избранное - LanDocs]. Прошло [23] секунд...
2025-09-02 09:56:42 [Debug]: [SD1792470] Ожидание окна приложения: [RobinLandocs Робот (Мой LanDocs) - Избранное - LanDocs]. Прошло [24] секунд...
2025-09-02 09:56:43 [Debug]: [SD1792470] Ожидание окна приложения: [RobinLandocs Робот (Мой LanDocs) - Избранное - LanDocs]. Прошло [25] секунд...
2025-09-02 09:56:45 [Debug]: [SD1792470] Ожидание окна приложения: [RobinLandocs Робот (Мой LanDocs) - Избранное - LanDocs]. Прошло [26] секунд...
2025-09-02 09:56:46 [Debug]: [SD1792470] Ожидание окна приложения: [RobinLandocs Робот (Мой LanDocs) - Избранное - LanDocs]. Прошло [27] секунд...
2025-09-02 09:56:47 [Debug]: [SD1792470] Ожидание окна приложения: [RobinLandocs Робот (Мой LanDocs) - Избранное - LanDocs]. Прошло [28] секунд...
2025-09-02 09:56:48 [Debug]: [SD1792470] Ожидание окна приложения: [RobinLandocs Робот (Мой LanDocs) - Избранное - LanDocs]. Прошло [29] секунд...
2025-09-02 09:56:49 [Debug]: [SD1792470] Ожидание окна приложения: [RobinLandocs Робот (Мой LanDocs) - Избранное - LanDocs]. Прошло [30] секунд...
2025-09-02 09:56:49 [Warning]: [SD1792470] Ожидание окна приложения: [RobinLandocs Робот (Мой LanDocs) - Избранное - LanDocs]. Прошло [30] секунд.
2025-09-02 09:56:50 [Debug]: [SD1792470] Ожидание окна приложения: [RobinLandocs Робот (Мой LanDocs) - Избранное - LanDocs]. Прошло [31] секунд...
2025-09-02 09:56:51 [Debug]: [SD1792470] Ожидание окна приложения: [RobinLandocs Робот (Мой LanDocs) - Избранное - LanDocs]. Прошло [32] секунд...
2025-09-02 09:56:52 [Debug]: [SD1792470] Ожидание окна приложения: [RobinLandocs Робот (Мой LanDocs) - Избранное - LanDocs]. Прошло [33] секунд...
2025-09-02 09:56:53 [Debug]: [SD1792470] Ожидание окна приложения: [RobinLandocs Робот (Мой LanDocs) - Избранное - LanDocs]. Прошло [34] секунд...
2025-09-02 09:56:54 [Debug]: [SD1792470] Ожидание окна приложения: [RobinLandocs Робот (Мой LanDocs) - Избранное - LanDocs]. Прошло [35] секунд...
2025-09-02 09:56:55 [Debug]: [SD1792470] Ожидание окна приложения: [RobinLandocs Робот (Мой LanDocs) - Избранное - LanDocs]. Прошло [36] секунд...
2025-09-02 09:56:56 [Debug]: [SD1792470] Ожидание окна приложения: [RobinLandocs Робот (Мой LanDocs) - Избранное - LanDocs]. Прошло [37] секунд...
2025-09-02 09:56:57 [Debug]: [SD1792470] Ожидание окна приложения: [RobinLandocs Робот (Мой LanDocs) - Избранное - LanDocs]. Прошло [38] секунд...
2025-09-02 09:56:58 [Debug]: [SD1792470] Ожидание окна приложения: [RobinLandocs Робот (Мой LanDocs) - Избранное - LanDocs]. Прошло [39] секунд...
2025-09-02 09:56:59 [Debug]: [SD1792470] Ожидание окна приложения: [RobinLandocs Робот (Мой LanDocs) - Избранное - LanDocs]. Прошло [40] секунд...
2025-09-02 09:56:59 [Warning]: [SD1792470] Ожидание окна приложения: [RobinLandocs Робот (Мой LanDocs) - Избранное - LanDocs]. Прошло [40] секунд.
2025-09-02 09:57:00 [Debug]: [SD1792470] Ожидание окна приложения: [RobinLandocs Робот (Мой LanDocs) - Избранное - LanDocs]. Прошло [41] секунд...
2025-09-02 09:57:01 [Debug]: [SD1792470] Ожидание окна приложения: [RobinLandocs Робот (Мой LanDocs) - Избранное - LanDocs]. Прошло [42] секунд...
2025-09-02 09:57:02 [Debug]: [SD1792470] Ожидание окна приложения: [RobinLandocs Робот (Мой LanDocs) - Избранное - LanDocs]. Прошло [43] секунд...
2025-09-02 09:57:03 [Debug]: [SD1792470] Ожидание окна приложения: [RobinLandocs Робот (Мой LanDocs) - Избранное - LanDocs]. Прошло [44] секунд...
2025-09-02 09:57:04 [Debug]: [SD1792470] Ожидание окна приложения: [RobinLandocs Робот (Мой LanDocs) - Избранное - LanDocs]. Прошло [45] секунд...
2025-09-02 09:57:05 [Debug]: [SD1792470] Ожидание окна приложения: [RobinLandocs Робот (Мой LanDocs) - Избранное - LanDocs]. Прошло [46] секунд...
2025-09-02 09:57:07 [Debug]: [SD1792470] Ожидание окна приложения: [RobinLandocs Робот (Мой LanDocs) - Избранное - LanDocs]. Прошло [47] секунд...
2025-09-02 09:57:08 [Debug]: [SD1792470] Ожидание окна приложения: [RobinLandocs Робот (Мой LanDocs) - Избранное - LanDocs]. Прошло [48] секунд...
2025-09-02 09:57:09 [Debug]: [SD1792470] Ожидание окна приложения: [RobinLandocs Робот (Мой LanDocs) - Избранное - LanDocs]. Прошло [49] секунд...
2025-09-02 09:57:10 [Debug]: [SD1792470] Ожидание окна приложения: [RobinLandocs Робот (Мой LanDocs) - Избранное - LanDocs]. Прошло [50] секунд...
2025-09-02 09:57:10 [Warning]: [SD1792470] Ожидание окна приложения: [RobinLandocs Робот (Мой LanDocs) - Избранное - LanDocs]. Прошло [50] секунд.
2025-09-02 09:57:11 [Debug]: [SD1792470] Ожидание окна приложения: [RobinLandocs Робот (Мой LanDocs) - Избранное - LanDocs]. Прошло [51] секунд...
2025-09-02 09:57:12 [Debug]: [SD1792470] Ожидание окна приложения: [RobinLandocs Робот (Мой LanDocs) - Избранное - LanDocs]. Прошло [52] секунд...
2025-09-02 09:57:13 [Debug]: [SD1792470] Ожидание окна приложения: [RobinLandocs Робот (Мой LanDocs) - Избранное - LanDocs]. Прошло [53] секунд...
2025-09-02 09:57:55 [Info]:  🤖 Запуск робота LandocsRobot
2025-09-02 09:57:55 [Info]:  Уровень логирования установлен на: Debug
2025-09-02 09:57:55 [Info]:  Параметры успешно загружены из config.xml
2025-09-02 09:57:55 [Info]:  Список организаций успешно загружен.
2025-09-02 09:57:55 [Info]:  Найдено 1 заяв(-ка) (-ок) для обработки.
2025-09-02 09:57:55 [Info]: [SD1792470] Начинаю обработку заявки: SD1792470+
2025-09-02 09:57:55 [Info]: [SD1792470] Файл заявки [SD1792470+.txt] найден. Начинаю обработку.
2025-09-02 09:57:55 [Debug]: [SD1792470] Начинается обработка файла: C:\Users\RobinLandocsAC\Desktop\LanDocsRobotReborn\landocs2\LandocsRobot\bin\Debug\Input\SD1792470+\SD1792470+.txt
2025-09-02 09:57:55 [Debug]: [SD1792470] Файл успешно прочитан: C:\Users\RobinLandocsAC\Desktop\LanDocsRobotReborn\landocs2\LandocsRobot\bin\Debug\Input\SD1792470+\SD1792470+.txt
2025-09-02 09:57:56 [Info]: [SD1792470] Извлеченные данные: Номер заявки - [SD1792470], Тип - [Годовая инвентаризация (по всем контрагентам и договорам)], Организация - [Дагестанский филиал], ППУД - [ДФ.Проекты ППУД]
2025-09-02 09:57:56 [Info]: [SD1792470] В папке [ЭДО] найдено 5 элементов. Начинаю обработку файлов.
2025-09-02 09:57:56 [Info]: [SD1792470] Сортировка и перемещение файлов завершены.
2025-09-02 09:57:56 [Debug]: [SD1792470] xlsx: 1 элементов.
2025-09-02 09:57:56 [Debug]: [SD1792470] pdf: 2 элементов.
2025-09-02 09:57:56 [Debug]: [SD1792470] zip: 102 элементов.
2025-09-02 09:57:56 [Debug]: [SD1792470] error: 1 элементов.
2025-09-02 09:57:56 [Debug]: [SD1792470] [+] Для файла [Акт св П 1000097213 Каримов Саид Алиевич ИП  №00000008061080 31.10.24_056206233185_ OK] найден соответствующий PDF.
2025-09-02 09:57:56 [Info]: [SD1792470] 0 файл(-а) (-ов) на конвертацию в PDF.
2025-09-02 09:57:56 [Info]: [SD1792470] Обработка заявки [SD1792470+] завершена успешно.
2025-09-02 09:57:56 [Info]: [SD1792470] Начинаю работу по файлу: Индекс: [0], Файл: [LandocsRobot.Program+FileData]. Всего файлов: [2]
2025-09-02 09:57:56 [Info]: [SD1792470] Запускаю Landocs.
2025-09-02 09:57:56 [Debug]: [SD1792470] Выполнил резервную копию файла профиля [C:\Users\RobinLandocsAC\AppData\Local\LANIT\LanDocs\3.6.1.39\UserSettings.xml] переименован в [C:\Users\RobinLandocsAC\AppData\Local\LANIT\LanDocs\3.6.1.39\UserSettings.bak].
2025-09-02 09:57:56 [Debug]: [SD1792470] Кастомный файл профиля landocs успешно перемещен из 'C:\Users\RobinLandocsAC\Desktop\LanDocsRobotReborn\landocs2\LandocsRobot\bin\Debug\UserSettings.xml' в 'C:\Users\RobinLandocsAC\AppData\Local\LANIT\LanDocs\3.6.1.39\UserSettings.xml'.
2025-09-02 09:57:56 [Info]: [SD1792470] Профиль Landocs успешно перемещен.
2025-09-02 09:57:56 [Info]: [SD1792470] Запускаю приложение Landocs по пути: C:\Users\RobinLandocsAC\AppData\Local\Apps\2.0\P5L8YXKH.MD2\WYROW58K.TZV\land...app_564c2c838af24d09_0003.0006_c04a00086fb426e6\LanDocs3.exe
2025-09-02 09:57:56 [Info]: [SD1792470] Запуск приложения: C:\Users\RobinLandocsAC\AppData\Local\Apps\2.0\P5L8YXKH.MD2\WYROW58K.TZV\land...app_564c2c838af24d09_0003.0006_c04a00086fb426e6\LanDocs3.exe
2025-09-02 09:57:56 [Info]: [SD1792470] Поиск окна приложения с именем: [_robin_landocs (Мой LanDocs) - Избранное - LanDocs]. Время ожидания:[300] сек.
2025-09-02 09:57:57 [Debug]: [SD1792470] Ожидание окна приложения: [_robin_landocs (Мой LanDocs) - Избранное - LanDocs]. Прошло [1] секунд...
2025-09-02 09:58:01 [Debug]: [SD1792470] Ожидание окна приложения: [_robin_landocs (Мой LanDocs) - Избранное - LanDocs]. Прошло [2] секунд...
2025-09-02 09:58:02 [Debug]: [SD1792470] Ожидание окна приложения: [_robin_landocs (Мой LanDocs) - Избранное - LanDocs]. Прошло [3] секунд...
2025-09-02 09:58:03 [Debug]: [SD1792470] Ожидание окна приложения: [_robin_landocs (Мой LanDocs) - Избранное - LanDocs]. Прошло [4] секунд...
2025-09-02 09:58:04 [Debug]: [SD1792470] Ожидание окна приложения: [_robin_landocs (Мой LanDocs) - Избранное - LanDocs]. Прошло [5] секунд...
2025-09-02 09:58:05 [Debug]: [SD1792470] Ожидание окна приложения: [_robin_landocs (Мой LanDocs) - Избранное - LanDocs]. Прошло [6] секунд...
2025-09-02 09:58:11 [Debug]: [SD1792470] Ожидание окна приложения: [_robin_landocs (Мой LanDocs) - Избранное - LanDocs]. Прошло [7] секунд...
2025-09-02 09:58:11 [Info]: [SD1792470] Landocs успешно запустился.
2025-09-02 09:58:11 [Info]: [SD1792470] Приложение Landocs успешно запущено и окно найдено.
2025-09-02 09:58:16 [Info]: [SD1792470] Начинаю поиск вкладки [Главная] в навигационном меню...
2025-09-02 09:58:17 [Info]: [SD1792470] Вкладка [Главная] найдена. Выполняю клик.
2025-09-02 09:58:17 [Info]: [SD1792470] Клик выполнен по элементу в центре: X=114, Y=37
2025-09-02 09:58:17 [Info]: [SD1792470] Клик по вкладке [Главная] успешно выполнен.
2025-09-02 09:58:17 [Info]: [SD1792470] Начинаю поиск кнопки [Документы] в навигационном меню...
2025-09-02 09:58:17 [Info]: [SD1792470] Нашел ссылку [Документы] в левом навигационном меню
2025-09-02 09:58:18 [Info]: [SD1792470] Клик по элементу [Документы] успешно выполнен.
2025-09-02 09:58:18 [Info]: [SD1792470] Нажимаем Ctrl+F для вызова окна поиска ППУД.
2025-09-02 09:58:21 [Info]: [SD1792470] Элемент окна поиска ППУД успешно найден.
2025-09-02 09:58:21 [Info]: [SD1792470] Значение введено в окно поиска ППУД через ValuePattern.
2025-09-02 09:58:21 [Info]: [SD1792470] Ищу кнопку [Вниз] в окне поиска ППУД.
2025-09-02 09:58:21 [Info]: [SD1792470] Фокус успешно установлен на кнопку [Вниз].
2025-09-02 09:58:23 [Info]: [SD1792470] Нажали кнопку [Вниз] в окне поиска ППУД.
2025-09-02 09:58:23 [Info]: [SD1792470] Нажали кнопку [Вниз] в окне поиска ППУД успешно.
2025-09-02 09:58:25 [Info]: [SD1792470] Начинаю поиск элемента ППУД в списке документов.
2025-09-02 09:58:25 [Info]: [SD1792470] Группа элементов найдена. Ищу ППУД с значением: [ДФ.Проекты ППУД].
2025-09-02 09:58:26 [Info]: [SD1792470] ППУД [ДФ.Проекты ППУД] найден и успешно обработан.
2025-09-02 09:58:26 [Info]: [SD1792470] Начинаю поиск кнопки для создания документа.
2025-09-02 09:58:27 [Info]: [SD1792470] Кнопка [Создать документ] найдена. Устанавливаю фокус и выполняю действие.
2025-09-02 09:58:27 [Info]: [SD1792470] Клик выполнен по элементу в центре: X=34, Y=85
2025-09-02 09:58:27 [Info]: [SD1792470] Успешно нажали на кнопку [Создать документ].
2025-09-02 09:58:27 [Info]: [SD1792470] Начинаю поиск окна создания документа.
2025-09-02 09:58:32 [Info]: [SD1792470] Появилось окно создания документа: [Без имени - Документ LanDocs].
2025-09-02 09:58:32 [Info]: [SD1792470] Начинаю процесс выбора типа документа.
2025-09-02 09:58:32 [Info]: [SD1792470] Открыли список выбора типа документа.
2025-09-02 09:58:32 [Info]: [SD1792470] Выбрали тип документа: [ППУД. Исходящий электронный документ].
2025-09-02 09:58:32 [Info]: [SD1792470] Начинаю поиск и выбор типа документа для второго типа.
2025-09-02 09:58:33 [Info]: [SD1792470] Нажали на кнопку выбора типа документа.
2025-09-02 09:58:33 [Info]: [SD1792470] Выбрали тип документа: [ППУД ИСХ. Акт сверки по договору / договорам].
2025-09-02 09:58:33 [Info]: [SD1792470] Начинаю поиск кнопки для открытия окна с контрагентами.
2025-09-02 09:58:34 [Info]: [SD1792470] Клик выполнен по элементу в центре: X=738, Y=440
2025-09-02 09:58:34 [Info]: [SD1792470] Нажали на кнопку [Открыть окно с контрагентами].
2025-09-02 09:58:37 [Info]: [SD1792470] Появилось окно поиска контрагента [Выбор элемента]
2025-09-02 09:58:37 [Info]: [SD1792470] Значение [0541031172] успешно введено в поле поиска контрагента через ValuePattern.
2025-09-02 09:58:37 [Info]: [SD1792470] Нажали на кнопку поиска контрагента[Поиск]
2025-09-02 09:58:37 [Info]: [SD1792470] Начинаем поиск элемента 'Список контрагентов'...
2025-09-02 09:58:38 [Info]: [SD1792470] Элемент 'Список контрагентов' найден. Пытаемся найти 'Панель данных' внутри списка...
2025-09-02 09:58:38 [Info]: [SD1792470] 'Панель данных' найдена. Получаем список контрагентов...
2025-09-02 09:58:38 [Info]: [SD1792470] Получен список контрагентов: найдено 1 элементов.
2025-09-02 09:58:38 [Debug]: [SD1792470] Обработка контрагента под индексом [0]...
2025-09-02 09:58:38 [Debug]: [SD1792470] Найден контрагент [0]: [Дагестанская энергосбытоваякомпания ПАО, ИНН: 0541031172, КПП: 057201001]
2025-09-02 09:58:38 [Info]: [SD1792470] Все элементы контрагентов обработаны. Выполняем поиск необходимого контрагента...
2025-09-02 09:58:38 [Info]: [SD1792470] Необходимый контрагент найден: ключ [0].
2025-09-02 09:58:38 [Info]: [SD1792470] Выбираем найденного контрагента.
2025-09-02 09:58:38 [Info]: [SD1792470] Работа с найденным элементом завершена.
2025-09-02 09:58:38 [Info]: [SD1792470] Начинаем поиск кнопки [Выбрать] в окне [Выбор элемента] со списком контрагентов...
2025-09-02 09:58:38 [Info]: [SD1792470] Кнопка [Выбрать] найдена. Пытаемся нажать на кнопку...
2025-09-02 09:58:38 [Info]: [SD1792470] Нажали на кнопку [Выбрать] в окне [Выбор элемента] со списком контрагентов.
2025-09-02 09:58:38 [Info]: [SD1792470] Начинаем поиск кнопки [...] для выбора договора в окне [Создание документа]...
2025-09-02 09:58:38 [Info]: [SD1792470] Кнопка открытия окна с  договорами найдена. Пытаемся нажать на кнопку...
2025-09-02 09:58:38 [Info]: [SD1792470] Клик выполнен по элементу в центре: X=114, Y=550
2025-09-02 09:58:38 [Info]: [SD1792470] Нажали на кнопку открытия окна с договорами в окне [Создание документа].
2025-09-02 09:58:39 [Info]: [SD1792470] Окно поиска контрагента [Выбор документа] найдено.
2025-09-02 09:58:39 [Info]: [SD1792470] Начинаем поиск дерева элементов списка [Журналы регистрации]...
2025-09-02 09:58:39 [Info]: [SD1792470] Элемент дерева [Журналы регистрации] найден.
2025-09-02 09:58:39 [Info]: [SD1792470] Элемент дерева [Журналы регистрации] найден. Пытаемся инициализировать скролл...
2025-09-02 09:58:39 [Info]: [SD1792470] Элемент скролла [Vertical] найден! Работа робота продолжается.
2025-09-02 09:58:39 [Info]: [SD1792470] Элемент [Журналы регистраций] найден.
2025-09-02 09:58:39 [Debug]: [SD1792470] Элемент [Журналы регистраций] уже раскрыт.
2025-09-02 09:58:39 [Info]: [SD1792470] Количество журналов [78]
2025-09-02 09:58:39 [Debug]: [SD1792470] Выполняю поиск внутри элемента [Журналы регистраций] - Журнал [ДФ.Договоры]. Фокус на элементе: [БГЭС.Договоры]
2025-09-02 09:58:39 [Debug]: [SD1792470] Выполняю поиск внутри элемента [Журналы регистраций] - Журнал [ДФ.Договоры]. Фокус на элементе: [БГЭС.ПЗД / Приложения к договорам]
2025-09-02 09:58:39 [Debug]: [SD1792470] Выполняю поиск внутри элемента [Журналы регистраций] - Журнал [ДФ.Договоры]. Фокус на элементе: [БГЭС.Проекты договоров]
2025-09-02 09:58:39 [Debug]: [SD1792470] Выполняю поиск внутри элемента [Журналы регистраций] - Журнал [ДФ.Договоры]. Фокус на элементе: [ВГЭС.Договоры]
2025-09-02 09:58:39 [Debug]: [SD1792470] Выполняю поиск внутри элемента [Журналы регистраций] - Журнал [ДФ.Договоры]. Фокус на элементе: [ВГЭС.ПЗД / Приложения к договорам]
2025-09-02 09:58:39 [Debug]: [SD1792470] Выполняю поиск внутри элемента [Журналы регистраций] - Журнал [ДФ.Договоры]. Фокус на элементе: [ВГЭС.Проекты договоров]
2025-09-02 09:58:39 [Debug]: [SD1792470] Выполняю поиск внутри элемента [Журналы регистраций] - Журнал [ДФ.Договоры]. Фокус на элементе: [ВЛГЭС.Договоры]
2025-09-02 09:58:39 [Debug]: [SD1792470] Выполняю поиск внутри элемента [Журналы регистраций] - Журнал [ДФ.Договоры]. Фокус на элементе: [ВЛГЭС.ПЗД / Приложения к договорам]
2025-09-02 09:58:39 [Debug]: [SD1792470] Выполняю поиск внутри элемента [Журналы регистраций] - Журнал [ДФ.Договоры]. Фокус на элементе: [ВЛГЭС.Проекты договоров]
2025-09-02 09:58:39 [Debug]: [SD1792470] Выполняю поиск внутри элемента [Журналы регистраций] - Журнал [ДФ.Договоры]. Фокус на элементе: [ДФ.Договоры]
2025-09-02 09:58:39 [Info]: [SD1792470] Журнал [ДФ.Договоры] внутри элемента [Журналы регистраций] найден.
2025-09-02 09:58:39 [Debug]: [SD1792470] Элемент журнала прокручен в область видимости.
2025-09-02 09:58:41 [Info]: [SD1792470] Элемент журнала выбран.
2025-09-02 09:58:41 [Info]: [SD1792470] Элемент найден. Фокус успешно установлен на первый элемент таблицы договоров.
2025-09-02 09:58:41 [Info]: [SD1792470] Нажали на кнопку [Выбрать] в окне [Выбор документа] со списком журналов.
2025-09-02 09:58:42 [Info]: [SD1792470] Договор проставлен успешно. Номер договора: 1080-59-1-2013
2025-09-02 09:58:42 [Info]: [SD1792470] Текущий подписант: [Гамзатов Тимур Гамзатович]. Меняю на: [Черданцева Наталья Викторовна].
2025-09-02 09:58:42 [Info]: [SD1792470] Подписант успешно установлен: [Черданцева Наталья Викторовна].
2025-09-02 09:58:42 [Info]: [SD1792470] Клик выполнен по элементу в центре: X=37, Y=85
2025-09-02 09:58:42 [Info]: [SD1792470] Нажали на кнопку [Сохранить документ] в окне [Создать документ].
2025-09-02 09:58:43 [Info]: [SD1792470] Элемент неактивен, ждем 1 минуту...
2025-09-02 09:59:44 [Info]: [SD1792470] Элемент неактивен, ждем 1 минуту...
