2025-09-28 22:50:58 [Info] 🤖 Запуск робота LandocsRobot
2025-09-28 22:50:58 [Info] Параметры успешно загружены из config.xml
2025-09-28 22:50:58 [Info] Уровень логирования установлен на: Debug
2025-09-28 22:50:58 [Info] Список организаций успешно загружен.
2025-09-28 22:50:58 [Info] Найдено 1 заяв(-ка) (-ок) для обработки.
2025-09-28 22:50:58 [Info] [SD2476877] Начинаю обработку заявки: SD2476877+
2025-09-28 22:50:58 [Info] [SD2476877] Файл заявки [SD2476877+.txt] найден. Начинаю обработку.
2025-09-28 22:50:58 [Debug] [SD2476877] Начинается обработка файла: C:\Users\RobinLandocsAC\Desktop\test\LandocsRobot\bin\Debug\Input\SD2476877+\SD2476877+.txt
2025-09-28 22:50:58 [Debug] [SD2476877] Файл успешно прочитан: C:\Users\RobinLandocsAC\Desktop\test\LandocsRobot\bin\Debug\Input\SD2476877+\SD2476877+.txt
2025-09-28 22:50:58 [Info] [SD2476877] Извлеченные данные: Номер заявки - [SD2476877], Тип - [Годовая инвентаризация (по всем контрагентам и договорам)], Организация - [Чебоксарская ГЭС], ППУД - [ЧГЭС.Проекты ППУД]
2025-09-28 22:50:58 [Info] [SD2476877] В папке [ЭДО] найдено 5 элементов. Начинаю обработку файлов.
2025-09-28 22:50:58 [Info] [SD2476877] Сортировка и перемещение файлов завершены.
2025-09-28 22:50:58 [Debug] [SD2476877] xlsx: 31 элементов.
2025-09-28 22:50:58 [Debug] [SD2476877] pdf: 28 элементов.
2025-09-28 22:50:58 [Debug] [SD2476877] zip: 27 элементов.
2025-09-28 22:50:58 [Debug] [SD2476877] error: 0 элементов.
2025-09-28 22:50:58 [Debug] [SD2476877] [+] Для файла [Акт св П 1000000331 Чувашская энергосбытовая компания А О  №00000006391350 31.12.24_2128700232_213001001 OK] PDF уже существует — конвертация не требуется.
2025-09-28 22:50:58 [Warning] [SD2476877] [-] Для файла [Акт св П 1000008293 ВымпелКом ПАО  №00000006401350 31.12.24_7713076301_997750001 OK] PDF не найден — добавлен в очередь на конвертацию.
2025-09-28 22:50:58 [Warning] [SD2476877] [-] Для файла [Акт св П 1000008300 Институт Гидропроект АО  №00000006411350 31.12.24_7743714777_774301001 OK] PDF не найден — добавлен в очередь на конвертацию.
2025-09-28 22:50:58 [Warning] [SD2476877] [-] Для файла [Акт св П 1000008313 ТК РусГидро АО  №00000006421350 31.12.24_1902018248_190201001 OK] PDF не найден — добавлен в очередь на конвертацию.
2025-09-28 22:50:58 [Debug] [SD2476877] [+] Для файла [Акт св П 1000008385 Форт Диалог АО  №00000006431350 31.12.24_1650006259_213043001 OK] PDF уже существует — конвертация не требуется.
2025-09-28 22:50:58 [Debug] [SD2476877] [+] Для файла [Акт св П 1000008741 Филиал в Чувашской Республике ПАО Р остелеком  №00000006441350 31.12.24_7707049388_213043001 OK] PDF уже существует — конвертация не требуется.
2025-09-28 22:50:58 [Debug] [SD2476877] [+] Для файла [Акт св П 1000008741 Филиал в Чувашской Республике ПАО Р остелеком  №00000006681350 31.12.24_7707049388_213043001 OK] PDF уже существует — конвертация не требуется.
2025-09-28 22:50:58 [Debug] [SD2476877] [+] Для файла [Акт св П 1000009829 ВНИИГ им.Б.Е.Веденеева АО  №00000006451350 31.12.24_7804004400_780401001 OK] PDF уже существует — конвертация не требуется.
2025-09-28 22:50:58 [Debug] [SD2476877] [+] Для файла [Акт св П 1000010374 Терра Импэкс ООО  №00000006461350 31.12.24_5408222633_540801001 OK] PDF уже существует — конвертация не требуется.
2025-09-28 22:50:58 [Warning] [SD2476877] [-] Для файла [Акт св П 1000011942 Чебоксарский филиал Гидроремонт-ВКК  в г. Новочебоксарск АО  №00000006471350 31.12.24_6345012488_212443001 OK] PDF не найден — добавлен в очередь на конвертацию.
2025-09-28 22:50:58 [Warning] [SD2476877] [-] Для файла [Акт св П 1000011942 Чебоксарский филиал Гидроремонт-ВКК  в г. Новочебоксарск АО  №00000006651350 31.12.24_6345012488_212443001 OK] PDF не найден — добавлен в очередь на конвертацию.
2025-09-28 22:50:58 [Debug] [SD2476877] [+] Для файла [Акт св П 1000014634 РусГидро ИТ сервис ООО  №00000006481350 31.12.24_1902022558_246601001 OK] PDF уже существует — конвертация не требуется.
2025-09-28 22:50:58 [Debug] [SD2476877] [+] Для файла [Акт св П 1000015041 Ракурс-инжиниринг ООО  №00000006491350 31.12.24_7805446129_781901001 OK] PDF уже существует — конвертация не требуется.
2025-09-28 22:50:58 [Debug] [SD2476877] [+] Для файла [Акт св П 1000015041 Ракурс-инжиниринг ООО  №00000006661350 31.12.24_7805446129_781901001 OK] PDF уже существует — конвертация не требуется.
2025-09-28 22:50:58 [Debug] [SD2476877] [+] Для файла [Акт св П 1000040544 Имидж Трейдинг ООО  №00000006501350 31.12.24_1655215552_165501001 OK] PDF уже существует — конвертация не требуется.
2025-09-28 22:50:58 [Debug] [SD2476877] [+] Для файла [Акт св П 1000045292 СК РусГидро АО  №00000006511350 31.12.24_2526007482_272101001 OK] PDF уже существует — конвертация не требуется.
2025-09-28 22:50:58 [Debug] [SD2476877] [+] Для файла [Акт св П 1000051343 Правда ПФО ООО  №00000006521350 31.12.24_6671429448_668501001 OK] PDF уже существует — конвертация не требуется.
2025-09-28 22:50:58 [Debug] [SD2476877] [+] Для файла [Акт св П 1000055880 КомТрейд-Прогресс ООО  №00000006531350 31.12.24_2130181457_213001001 OK] PDF уже существует — конвертация не требуется.
2025-09-28 22:50:58 [Debug] [SD2476877] [+] Для файла [Акт св П 1000055912 ТД Энергомашкомплект ООО  №00000006541350 31.12.24_6454085567_645401001 OK] PDF уже существует — конвертация не требуется.
2025-09-28 22:50:58 [Debug] [SD2476877] [+] Для файла [Акт св П 1000057163 Институт Гидропроект-НИИЭС АО филиа л  №00000006551350 31.12.24_7743714777_773343002 OK] PDF уже существует — конвертация не требуется.
2025-09-28 22:50:58 [Debug] [SD2476877] [+] Для файла [Акт св П 1000059710 НКТВ ООО  №00000006561350 31.12.24_2124025080_212401001 OK] PDF уже существует — конвертация не требуется.
2025-09-28 22:50:58 [Debug] [SD2476877] [+] Для файла [Акт св П 1000062045 НПФ Открытие АО  №00000005601350 31.12.24_7704300571_770201001 OK] PDF уже существует — конвертация не требуется.
2025-09-28 22:50:58 [Debug] [SD2476877] [+] Для файла [Акт св П 1000063039 Ситиматик Чувашия ООО  №00000006571350 31.12.24_2130132322_213001001 OK] PDF уже существует — конвертация не требуется.
2025-09-28 22:50:58 [Debug] [SD2476877] [+] Для файла [Акт св П 1000086379 Регионспас ООО  №00000006581350 31.12.24_1660188696_168401001 OK] PDF уже существует — конвертация не требуется.
2025-09-28 22:50:58 [Debug] [SD2476877] [+] Для файла [Акт св П 1000092631 ТНС энерго Марий Эл ПАО  №00000006591350 31.12.24_1215099739_121745002 OK] PDF уже существует — конвертация не требуется.
2025-09-28 22:50:58 [Debug] [SD2476877] [+] Для файла [Акт св П 1000092632 ТНС энерго Марий Эл ПАО  №00000006601350 31.12.24_1215099739_121632001 OK] PDF уже существует — конвертация не требуется.
2025-09-28 22:50:58 [Debug] [SD2476877] [+] Для файла [Акт св П 1000094985 Релематика УЦ ДПО НОЧУ  №00000006611350 31.12.24_2130998834_213001001 OK] PDF уже существует — конвертация не требуется.
2025-09-28 22:50:58 [Debug] [SD2476877] [+] Для файла [Акт св П 1000097282 Почта Россия АО УФПС Чувашской Рес публики  №00000006621350 31.12.24_7724490000_213043001 OK] PDF уже существует — конвертация не требуется.
2025-09-28 22:50:58 [Debug] [SD2476877] [+] Для файла [Акт св П 1000097513 СЭС Дезрум ООО  №00000006631350 31.12.24_2130207578_213001001 OK] PDF уже существует — конвертация не требуется.
2025-09-28 22:50:58 [Warning] [SD2476877] [-] Для файла [Акт св П 4000001270 ГУП Чувашской республики КС г. Ново чебоксарска Минстроя Чувашии  №00000006641350 31.12.24_2124000310_212401001] PDF не найден — добавлен в очередь на конвертацию.
2025-09-28 22:50:58 [Warning] [SD2476877] [-] Для файла [Акт св П 4000001270 ГУП Чувашской республики КС г. Ново чебоксарска Минстроя Чувашии  №00000006671350 31.12.24_2124000310_212401001] PDF не найден — добавлен в очередь на конвертацию.
2025-09-28 22:50:58 [Info] [SD2476877] 7 файл(-а) (-ов) на конвертацию в PDF.
2025-09-28 22:51:00 [Debug] [SD2476877] Обработка файла: C:\Users\RobinLandocsAC\Desktop\test\LandocsRobot\bin\Debug\Input\SD2476877+\ЭДО\xlsx\Акт св П 1000008293 ВымпелКом ПАО  №00000006401350 31.12.24_7713076301_997750001 OK.xlsx
2025-09-28 22:51:00 [Debug] [SD2476877] Выходной файл: C:\Users\RobinLandocsAC\Desktop\test\LandocsRobot\bin\Debug\Input\SD2476877+\ЭДО\pdf\Акт св П 1000008293 ВымпелКом ПАО  №00000006401350 31.12.24_7713076301_997750001.pdf
2025-09-28 22:51:02 [Debug] [SD2476877] [✓] Успешно конвертировано: C:\Users\RobinLandocsAC\Desktop\test\LandocsRobot\bin\Debug\Input\SD2476877+\ЭДО\pdf\Акт св П 1000008293 ВымпелКом ПАО  №00000006401350 31.12.24_7713076301_997750001.pdf
2025-09-28 22:51:02 [Debug] [SD2476877] Обработка файла: C:\Users\RobinLandocsAC\Desktop\test\LandocsRobot\bin\Debug\Input\SD2476877+\ЭДО\xlsx\Акт св П 1000008300 Институт Гидропроект АО  №00000006411350 31.12.24_7743714777_774301001 OK.xlsx
2025-09-28 22:51:02 [Debug] [SD2476877] Выходной файл: C:\Users\RobinLandocsAC\Desktop\test\LandocsRobot\bin\Debug\Input\SD2476877+\ЭДО\pdf\Акт св П 1000008300 Институт Гидропроект АО  №00000006411350 31.12.24_7743714777_774301001.pdf
2025-09-28 22:51:03 [Debug] [SD2476877] [✓] Успешно конвертировано: C:\Users\RobinLandocsAC\Desktop\test\LandocsRobot\bin\Debug\Input\SD2476877+\ЭДО\pdf\Акт св П 1000008300 Институт Гидропроект АО  №00000006411350 31.12.24_7743714777_774301001.pdf
2025-09-28 22:51:03 [Debug] [SD2476877] Обработка файла: C:\Users\RobinLandocsAC\Desktop\test\LandocsRobot\bin\Debug\Input\SD2476877+\ЭДО\xlsx\Акт св П 1000008313 ТК РусГидро АО  №00000006421350 31.12.24_1902018248_190201001 OK.xlsx
2025-09-28 22:51:03 [Debug] [SD2476877] Выходной файл: C:\Users\RobinLandocsAC\Desktop\test\LandocsRobot\bin\Debug\Input\SD2476877+\ЭДО\pdf\Акт св П 1000008313 ТК РусГидро АО  №00000006421350 31.12.24_1902018248_190201001.pdf
2025-09-28 22:51:04 [Debug] [SD2476877] [✓] Успешно конвертировано: C:\Users\RobinLandocsAC\Desktop\test\LandocsRobot\bin\Debug\Input\SD2476877+\ЭДО\pdf\Акт св П 1000008313 ТК РусГидро АО  №00000006421350 31.12.24_1902018248_190201001.pdf
2025-09-28 22:51:04 [Debug] [SD2476877] Обработка файла: C:\Users\RobinLandocsAC\Desktop\test\LandocsRobot\bin\Debug\Input\SD2476877+\ЭДО\xlsx\Акт св П 1000011942 Чебоксарский филиал Гидроремонт-ВКК  в г. Новочебоксарск АО  №00000006471350 31.12.24_6345012488_212443001 OK.xlsx
2025-09-28 22:51:04 [Debug] [SD2476877] Выходной файл: C:\Users\RobinLandocsAC\Desktop\test\LandocsRobot\bin\Debug\Input\SD2476877+\ЭДО\pdf\Акт св П 1000011942 Чебоксарский филиал Гидроремонт-ВКК  в г. Новочебоксарск АО  №00000006471350 31.12.24_6345012488_212443001.pdf
2025-09-28 22:51:04 [Error] [SD2476877] Ошибка обработки файла 'C:\Users\RobinLandocsAC\Desktop\test\LandocsRobot\bin\Debug\Input\SD2476877+\ЭДО\xlsx\Акт св П 1000011942 Чебоксарский филиал Гидроремонт-ВКК  в г. Новочебоксарск АО  №00000006471350 31.12.24_6345012488_212443001 OK.xlsx': К сожалению, нам не удалось найти файл C:\Users\RobinLandocsAC\Desktop\test\LandocsRobot\bin\Debug\Input\SD2476877+\ЭДО\xlsx\Акт св П 1000011942 Чебоксарский филиал Гидроремонт-ВКК  в г. Новочебоксарск АО  №00000006471350 31.12.24_6345012488_212443001 OK.xlsx. Возможно, он был перемещен, переименован или удален?
2025-09-28 22:51:04 [Debug] [SD2476877] Обработка файла: C:\Users\RobinLandocsAC\Desktop\test\LandocsRobot\bin\Debug\Input\SD2476877+\ЭДО\xlsx\Акт св П 1000011942 Чебоксарский филиал Гидроремонт-ВКК  в г. Новочебоксарск АО  №00000006651350 31.12.24_6345012488_212443001 OK.xlsx
2025-09-28 22:51:04 [Debug] [SD2476877] Выходной файл: C:\Users\RobinLandocsAC\Desktop\test\LandocsRobot\bin\Debug\Input\SD2476877+\ЭДО\pdf\Акт св П 1000011942 Чебоксарский филиал Гидроремонт-ВКК  в г. Новочебоксарск АО  №00000006651350 31.12.24_6345012488_212443001.pdf
2025-09-28 22:51:05 [Error] [SD2476877] Ошибка обработки файла 'C:\Users\RobinLandocsAC\Desktop\test\LandocsRobot\bin\Debug\Input\SD2476877+\ЭДО\xlsx\Акт св П 1000011942 Чебоксарский филиал Гидроремонт-ВКК  в г. Новочебоксарск АО  №00000006651350 31.12.24_6345012488_212443001 OK.xlsx': К сожалению, нам не удалось найти файл C:\Users\RobinLandocsAC\Desktop\test\LandocsRobot\bin\Debug\Input\SD2476877+\ЭДО\xlsx\Акт св П 1000011942 Чебоксарский филиал Гидроремонт-ВКК  в г. Новочебоксарск АО  №00000006651350 31.12.24_6345012488_212443001 OK.xlsx. Возможно, он был перемещен, переименован или удален?
2025-09-28 22:51:05 [Debug] [SD2476877] Обработка файла: C:\Users\RobinLandocsAC\Desktop\test\LandocsRobot\bin\Debug\Input\SD2476877+\ЭДО\xlsx\Акт св П 4000001270 ГУП Чувашской республики КС г. Ново чебоксарска Минстроя Чувашии  №00000006641350 31.12.24_2124000310_212401001.xlsx
2025-09-28 22:51:05 [Debug] [SD2476877] Выходной файл: C:\Users\RobinLandocsAC\Desktop\test\LandocsRobot\bin\Debug\Input\SD2476877+\ЭДО\pdf\Акт св П 4000001270 ГУП Чувашской республики КС г. Ново чебоксарска Минстроя Чувашии  №00000006641350 31.12.24_2124000310_212401001.pdf
2025-09-28 22:51:05 [Error] [SD2476877] Ошибка обработки файла 'C:\Users\RobinLandocsAC\Desktop\test\LandocsRobot\bin\Debug\Input\SD2476877+\ЭДО\xlsx\Акт св П 4000001270 ГУП Чувашской республики КС г. Ново чебоксарска Минстроя Чувашии  №00000006641350 31.12.24_2124000310_212401001.xlsx': К сожалению, нам не удалось найти файл C:\Users\RobinLandocsAC\Desktop\test\LandocsRobot\bin\Debug\Input\SD2476877+\ЭДО\xlsx\Акт св П 4000001270 ГУП Чувашской республики КС г. Ново чебоксарска Минстроя Чувашии  №00000006641350 31.12.24_2124000310_212401001.xlsx. Возможно, он был перемещен, переименован или удален?
2025-09-28 22:51:05 [Debug] [SD2476877] Обработка файла: C:\Users\RobinLandocsAC\Desktop\test\LandocsRobot\bin\Debug\Input\SD2476877+\ЭДО\xlsx\Акт св П 4000001270 ГУП Чувашской республики КС г. Ново чебоксарска Минстроя Чувашии  №00000006671350 31.12.24_2124000310_212401001.xlsx
2025-09-28 22:51:05 [Debug] [SD2476877] Выходной файл: C:\Users\RobinLandocsAC\Desktop\test\LandocsRobot\bin\Debug\Input\SD2476877+\ЭДО\pdf\Акт св П 4000001270 ГУП Чувашской республики КС г. Ново чебоксарска Минстроя Чувашии  №00000006671350 31.12.24_2124000310_212401001.pdf
2025-09-28 22:51:05 [Error] [SD2476877] Ошибка обработки файла 'C:\Users\RobinLandocsAC\Desktop\test\LandocsRobot\bin\Debug\Input\SD2476877+\ЭДО\xlsx\Акт св П 4000001270 ГУП Чувашской республики КС г. Ново чебоксарска Минстроя Чувашии  №00000006671350 31.12.24_2124000310_212401001.xlsx': К сожалению, нам не удалось найти файл C:\Users\RobinLandocsAC\Desktop\test\LandocsRobot\bin\Debug\Input\SD2476877+\ЭДО\xlsx\Акт св П 4000001270 ГУП Чувашской республики КС г. Ново чебоксарска Минстроя Чувашии  №00000006671350 31.12.24_2124000310_212401001.xlsx. Возможно, он был перемещен, переименован или удален?
2025-09-28 22:51:05 [Info] [SD2476877] Конвертация Excel в PDF завершена.
2025-09-28 22:51:05 [Info] [SD2476877] Обработка заявки [SD2476877+] завершена успешно.
2025-09-28 22:51:05 [Info] [SD2476877] Начинаю работу по файлу: Индекс: [0], Файл: [Акт св П 1000000331 Чувашская энергосбытовая компания А О  №00000006391350 31.12.24_2128700232_213001001.pdf]. Всего файлов: [27]
2025-09-28 22:51:05 [Info] [SD2476877] Запускаю Landocs.
2025-09-28 22:51:05 [Debug] [SD2476877] Выполнил резервную копию файла профиля [C:\Users\RobinLandocsAC\AppData\Local\LANIT\LanDocs\3.6.1.39\UserSettings.xml] переименован в [C:\Users\RobinLandocsAC\AppData\Local\LANIT\LanDocs\3.6.1.39\UserSettings.bak].
2025-09-28 22:51:05 [Debug] [SD2476877] Кастомный файл профиля landocs успешно перемещен из 'C:\Users\RobinLandocsAC\Desktop\LanDocsRobotReborn\landocs2\LandocsRobot\bin\Debug\UserSettings.xml' в 'C:\Users\RobinLandocsAC\AppData\Local\LANIT\LanDocs\3.6.1.39\UserSettings.xml'.
2025-09-28 22:51:05 [Info] [SD2476877] Профиль Landocs успешно перемещен.
2025-09-28 22:51:05 [Info] [SD2476877] Запускаю приложение Landocs по пути: C:\Users\RobinLandocsAC\AppData\Local\Apps\2.0\P5L8YXKH.MD2\WYROW58K.TZV\land...app_564c2c838af24d09_0003.0006_c04a00086fb426e6\LanDocs3.exe
2025-09-28 22:51:05 [Info] [SD2476877] Запуск приложения: C:\Users\RobinLandocsAC\AppData\Local\Apps\2.0\P5L8YXKH.MD2\WYROW58K.TZV\land...app_564c2c838af24d09_0003.0006_c04a00086fb426e6\LanDocs3.exe
2025-09-28 22:51:05 [Info] [SD2476877] Поиск окна приложения с именем: [_robin_landocs (Мой LanDocs) - Избранное - LanDocs]. Время ожидания:[300] сек.
2025-09-28 22:51:06 [Debug] [SD2476877] Ожидание окна приложения: [_robin_landocs (Мой LanDocs) - Избранное - LanDocs]. Прошло [1] секунд...
2025-09-28 22:51:10 [Debug] [SD2476877] Ожидание окна приложения: [_robin_landocs (Мой LanDocs) - Избранное - LanDocs]. Прошло [2] секунд...
2025-09-28 22:51:11 [Debug] [SD2476877] Ожидание окна приложения: [_robin_landocs (Мой LanDocs) - Избранное - LanDocs]. Прошло [3] секунд...
2025-09-28 22:51:12 [Debug] [SD2476877] Ожидание окна приложения: [_robin_landocs (Мой LanDocs) - Избранное - LanDocs]. Прошло [4] секунд...
2025-09-28 22:51:13 [Debug] [SD2476877] Ожидание окна приложения: [_robin_landocs (Мой LanDocs) - Избранное - LanDocs]. Прошло [5] секунд...
2025-09-28 22:51:14 [Debug] [SD2476877] Ожидание окна приложения: [_robin_landocs (Мой LanDocs) - Избранное - LanDocs]. Прошло [6] секунд...
2025-09-28 22:51:15 [Debug] [SD2476877] Ожидание окна приложения: [_robin_landocs (Мой LanDocs) - Избранное - LanDocs]. Прошло [7] секунд...
2025-09-28 22:51:16 [Debug] [SD2476877] Ожидание окна приложения: [_robin_landocs (Мой LanDocs) - Избранное - LanDocs]. Прошло [8] секунд...
2025-09-28 22:51:22 [Debug] [SD2476877] Ожидание окна приложения: [_robin_landocs (Мой LanDocs) - Избранное - LanDocs]. Прошло [9] секунд...
2025-09-28 22:51:22 [Info] [SD2476877] Landocs успешно запустился.
2025-09-28 22:51:22 [Info] [SD2476877] Приложение Landocs успешно запущено и окно найдено.
2025-09-28 22:51:27 [Info] [SD2476877] Начинаю поиск вкладки [Главная] в навигационном меню...
2025-09-28 22:51:27 [Info] [SD2476877] Вкладка [Главная] найдена. Выполняю клик.
2025-09-28 22:51:27 [Info] [SD2476877] Клик выполнен по элементу в центре: X=114, Y=37
2025-09-28 22:51:27 [Info] [SD2476877] Клик по вкладке [Главная] успешно выполнен.
2025-09-28 22:51:27 [Info] [SD2476877] Начинаю поиск кнопки [Документы] в навигационном меню...
2025-09-28 22:51:27 [Info] [SD2476877] Нашел ссылку [Документы] в левом навигационном меню
2025-09-28 22:51:28 [Info] [SD2476877] Клик по элементу [Документы] успешно выполнен.
2025-09-28 22:51:28 [Info] [SD2476877] Нажимаем Ctrl+F для вызова окна поиска ППУД.
2025-09-28 22:51:31 [Info] [SD2476877] Элемент окна поиска ППУД успешно найден.
2025-09-28 22:51:31 [Info] [SD2476877] Значение введено в окно поиска ППУД через ValuePattern.
2025-09-28 22:51:31 [Info] [SD2476877] Ищу кнопку [Вниз] в окне поиска ППУД.
2025-09-28 22:51:31 [Info] [SD2476877] Фокус успешно установлен на кнопку [Вниз].
2025-09-28 22:51:33 [Info] [SD2476877] Нажали кнопку [Вниз] в окне поиска ППУД.
2025-09-28 22:51:33 [Info] [SD2476877] Нажали кнопку [Вниз] в окне поиска ППУД успешно.
2025-09-28 22:51:35 [Info] [SD2476877] Начинаю поиск элемента ППУД в списке документов.
2025-09-28 22:51:36 [Info] [SD2476877] Группа элементов найдена. Ищу ППУД с значением: [ЧГЭС.Проекты ППУД].
2025-09-28 22:51:36 [Info] [SD2476877] ППУД [ЧГЭС.Проекты ППУД] найден и успешно обработан.
2025-09-28 22:51:36 [Info] [SD2476877] Начинаю поиск кнопки для создания документа.
2025-09-28 22:51:36 [Info] [SD2476877] Кнопка [Создать документ] найдена. Устанавливаю фокус и выполняю действие.
2025-09-28 22:51:36 [Info] [SD2476877] Клик выполнен по элементу в центре: X=34, Y=85
2025-09-28 22:51:36 [Info] [SD2476877] Успешно нажали на кнопку [Создать документ].
2025-09-28 22:51:36 [Info] [SD2476877] Начинаю поиск окна создания документа.
2025-09-28 22:51:43 [Info] [SD2476877] Появилось окно создания документа: [Без имени - Документ LanDocs].
2025-09-28 22:51:43 [Info] [SD2476877] Начинаю процесс выбора типа документа.
2025-09-28 22:51:43 [Info] [SD2476877] Открыли список выбора типа документа.
2025-09-28 22:51:43 [Info] [SD2476877] Выбрали тип документа: [ППУД. Исходящий электронный документ].
2025-09-28 22:51:43 [Info] [SD2476877] Начинаю поиск и выбор типа документа для второго типа.
2025-09-28 22:51:44 [Info] [SD2476877] Нажали на кнопку выбора типа документа.
2025-09-28 22:51:44 [Info] [SD2476877] Выбрали тип документа: [ППУД ИСХ. Акт сверки по договору / договорам].
2025-09-28 22:51:44 [Info] [SD2476877] Начинаю поиск кнопки для открытия окна с контрагентами.
2025-09-28 22:51:45 [Info] [SD2476877] Клик выполнен по элементу в центре: X=901, Y=440
2025-09-28 22:51:45 [Info] [SD2476877] Нажали на кнопку [Открыть окно с контрагентами].
2025-09-28 22:51:47 [Debug] [SD2476877] Окно не найдено по имени. Пробуем найти его по XPath...
2025-09-28 22:51:47 [Info] [SD2476877] Появилось окно поиска контрагента [Выбор элемента]. Разворачиваю на весь экран...
2025-09-28 22:51:48 [Info] [SD2476877] Значение [2128700232] успешно введено в поле поиска контрагента через ValuePattern.
2025-09-28 22:51:48 [Info] [SD2476877] Нажали на кнопку поиска контрагента[Поиск]
2025-09-28 22:51:48 [Info] [SD2476877] Ищем 'Список контрагентов' и 'Панель данных'...
2025-09-28 22:51:48 [Info] [SD2476877] Скролл недоступен: работаем только с видимыми строками.
2025-09-28 22:51:48 [Info] [SD2476877] Собрано строк контрагентов: 3
2025-09-28 22:51:48 [Info] [SD2476877] Контрагент найден FindCounterpartyKey: индекс=1, строка="Чувашская энергосбытовая компания АО, ИНН: 2128700232, КПП: 213001001".
2025-09-28 22:51:48 [Info] [SD2476877] Клик выполнен по элементу в центре: X=942, Y=127
2025-09-28 22:51:48 [Info] [SD2476877] Контрагент выбран кликом мыши (fallback).
2025-09-28 22:51:48 [Info] [SD2476877] Начинаем поиск кнопки [Выбрать] в окне [Выбор элемента] со списком контрагентов...
2025-09-28 22:51:49 [Info] [SD2476877] Кнопка [Выбрать] найдена. Пытаемся нажать на кнопку...
2025-09-28 22:51:49 [Info] [SD2476877] Нажали на кнопку [Выбрать] в окне [Выбор элемента] со списком контрагентов.
2025-09-28 22:51:49 [Info] [SD2476877] Начинаем поиск кнопки [...] для выбора договора в окне [Создание документа]...
2025-09-28 22:51:49 [Info] [SD2476877] Кнопка открытия окна с  договорами найдена. Пытаемся нажать на кнопку...
2025-09-28 22:51:49 [Info] [SD2476877] Клик выполнен по элементу в центре: X=114, Y=550
2025-09-28 22:51:49 [Info] [SD2476877] Нажали на кнопку открытия окна с договорами в окне [Создание документа].
2025-09-28 22:51:51 [Info] [SD2476877] Окно поиска документа [Выбор документа] найдено.
2025-09-28 22:51:51 [Info] [SD2476877] Начинаем поиск дерева элементов списка [Журналы регистрации]...
2025-09-28 22:51:51 [Info] [SD2476877] Элемент дерева [Журналы регистрации] найден.
2025-09-28 22:51:51 [Info] [SD2476877] Элемент дерева [Журналы регистрации] найден. Пытаемся инициализировать скролл...
2025-09-28 22:51:51 [Info] [SD2476877] Элемент скролла [Vertical] найден! Работа робота продолжается.
2025-09-28 22:51:51 [Info] [SD2476877] Элемент [Журналы регистраций] найден.
2025-09-28 22:51:51 [Debug] [SD2476877] Элемент [Журналы регистраций] уже раскрыт.
2025-09-28 22:51:51 [Info] [SD2476877] Количество журналов [78]
2025-09-28 22:51:51 [Debug] [SD2476877] Фокус на элементе: [БГЭС.Договоры]
2025-09-28 22:51:51 [Debug] [SD2476877] Фокус на элементе: [БГЭС.ПЗД / Приложения к договорам]
2025-09-28 22:51:51 [Debug] [SD2476877] Фокус на элементе: [БГЭС.Проекты договоров]
2025-09-28 22:51:51 [Debug] [SD2476877] Фокус на элементе: [ВГЭС.Договоры]
2025-09-28 22:51:51 [Debug] [SD2476877] Фокус на элементе: [ВГЭС.ПЗД / Приложения к договорам]
2025-09-28 22:51:51 [Debug] [SD2476877] Фокус на элементе: [ВГЭС.Проекты договоров]
2025-09-28 22:51:51 [Debug] [SD2476877] Фокус на элементе: [ВЛГЭС.Договоры]
2025-09-28 22:51:51 [Debug] [SD2476877] Фокус на элементе: [ВЛГЭС.ПЗД / Приложения к договорам]
2025-09-28 22:51:51 [Debug] [SD2476877] Фокус на элементе: [ВЛГЭС.Проекты договоров]
2025-09-28 22:51:51 [Debug] [SD2476877] Фокус на элементе: [ДФ.Договоры]
2025-09-28 22:51:51 [Debug] [SD2476877] Фокус на элементе: [ДФ.ПЗД / Приложения к договорам]
2025-09-28 22:51:51 [Debug] [SD2476877] Фокус на элементе: [ДФ.Проекты договоров]
2025-09-28 22:51:51 [Debug] [SD2476877] Фокус на элементе: [ЖГЭС.Договоры]
2025-09-28 22:51:51 [Debug] [SD2476877] Фокус на элементе: [ЖГЭС.ПЗД / Приложения к договорам]
2025-09-28 22:51:51 [Debug] [SD2476877] Фокус на элементе: [ЖГЭС.Проекты договоров]
2025-09-28 22:51:51 [Debug] [SD2476877] Фокус на элементе: [ЗГАЭС.Договоры]
2025-09-28 22:51:51 [Debug] [SD2476877] Фокус на элементе: [ЗГАЭС.ПЗД / Приложения к договорам]
2025-09-28 22:51:51 [Debug] [SD2476877] Фокус на элементе: [ЗГАЭС.Проекты договоров]
2025-09-28 22:51:51 [Debug] [SD2476877] Фокус на элементе: [ЗГЭС.Договоры]
2025-09-28 22:51:51 [Debug] [SD2476877] Фокус на элементе: [ЗГЭС.ПЗД / Приложения к договорам]
2025-09-28 22:51:51 [Debug] [SD2476877] Фокус на элементе: [ЗГЭС.Проекты договоров]
2025-09-28 22:51:51 [Debug] [SD2476877] Фокус на элементе: [ИА.Договоры]
2025-09-28 22:51:51 [Debug] [SD2476877] Фокус на элементе: [ИА.Договоры ПАО "РАО ЭС Востока"]
2025-09-28 22:51:51 [Debug] [SD2476877] Фокус на элементе: [ИА.ПЗД / Приложения к договорам]
2025-09-28 22:51:51 [Debug] [SD2476877] Фокус на элементе: [ИА.ПЗД РАО/Приложения к договорам (АРХИВ)]
2025-09-28 22:51:51 [Debug] [SD2476877] Фокус на элементе: [ИА.Проекты договоров]
2025-09-28 22:51:51 [Debug] [SD2476877] Фокус на элементе: [ИА.Проекты договоров РАО ЭС Востока (new)]
2025-09-28 22:51:51 [Debug] [SD2476877] Фокус на элементе: [КамГЭС.Договоры]
2025-09-28 22:51:51 [Debug] [SD2476877] Фокус на элементе: [КамГЭС.ПЗД / Приложения к договорам]
2025-09-28 22:51:51 [Debug] [SD2476877] Фокус на элементе: [КамГЭС.Проекты договоров]
2025-09-28 22:51:51 [Debug] [SD2476877] Фокус на элементе: [КБФ.Договоры]
2025-09-28 22:51:51 [Debug] [SD2476877] Фокус на элементе: [КБФ.ПЗД / Приложения к договорам]
2025-09-28 22:51:51 [Debug] [SD2476877] Фокус на элементе: [КБФ.Проекты договоров]
2025-09-28 22:51:51 [Debug] [SD2476877] Фокус на элементе: [КВГЭС.Договоры]
2025-09-28 22:51:51 [Debug] [SD2476877] Фокус на элементе: [КВГЭС.ПЗД / Приложения к договорам]
2025-09-28 22:51:51 [Debug] [SD2476877] Фокус на элементе: [КВГЭС.Проекты договоров]
2025-09-28 22:51:51 [Debug] [SD2476877] Фокус на элементе: [ККГЭС.Договоры]
2025-09-28 22:51:51 [Debug] [SD2476877] Фокус на элементе: [ККГЭС.ПЗД / Приложения к договорам]
2025-09-28 22:51:51 [Debug] [SD2476877] Фокус на элементе: [ККГЭС.Проекты договоров]
2025-09-28 22:51:51 [Debug] [SD2476877] Фокус на элементе: [КУГ.Договоры]
2025-09-28 22:51:51 [Debug] [SD2476877] Фокус на элементе: [КУГ.ПЗД / Приложения к договорам]
2025-09-28 22:51:51 [Debug] [SD2476877] Фокус на элементе: [КУГ.Проекты договоров]
2025-09-28 22:51:51 [Debug] [SD2476877] Фокус на элементе: [КЧФ.Договоры]
2025-09-28 22:51:51 [Debug] [SD2476877] Фокус на элементе: [КЧФ.ПЗД / Приложения к договорам]
2025-09-28 22:51:51 [Debug] [SD2476877] Фокус на элементе: [КЧФ.Проекты договоров]
2025-09-28 22:51:51 [Debug] [SD2476877] Фокус на элементе: [НГЭС.Договоры]
2025-09-28 22:51:51 [Debug] [SD2476877] Фокус на элементе: [НГЭС.ПЗД / Приложения к договорам]
2025-09-28 22:51:51 [Debug] [SD2476877] Фокус на элементе: [НГЭС.Проекты договоров]
2025-09-28 22:51:51 [Debug] [SD2476877] Фокус на элементе: [НЖГЭС.Договоры]
2025-09-28 22:51:51 [Debug] [SD2476877] Фокус на элементе: [НЖГЭС.ПЗД / Приложения к договорам]
2025-09-28 22:51:51 [Debug] [SD2476877] Фокус на элементе: [НЖГЭС.Проекты договоров]
2025-09-28 22:51:51 [Debug] [SD2476877] Фокус на элементе: [Приморский филиал РГ.Договоры]
2025-09-28 22:51:51 [Debug] [SD2476877] Фокус на элементе: [Приморский филиал РГ.ПЗД / Приложения к договорам]
2025-09-28 22:51:51 [Debug] [SD2476877] Фокус на элементе: [Приморский филиал РГ.Проекты договоров]
2025-09-28 22:51:51 [Debug] [SD2476877] Фокус на элементе: [СарГЭС.Договоры]
2025-09-28 22:51:51 [Debug] [SD2476877] Фокус на элементе: [СарГЭС.ПЗД / Приложения к договорам]
2025-09-28 22:51:51 [Debug] [SD2476877] Фокус на элементе: [СарГЭС.Проекты договоров]
2025-09-28 22:51:51 [Debug] [SD2476877] Фокус на элементе: [СО.Договоры]
2025-09-28 22:51:51 [Debug] [SD2476877] Фокус на элементе: [СО.ПЗД / Приложения к договорам]
2025-09-28 22:51:51 [Debug] [SD2476877] Фокус на элементе: [СО.Проекты договоров]
2025-09-28 22:51:51 [Debug] [SD2476877] Фокус на элементе: [СШГЭС.Договоры]
2025-09-28 22:51:51 [Debug] [SD2476877] Фокус на элементе: [СШГЭС.ПЗД / Приложения к договорам]
2025-09-28 22:51:51 [Debug] [SD2476877] Фокус на элементе: [СШГЭС.Проекты договоров]
2025-09-28 22:51:51 [Debug] [SD2476877] Фокус на элементе: [Тест.ИА. Договоры]
2025-09-28 22:51:51 [Debug] [SD2476877] Фокус на элементе: [Тест.ИА. ПЗД / Приложения к договорам]
2025-09-28 22:51:51 [Debug] [SD2476877] Фокус на элементе: [Тест.ИА. Проекты договоров]
2025-09-28 22:51:51 [Debug] [SD2476877] Фокус на элементе: [Тест.ККГЭС.Договоры]
2025-09-28 22:51:51 [Debug] [SD2476877] Фокус на элементе: [Тест.ККГЭС.ПЗД / Приложения к договорам]
2025-09-28 22:51:51 [Debug] [SD2476877] Фокус на элементе: [Тест.ККГЭС.Проекты договоров]
2025-09-28 22:51:51 [Debug] [SD2476877] Фокус на элементе: [Хабаровский филиал РГ.Договоры]
2025-09-28 22:51:51 [Debug] [SD2476877] Фокус на элементе: [Хабаровский филиал РГ.ПЗД / Приложения к договорам]
2025-09-28 22:51:51 [Debug] [SD2476877] Фокус на элементе: [Хабаровский филиал РГ.Проекты договоров]
2025-09-28 22:51:51 [Debug] [SD2476877] Фокус на элементе: [ЧГЭС.Договоры]
2025-09-28 22:51:51 [Info] [SD2476877] Журнал [ЧГЭС.Договоры] найден.
2025-09-28 22:51:51 [Debug] [SD2476877] Элемент журнала прокручен в область видимости.
2025-09-28 22:51:52 [Info] [SD2476877] Элемент журнала выбран через SelectionItemPattern.Select().
2025-09-28 22:51:52 [Info] [SD2476877] Нажали на кнопку [Выбрать] в окне [Выбор документа] со списком журналов.
2025-09-28 22:51:53 [Info] [SD2476877] Договор проставлен успешно. Номер договора: 1350-360-2022
2025-09-28 22:51:53 [Info] [SD2476877] Текущий подписант: [Дорофеев Антон Владимирович]. Меняю на: [Черданцева Наталья Викторовна].
2025-09-28 22:51:53 [Info] [SD2476877] Подписант успешно установлен: [Черданцева Наталья Викторовна].
2025-09-28 22:51:54 [Info] [SD2476877] Клик выполнен по элементу в центре: X=37, Y=85
2025-09-28 22:51:54 [Info] [SD2476877] Нажали на кнопку [Сохранить документ] в окне [Создать документ].
2025-09-28 22:52:05 [Info] [SD2476877] Главное окно Landocs обнаружено.
2025-09-28 22:52:05 [Info] [SD2476877] DocCard найден: "№ППУД 1350-99 от 28.09.2025 (Журнал: ЧГЭС.Проекты ППУД) - Документ LanDocs".
2025-09-28 22:52:09 [Info] [SD2476877] Клик выполнен по элементу в центре: X=130, Y=180
2025-09-28 22:52:09 [Info] [SD2476877] Элемент [Структура папок] выбран.
2025-09-28 22:52:09 [Info] [SD2476877] Нажали на кнопку [Структура папок] в окне [Создать документ].
2025-09-28 22:52:09 [Info] [SD2476877] CheckBox был установлен в состояние 'true'.
2025-09-28 22:52:10 [Info] [SD2476877] Выбран элемент 'Акты сверки' после раскрытия CheckBox.
2025-09-28 22:52:10 [Info] [SD2476877] Старт попытки прикрепления файла (попытка 1 из 3).
2025-09-28 22:52:10 [Info] [SD2476877] Клик выполнен по элементу в центре: X=207, Y=285
2025-09-28 22:52:10 [Info] [SD2476877] Нажали [Добавить].
2025-09-28 22:52:12 [Info] [SD2476877] Появилось окно: [Выберете файлы для прикрепления к РК].
2025-09-28 22:52:12 [Info] [SD2476877] Путь к файлу установлен.
2025-09-28 22:52:12 [Info] [SD2476877] Нажал Enter на [Open/Открыть]. Ожидаю закрытие окна…
2025-09-28 22:52:13 [Info] [SD2476877] Окно выбора файлов закрылось. Продолжаю дальше.
2025-09-28 22:52:13 [Info] [SD2476877] CheckBox был установлен в состояние 'true'.
2025-09-28 22:52:14 [Info] [SD2476877] Выбран элемент 'Акты сверки' после раскрытия CheckBox.
2025-09-28 22:52:14 [Info] [SD2476877] Элемент [Структура папок] найден.
2025-09-28 22:52:14 [Info] [SD2476877] CheckBox был установлен в состояние 'true'.
2025-09-28 22:52:16 [Info] [SD2476877] Прикрепленный файл не найден или неактивен. Попытка 1/3. Ожидаем 10 секунд...
2025-09-28 22:52:26 [Info] [SD2476877] Прикрепленный файл не найден или неактивен. Попытка 2/3. Ожидаем 10 секунд...
2025-09-28 22:52:36 [Info] [SD2476877] Прикрепленный файл не найден или неактивен. Попытка 3/3. Ожидаем 10 секунд...
2025-09-28 22:52:46 [Info] [SD2476877] Прикрепленный файл не найден после 3 попыток. Повторная проверка элемента [Структура папок].
2025-09-28 22:52:46 [Info] [SD2476877] Элемент [Структура папок] найден.
2025-09-28 22:52:46 [Info] [SD2476877] CheckBox был установлен в состояние 'true'.
2025-09-28 22:52:48 [Info] [SD2476877] Клик выполнен по элементу в центре: X=542, Y=388
2025-09-28 22:52:48 [Info] [SD2476877] Прикрепленный файл [Акт св П 1000000331 Чувашская энергосбытовая компания А О  №00000006391350 31.12.24_2128700232_213001001.PDF (ver.1, 28.09.2025) | %FSНе отправлен по ЭДО$FS] выбран.
2025-09-28 22:52:48 [Info] [SD2476877] Начинаем поиск кнопки [Просмотреть реквизиты документа] в окне [Создание документа]...
2025-09-28 22:52:48 [Info] [SD2476877] Кнопка [Просмотреть реквизиты документа] найдена. Пытаемся нажать на кнопку...
2025-09-28 22:52:49 [Info] [SD2476877] Клик выполнен по элементу в центре: X=1004, Y=286
2025-09-28 22:52:49 [Info] [SD2476877] Нажали на кнопку [Просмотреть реквизиты документа] в окне [Создание документа].
2025-09-28 22:52:49 [Info] [SD2476877] Окно редактирования реквизитов документа [Реквизиты документа в архиве] найдено.
2025-09-28 22:52:49 [Info] [SD2476877] Начинаем поиск элемента ввода [Номер файла]...
2025-09-28 22:52:49 [Info] [SD2476877] Элемент ввода [Номер файла] найден. Получаем текущие значения...
2025-09-28 22:52:49 [Info] [SD2476877] Текущее значение [Номер файла] отсутствует. Устанавливаю новое: [00000006391350].
2025-09-28 22:52:49 [Info] [SD2476877] Значение [Номер файла] успешно установлено: [00000006391350].
2025-09-28 22:52:49 [Info] [SD2476877] Начинаем поиск элемента ввода [Дата документа]...
2025-09-28 22:52:49 [Info] [SD2476877] Элемент ввода [Дата документа] найден.
2025-09-28 22:52:50 [Info] [SD2476877] Клик выполнен по элементу в центре: X=1071, Y=230
2025-09-28 22:52:50 [Info] [SD2476877] Фокус установлен на элемент ввода [Дата документа].
2025-09-28 22:52:50 [Info] [SD2476877] Пытаемся ввести текущую дату: [28.09.2025]...
2025-09-28 22:52:53 [Info] [SD2476877] Дата документа введена в поле ввода.
2025-09-28 22:52:53 [Info] [SD2476877] Начинаем поиск элемента ввода [Количество копий]...
2025-09-28 22:52:53 [Info] [SD2476877] Элемент ввода [Количество копий] найден. Получаем текущие значения...
2025-09-28 22:52:53 [Info] [SD2476877] Текущее значение [Количество копий]: [0]. Меняю на: [1].
2025-09-28 22:52:53 [Info] [SD2476877] Значение [Номер файла] успешно установлено: [1].
2025-09-28 22:52:53 [Info] [SD2476877] Начинаем поиск кнопки [Сохранить] в окне [Редактирования реквизитов документа]...
2025-09-28 22:52:53 [Info] [SD2476877] Кнопка [Сохранить] найдена. Пытаемся нажать на кнопку...
2025-09-28 22:52:53 [Info] [SD2476877] Клик выполнен по элементу в центре: X=1111, Y=789
2025-09-28 22:52:53 [Info] [SD2476877] Нажали на кнопку [Сохранить] в окне [Редактирования реквизитов документа].
2025-09-28 22:52:53 [Info] [SD2476877] Элемент [Структура папок] найден.
2025-09-28 22:52:53 [Info] [SD2476877] CheckBox был установлен в состояние 'true'.
2025-09-28 22:52:56 [Info] [SD2476877] Клик выполнен по элементу в центре: X=542, Y=388
2025-09-28 22:52:56 [Info] [SD2476877] Прикрепленный файл [Акт св П 1000000331 Чувашская энергосбытовая компания А О  №00000006391350 31.12.24_2128700232_213001001.PDF (ver.1, 28.09.2025) | %FSНе отправлен по ЭДО$FS] выбран.
2025-09-28 22:52:56 [Info] [SD2476877] Начинаем поиск кнопки [Просмотреть реквизиты документа] в окне [Создание документа]...
2025-09-28 22:52:56 [Info] [SD2476877] Кнопка [Просмотреть реквизиты документа] найдена. Пытаемся нажать на кнопку...
2025-09-28 22:52:56 [Info] [SD2476877] Клик выполнен по элементу в центре: X=1132, Y=264
2025-09-28 22:52:56 [Info] [SD2476877] Нажали на кнопку [Просмотреть реквизиты документа] в окне [Создание документа].
2025-09-28 22:52:56 [Info] [SD2476877] Окно редактирования реквизитов документа [Реквизиты документа] найдено.
2025-09-28 22:52:56 [Info] [SD2476877] Начинаем поиск кнопки [...] в окне [Реквизиты документа]...
2025-09-28 22:52:57 [Info] [SD2476877] Кнопка [...] найдена. Пытаемся нажать на кнопку...
2025-09-28 22:52:57 [Info] [SD2476877] Клик выполнен по элементу в центре: X=921, Y=204
2025-09-28 22:52:57 [Info] [SD2476877] Нажали на кнопку [...] в окне [Реквизиты документа].
2025-09-28 22:52:57 [Info] [SD2476877] Окно редактирования реквизитов документа [Выбор элемента] найдено.
2025-09-28 22:52:57 [Info] [SD2476877] Начинаем поиск элемента 'Список типов документов'...
2025-09-28 22:52:57 [Info] [SD2476877] Элемент 'Список типов документов' найден. Пытаемся найти 'Панель данных' внутри списка...
2025-09-28 22:52:57 [Info] [SD2476877] 'Панель данных' найдена. Получаем cписок типов документов...
2025-09-28 22:52:57 [Info] [SD2476877] Получен cписок типов документов: найдено 20 элементов.
2025-09-28 22:52:57 [Debug] [SD2476877] Обработка типов документов под индексом [0]...
2025-09-28 22:52:57 [Debug] [SD2476877] Найден тип документа [0]: [Акт (неформ.)]
2025-09-28 22:52:57 [Debug] [SD2476877] Обработка типов документов под индексом [1]...
2025-09-28 22:52:57 [Debug] [SD2476877] Найден тип документа [1]: [Акт МХ-1]
2025-09-28 22:52:57 [Debug] [SD2476877] Обработка типов документов под индексом [2]...
2025-09-28 22:52:57 [Debug] [SD2476877] Найден тип документа [2]: [Акт МХ-3]
2025-09-28 22:52:57 [Debug] [SD2476877] Обработка типов документов под индексом [3]...
2025-09-28 22:52:57 [Debug] [SD2476877] Найден тип документа [3]: [Акт сверки]
2025-09-28 22:52:57 [Info] [SD2476877] Начинаем поиск кнопки [Выбрать] в окне [Выбор элементов]...
2025-09-28 22:52:57 [Info] [SD2476877] Кнопка [Выбрать] найдена. Пытаемся нажать на кнопку...
2025-09-28 22:52:58 [Info] [SD2476877] Клик выполнен по элементу в центре: X=1753, Y=900
2025-09-28 22:52:58 [Info] [SD2476877] Нажали на кнопку [Выбрать] в окне [Выбор элементов].
2025-09-28 22:52:58 [Info] [SD2476877] Начинаем поиск элемента ввода [Номер документа]...
2025-09-28 22:52:58 [Info] [SD2476877] Элемент ввода [Номер документа] найден. Получаем текущие значения...
2025-09-28 22:52:58 [Info] [SD2476877] Текущее значение [Номер документа] отсутствует. Устанавливаю новое: [00000006391350].
2025-09-28 22:52:58 [Info] [SD2476877] Значение [Номер документа] успешно установлено: [00000006391350].
2025-09-28 22:52:58 [Info] [SD2476877] Начинаем поиск элемента ввода [Дата документа]...
2025-09-28 22:52:58 [Info] [SD2476877] Элемент ввода [Дата документа] найден.
2025-09-28 22:52:58 [Info] [SD2476877] Клик выполнен по элементу в центре: X=800, Y=312
2025-09-28 22:52:58 [Info] [SD2476877] Фокус установлен на элемент ввода [Дата документа].
2025-09-28 22:52:58 [Info] [SD2476877] Пытаемся ввести текущую дату: [31.12.2024]...
2025-09-28 22:53:01 [Info] [SD2476877] Дата документа введена в поле ввода.
2025-09-28 22:53:01 [Info] [SD2476877] Начинаем поиск кнопки [Выбрать] в окне [Выбор элементов]...
2025-09-28 22:53:01 [Info] [SD2476877] Кнопка [Выбрать] найдена. Пытаемся нажать на кнопку...
2025-09-28 22:53:02 [Info] [SD2476877] Клик выполнен по элементу в центре: X=1107, Y=788
2025-09-28 22:53:02 [Info] [SD2476877] Нажали на кнопку [Выбрать] в окне [Выбор элементов].
2025-09-28 22:53:02 [Info] [SD2476877] Клик выполнен по элементу в центре: X=231, Y=180
2025-09-28 22:53:02 [Info] [SD2476877] Элемент [Согласование] выбран.
2025-09-28 22:53:02 [Info] [SD2476877] Нажали на кнопку [Согласование] в окне [Создать документ].
2025-09-28 22:53:02 [Info] [SD2476877] Начинаем поиск кнопки [Отправить на маршрут] в окне [Согласование]...
2025-09-28 22:53:03 [Info] [SD2476877] Кнопка [Отправить на маршрут] найдена. Пытаемся нажать на кнопку...
2025-09-28 22:53:03 [Info] [SD2476877] Клик выполнен по элементу в центре: X=479, Y=236
2025-09-28 22:53:03 [Info] [SD2476877] Нажали на кнопку [Отправить на маршрут] в окне [Согласование].
2025-09-28 22:53:19 [Info] [SD2476877] Главное окно Landocs обнаружено.
2025-09-28 22:53:19 [Info] [SD2476877] DocCard найден: "№ППУД 1350-99 от 28.09.2025 (Журнал: ЧГЭС.Проекты ППУД) - Документ LanDocs".
2025-09-28 22:53:19 [Info] [SD2476877] Окно 'Вопрос' внутри DocCard найдено и активировано.
2025-09-28 22:53:20 [Info] [SD2476877] Клик выполнен по элементу в центре: X=897, Y=495
2025-09-28 22:53:20 [Info] [SD2476877] Кнопка 'ОК' в окне 'Вопрос' успешно нажата.
2025-09-28 22:53:32 [Info] [SD2476877] Окно 'Вопрос' закрыто (не находится среди потомков DocCard).
2025-09-28 22:53:38 [Debug] [SD2476877] lblStaticText найден, но текст пока другой: "Количество запусков: 0".
2025-09-28 22:53:45 [Info] [SD2476877] Найден lblStaticText с требуемым текстом: "Количество запусков: 1. Маршрут запущен: _robin_landocs, 28.09.2025 22:53.".
2025-09-28 22:53:47 [Info] [SD2476877] Клик выполнен по элементу в центре: X=105, Y=85
2025-09-28 22:53:47 [Info] [SD2476877] Нажата кнопка 'Сохранить и закрыть' (физический клик).
2025-09-28 22:53:49 [Info] [SD2476877] DocCard закрыт.
2025-09-28 22:53:49 [Warning] [SD2476877] Файл [(+)Акт св П 1000000331 Чувашская энергосбытовая компания А О  №00000006391350 31.12.24_2128700232_213001001.pdf] уже существует. Пропускаю переименование.
2025-09-28 22:53:51 [Info] [SD2476877] Попробовали мягко закрыть MainWindow через WindowPattern.Close().
2025-09-28 22:53:51 [Info] [SD2476877] MainWindow успешно закрылось мягким способом.
2025-09-28 22:53:51 [Info] [SD2476877] Начинаю работу по файлу: Индекс: [0], Файл: [Акт св П 1000008293 ВымпелКом ПАО  №00000006401350 31.12.24_7713076301_997750001.pdf]. Всего файлов: [27]
2025-09-28 22:53:51 [Info] [SD2476877] Запускаю Landocs.
2025-09-28 22:53:51 [Debug] [SD2476877] Выполнил резервную копию файла профиля [C:\Users\RobinLandocsAC\AppData\Local\LANIT\LanDocs\3.6.1.39\UserSettings.xml] переименован в [C:\Users\RobinLandocsAC\AppData\Local\LANIT\LanDocs\3.6.1.39\UserSettings.bak].
2025-09-28 22:53:51 [Debug] [SD2476877] Кастомный файл профиля landocs успешно перемещен из 'C:\Users\RobinLandocsAC\Desktop\LanDocsRobotReborn\landocs2\LandocsRobot\bin\Debug\UserSettings.xml' в 'C:\Users\RobinLandocsAC\AppData\Local\LANIT\LanDocs\3.6.1.39\UserSettings.xml'.
2025-09-28 22:53:51 [Info] [SD2476877] Профиль Landocs успешно перемещен.
2025-09-28 22:53:51 [Info] [SD2476877] Запускаю приложение Landocs по пути: C:\Users\RobinLandocsAC\AppData\Local\Apps\2.0\P5L8YXKH.MD2\WYROW58K.TZV\land...app_564c2c838af24d09_0003.0006_c04a00086fb426e6\LanDocs3.exe
2025-09-28 22:53:51 [Info] [SD2476877] Запуск приложения: C:\Users\RobinLandocsAC\AppData\Local\Apps\2.0\P5L8YXKH.MD2\WYROW58K.TZV\land...app_564c2c838af24d09_0003.0006_c04a00086fb426e6\LanDocs3.exe
2025-09-28 22:53:52 [Info] [SD2476877] Поиск окна приложения с именем: [_robin_landocs (Мой LanDocs) - Избранное - LanDocs]. Время ожидания:[300] сек.
2025-09-28 22:53:53 [Debug] [SD2476877] Ожидание окна приложения: [_robin_landocs (Мой LanDocs) - Избранное - LanDocs]. Прошло [1] секунд...
2025-09-28 22:53:56 [Debug] [SD2476877] Ожидание окна приложения: [_robin_landocs (Мой LanDocs) - Избранное - LanDocs]. Прошло [2] секунд...
2025-09-28 22:53:57 [Debug] [SD2476877] Ожидание окна приложения: [_robin_landocs (Мой LanDocs) - Избранное - LanDocs]. Прошло [3] секунд...
2025-09-28 22:53:58 [Debug] [SD2476877] Ожидание окна приложения: [_robin_landocs (Мой LanDocs) - Избранное - LanDocs]. Прошло [4] секунд...
2025-09-28 22:53:59 [Debug] [SD2476877] Ожидание окна приложения: [_robin_landocs (Мой LanDocs) - Избранное - LanDocs]. Прошло [5] секунд...
2025-09-28 22:54:00 [Debug] [SD2476877] Ожидание окна приложения: [_robin_landocs (Мой LanDocs) - Избранное - LanDocs]. Прошло [6] секунд...
2025-09-28 22:54:01 [Debug] [SD2476877] Ожидание окна приложения: [_robin_landocs (Мой LanDocs) - Избранное - LanDocs]. Прошло [7] секунд...
2025-09-28 22:54:07 [Debug] [SD2476877] Ожидание окна приложения: [_robin_landocs (Мой LanDocs) - Избранное - LanDocs]. Прошло [8] секунд...
2025-09-28 22:54:07 [Info] [SD2476877] Landocs успешно запустился.
2025-09-28 22:54:07 [Info] [SD2476877] Приложение Landocs успешно запущено и окно найдено.
2025-09-28 22:54:12 [Info] [SD2476877] Начинаю поиск вкладки [Главная] в навигационном меню...
2025-09-28 22:54:12 [Info] [SD2476877] Вкладка [Главная] найдена. Выполняю клик.
2025-09-28 22:54:13 [Info] [SD2476877] Клик выполнен по элементу в центре: X=114, Y=37
2025-09-28 22:54:13 [Info] [SD2476877] Клик по вкладке [Главная] успешно выполнен.
2025-09-28 22:54:13 [Info] [SD2476877] Начинаю поиск кнопки [Документы] в навигационном меню...
2025-09-28 22:54:13 [Info] [SD2476877] Нашел ссылку [Документы] в левом навигационном меню
2025-09-28 22:54:14 [Info] [SD2476877] Клик по элементу [Документы] успешно выполнен.
2025-09-28 22:54:14 [Info] [SD2476877] Нажимаем Ctrl+F для вызова окна поиска ППУД.
2025-09-28 22:54:17 [Info] [SD2476877] Элемент окна поиска ППУД успешно найден.
2025-09-28 22:54:17 [Info] [SD2476877] Значение введено в окно поиска ППУД через ValuePattern.
2025-09-28 22:54:17 [Info] [SD2476877] Ищу кнопку [Вниз] в окне поиска ППУД.
2025-09-28 22:54:17 [Info] [SD2476877] Фокус успешно установлен на кнопку [Вниз].
2025-09-28 22:54:19 [Info] [SD2476877] Нажали кнопку [Вниз] в окне поиска ППУД.
2025-09-28 22:54:19 [Info] [SD2476877] Нажали кнопку [Вниз] в окне поиска ППУД успешно.
2025-09-28 22:54:21 [Info] [SD2476877] Начинаю поиск элемента ППУД в списке документов.
2025-09-28 22:54:21 [Info] [SD2476877] Группа элементов найдена. Ищу ППУД с значением: [ЧГЭС.Проекты ППУД].
2025-09-28 22:54:21 [Info] [SD2476877] ППУД [ЧГЭС.Проекты ППУД] найден и успешно обработан.
2025-09-28 22:54:21 [Info] [SD2476877] Начинаю поиск кнопки для создания документа.
2025-09-28 22:54:23 [Info] [SD2476877] Кнопка [Создать документ] найдена. Устанавливаю фокус и выполняю действие.
2025-09-28 22:54:23 [Info] [SD2476877] Клик выполнен по элементу в центре: X=34, Y=85
2025-09-28 22:54:23 [Info] [SD2476877] Успешно нажали на кнопку [Создать документ].
2025-09-28 22:54:23 [Info] [SD2476877] Начинаю поиск окна создания документа.
2025-09-28 22:54:28 [Info] [SD2476877] Появилось окно создания документа: [Без имени - Документ LanDocs].
2025-09-28 22:54:28 [Info] [SD2476877] Начинаю процесс выбора типа документа.
2025-09-28 22:54:28 [Info] [SD2476877] Открыли список выбора типа документа.
2025-09-28 22:54:29 [Info] [SD2476877] Выбрали тип документа: [ППУД. Исходящий электронный документ].
2025-09-28 22:54:29 [Info] [SD2476877] Начинаю поиск и выбор типа документа для второго типа.
2025-09-28 22:54:29 [Info] [SD2476877] Нажали на кнопку выбора типа документа.
2025-09-28 22:54:30 [Info] [SD2476877] Выбрали тип документа: [ППУД ИСХ. Акт сверки по договору / договорам].
2025-09-28 22:54:30 [Info] [SD2476877] Начинаю поиск кнопки для открытия окна с контрагентами.
2025-09-28 22:54:30 [Info] [SD2476877] Клик выполнен по элементу в центре: X=901, Y=440
2025-09-28 22:54:30 [Info] [SD2476877] Нажали на кнопку [Открыть окно с контрагентами].
2025-09-28 22:54:33 [Debug] [SD2476877] Окно не найдено по имени. Пробуем найти его по XPath...
2025-09-28 22:54:33 [Info] [SD2476877] Появилось окно поиска контрагента [Выбор элемента]. Разворачиваю на весь экран...
2025-09-28 22:54:33 [Info] [SD2476877] Значение [7713076301] успешно введено в поле поиска контрагента через ValuePattern.
2025-09-28 22:54:34 [Info] [SD2476877] Нажали на кнопку поиска контрагента[Поиск]
2025-09-28 22:54:34 [Info] [SD2476877] Ищем 'Список контрагентов' и 'Панель данных'...
2025-09-28 22:54:34 [Info] [SD2476877] Скролл недоступен: работаем только с видимыми строками.
2025-09-28 22:54:34 [Info] [SD2476877] Собрано строк контрагентов: 10
2025-09-28 22:54:34 [Info] [SD2476877] Контрагент найден FindCounterpartyKey: индекс=8, строка="ВымпелКом ПАО, ИНН: 7713076301, КПП: 997750001".
2025-09-28 22:54:34 [Info] [SD2476877] Клик выполнен по элементу в центре: X=942, Y=260
2025-09-28 22:54:34 [Info] [SD2476877] Контрагент выбран кликом мыши (fallback).
2025-09-28 22:54:34 [Info] [SD2476877] Начинаем поиск кнопки [Выбрать] в окне [Выбор элемента] со списком контрагентов...
2025-09-28 22:54:34 [Info] [SD2476877] Кнопка [Выбрать] найдена. Пытаемся нажать на кнопку...
2025-09-28 22:54:34 [Info] [SD2476877] Нажали на кнопку [Выбрать] в окне [Выбор элемента] со списком контрагентов.
2025-09-28 22:54:34 [Info] [SD2476877] Начинаем поиск кнопки [...] для выбора договора в окне [Создание документа]...
2025-09-28 22:54:34 [Info] [SD2476877] Кнопка открытия окна с  договорами найдена. Пытаемся нажать на кнопку...
2025-09-28 22:54:35 [Info] [SD2476877] Клик выполнен по элементу в центре: X=114, Y=550
2025-09-28 22:54:35 [Info] [SD2476877] Нажали на кнопку открытия окна с договорами в окне [Создание документа].
2025-09-28 22:54:35 [Info] [SD2476877] Окно поиска документа [Выбор документа] найдено.
2025-09-28 22:54:35 [Info] [SD2476877] Начинаем поиск дерева элементов списка [Журналы регистрации]...
2025-09-28 22:54:36 [Info] [SD2476877] Элемент дерева [Журналы регистрации] найден.
2025-09-28 22:54:36 [Info] [SD2476877] Элемент дерева [Журналы регистрации] найден. Пытаемся инициализировать скролл...
2025-09-28 22:54:36 [Info] [SD2476877] Элемент скролла [Vertical] найден! Работа робота продолжается.
2025-09-28 22:54:36 [Info] [SD2476877] Элемент [Журналы регистраций] найден.
2025-09-28 22:54:36 [Debug] [SD2476877] Элемент [Журналы регистраций] уже раскрыт.
2025-09-28 22:54:36 [Info] [SD2476877] Количество журналов [78]
2025-09-28 22:54:36 [Debug] [SD2476877] Фокус на элементе: [БГЭС.Договоры]
2025-09-28 22:54:36 [Debug] [SD2476877] Фокус на элементе: [БГЭС.ПЗД / Приложения к договорам]
2025-09-28 22:54:36 [Debug] [SD2476877] Фокус на элементе: [БГЭС.Проекты договоров]
2025-09-28 22:54:36 [Debug] [SD2476877] Фокус на элементе: [ВГЭС.Договоры]
2025-09-28 22:54:36 [Debug] [SD2476877] Фокус на элементе: [ВГЭС.ПЗД / Приложения к договорам]
2025-09-28 22:54:36 [Debug] [SD2476877] Фокус на элементе: [ВГЭС.Проекты договоров]
2025-09-28 22:54:36 [Debug] [SD2476877] Фокус на элементе: [ВЛГЭС.Договоры]
2025-09-28 22:54:36 [Debug] [SD2476877] Фокус на элементе: [ВЛГЭС.ПЗД / Приложения к договорам]
2025-09-28 22:54:36 [Debug] [SD2476877] Фокус на элементе: [ВЛГЭС.Проекты договоров]
2025-09-28 22:54:36 [Debug] [SD2476877] Фокус на элементе: [ДФ.Договоры]
2025-09-28 22:54:36 [Debug] [SD2476877] Фокус на элементе: [ДФ.ПЗД / Приложения к договорам]
2025-09-28 22:54:36 [Debug] [SD2476877] Фокус на элементе: [ДФ.Проекты договоров]
2025-09-28 22:54:36 [Debug] [SD2476877] Фокус на элементе: [ЖГЭС.Договоры]
2025-09-28 22:54:36 [Debug] [SD2476877] Фокус на элементе: [ЖГЭС.ПЗД / Приложения к договорам]
2025-09-28 22:54:36 [Debug] [SD2476877] Фокус на элементе: [ЖГЭС.Проекты договоров]
2025-09-28 22:54:36 [Debug] [SD2476877] Фокус на элементе: [ЗГАЭС.Договоры]
2025-09-28 22:54:36 [Debug] [SD2476877] Фокус на элементе: [ЗГАЭС.ПЗД / Приложения к договорам]
2025-09-28 22:54:36 [Debug] [SD2476877] Фокус на элементе: [ЗГАЭС.Проекты договоров]
2025-09-28 22:54:36 [Debug] [SD2476877] Фокус на элементе: [ЗГЭС.Договоры]
2025-09-28 22:54:36 [Debug] [SD2476877] Фокус на элементе: [ЗГЭС.ПЗД / Приложения к договорам]
2025-09-28 22:54:36 [Debug] [SD2476877] Фокус на элементе: [ЗГЭС.Проекты договоров]
2025-09-28 22:54:36 [Debug] [SD2476877] Фокус на элементе: [ИА.Договоры]
2025-09-28 22:54:36 [Debug] [SD2476877] Фокус на элементе: [ИА.Договоры ПАО "РАО ЭС Востока"]
2025-09-28 22:54:36 [Debug] [SD2476877] Фокус на элементе: [ИА.ПЗД / Приложения к договорам]
2025-09-28 22:54:36 [Debug] [SD2476877] Фокус на элементе: [ИА.ПЗД РАО/Приложения к договорам (АРХИВ)]
2025-09-28 22:54:36 [Debug] [SD2476877] Фокус на элементе: [ИА.Проекты договоров]
2025-09-28 22:54:36 [Debug] [SD2476877] Фокус на элементе: [ИА.Проекты договоров РАО ЭС Востока (new)]
2025-09-28 22:54:36 [Debug] [SD2476877] Фокус на элементе: [КамГЭС.Договоры]
2025-09-28 22:54:36 [Debug] [SD2476877] Фокус на элементе: [КамГЭС.ПЗД / Приложения к договорам]
2025-09-28 22:54:36 [Debug] [SD2476877] Фокус на элементе: [КамГЭС.Проекты договоров]
2025-09-28 22:54:36 [Debug] [SD2476877] Фокус на элементе: [КБФ.Договоры]
2025-09-28 22:54:36 [Debug] [SD2476877] Фокус на элементе: [КБФ.ПЗД / Приложения к договорам]
2025-09-28 22:54:36 [Debug] [SD2476877] Фокус на элементе: [КБФ.Проекты договоров]
2025-09-28 22:54:36 [Debug] [SD2476877] Фокус на элементе: [КВГЭС.Договоры]
2025-09-28 22:54:36 [Debug] [SD2476877] Фокус на элементе: [КВГЭС.ПЗД / Приложения к договорам]
2025-09-28 22:54:36 [Debug] [SD2476877] Фокус на элементе: [КВГЭС.Проекты договоров]
2025-09-28 22:54:36 [Debug] [SD2476877] Фокус на элементе: [ККГЭС.Договоры]
2025-09-28 22:54:36 [Debug] [SD2476877] Фокус на элементе: [ККГЭС.ПЗД / Приложения к договорам]
2025-09-28 22:54:36 [Debug] [SD2476877] Фокус на элементе: [ККГЭС.Проекты договоров]
2025-09-28 22:54:36 [Debug] [SD2476877] Фокус на элементе: [КУГ.Договоры]
2025-09-28 22:54:36 [Debug] [SD2476877] Фокус на элементе: [КУГ.ПЗД / Приложения к договорам]
2025-09-28 22:54:36 [Debug] [SD2476877] Фокус на элементе: [КУГ.Проекты договоров]
2025-09-28 22:54:36 [Debug] [SD2476877] Фокус на элементе: [КЧФ.Договоры]
2025-09-28 22:54:36 [Debug] [SD2476877] Фокус на элементе: [КЧФ.ПЗД / Приложения к договорам]
2025-09-28 22:54:36 [Debug] [SD2476877] Фокус на элементе: [КЧФ.Проекты договоров]
2025-09-28 22:54:36 [Debug] [SD2476877] Фокус на элементе: [НГЭС.Договоры]
2025-09-28 22:54:36 [Debug] [SD2476877] Фокус на элементе: [НГЭС.ПЗД / Приложения к договорам]
2025-09-28 22:54:36 [Debug] [SD2476877] Фокус на элементе: [НГЭС.Проекты договоров]
2025-09-28 22:54:36 [Debug] [SD2476877] Фокус на элементе: [НЖГЭС.Договоры]
2025-09-28 22:54:36 [Debug] [SD2476877] Фокус на элементе: [НЖГЭС.ПЗД / Приложения к договорам]
2025-09-28 22:54:36 [Debug] [SD2476877] Фокус на элементе: [НЖГЭС.Проекты договоров]
2025-09-28 22:54:36 [Debug] [SD2476877] Фокус на элементе: [Приморский филиал РГ.Договоры]
2025-09-28 22:54:36 [Debug] [SD2476877] Фокус на элементе: [Приморский филиал РГ.ПЗД / Приложения к договорам]
2025-09-28 22:54:36 [Debug] [SD2476877] Фокус на элементе: [Приморский филиал РГ.Проекты договоров]
2025-09-28 22:54:36 [Debug] [SD2476877] Фокус на элементе: [СарГЭС.Договоры]
2025-09-28 22:54:36 [Debug] [SD2476877] Фокус на элементе: [СарГЭС.ПЗД / Приложения к договорам]
2025-09-28 22:54:36 [Debug] [SD2476877] Фокус на элементе: [СарГЭС.Проекты договоров]
2025-09-28 22:54:36 [Debug] [SD2476877] Фокус на элементе: [СО.Договоры]
2025-09-28 22:54:36 [Debug] [SD2476877] Фокус на элементе: [СО.ПЗД / Приложения к договорам]
2025-09-28 22:54:36 [Debug] [SD2476877] Фокус на элементе: [СО.Проекты договоров]
2025-09-28 22:54:36 [Debug] [SD2476877] Фокус на элементе: [СШГЭС.Договоры]
2025-09-28 22:54:36 [Debug] [SD2476877] Фокус на элементе: [СШГЭС.ПЗД / Приложения к договорам]
2025-09-28 22:54:36 [Debug] [SD2476877] Фокус на элементе: [СШГЭС.Проекты договоров]
2025-09-28 22:54:36 [Debug] [SD2476877] Фокус на элементе: [Тест.ИА. Договоры]
2025-09-28 22:54:36 [Debug] [SD2476877] Фокус на элементе: [Тест.ИА. ПЗД / Приложения к договорам]
2025-09-28 22:54:36 [Debug] [SD2476877] Фокус на элементе: [Тест.ИА. Проекты договоров]
2025-09-28 22:54:36 [Debug] [SD2476877] Фокус на элементе: [Тест.ККГЭС.Договоры]
2025-09-28 22:54:36 [Debug] [SD2476877] Фокус на элементе: [Тест.ККГЭС.ПЗД / Приложения к договорам]
2025-09-28 22:54:36 [Debug] [SD2476877] Фокус на элементе: [Тест.ККГЭС.Проекты договоров]
2025-09-28 22:54:36 [Debug] [SD2476877] Фокус на элементе: [Хабаровский филиал РГ.Договоры]
2025-09-28 22:54:36 [Debug] [SD2476877] Фокус на элементе: [Хабаровский филиал РГ.ПЗД / Приложения к договорам]
2025-09-28 22:54:36 [Debug] [SD2476877] Фокус на элементе: [Хабаровский филиал РГ.Проекты договоров]
2025-09-28 22:54:36 [Debug] [SD2476877] Фокус на элементе: [ЧГЭС.Договоры]
2025-09-28 22:54:36 [Info] [SD2476877] Журнал [ЧГЭС.Договоры] найден.
2025-09-28 22:54:36 [Debug] [SD2476877] Элемент журнала прокручен в область видимости.
2025-09-28 22:54:37 [Info] [SD2476877] Элемент журнала выбран через SelectionItemPattern.Select().
2025-09-28 22:54:37 [Info] [SD2476877] Нажали на кнопку [Выбрать] в окне [Выбор документа] со списком журналов.
2025-09-28 22:54:38 [Info] [SD2476877] Договор проставлен успешно. Номер договора: 1350-0-1-2005
2025-09-28 22:54:38 [Info] [SD2476877] Текущий подписант: [Дорофеев Антон Владимирович]. Меняю на: [Черданцева Наталья Викторовна].
2025-09-28 22:54:38 [Info] [SD2476877] Подписант успешно установлен: [Черданцева Наталья Викторовна].
2025-09-28 22:54:38 [Info] [SD2476877] Клик выполнен по элементу в центре: X=37, Y=85
2025-09-28 22:54:38 [Info] [SD2476877] Нажали на кнопку [Сохранить документ] в окне [Создать документ].
2025-09-28 22:54:53 [Info] [SD2476877] Главное окно Landocs обнаружено.
2025-09-28 22:54:53 [Info] [SD2476877] DocCard найден: "№ППУД 1350-100 от 28.09.2025 (Журнал: ЧГЭС.Проекты ППУД) - Документ LanDocs".
2025-09-28 22:54:54 [Info] [SD2476877] Клик выполнен по элементу в центре: X=130, Y=180
2025-09-28 22:54:54 [Info] [SD2476877] Элемент [Структура папок] выбран.
2025-09-28 22:54:54 [Info] [SD2476877] Нажали на кнопку [Структура папок] в окне [Создать документ].
2025-09-28 22:54:54 [Info] [SD2476877] CheckBox был установлен в состояние 'true'.
2025-09-28 22:54:55 [Info] [SD2476877] Выбран элемент 'Акты сверки' после раскрытия CheckBox.
2025-09-28 22:54:55 [Info] [SD2476877] Старт попытки прикрепления файла (попытка 1 из 3).
2025-09-28 22:54:55 [Info] [SD2476877] Клик выполнен по элементу в центре: X=207, Y=285
2025-09-28 22:54:55 [Info] [SD2476877] Нажали [Добавить].
2025-09-28 22:54:56 [Info] [SD2476877] Появилось окно: [Выберете файлы для прикрепления к РК].
2025-09-28 22:54:56 [Info] [SD2476877] Путь к файлу установлен.
2025-09-28 22:54:56 [Info] [SD2476877] Нажал Enter на [Open/Открыть]. Ожидаю закрытие окна…
2025-09-28 22:54:57 [Info] [SD2476877] Окно выбора файлов закрылось. Продолжаю дальше.
2025-09-28 22:54:57 [Info] [SD2476877] CheckBox был установлен в состояние 'true'.
2025-09-28 22:54:58 [Info] [SD2476877] Выбран элемент 'Акты сверки' после раскрытия CheckBox.
2025-09-28 22:54:58 [Info] [SD2476877] Элемент [Структура папок] найден.
2025-09-28 22:54:58 [Info] [SD2476877] CheckBox был установлен в состояние 'true'.
2025-09-28 22:55:00 [Info] [SD2476877] Прикрепленный файл не найден или неактивен. Попытка 1/3. Ожидаем 10 секунд...
2025-09-28 22:55:10 [Info] [SD2476877] Прикрепленный файл не найден или неактивен. Попытка 2/3. Ожидаем 10 секунд...
2025-09-28 22:55:20 [Info] [SD2476877] Прикрепленный файл не найден или неактивен. Попытка 3/3. Ожидаем 10 секунд...
2025-09-28 22:55:30 [Info] [SD2476877] Прикрепленный файл не найден после 3 попыток. Повторная проверка элемента [Структура папок].
2025-09-28 22:55:30 [Info] [SD2476877] Элемент [Структура папок] найден.
2025-09-28 22:55:30 [Info] [SD2476877] CheckBox был установлен в состояние 'true'.
2025-09-28 22:55:33 [Info] [SD2476877] Клик выполнен по элементу в центре: X=476, Y=388
2025-09-28 22:55:33 [Info] [SD2476877] Прикрепленный файл [Акт св П 1000008293 ВымпелКом ПАО  №00000006401350 31.12.24_7713076301_997750001.PDF (ver.1, 28.09.2025) | %FSНе отправлен по ЭДО$FS] выбран.
2025-09-28 22:55:33 [Info] [SD2476877] Начинаем поиск кнопки [Просмотреть реквизиты документа] в окне [Создание документа]...
2025-09-28 22:55:33 [Info] [SD2476877] Кнопка [Просмотреть реквизиты документа] найдена. Пытаемся нажать на кнопку...
2025-09-28 22:55:33 [Info] [SD2476877] Клик выполнен по элементу в центре: X=1004, Y=286
2025-09-28 22:55:33 [Info] [SD2476877] Нажали на кнопку [Просмотреть реквизиты документа] в окне [Создание документа].
2025-09-28 22:55:33 [Info] [SD2476877] Окно редактирования реквизитов документа [Реквизиты документа в архиве] найдено.
2025-09-28 22:55:33 [Info] [SD2476877] Начинаем поиск элемента ввода [Номер файла]...
2025-09-28 22:55:33 [Info] [SD2476877] Элемент ввода [Номер файла] найден. Получаем текущие значения...
2025-09-28 22:55:33 [Info] [SD2476877] Текущее значение [Номер файла] отсутствует. Устанавливаю новое: [00000006401350].
2025-09-28 22:55:33 [Info] [SD2476877] Значение [Номер файла] успешно установлено: [00000006401350].
2025-09-28 22:55:33 [Info] [SD2476877] Начинаем поиск элемента ввода [Дата документа]...
2025-09-28 22:55:33 [Info] [SD2476877] Элемент ввода [Дата документа] найден.
2025-09-28 22:55:34 [Info] [SD2476877] Клик выполнен по элементу в центре: X=1071, Y=230
2025-09-28 22:55:34 [Info] [SD2476877] Фокус установлен на элемент ввода [Дата документа].
2025-09-28 22:55:34 [Info] [SD2476877] Пытаемся ввести текущую дату: [28.09.2025]...
2025-09-28 22:55:37 [Info] [SD2476877] Дата документа введена в поле ввода.
2025-09-28 22:55:37 [Info] [SD2476877] Начинаем поиск элемента ввода [Количество копий]...
2025-09-28 22:55:37 [Info] [SD2476877] Элемент ввода [Количество копий] найден. Получаем текущие значения...
2025-09-28 22:55:37 [Info] [SD2476877] Текущее значение [Количество копий]: [0]. Меняю на: [1].
2025-09-28 22:55:37 [Info] [SD2476877] Значение [Номер файла] успешно установлено: [1].
2025-09-28 22:55:37 [Info] [SD2476877] Начинаем поиск кнопки [Сохранить] в окне [Редактирования реквизитов документа]...
2025-09-28 22:55:37 [Info] [SD2476877] Кнопка [Сохранить] найдена. Пытаемся нажать на кнопку...
2025-09-28 22:55:37 [Info] [SD2476877] Клик выполнен по элементу в центре: X=1111, Y=789
2025-09-28 22:55:37 [Info] [SD2476877] Нажали на кнопку [Сохранить] в окне [Редактирования реквизитов документа].
2025-09-28 22:55:39 [Info] [SD2476877] Элемент [Структура папок] найден.
2025-09-28 22:55:39 [Info] [SD2476877] CheckBox был установлен в состояние 'true'.
2025-09-28 22:55:41 [Info] [SD2476877] Клик выполнен по элементу в центре: X=476, Y=388
2025-09-28 22:55:41 [Info] [SD2476877] Прикрепленный файл [Акт св П 1000008293 ВымпелКом ПАО  №00000006401350 31.12.24_7713076301_997750001.PDF (ver.1, 28.09.2025) | %FSНе отправлен по ЭДО$FS] выбран.
2025-09-28 22:55:41 [Info] [SD2476877] Начинаем поиск кнопки [Просмотреть реквизиты документа] в окне [Создание документа]...
2025-09-28 22:55:41 [Info] [SD2476877] Кнопка [Просмотреть реквизиты документа] найдена. Пытаемся нажать на кнопку...
2025-09-28 22:55:41 [Info] [SD2476877] Клик выполнен по элементу в центре: X=1132, Y=264
2025-09-28 22:55:41 [Info] [SD2476877] Нажали на кнопку [Просмотреть реквизиты документа] в окне [Создание документа].
2025-09-28 22:55:42 [Info] [SD2476877] Окно редактирования реквизитов документа [Реквизиты документа] найдено.
2025-09-28 22:55:42 [Info] [SD2476877] Начинаем поиск кнопки [...] в окне [Реквизиты документа]...
2025-09-28 22:55:42 [Info] [SD2476877] Кнопка [...] найдена. Пытаемся нажать на кнопку...
2025-09-28 22:55:42 [Info] [SD2476877] Клик выполнен по элементу в центре: X=921, Y=204
2025-09-28 22:55:42 [Info] [SD2476877] Нажали на кнопку [...] в окне [Реквизиты документа].
2025-09-28 22:55:42 [Info] [SD2476877] Окно редактирования реквизитов документа [Выбор элемента] найдено.
2025-09-28 22:55:42 [Info] [SD2476877] Начинаем поиск элемента 'Список типов документов'...
2025-09-28 22:55:42 [Info] [SD2476877] Элемент 'Список типов документов' найден. Пытаемся найти 'Панель данных' внутри списка...
2025-09-28 22:55:42 [Info] [SD2476877] 'Панель данных' найдена. Получаем cписок типов документов...
2025-09-28 22:55:42 [Info] [SD2476877] Получен cписок типов документов: найдено 20 элементов.
2025-09-28 22:55:42 [Debug] [SD2476877] Обработка типов документов под индексом [0]...
2025-09-28 22:55:42 [Debug] [SD2476877] Найден тип документа [0]: [Акт (неформ.)]
2025-09-28 22:55:42 [Debug] [SD2476877] Обработка типов документов под индексом [1]...
2025-09-28 22:55:42 [Debug] [SD2476877] Найден тип документа [1]: [Акт МХ-1]
2025-09-28 22:55:42 [Debug] [SD2476877] Обработка типов документов под индексом [2]...
2025-09-28 22:55:42 [Debug] [SD2476877] Найден тип документа [2]: [Акт МХ-3]
2025-09-28 22:55:42 [Debug] [SD2476877] Обработка типов документов под индексом [3]...
2025-09-28 22:55:42 [Debug] [SD2476877] Найден тип документа [3]: [Акт сверки]
2025-09-28 22:55:42 [Info] [SD2476877] Начинаем поиск кнопки [Выбрать] в окне [Выбор элементов]...
2025-09-28 22:55:43 [Info] [SD2476877] Кнопка [Выбрать] найдена. Пытаемся нажать на кнопку...
2025-09-28 22:55:43 [Info] [SD2476877] Клик выполнен по элементу в центре: X=1753, Y=900
2025-09-28 22:55:43 [Info] [SD2476877] Нажали на кнопку [Выбрать] в окне [Выбор элементов].
2025-09-28 22:55:43 [Info] [SD2476877] Начинаем поиск элемента ввода [Номер документа]...
2025-09-28 22:55:43 [Info] [SD2476877] Элемент ввода [Номер документа] найден. Получаем текущие значения...
2025-09-28 22:55:43 [Info] [SD2476877] Текущее значение [Номер документа] отсутствует. Устанавливаю новое: [00000006401350].
2025-09-28 22:55:43 [Info] [SD2476877] Значение [Номер документа] успешно установлено: [00000006401350].
2025-09-28 22:55:43 [Info] [SD2476877] Начинаем поиск элемента ввода [Дата документа]...
2025-09-28 22:55:43 [Info] [SD2476877] Элемент ввода [Дата документа] найден.
2025-09-28 22:55:43 [Info] [SD2476877] Клик выполнен по элементу в центре: X=800, Y=312
2025-09-28 22:55:43 [Info] [SD2476877] Фокус установлен на элемент ввода [Дата документа].
2025-09-28 22:55:43 [Info] [SD2476877] Пытаемся ввести текущую дату: [31.12.2024]...
2025-09-28 22:55:46 [Info] [SD2476877] Дата документа введена в поле ввода.
2025-09-28 22:55:46 [Info] [SD2476877] Начинаем поиск кнопки [Выбрать] в окне [Выбор элементов]...
2025-09-28 22:55:47 [Info] [SD2476877] Кнопка [Выбрать] найдена. Пытаемся нажать на кнопку...
2025-09-28 22:55:47 [Info] [SD2476877] Клик выполнен по элементу в центре: X=1107, Y=788
2025-09-28 22:55:47 [Info] [SD2476877] Нажали на кнопку [Выбрать] в окне [Выбор элементов].
2025-09-28 22:55:48 [Info] [SD2476877] Клик выполнен по элементу в центре: X=231, Y=180
2025-09-28 22:55:48 [Info] [SD2476877] Элемент [Согласование] выбран.
2025-09-28 22:55:48 [Info] [SD2476877] Нажали на кнопку [Согласование] в окне [Создать документ].
2025-09-28 22:55:48 [Info] [SD2476877] Начинаем поиск кнопки [Отправить на маршрут] в окне [Согласование]...
2025-09-28 22:55:48 [Info] [SD2476877] Кнопка [Отправить на маршрут] найдена. Пытаемся нажать на кнопку...
2025-09-28 22:55:49 [Info] [SD2476877] Клик выполнен по элементу в центре: X=479, Y=236
2025-09-28 22:55:49 [Info] [SD2476877] Нажали на кнопку [Отправить на маршрут] в окне [Согласование].
2025-09-28 22:56:02 [Info] [SD2476877] Главное окно Landocs обнаружено.
2025-09-28 22:56:02 [Info] [SD2476877] DocCard найден: "№ППУД 1350-100 от 28.09.2025 (Журнал: ЧГЭС.Проекты ППУД) - Документ LanDocs".
2025-09-28 22:56:02 [Info] [SD2476877] Окно 'Вопрос' внутри DocCard найдено и активировано.
2025-09-28 22:56:02 [Info] [SD2476877] Клик выполнен по элементу в центре: X=897, Y=495
2025-09-28 22:56:02 [Info] [SD2476877] Кнопка 'ОК' в окне 'Вопрос' успешно нажата.
2025-09-28 22:56:08 [Info] [SD2476877] Окно 'Вопрос' закрыто (не находится среди потомков DocCard).
2025-09-28 22:56:14 [Debug] [SD2476877] lblStaticText найден, но текст пока другой: "Количество запусков: 0".
2025-09-28 22:56:20 [Info] [SD2476877] Найден lblStaticText с требуемым текстом: "Количество запусков: 1. Маршрут запущен: _robin_landocs, 28.09.2025 22:56.".
2025-09-28 22:56:23 [Info] [SD2476877] Клик выполнен по элементу в центре: X=105, Y=85
2025-09-28 22:56:23 [Info] [SD2476877] Нажата кнопка 'Сохранить и закрыть' (физический клик).
2025-09-28 22:56:24 [Info] [SD2476877] DocCard закрыт.
2025-09-28 22:56:24 [Warning] [SD2476877] Файл [(+)Акт св П 1000008293 ВымпелКом ПАО  №00000006401350 31.12.24_7713076301_997750001.pdf] уже существует. Пропускаю переименование.
2025-09-28 22:56:25 [Info] [SD2476877] Попробовали мягко закрыть MainWindow через WindowPattern.Close().
2025-09-28 22:56:26 [Info] [SD2476877] MainWindow успешно закрылось мягким способом.
2025-09-28 22:56:26 [Info] [SD2476877] Начинаю работу по файлу: Индекс: [0], Файл: [Акт св П 1000008300 Институт Гидропроект АО  №00000006411350 31.12.24_7743714777_774301001.pdf]. Всего файлов: [27]
2025-09-28 22:56:26 [Info] [SD2476877] Запускаю Landocs.
2025-09-28 22:56:26 [Debug] [SD2476877] Выполнил резервную копию файла профиля [C:\Users\RobinLandocsAC\AppData\Local\LANIT\LanDocs\3.6.1.39\UserSettings.xml] переименован в [C:\Users\RobinLandocsAC\AppData\Local\LANIT\LanDocs\3.6.1.39\UserSettings.bak].
2025-09-28 22:56:26 [Debug] [SD2476877] Кастомный файл профиля landocs успешно перемещен из 'C:\Users\RobinLandocsAC\Desktop\LanDocsRobotReborn\landocs2\LandocsRobot\bin\Debug\UserSettings.xml' в 'C:\Users\RobinLandocsAC\AppData\Local\LANIT\LanDocs\3.6.1.39\UserSettings.xml'.
2025-09-28 22:56:26 [Info] [SD2476877] Профиль Landocs успешно перемещен.
2025-09-28 22:56:26 [Info] [SD2476877] Запускаю приложение Landocs по пути: C:\Users\RobinLandocsAC\AppData\Local\Apps\2.0\P5L8YXKH.MD2\WYROW58K.TZV\land...app_564c2c838af24d09_0003.0006_c04a00086fb426e6\LanDocs3.exe
2025-09-28 22:56:26 [Info] [SD2476877] Запуск приложения: C:\Users\RobinLandocsAC\AppData\Local\Apps\2.0\P5L8YXKH.MD2\WYROW58K.TZV\land...app_564c2c838af24d09_0003.0006_c04a00086fb426e6\LanDocs3.exe
2025-09-28 22:56:26 [Info] [SD2476877] Поиск окна приложения с именем: [_robin_landocs (Мой LanDocs) - Избранное - LanDocs]. Время ожидания:[300] сек.
2025-09-28 22:56:27 [Debug] [SD2476877] Ожидание окна приложения: [_robin_landocs (Мой LanDocs) - Избранное - LanDocs]. Прошло [1] секунд...
2025-09-28 22:56:31 [Debug] [SD2476877] Ожидание окна приложения: [_robin_landocs (Мой LanDocs) - Избранное - LanDocs]. Прошло [2] секунд...
2025-09-28 22:56:32 [Debug] [SD2476877] Ожидание окна приложения: [_robin_landocs (Мой LanDocs) - Избранное - LanDocs]. Прошло [3] секунд...
2025-09-28 22:56:33 [Debug] [SD2476877] Ожидание окна приложения: [_robin_landocs (Мой LanDocs) - Избранное - LanDocs]. Прошло [4] секунд...
2025-09-28 22:56:34 [Debug] [SD2476877] Ожидание окна приложения: [_robin_landocs (Мой LanDocs) - Избранное - LanDocs]. Прошло [5] секунд...
2025-09-28 22:56:35 [Debug] [SD2476877] Ожидание окна приложения: [_robin_landocs (Мой LanDocs) - Избранное - LanDocs]. Прошло [6] секунд...
2025-09-28 22:56:37 [Debug] [SD2476877] Ожидание окна приложения: [_robin_landocs (Мой LanDocs) - Избранное - LanDocs]. Прошло [7] секунд...
