2025-09-03 14:06:00 [Info]:  🤖 Запуск робота LandocsRobot
2025-09-03 14:06:01 [Info]:  Уровень логирования установлен на: Debug
2025-09-03 14:06:01 [Info]:  Параметры успешно загружены из config.xml
2025-09-03 14:06:01 [Info]:  Список организаций успешно загружен.
2025-09-03 14:06:01 [Info]:  Найдено 1 заяв(-ка) (-ок) для обработки.
2025-09-03 14:06:01 [Info]: [SD1792470] Начинаю обработку заявки: SD1792470+
2025-09-03 14:06:01 [Info]: [SD1792470] Файл заявки [SD1792470+.txt] найден. Начинаю обработку.
2025-09-03 14:06:01 [Debug]: [SD1792470] Начинается обработка файла: C:\Users\RobinLandocsAC\Desktop\LanDocsRobotReborn\landocs2\LandocsRobot\bin\Debug\Input\SD1792470+\SD1792470+.txt
2025-09-03 14:06:01 [Debug]: [SD1792470] Файл успешно прочитан: C:\Users\RobinLandocsAC\Desktop\LanDocsRobotReborn\landocs2\LandocsRobot\bin\Debug\Input\SD1792470+\SD1792470+.txt
2025-09-03 14:06:01 [Info]: [SD1792470] Извлеченные данные: Номер заявки - [SD1792470], Тип - [Годовая инвентаризация (по всем контрагентам и договорам)], Организация - [Дагестанский филиал], ППУД - [ДФ.Проекты ППУД]
2025-09-03 14:06:01 [Info]: [SD1792470] В папке [ЭДО] найдено 5 элементов. Начинаю обработку файлов.
2025-09-03 14:06:01 [Info]: [SD1792470] Сортировка и перемещение файлов завершены.
2025-09-03 14:06:01 [Debug]: [SD1792470] xlsx: 1 элементов.
2025-09-03 14:06:01 [Debug]: [SD1792470] pdf: 2 элементов.
2025-09-03 14:06:01 [Debug]: [SD1792470] zip: 102 элементов.
2025-09-03 14:06:01 [Debug]: [SD1792470] error: 1 элементов.
2025-09-03 14:06:01 [Debug]: [SD1792470] [+] Для файла [Акт св П 1000097213 Каримов Саид Алиевич ИП  №00000008061080 31.10.24_056206233185_ OK] найден соответствующий PDF.
2025-09-03 14:06:01 [Info]: [SD1792470] 0 файл(-а) (-ов) на конвертацию в PDF.
2025-09-03 14:06:01 [Info]: [SD1792470] Обработка заявки [SD1792470+] завершена успешно.
2025-09-03 14:06:01 [Info]: [SD1792470] Начинаю работу по файлу: Индекс: [0], Файл: [LandocsRobot.Program+FileData]. Всего файлов: [2]
2025-09-03 14:06:01 [Info]: [SD1792470] Запускаю Landocs.
2025-09-03 14:06:01 [Debug]: [SD1792470] Выполнил резервную копию файла профиля [C:\Users\RobinLandocsAC\AppData\Local\LANIT\LanDocs\3.6.1.39\UserSettings.xml] переименован в [C:\Users\RobinLandocsAC\AppData\Local\LANIT\LanDocs\3.6.1.39\UserSettings.bak].
2025-09-03 14:06:01 [Debug]: [SD1792470] Кастомный файл профиля landocs успешно перемещен из 'C:\Users\RobinLandocsAC\Desktop\LanDocsRobotReborn\landocs2\LandocsRobot\bin\Debug\UserSettings.xml' в 'C:\Users\RobinLandocsAC\AppData\Local\LANIT\LanDocs\3.6.1.39\UserSettings.xml'.
2025-09-03 14:06:01 [Info]: [SD1792470] Профиль Landocs успешно перемещен.
2025-09-03 14:06:01 [Info]: [SD1792470] Запускаю приложение Landocs по пути: C:\Users\RobinLandocsAC\AppData\Local\Apps\2.0\P5L8YXKH.MD2\WYROW58K.TZV\land...app_564c2c838af24d09_0003.0006_c04a00086fb426e6\LanDocs3.exe
2025-09-03 14:06:01 [Info]: [SD1792470] Запуск приложения: C:\Users\RobinLandocsAC\AppData\Local\Apps\2.0\P5L8YXKH.MD2\WYROW58K.TZV\land...app_564c2c838af24d09_0003.0006_c04a00086fb426e6\LanDocs3.exe
2025-09-03 14:06:01 [Info]: [SD1792470] Поиск окна приложения с именем: [_robin_landocs (Мой LanDocs) - Избранное - LanDocs]. Время ожидания:[300] сек.
2025-09-03 14:07:02 [Debug]: [SD1792470] Ожидание окна приложения: [_robin_landocs (Мой LanDocs) - Избранное - LanDocs]. Прошло [1] секунд...
2025-09-03 14:07:03 [Debug]: [SD1792470] Ожидание окна приложения: [_robin_landocs (Мой LanDocs) - Избранное - LanDocs]. Прошло [2] секунд...
2025-09-03 14:07:04 [Debug]: [SD1792470] Ожидание окна приложения: [_robin_landocs (Мой LanDocs) - Избранное - LanDocs]. Прошло [3] секунд...
2025-09-03 14:07:05 [Debug]: [SD1792470] Ожидание окна приложения: [_robin_landocs (Мой LanDocs) - Избранное - LanDocs]. Прошло [4] секунд...
2025-09-03 14:07:06 [Debug]: [SD1792470] Ожидание окна приложения: [_robin_landocs (Мой LanDocs) - Избранное - LanDocs]. Прошло [5] секунд...
2025-09-03 14:07:07 [Debug]: [SD1792470] Ожидание окна приложения: [_robin_landocs (Мой LanDocs) - Избранное - LanDocs]. Прошло [6] секунд...
2025-09-03 14:07:08 [Debug]: [SD1792470] Ожидание окна приложения: [_robin_landocs (Мой LanDocs) - Избранное - LanDocs]. Прошло [7] секунд...
2025-09-03 14:07:09 [Debug]: [SD1792470] Ожидание окна приложения: [_robin_landocs (Мой LanDocs) - Избранное - LanDocs]. Прошло [8] секунд...
2025-09-03 14:07:10 [Debug]: [SD1792470] Ожидание окна приложения: [_robin_landocs (Мой LanDocs) - Избранное - LanDocs]. Прошло [9] секунд...
2025-09-03 14:07:12 [Debug]: [SD1792470] Ожидание окна приложения: [_robin_landocs (Мой LanDocs) - Избранное - LanDocs]. Прошло [10] секунд...
2025-09-03 14:07:12 [Warning]: [SD1792470] Ожидание окна приложения: [_robin_landocs (Мой LanDocs) - Избранное - LanDocs]. Прошло [10] секунд.
2025-09-03 14:07:13 [Debug]: [SD1792470] Ожидание окна приложения: [_robin_landocs (Мой LanDocs) - Избранное - LanDocs]. Прошло [11] секунд...
2025-09-03 14:07:14 [Debug]: [SD1792470] Ожидание окна приложения: [_robin_landocs (Мой LanDocs) - Избранное - LanDocs]. Прошло [12] секунд...
2025-09-03 14:07:15 [Debug]: [SD1792470] Ожидание окна приложения: [_robin_landocs (Мой LanDocs) - Избранное - LanDocs]. Прошло [13] секунд...
2025-09-03 14:07:16 [Debug]: [SD1792470] Ожидание окна приложения: [_robin_landocs (Мой LanDocs) - Избранное - LanDocs]. Прошло [14] секунд...
2025-09-03 14:07:17 [Debug]: [SD1792470] Ожидание окна приложения: [_robin_landocs (Мой LanDocs) - Избранное - LanDocs]. Прошло [15] секунд...
2025-09-03 14:07:18 [Debug]: [SD1792470] Ожидание окна приложения: [_robin_landocs (Мой LanDocs) - Избранное - LanDocs]. Прошло [16] секунд...
2025-09-03 14:07:19 [Debug]: [SD1792470] Ожидание окна приложения: [_robin_landocs (Мой LanDocs) - Избранное - LanDocs]. Прошло [17] секунд...
2025-09-03 14:07:20 [Debug]: [SD1792470] Ожидание окна приложения: [_robin_landocs (Мой LanDocs) - Избранное - LanDocs]. Прошло [18] секунд...
2025-09-03 14:07:21 [Debug]: [SD1792470] Ожидание окна приложения: [_robin_landocs (Мой LanDocs) - Избранное - LanDocs]. Прошло [19] секунд...
2025-09-03 14:07:22 [Debug]: [SD1792470] Ожидание окна приложения: [_robin_landocs (Мой LanDocs) - Избранное - LanDocs]. Прошло [20] секунд...
2025-09-03 14:07:22 [Warning]: [SD1792470] Ожидание окна приложения: [_robin_landocs (Мой LanDocs) - Избранное - LanDocs]. Прошло [20] секунд.
2025-09-03 14:07:23 [Debug]: [SD1792470] Ожидание окна приложения: [_robin_landocs (Мой LanDocs) - Избранное - LanDocs]. Прошло [21] секунд...
2025-09-03 14:07:24 [Debug]: [SD1792470] Ожидание окна приложения: [_robin_landocs (Мой LanDocs) - Избранное - LanDocs]. Прошло [22] секунд...
2025-09-03 14:07:25 [Debug]: [SD1792470] Ожидание окна приложения: [_robin_landocs (Мой LanDocs) - Избранное - LanDocs]. Прошло [23] секунд...
2025-09-03 14:07:26 [Debug]: [SD1792470] Ожидание окна приложения: [_robin_landocs (Мой LanDocs) - Избранное - LanDocs]. Прошло [24] секунд...
2025-09-03 14:07:27 [Debug]: [SD1792470] Ожидание окна приложения: [_robin_landocs (Мой LanDocs) - Избранное - LanDocs]. Прошло [25] секунд...
2025-09-03 14:07:28 [Debug]: [SD1792470] Ожидание окна приложения: [_robin_landocs (Мой LanDocs) - Избранное - LanDocs]. Прошло [26] секунд...
2025-09-03 14:07:29 [Debug]: [SD1792470] Ожидание окна приложения: [_robin_landocs (Мой LanDocs) - Избранное - LanDocs]. Прошло [27] секунд...
2025-09-03 14:07:30 [Debug]: [SD1792470] Ожидание окна приложения: [_robin_landocs (Мой LanDocs) - Избранное - LanDocs]. Прошло [28] секунд...
2025-09-03 14:07:31 [Debug]: [SD1792470] Ожидание окна приложения: [_robin_landocs (Мой LanDocs) - Избранное - LanDocs]. Прошло [29] секунд...
2025-09-03 14:07:32 [Debug]: [SD1792470] Ожидание окна приложения: [_robin_landocs (Мой LanDocs) - Избранное - LanDocs]. Прошло [30] секунд...
2025-09-03 14:07:32 [Warning]: [SD1792470] Ожидание окна приложения: [_robin_landocs (Мой LanDocs) - Избранное - LanDocs]. Прошло [30] секунд.
2025-09-03 14:07:33 [Debug]: [SD1792470] Ожидание окна приложения: [_robin_landocs (Мой LanDocs) - Избранное - LanDocs]. Прошло [31] секунд...
2025-09-03 14:07:34 [Debug]: [SD1792470] Ожидание окна приложения: [_robin_landocs (Мой LanDocs) - Избранное - LanDocs]. Прошло [32] секунд...
2025-09-03 14:07:36 [Debug]: [SD1792470] Ожидание окна приложения: [_robin_landocs (Мой LanDocs) - Избранное - LanDocs]. Прошло [33] секунд...
2025-09-03 14:07:37 [Debug]: [SD1792470] Ожидание окна приложения: [_robin_landocs (Мой LanDocs) - Избранное - LanDocs]. Прошло [34] секунд...
2025-09-03 14:07:38 [Debug]: [SD1792470] Ожидание окна приложения: [_robin_landocs (Мой LanDocs) - Избранное - LanDocs]. Прошло [35] секунд...
2025-09-03 14:07:39 [Debug]: [SD1792470] Ожидание окна приложения: [_robin_landocs (Мой LanDocs) - Избранное - LanDocs]. Прошло [36] секунд...
2025-09-03 14:07:40 [Debug]: [SD1792470] Ожидание окна приложения: [_robin_landocs (Мой LanDocs) - Избранное - LanDocs]. Прошло [37] секунд...
2025-09-03 14:07:41 [Debug]: [SD1792470] Ожидание окна приложения: [_robin_landocs (Мой LanDocs) - Избранное - LanDocs]. Прошло [38] секунд...
2025-09-03 14:07:42 [Debug]: [SD1792470] Ожидание окна приложения: [_robin_landocs (Мой LanDocs) - Избранное - LanDocs]. Прошло [39] секунд...
2025-09-03 14:07:43 [Debug]: [SD1792470] Ожидание окна приложения: [_robin_landocs (Мой LanDocs) - Избранное - LanDocs]. Прошло [40] секунд...
2025-09-03 14:07:43 [Warning]: [SD1792470] Ожидание окна приложения: [_robin_landocs (Мой LanDocs) - Избранное - LanDocs]. Прошло [40] секунд.
2025-09-03 14:07:44 [Debug]: [SD1792470] Ожидание окна приложения: [_robin_landocs (Мой LanDocs) - Избранное - LanDocs]. Прошло [41] секунд...
2025-09-03 14:07:45 [Debug]: [SD1792470] Ожидание окна приложения: [_robin_landocs (Мой LanDocs) - Избранное - LanDocs]. Прошло [42] секунд...
2025-09-03 14:07:46 [Debug]: [SD1792470] Ожидание окна приложения: [_robin_landocs (Мой LanDocs) - Избранное - LanDocs]. Прошло [43] секунд...
2025-09-03 14:07:47 [Debug]: [SD1792470] Ожидание окна приложения: [_robin_landocs (Мой LanDocs) - Избранное - LanDocs]. Прошло [44] секунд...
2025-09-03 14:07:48 [Debug]: [SD1792470] Ожидание окна приложения: [_robin_landocs (Мой LanDocs) - Избранное - LanDocs]. Прошло [45] секунд...
2025-09-03 14:07:49 [Debug]: [SD1792470] Ожидание окна приложения: [_robin_landocs (Мой LanDocs) - Избранное - LanDocs]. Прошло [46] секунд...
2025-09-03 14:07:50 [Debug]: [SD1792470] Ожидание окна приложения: [_robin_landocs (Мой LanDocs) - Избранное - LanDocs]. Прошло [47] секунд...
2025-09-03 14:07:51 [Debug]: [SD1792470] Ожидание окна приложения: [_robin_landocs (Мой LanDocs) - Избранное - LanDocs]. Прошло [48] секунд...
2025-09-03 14:07:52 [Debug]: [SD1792470] Ожидание окна приложения: [_robin_landocs (Мой LanDocs) - Избранное - LanDocs]. Прошло [49] секунд...
2025-09-03 14:07:53 [Debug]: [SD1792470] Ожидание окна приложения: [_robin_landocs (Мой LanDocs) - Избранное - LanDocs]. Прошло [50] секунд...
2025-09-03 14:07:53 [Warning]: [SD1792470] Ожидание окна приложения: [_robin_landocs (Мой LanDocs) - Избранное - LanDocs]. Прошло [50] секунд.
2025-09-03 14:07:54 [Debug]: [SD1792470] Ожидание окна приложения: [_robin_landocs (Мой LanDocs) - Избранное - LanDocs]. Прошло [51] секунд...
2025-09-03 14:07:55 [Debug]: [SD1792470] Ожидание окна приложения: [_robin_landocs (Мой LanDocs) - Избранное - LanDocs]. Прошло [52] секунд...
2025-09-03 14:07:56 [Debug]: [SD1792470] Ожидание окна приложения: [_robin_landocs (Мой LanDocs) - Избранное - LanDocs]. Прошло [53] секунд...
2025-09-03 14:07:57 [Debug]: [SD1792470] Ожидание окна приложения: [_robin_landocs (Мой LanDocs) - Избранное - LanDocs]. Прошло [54] секунд...
2025-09-03 14:07:58 [Debug]: [SD1792470] Ожидание окна приложения: [_robin_landocs (Мой LanDocs) - Избранное - LanDocs]. Прошло [55] секунд...
2025-09-03 14:07:59 [Debug]: [SD1792470] Ожидание окна приложения: [_robin_landocs (Мой LanDocs) - Избранное - LanDocs]. Прошло [56] секунд...
2025-09-03 14:08:01 [Debug]: [SD1792470] Ожидание окна приложения: [_robin_landocs (Мой LanDocs) - Избранное - LanDocs]. Прошло [57] секунд...
2025-09-03 14:08:02 [Debug]: [SD1792470] Ожидание окна приложения: [_robin_landocs (Мой LanDocs) - Избранное - LanDocs]. Прошло [58] секунд...
2025-09-03 14:08:03 [Debug]: [SD1792470] Ожидание окна приложения: [_robin_landocs (Мой LanDocs) - Избранное - LanDocs]. Прошло [59] секунд...
2025-09-03 14:08:04 [Debug]: [SD1792470] Ожидание окна приложения: [_robin_landocs (Мой LanDocs) - Избранное - LanDocs]. Прошло [60] секунд...
2025-09-03 14:08:04 [Warning]: [SD1792470] Ожидание окна приложения: [_robin_landocs (Мой LanDocs) - Избранное - LanDocs]. Прошло [60] секунд.
2025-09-03 14:08:05 [Debug]: [SD1792470] Ожидание окна приложения: [_robin_landocs (Мой LanDocs) - Избранное - LanDocs]. Прошло [61] секунд...
2025-09-03 14:08:06 [Debug]: [SD1792470] Ожидание окна приложения: [_robin_landocs (Мой LanDocs) - Избранное - LanDocs]. Прошло [62] секунд...
2025-09-03 14:08:07 [Debug]: [SD1792470] Ожидание окна приложения: [_robin_landocs (Мой LanDocs) - Избранное - LanDocs]. Прошло [63] секунд...
2025-09-03 14:08:08 [Debug]: [SD1792470] Ожидание окна приложения: [_robin_landocs (Мой LanDocs) - Избранное - LanDocs]. Прошло [64] секунд...
2025-09-03 14:08:09 [Debug]: [SD1792470] Ожидание окна приложения: [_robin_landocs (Мой LanDocs) - Избранное - LanDocs]. Прошло [65] секунд...
2025-09-03 14:08:10 [Debug]: [SD1792470] Ожидание окна приложения: [_robin_landocs (Мой LanDocs) - Избранное - LanDocs]. Прошло [66] секунд...
2025-09-03 14:08:11 [Debug]: [SD1792470] Ожидание окна приложения: [_robin_landocs (Мой LanDocs) - Избранное - LanDocs]. Прошло [67] секунд...
2025-09-03 14:08:12 [Debug]: [SD1792470] Ожидание окна приложения: [_robin_landocs (Мой LanDocs) - Избранное - LanDocs]. Прошло [68] секунд...
2025-09-03 14:08:13 [Debug]: [SD1792470] Ожидание окна приложения: [_robin_landocs (Мой LanDocs) - Избранное - LanDocs]. Прошло [69] секунд...
2025-09-03 14:08:14 [Debug]: [SD1792470] Ожидание окна приложения: [_robin_landocs (Мой LanDocs) - Избранное - LanDocs]. Прошло [70] секунд...
2025-09-03 14:08:14 [Warning]: [SD1792470] Ожидание окна приложения: [_robin_landocs (Мой LanDocs) - Избранное - LanDocs]. Прошло [70] секунд.
2025-09-03 14:08:15 [Debug]: [SD1792470] Ожидание окна приложения: [_robin_landocs (Мой LanDocs) - Избранное - LanDocs]. Прошло [71] секунд...
2025-09-03 14:08:16 [Debug]: [SD1792470] Ожидание окна приложения: [_robin_landocs (Мой LanDocs) - Избранное - LanDocs]. Прошло [72] секунд...
2025-09-03 14:08:17 [Debug]: [SD1792470] Ожидание окна приложения: [_robin_landocs (Мой LanDocs) - Избранное - LanDocs]. Прошло [73] секунд...
2025-09-03 14:08:18 [Debug]: [SD1792470] Ожидание окна приложения: [_robin_landocs (Мой LanDocs) - Избранное - LanDocs]. Прошло [74] секунд...
2025-09-03 14:08:19 [Debug]: [SD1792470] Ожидание окна приложения: [_robin_landocs (Мой LanDocs) - Избранное - LanDocs]. Прошло [75] секунд...
2025-09-03 14:08:20 [Debug]: [SD1792470] Ожидание окна приложения: [_robin_landocs (Мой LanDocs) - Избранное - LanDocs]. Прошло [76] секунд...
2025-09-03 14:08:21 [Debug]: [SD1792470] Ожидание окна приложения: [_robin_landocs (Мой LanDocs) - Избранное - LanDocs]. Прошло [77] секунд...
2025-09-03 14:08:22 [Debug]: [SD1792470] Ожидание окна приложения: [_robin_landocs (Мой LanDocs) - Избранное - LanDocs]. Прошло [78] секунд...
2025-09-03 14:08:23 [Debug]: [SD1792470] Ожидание окна приложения: [_robin_landocs (Мой LanDocs) - Избранное - LanDocs]. Прошло [79] секунд...
2025-09-03 14:08:24 [Debug]: [SD1792470] Ожидание окна приложения: [_robin_landocs (Мой LanDocs) - Избранное - LanDocs]. Прошло [80] секунд...
2025-09-03 14:08:25 [Warning]: [SD1792470] Ожидание окна приложения: [_robin_landocs (Мой LanDocs) - Избранное - LanDocs]. Прошло [80] секунд.
2025-09-03 14:08:26 [Debug]: [SD1792470] Ожидание окна приложения: [_robin_landocs (Мой LanDocs) - Избранное - LanDocs]. Прошло [81] секунд...
2025-09-03 14:08:27 [Debug]: [SD1792470] Ожидание окна приложения: [_robin_landocs (Мой LanDocs) - Избранное - LanDocs]. Прошло [82] секунд...
2025-09-03 14:08:28 [Debug]: [SD1792470] Ожидание окна приложения: [_robin_landocs (Мой LanDocs) - Избранное - LanDocs]. Прошло [83] секунд...
2025-09-03 14:08:29 [Debug]: [SD1792470] Ожидание окна приложения: [_robin_landocs (Мой LanDocs) - Избранное - LanDocs]. Прошло [84] секунд...
2025-09-03 14:08:30 [Debug]: [SD1792470] Ожидание окна приложения: [_robin_landocs (Мой LanDocs) - Избранное - LanDocs]. Прошло [85] секунд...
2025-09-03 14:08:31 [Debug]: [SD1792470] Ожидание окна приложения: [_robin_landocs (Мой LanDocs) - Избранное - LanDocs]. Прошло [86] секунд...
2025-09-03 14:08:32 [Debug]: [SD1792470] Ожидание окна приложения: [_robin_landocs (Мой LanDocs) - Избранное - LanDocs]. Прошло [87] секунд...
2025-09-03 14:08:33 [Debug]: [SD1792470] Ожидание окна приложения: [_robin_landocs (Мой LanDocs) - Избранное - LanDocs]. Прошло [88] секунд...
2025-09-03 14:08:34 [Debug]: [SD1792470] Ожидание окна приложения: [_robin_landocs (Мой LanDocs) - Избранное - LanDocs]. Прошло [89] секунд...
2025-09-03 14:08:35 [Debug]: [SD1792470] Ожидание окна приложения: [_robin_landocs (Мой LanDocs) - Избранное - LanDocs]. Прошло [90] секунд...
2025-09-03 14:08:35 [Warning]: [SD1792470] Ожидание окна приложения: [_robin_landocs (Мой LanDocs) - Избранное - LanDocs]. Прошло [90] секунд.
2025-09-03 14:08:36 [Debug]: [SD1792470] Ожидание окна приложения: [_robin_landocs (Мой LanDocs) - Избранное - LanDocs]. Прошло [91] секунд...
2025-09-03 14:08:37 [Debug]: [SD1792470] Ожидание окна приложения: [_robin_landocs (Мой LanDocs) - Избранное - LanDocs]. Прошло [92] секунд...
2025-09-03 14:08:38 [Debug]: [SD1792470] Ожидание окна приложения: [_robin_landocs (Мой LanDocs) - Избранное - LanDocs]. Прошло [93] секунд...
2025-09-03 14:08:39 [Debug]: [SD1792470] Ожидание окна приложения: [_robin_landocs (Мой LanDocs) - Избранное - LanDocs]. Прошло [94] секунд...
2025-09-03 14:08:40 [Debug]: [SD1792470] Ожидание окна приложения: [_robin_landocs (Мой LanDocs) - Избранное - LanDocs]. Прошло [95] секунд...
2025-09-03 14:08:41 [Debug]: [SD1792470] Ожидание окна приложения: [_robin_landocs (Мой LanDocs) - Избранное - LanDocs]. Прошло [96] секунд...
2025-09-03 14:08:42 [Debug]: [SD1792470] Ожидание окна приложения: [_robin_landocs (Мой LanDocs) - Избранное - LanDocs]. Прошло [97] секунд...
2025-09-03 14:08:43 [Debug]: [SD1792470] Ожидание окна приложения: [_robin_landocs (Мой LanDocs) - Избранное - LanDocs]. Прошло [98] секунд...
2025-09-03 14:08:44 [Debug]: [SD1792470] Ожидание окна приложения: [_robin_landocs (Мой LanDocs) - Избранное - LanDocs]. Прошло [99] секунд...
2025-09-03 14:08:45 [Debug]: [SD1792470] Ожидание окна приложения: [_robin_landocs (Мой LanDocs) - Избранное - LanDocs]. Прошло [100] секунд...
2025-09-03 14:08:45 [Warning]: [SD1792470] Ожидание окна приложения: [_robin_landocs (Мой LanDocs) - Избранное - LanDocs]. Прошло [100] секунд.
2025-09-03 14:08:46 [Debug]: [SD1792470] Ожидание окна приложения: [_robin_landocs (Мой LanDocs) - Избранное - LanDocs]. Прошло [101] секунд...
2025-09-03 14:08:47 [Debug]: [SD1792470] Ожидание окна приложения: [_robin_landocs (Мой LanDocs) - Избранное - LanDocs]. Прошло [102] секунд...
2025-09-03 14:08:48 [Debug]: [SD1792470] Ожидание окна приложения: [_robin_landocs (Мой LanDocs) - Избранное - LanDocs]. Прошло [103] секунд...
2025-09-03 14:08:49 [Debug]: [SD1792470] Ожидание окна приложения: [_robin_landocs (Мой LanDocs) - Избранное - LanDocs]. Прошло [104] секунд...
2025-09-03 14:08:51 [Debug]: [SD1792470] Ожидание окна приложения: [_robin_landocs (Мой LanDocs) - Избранное - LanDocs]. Прошло [105] секунд...
2025-09-03 14:08:52 [Debug]: [SD1792470] Ожидание окна приложения: [_robin_landocs (Мой LanDocs) - Избранное - LanDocs]. Прошло [106] секунд...
2025-09-03 14:08:53 [Debug]: [SD1792470] Ожидание окна приложения: [_robin_landocs (Мой LanDocs) - Избранное - LanDocs]. Прошло [107] секунд...
2025-09-03 14:08:54 [Debug]: [SD1792470] Ожидание окна приложения: [_robin_landocs (Мой LanDocs) - Избранное - LanDocs]. Прошло [108] секунд...
2025-09-03 14:08:55 [Debug]: [SD1792470] Ожидание окна приложения: [_robin_landocs (Мой LanDocs) - Избранное - LanDocs]. Прошло [109] секунд...
2025-09-03 14:08:56 [Debug]: [SD1792470] Ожидание окна приложения: [_robin_landocs (Мой LanDocs) - Избранное - LanDocs]. Прошло [110] секунд...
2025-09-03 14:08:56 [Warning]: [SD1792470] Ожидание окна приложения: [_robin_landocs (Мой LanDocs) - Избранное - LanDocs]. Прошло [110] секунд.
2025-09-03 14:08:57 [Debug]: [SD1792470] Ожидание окна приложения: [_robin_landocs (Мой LanDocs) - Избранное - LanDocs]. Прошло [111] секунд...
2025-09-03 14:08:58 [Debug]: [SD1792470] Ожидание окна приложения: [_robin_landocs (Мой LanDocs) - Избранное - LanDocs]. Прошло [112] секунд...
2025-09-03 14:08:59 [Debug]: [SD1792470] Ожидание окна приложения: [_robin_landocs (Мой LanDocs) - Избранное - LanDocs]. Прошло [113] секунд...
2025-09-03 14:09:00 [Debug]: [SD1792470] Ожидание окна приложения: [_robin_landocs (Мой LanDocs) - Избранное - LanDocs]. Прошло [114] секунд...
2025-09-03 14:09:01 [Debug]: [SD1792470] Ожидание окна приложения: [_robin_landocs (Мой LanDocs) - Избранное - LanDocs]. Прошло [115] секунд...
2025-09-03 14:09:02 [Debug]: [SD1792470] Ожидание окна приложения: [_robin_landocs (Мой LanDocs) - Избранное - LanDocs]. Прошло [116] секунд...
2025-09-03 14:09:03 [Debug]: [SD1792470] Ожидание окна приложения: [_robin_landocs (Мой LanDocs) - Избранное - LanDocs]. Прошло [117] секунд...
2025-09-03 14:09:04 [Debug]: [SD1792470] Ожидание окна приложения: [_robin_landocs (Мой LanDocs) - Избранное - LanDocs]. Прошло [118] секунд...
2025-09-03 14:09:05 [Debug]: [SD1792470] Ожидание окна приложения: [_robin_landocs (Мой LanDocs) - Избранное - LanDocs]. Прошло [119] секунд...
2025-09-03 14:09:06 [Debug]: [SD1792470] Ожидание окна приложения: [_robin_landocs (Мой LanDocs) - Избранное - LanDocs]. Прошло [120] секунд...
2025-09-03 14:09:06 [Warning]: [SD1792470] Ожидание окна приложения: [_robin_landocs (Мой LanDocs) - Избранное - LanDocs]. Прошло [120] секунд.
2025-09-03 14:09:07 [Debug]: [SD1792470] Ожидание окна приложения: [_robin_landocs (Мой LanDocs) - Избранное - LanDocs]. Прошло [121] секунд...
2025-09-03 14:09:08 [Debug]: [SD1792470] Ожидание окна приложения: [_robin_landocs (Мой LanDocs) - Избранное - LanDocs]. Прошло [122] секунд...
2025-09-03 14:09:09 [Debug]: [SD1792470] Ожидание окна приложения: [_robin_landocs (Мой LanDocs) - Избранное - LanDocs]. Прошло [123] секунд...
2025-09-03 14:09:10 [Debug]: [SD1792470] Ожидание окна приложения: [_robin_landocs (Мой LanDocs) - Избранное - LanDocs]. Прошло [124] секунд...
2025-09-03 14:09:11 [Debug]: [SD1792470] Ожидание окна приложения: [_robin_landocs (Мой LanDocs) - Избранное - LanDocs]. Прошло [125] секунд...
2025-09-03 14:09:12 [Debug]: [SD1792470] Ожидание окна приложения: [_robin_landocs (Мой LanDocs) - Избранное - LanDocs]. Прошло [126] секунд...
2025-09-03 14:09:13 [Debug]: [SD1792470] Ожидание окна приложения: [_robin_landocs (Мой LanDocs) - Избранное - LanDocs]. Прошло [127] секунд...
2025-09-03 14:09:14 [Debug]: [SD1792470] Ожидание окна приложения: [_robin_landocs (Мой LanDocs) - Избранное - LanDocs]. Прошло [128] секунд...
2025-09-03 14:09:15 [Debug]: [SD1792470] Ожидание окна приложения: [_robin_landocs (Мой LanDocs) - Избранное - LanDocs]. Прошло [129] секунд...
2025-09-03 14:09:17 [Debug]: [SD1792470] Ожидание окна приложения: [_robin_landocs (Мой LanDocs) - Избранное - LanDocs]. Прошло [130] секунд...
2025-09-03 14:09:17 [Warning]: [SD1792470] Ожидание окна приложения: [_robin_landocs (Мой LanDocs) - Избранное - LanDocs]. Прошло [130] секунд.
2025-09-03 14:09:18 [Debug]: [SD1792470] Ожидание окна приложения: [_robin_landocs (Мой LanDocs) - Избранное - LanDocs]. Прошло [131] секунд...
2025-09-03 14:09:19 [Debug]: [SD1792470] Ожидание окна приложения: [_robin_landocs (Мой LanDocs) - Избранное - LanDocs]. Прошло [132] секунд...
2025-09-03 14:09:20 [Debug]: [SD1792470] Ожидание окна приложения: [_robin_landocs (Мой LanDocs) - Избранное - LanDocs]. Прошло [133] секунд...
2025-09-03 14:09:21 [Debug]: [SD1792470] Ожидание окна приложения: [_robin_landocs (Мой LanDocs) - Избранное - LanDocs]. Прошло [134] секунд...
2025-09-03 14:09:22 [Debug]: [SD1792470] Ожидание окна приложения: [_robin_landocs (Мой LanDocs) - Избранное - LanDocs]. Прошло [135] секунд...
2025-09-03 14:09:23 [Debug]: [SD1792470] Ожидание окна приложения: [_robin_landocs (Мой LanDocs) - Избранное - LanDocs]. Прошло [136] секунд...
2025-09-03 14:09:24 [Debug]: [SD1792470] Ожидание окна приложения: [_robin_landocs (Мой LanDocs) - Избранное - LanDocs]. Прошло [137] секунд...
2025-09-03 14:09:25 [Debug]: [SD1792470] Ожидание окна приложения: [_robin_landocs (Мой LanDocs) - Избранное - LanDocs]. Прошло [138] секунд...
2025-09-03 14:09:26 [Debug]: [SD1792470] Ожидание окна приложения: [_robin_landocs (Мой LanDocs) - Избранное - LanDocs]. Прошло [139] секунд...
2025-09-03 14:09:27 [Debug]: [SD1792470] Ожидание окна приложения: [_robin_landocs (Мой LanDocs) - Избранное - LanDocs]. Прошло [140] секунд...
2025-09-03 14:09:27 [Warning]: [SD1792470] Ожидание окна приложения: [_robin_landocs (Мой LanDocs) - Избранное - LanDocs]. Прошло [140] секунд.
2025-09-03 14:09:28 [Debug]: [SD1792470] Ожидание окна приложения: [_robin_landocs (Мой LanDocs) - Избранное - LanDocs]. Прошло [141] секунд...
2025-09-03 14:09:29 [Debug]: [SD1792470] Ожидание окна приложения: [_robin_landocs (Мой LanDocs) - Избранное - LanDocs]. Прошло [142] секунд...
2025-09-03 14:09:30 [Debug]: [SD1792470] Ожидание окна приложения: [_robin_landocs (Мой LanDocs) - Избранное - LanDocs]. Прошло [143] секунд...
2025-09-03 14:09:31 [Debug]: [SD1792470] Ожидание окна приложения: [_robin_landocs (Мой LanDocs) - Избранное - LanDocs]. Прошло [144] секунд...
2025-09-03 14:09:32 [Debug]: [SD1792470] Ожидание окна приложения: [_robin_landocs (Мой LanDocs) - Избранное - LanDocs]. Прошло [145] секунд...
2025-09-03 14:09:33 [Debug]: [SD1792470] Ожидание окна приложения: [_robin_landocs (Мой LanDocs) - Избранное - LanDocs]. Прошло [146] секунд...
2025-09-03 14:09:34 [Debug]: [SD1792470] Ожидание окна приложения: [_robin_landocs (Мой LanDocs) - Избранное - LanDocs]. Прошло [147] секунд...
2025-09-03 14:09:35 [Debug]: [SD1792470] Ожидание окна приложения: [_robin_landocs (Мой LanDocs) - Избранное - LanDocs]. Прошло [148] секунд...
2025-09-03 14:09:36 [Debug]: [SD1792470] Ожидание окна приложения: [_robin_landocs (Мой LanDocs) - Избранное - LanDocs]. Прошло [149] секунд...
2025-09-03 14:09:37 [Debug]: [SD1792470] Ожидание окна приложения: [_robin_landocs (Мой LanDocs) - Избранное - LanDocs]. Прошло [150] секунд...
2025-09-03 14:09:37 [Warning]: [SD1792470] Ожидание окна приложения: [_robin_landocs (Мой LanDocs) - Избранное - LanDocs]. Прошло [150] секунд.
2025-09-03 14:09:38 [Debug]: [SD1792470] Ожидание окна приложения: [_robin_landocs (Мой LanDocs) - Избранное - LanDocs]. Прошло [151] секунд...
2025-09-03 14:09:39 [Debug]: [SD1792470] Ожидание окна приложения: [_robin_landocs (Мой LanDocs) - Избранное - LanDocs]. Прошло [152] секунд...
2025-09-03 14:09:40 [Debug]: [SD1792470] Ожидание окна приложения: [_robin_landocs (Мой LanDocs) - Избранное - LanDocs]. Прошло [153] секунд...
2025-09-03 14:09:42 [Debug]: [SD1792470] Ожидание окна приложения: [_robin_landocs (Мой LanDocs) - Избранное - LanDocs]. Прошло [154] секунд...
2025-09-03 14:09:43 [Debug]: [SD1792470] Ожидание окна приложения: [_robin_landocs (Мой LanDocs) - Избранное - LanDocs]. Прошло [155] секунд...
2025-09-03 14:09:44 [Debug]: [SD1792470] Ожидание окна приложения: [_robin_landocs (Мой LanDocs) - Избранное - LanDocs]. Прошло [156] секунд...
2025-09-03 14:09:45 [Debug]: [SD1792470] Ожидание окна приложения: [_robin_landocs (Мой LanDocs) - Избранное - LanDocs]. Прошло [157] секунд...
2025-09-03 14:09:46 [Debug]: [SD1792470] Ожидание окна приложения: [_robin_landocs (Мой LanDocs) - Избранное - LanDocs]. Прошло [158] секунд...
2025-09-03 14:09:47 [Debug]: [SD1792470] Ожидание окна приложения: [_robin_landocs (Мой LanDocs) - Избранное - LanDocs]. Прошло [159] секунд...
2025-09-03 14:09:48 [Debug]: [SD1792470] Ожидание окна приложения: [_robin_landocs (Мой LanDocs) - Избранное - LanDocs]. Прошло [160] секунд...
2025-09-03 14:09:48 [Warning]: [SD1792470] Ожидание окна приложения: [_robin_landocs (Мой LanDocs) - Избранное - LanDocs]. Прошло [160] секунд.
2025-09-03 14:09:49 [Debug]: [SD1792470] Ожидание окна приложения: [_robin_landocs (Мой LanDocs) - Избранное - LanDocs]. Прошло [161] секунд...
2025-09-03 14:09:50 [Debug]: [SD1792470] Ожидание окна приложения: [_robin_landocs (Мой LanDocs) - Избранное - LanDocs]. Прошло [162] секунд...
2025-09-03 14:09:51 [Debug]: [SD1792470] Ожидание окна приложения: [_robin_landocs (Мой LanDocs) - Избранное - LanDocs]. Прошло [163] секунд...
2025-09-03 14:09:52 [Debug]: [SD1792470] Ожидание окна приложения: [_robin_landocs (Мой LanDocs) - Избранное - LanDocs]. Прошло [164] секунд...
2025-09-03 14:09:53 [Debug]: [SD1792470] Ожидание окна приложения: [_robin_landocs (Мой LanDocs) - Избранное - LanDocs]. Прошло [165] секунд...
2025-09-03 14:09:54 [Debug]: [SD1792470] Ожидание окна приложения: [_robin_landocs (Мой LanDocs) - Избранное - LanDocs]. Прошло [166] секунд...
2025-09-03 14:09:55 [Debug]: [SD1792470] Ожидание окна приложения: [_robin_landocs (Мой LanDocs) - Избранное - LanDocs]. Прошло [167] секунд...
2025-09-03 14:09:56 [Debug]: [SD1792470] Ожидание окна приложения: [_robin_landocs (Мой LanDocs) - Избранное - LanDocs]. Прошло [168] секунд...
2025-09-03 14:09:57 [Debug]: [SD1792470] Ожидание окна приложения: [_robin_landocs (Мой LanDocs) - Избранное - LanDocs]. Прошло [169] секунд...
2025-09-03 14:09:58 [Debug]: [SD1792470] Ожидание окна приложения: [_robin_landocs (Мой LanDocs) - Избранное - LanDocs]. Прошло [170] секунд...
2025-09-03 14:09:58 [Warning]: [SD1792470] Ожидание окна приложения: [_robin_landocs (Мой LanDocs) - Избранное - LanDocs]. Прошло [170] секунд.
2025-09-03 14:09:59 [Debug]: [SD1792470] Ожидание окна приложения: [_robin_landocs (Мой LanDocs) - Избранное - LanDocs]. Прошло [171] секунд...
2025-09-03 14:10:00 [Debug]: [SD1792470] Ожидание окна приложения: [_robin_landocs (Мой LanDocs) - Избранное - LanDocs]. Прошло [172] секунд...
2025-09-03 14:10:01 [Debug]: [SD1792470] Ожидание окна приложения: [_robin_landocs (Мой LanDocs) - Избранное - LanDocs]. Прошло [173] секунд...
2025-09-03 14:10:02 [Debug]: [SD1792470] Ожидание окна приложения: [_robin_landocs (Мой LanDocs) - Избранное - LanDocs]. Прошло [174] секунд...
2025-09-03 14:10:03 [Debug]: [SD1792470] Ожидание окна приложения: [_robin_landocs (Мой LanDocs) - Избранное - LanDocs]. Прошло [175] секунд...
2025-09-03 14:10:04 [Debug]: [SD1792470] Ожидание окна приложения: [_robin_landocs (Мой LanDocs) - Избранное - LanDocs]. Прошло [176] секунд...
2025-09-03 14:10:05 [Debug]: [SD1792470] Ожидание окна приложения: [_robin_landocs (Мой LanDocs) - Избранное - LanDocs]. Прошло [177] секунд...
2025-09-03 14:10:06 [Debug]: [SD1792470] Ожидание окна приложения: [_robin_landocs (Мой LanDocs) - Избранное - LanDocs]. Прошло [178] секунд...
2025-09-03 14:10:08 [Debug]: [SD1792470] Ожидание окна приложения: [_robin_landocs (Мой LanDocs) - Избранное - LanDocs]. Прошло [179] секунд...
2025-09-03 14:10:09 [Debug]: [SD1792470] Ожидание окна приложения: [_robin_landocs (Мой LanDocs) - Избранное - LanDocs]. Прошло [180] секунд...
2025-09-03 14:10:09 [Warning]: [SD1792470] Ожидание окна приложения: [_robin_landocs (Мой LanDocs) - Избранное - LanDocs]. Прошло [180] секунд.
2025-09-03 14:10:10 [Debug]: [SD1792470] Ожидание окна приложения: [_robin_landocs (Мой LanDocs) - Избранное - LanDocs]. Прошло [181] секунд...
2025-09-03 14:10:11 [Debug]: [SD1792470] Ожидание окна приложения: [_robin_landocs (Мой LanDocs) - Избранное - LanDocs]. Прошло [182] секунд...
2025-09-03 14:10:12 [Debug]: [SD1792470] Ожидание окна приложения: [_robin_landocs (Мой LanDocs) - Избранное - LanDocs]. Прошло [183] секунд...
2025-09-03 14:10:13 [Debug]: [SD1792470] Ожидание окна приложения: [_robin_landocs (Мой LanDocs) - Избранное - LanDocs]. Прошло [184] секунд...
2025-09-03 14:10:14 [Debug]: [SD1792470] Ожидание окна приложения: [_robin_landocs (Мой LanDocs) - Избранное - LanDocs]. Прошло [185] секунд...
2025-09-03 14:10:15 [Debug]: [SD1792470] Ожидание окна приложения: [_robin_landocs (Мой LanDocs) - Избранное - LanDocs]. Прошло [186] секунд...
2025-09-03 14:10:16 [Debug]: [SD1792470] Ожидание окна приложения: [_robin_landocs (Мой LanDocs) - Избранное - LanDocs]. Прошло [187] секунд...
2025-09-03 14:10:17 [Debug]: [SD1792470] Ожидание окна приложения: [_robin_landocs (Мой LanDocs) - Избранное - LanDocs]. Прошло [188] секунд...
2025-09-03 14:10:18 [Debug]: [SD1792470] Ожидание окна приложения: [_robin_landocs (Мой LanDocs) - Избранное - LanDocs]. Прошло [189] секунд...
2025-09-03 14:10:19 [Debug]: [SD1792470] Ожидание окна приложения: [_robin_landocs (Мой LanDocs) - Избранное - LanDocs]. Прошло [190] секунд...
2025-09-03 14:10:19 [Warning]: [SD1792470] Ожидание окна приложения: [_robin_landocs (Мой LanDocs) - Избранное - LanDocs]. Прошло [190] секунд.
2025-09-03 14:10:20 [Debug]: [SD1792470] Ожидание окна приложения: [_robin_landocs (Мой LanDocs) - Избранное - LanDocs]. Прошло [191] секунд...
2025-09-03 14:10:21 [Debug]: [SD1792470] Ожидание окна приложения: [_robin_landocs (Мой LanDocs) - Избранное - LanDocs]. Прошло [192] секунд...
2025-09-03 14:10:22 [Debug]: [SD1792470] Ожидание окна приложения: [_robin_landocs (Мой LanDocs) - Избранное - LanDocs]. Прошло [193] секунд...
2025-09-03 14:10:23 [Debug]: [SD1792470] Ожидание окна приложения: [_robin_landocs (Мой LanDocs) - Избранное - LanDocs]. Прошло [194] секунд...
2025-09-03 14:10:24 [Debug]: [SD1792470] Ожидание окна приложения: [_robin_landocs (Мой LanDocs) - Избранное - LanDocs]. Прошло [195] секунд...
2025-09-03 14:10:25 [Debug]: [SD1792470] Ожидание окна приложения: [_robin_landocs (Мой LanDocs) - Избранное - LanDocs]. Прошло [196] секунд...
2025-09-03 14:10:26 [Debug]: [SD1792470] Ожидание окна приложения: [_robin_landocs (Мой LanDocs) - Избранное - LanDocs]. Прошло [197] секунд...
2025-09-03 14:10:27 [Debug]: [SD1792470] Ожидание окна приложения: [_robin_landocs (Мой LanDocs) - Избранное - LanDocs]. Прошло [198] секунд...
2025-09-03 14:10:28 [Debug]: [SD1792470] Ожидание окна приложения: [_robin_landocs (Мой LanDocs) - Избранное - LanDocs]. Прошло [199] секунд...
2025-09-03 14:10:29 [Debug]: [SD1792470] Ожидание окна приложения: [_robin_landocs (Мой LanDocs) - Избранное - LanDocs]. Прошло [200] секунд...
2025-09-03 14:10:29 [Warning]: [SD1792470] Ожидание окна приложения: [_robin_landocs (Мой LanDocs) - Избранное - LanDocs]. Прошло [200] секунд.
2025-09-03 14:10:30 [Debug]: [SD1792470] Ожидание окна приложения: [_robin_landocs (Мой LanDocs) - Избранное - LanDocs]. Прошло [201] секунд...
2025-09-03 14:10:31 [Debug]: [SD1792470] Ожидание окна приложения: [_robin_landocs (Мой LanDocs) - Избранное - LanDocs]. Прошло [202] секунд...
2025-09-03 14:10:33 [Debug]: [SD1792470] Ожидание окна приложения: [_robin_landocs (Мой LanDocs) - Избранное - LanDocs]. Прошло [203] секунд...
2025-09-03 14:10:34 [Debug]: [SD1792470] Ожидание окна приложения: [_robin_landocs (Мой LanDocs) - Избранное - LanDocs]. Прошло [204] секунд...
2025-09-03 14:10:35 [Debug]: [SD1792470] Ожидание окна приложения: [_robin_landocs (Мой LanDocs) - Избранное - LanDocs]. Прошло [205] секунд...
2025-09-03 14:10:36 [Debug]: [SD1792470] Ожидание окна приложения: [_robin_landocs (Мой LanDocs) - Избранное - LanDocs]. Прошло [206] секунд...
2025-09-03 14:10:37 [Debug]: [SD1792470] Ожидание окна приложения: [_robin_landocs (Мой LanDocs) - Избранное - LanDocs]. Прошло [207] секунд...
2025-09-03 14:10:38 [Debug]: [SD1792470] Ожидание окна приложения: [_robin_landocs (Мой LanDocs) - Избранное - LanDocs]. Прошло [208] секунд...
2025-09-03 14:10:39 [Debug]: [SD1792470] Ожидание окна приложения: [_robin_landocs (Мой LanDocs) - Избранное - LanDocs]. Прошло [209] секунд...
2025-09-03 14:10:40 [Debug]: [SD1792470] Ожидание окна приложения: [_robin_landocs (Мой LanDocs) - Избранное - LanDocs]. Прошло [210] секунд...
2025-09-03 14:10:40 [Warning]: [SD1792470] Ожидание окна приложения: [_robin_landocs (Мой LanDocs) - Избранное - LanDocs]. Прошло [210] секунд.
2025-09-03 14:10:41 [Debug]: [SD1792470] Ожидание окна приложения: [_robin_landocs (Мой LanDocs) - Избранное - LanDocs]. Прошло [211] секунд...
2025-09-03 14:10:42 [Debug]: [SD1792470] Ожидание окна приложения: [_robin_landocs (Мой LanDocs) - Избранное - LanDocs]. Прошло [212] секунд...
2025-09-03 14:10:43 [Debug]: [SD1792470] Ожидание окна приложения: [_robin_landocs (Мой LanDocs) - Избранное - LanDocs]. Прошло [213] секунд...
2025-09-03 14:10:44 [Debug]: [SD1792470] Ожидание окна приложения: [_robin_landocs (Мой LanDocs) - Избранное - LanDocs]. Прошло [214] секунд...
2025-09-03 14:10:45 [Debug]: [SD1792470] Ожидание окна приложения: [_robin_landocs (Мой LanDocs) - Избранное - LanDocs]. Прошло [215] секунд...
2025-09-03 14:10:46 [Debug]: [SD1792470] Ожидание окна приложения: [_robin_landocs (Мой LanDocs) - Избранное - LanDocs]. Прошло [216] секунд...
2025-09-03 14:10:47 [Debug]: [SD1792470] Ожидание окна приложения: [_robin_landocs (Мой LanDocs) - Избранное - LanDocs]. Прошло [217] секунд...
2025-09-03 14:10:48 [Debug]: [SD1792470] Ожидание окна приложения: [_robin_landocs (Мой LanDocs) - Избранное - LanDocs]. Прошло [218] секунд...
2025-09-03 14:10:49 [Debug]: [SD1792470] Ожидание окна приложения: [_robin_landocs (Мой LanDocs) - Избранное - LanDocs]. Прошло [219] секунд...
2025-09-03 14:10:50 [Debug]: [SD1792470] Ожидание окна приложения: [_robin_landocs (Мой LanDocs) - Избранное - LanDocs]. Прошло [220] секунд...
2025-09-03 14:10:50 [Warning]: [SD1792470] Ожидание окна приложения: [_robin_landocs (Мой LanDocs) - Избранное - LanDocs]. Прошло [220] секунд.
2025-09-03 14:10:51 [Debug]: [SD1792470] Ожидание окна приложения: [_robin_landocs (Мой LanDocs) - Избранное - LanDocs]. Прошло [221] секунд...
2025-09-03 14:10:52 [Debug]: [SD1792470] Ожидание окна приложения: [_robin_landocs (Мой LanDocs) - Избранное - LanDocs]. Прошло [222] секунд...
2025-09-03 14:10:53 [Debug]: [SD1792470] Ожидание окна приложения: [_robin_landocs (Мой LanDocs) - Избранное - LanDocs]. Прошло [223] секунд...
2025-09-03 14:10:54 [Debug]: [SD1792470] Ожидание окна приложения: [_robin_landocs (Мой LanDocs) - Избранное - LanDocs]. Прошло [224] секунд...
2025-09-03 14:10:55 [Debug]: [SD1792470] Ожидание окна приложения: [_robin_landocs (Мой LanDocs) - Избранное - LanDocs]. Прошло [225] секунд...
2025-09-03 14:10:57 [Debug]: [SD1792470] Ожидание окна приложения: [_robin_landocs (Мой LanDocs) - Избранное - LanDocs]. Прошло [226] секунд...
2025-09-03 14:10:58 [Debug]: [SD1792470] Ожидание окна приложения: [_robin_landocs (Мой LanDocs) - Избранное - LanDocs]. Прошло [227] секунд...
2025-09-03 14:10:59 [Debug]: [SD1792470] Ожидание окна приложения: [_robin_landocs (Мой LanDocs) - Избранное - LanDocs]. Прошло [228] секунд...
2025-09-03 14:11:00 [Debug]: [SD1792470] Ожидание окна приложения: [_robin_landocs (Мой LanDocs) - Избранное - LanDocs]. Прошло [229] секунд...
2025-09-03 14:11:01 [Debug]: [SD1792470] Ожидание окна приложения: [_robin_landocs (Мой LanDocs) - Избранное - LanDocs]. Прошло [230] секунд...
2025-09-03 14:11:01 [Warning]: [SD1792470] Ожидание окна приложения: [_robin_landocs (Мой LanDocs) - Избранное - LanDocs]. Прошло [230] секунд.
2025-09-03 14:11:02 [Debug]: [SD1792470] Ожидание окна приложения: [_robin_landocs (Мой LanDocs) - Избранное - LanDocs]. Прошло [231] секунд...
2025-09-03 14:11:03 [Debug]: [SD1792470] Ожидание окна приложения: [_robin_landocs (Мой LanDocs) - Избранное - LanDocs]. Прошло [232] секунд...
2025-09-03 14:11:04 [Debug]: [SD1792470] Ожидание окна приложения: [_robin_landocs (Мой LanDocs) - Избранное - LanDocs]. Прошло [233] секунд...
2025-09-03 14:11:05 [Debug]: [SD1792470] Ожидание окна приложения: [_robin_landocs (Мой LanDocs) - Избранное - LanDocs]. Прошло [234] секунд...
2025-09-03 14:11:06 [Debug]: [SD1792470] Ожидание окна приложения: [_robin_landocs (Мой LanDocs) - Избранное - LanDocs]. Прошло [235] секунд...
2025-09-03 14:11:07 [Debug]: [SD1792470] Ожидание окна приложения: [_robin_landocs (Мой LanDocs) - Избранное - LanDocs]. Прошло [236] секунд...
2025-09-03 14:11:08 [Debug]: [SD1792470] Ожидание окна приложения: [_robin_landocs (Мой LanDocs) - Избранное - LanDocs]. Прошло [237] секунд...
2025-09-03 14:11:09 [Debug]: [SD1792470] Ожидание окна приложения: [_robin_landocs (Мой LanDocs) - Избранное - LanDocs]. Прошло [238] секунд...
2025-09-03 14:11:10 [Debug]: [SD1792470] Ожидание окна приложения: [_robin_landocs (Мой LanDocs) - Избранное - LanDocs]. Прошло [239] секунд...
2025-09-03 14:11:11 [Debug]: [SD1792470] Ожидание окна приложения: [_robin_landocs (Мой LanDocs) - Избранное - LanDocs]. Прошло [240] секунд...
2025-09-03 14:11:11 [Warning]: [SD1792470] Ожидание окна приложения: [_robin_landocs (Мой LanDocs) - Избранное - LanDocs]. Прошло [240] секунд.
2025-09-03 14:11:12 [Debug]: [SD1792470] Ожидание окна приложения: [_robin_landocs (Мой LanDocs) - Избранное - LanDocs]. Прошло [241] секунд...
2025-09-03 14:11:13 [Debug]: [SD1792470] Ожидание окна приложения: [_robin_landocs (Мой LanDocs) - Избранное - LanDocs]. Прошло [242] секунд...
2025-09-03 14:11:14 [Debug]: [SD1792470] Ожидание окна приложения: [_robin_landocs (Мой LanDocs) - Избранное - LanDocs]. Прошло [243] секунд...
2025-09-03 14:11:15 [Debug]: [SD1792470] Ожидание окна приложения: [_robin_landocs (Мой LanDocs) - Избранное - LanDocs]. Прошло [244] секунд...
2025-09-03 14:11:16 [Debug]: [SD1792470] Ожидание окна приложения: [_robin_landocs (Мой LanDocs) - Избранное - LanDocs]. Прошло [245] секунд...
2025-09-03 14:11:17 [Debug]: [SD1792470] Ожидание окна приложения: [_robin_landocs (Мой LanDocs) - Избранное - LanDocs]. Прошло [246] секунд...
2025-09-03 14:11:18 [Debug]: [SD1792470] Ожидание окна приложения: [_robin_landocs (Мой LanDocs) - Избранное - LanDocs]. Прошло [247] секунд...
2025-09-03 14:11:19 [Debug]: [SD1792470] Ожидание окна приложения: [_robin_landocs (Мой LanDocs) - Избранное - LanDocs]. Прошло [248] секунд...
2025-09-03 14:11:21 [Debug]: [SD1792470] Ожидание окна приложения: [_robin_landocs (Мой LanDocs) - Избранное - LanDocs]. Прошло [249] секунд...
2025-09-03 14:11:22 [Debug]: [SD1792470] Ожидание окна приложения: [_robin_landocs (Мой LanDocs) - Избранное - LanDocs]. Прошло [250] секунд...
2025-09-03 14:11:22 [Warning]: [SD1792470] Ожидание окна приложения: [_robin_landocs (Мой LanDocs) - Избранное - LanDocs]. Прошло [250] секунд.
2025-09-03 14:11:23 [Debug]: [SD1792470] Ожидание окна приложения: [_robin_landocs (Мой LanDocs) - Избранное - LanDocs]. Прошло [251] секунд...
2025-09-03 14:11:24 [Debug]: [SD1792470] Ожидание окна приложения: [_robin_landocs (Мой LanDocs) - Избранное - LanDocs]. Прошло [252] секунд...
2025-09-03 14:11:25 [Debug]: [SD1792470] Ожидание окна приложения: [_robin_landocs (Мой LanDocs) - Избранное - LanDocs]. Прошло [253] секунд...
2025-09-03 14:11:26 [Debug]: [SD1792470] Ожидание окна приложения: [_robin_landocs (Мой LanDocs) - Избранное - LanDocs]. Прошло [254] секунд...
2025-09-03 14:11:27 [Debug]: [SD1792470] Ожидание окна приложения: [_robin_landocs (Мой LanDocs) - Избранное - LanDocs]. Прошло [255] секунд...
2025-09-03 14:11:28 [Debug]: [SD1792470] Ожидание окна приложения: [_robin_landocs (Мой LanDocs) - Избранное - LanDocs]. Прошло [256] секунд...
2025-09-03 14:11:29 [Debug]: [SD1792470] Ожидание окна приложения: [_robin_landocs (Мой LanDocs) - Избранное - LanDocs]. Прошло [257] секунд...
2025-09-03 14:11:30 [Debug]: [SD1792470] Ожидание окна приложения: [_robin_landocs (Мой LanDocs) - Избранное - LanDocs]. Прошло [258] секунд...
2025-09-03 14:11:31 [Debug]: [SD1792470] Ожидание окна приложения: [_robin_landocs (Мой LanDocs) - Избранное - LanDocs]. Прошло [259] секунд...
2025-09-03 14:11:32 [Debug]: [SD1792470] Ожидание окна приложения: [_robin_landocs (Мой LanDocs) - Избранное - LanDocs]. Прошло [260] секунд...
2025-09-03 14:11:32 [Warning]: [SD1792470] Ожидание окна приложения: [_robin_landocs (Мой LanDocs) - Избранное - LanDocs]. Прошло [260] секунд.
2025-09-03 14:11:33 [Debug]: [SD1792470] Ожидание окна приложения: [_robin_landocs (Мой LanDocs) - Избранное - LanDocs]. Прошло [261] секунд...
2025-09-03 14:11:34 [Debug]: [SD1792470] Ожидание окна приложения: [_robin_landocs (Мой LanDocs) - Избранное - LanDocs]. Прошло [262] секунд...
2025-09-03 14:11:35 [Debug]: [SD1792470] Ожидание окна приложения: [_robin_landocs (Мой LanDocs) - Избранное - LanDocs]. Прошло [263] секунд...
2025-09-03 14:11:36 [Debug]: [SD1792470] Ожидание окна приложения: [_robin_landocs (Мой LanDocs) - Избранное - LanDocs]. Прошло [264] секунд...
2025-09-03 14:11:37 [Debug]: [SD1792470] Ожидание окна приложения: [_robin_landocs (Мой LanDocs) - Избранное - LanDocs]. Прошло [265] секунд...
2025-09-03 14:11:38 [Debug]: [SD1792470] Ожидание окна приложения: [_robin_landocs (Мой LanDocs) - Избранное - LanDocs]. Прошло [266] секунд...
2025-09-03 14:11:39 [Debug]: [SD1792470] Ожидание окна приложения: [_robin_landocs (Мой LanDocs) - Избранное - LanDocs]. Прошло [267] секунд...
2025-09-03 14:11:40 [Debug]: [SD1792470] Ожидание окна приложения: [_robin_landocs (Мой LanDocs) - Избранное - LanDocs]. Прошло [268] секунд...
2025-09-03 14:11:41 [Debug]: [SD1792470] Ожидание окна приложения: [_robin_landocs (Мой LanDocs) - Избранное - LanDocs]. Прошло [269] секунд...
2025-09-03 14:11:42 [Debug]: [SD1792470] Ожидание окна приложения: [_robin_landocs (Мой LanDocs) - Избранное - LanDocs]. Прошло [270] секунд...
2025-09-03 14:11:42 [Warning]: [SD1792470] Ожидание окна приложения: [_robin_landocs (Мой LanDocs) - Избранное - LanDocs]. Прошло [270] секунд.
2025-09-03 14:11:43 [Debug]: [SD1792470] Ожидание окна приложения: [_robin_landocs (Мой LanDocs) - Избранное - LanDocs]. Прошло [271] секунд...
2025-09-03 14:11:44 [Debug]: [SD1792470] Ожидание окна приложения: [_robin_landocs (Мой LanDocs) - Избранное - LanDocs]. Прошло [272] секунд...
2025-09-03 14:11:46 [Debug]: [SD1792470] Ожидание окна приложения: [_robin_landocs (Мой LanDocs) - Избранное - LanDocs]. Прошло [273] секунд...
2025-09-03 14:11:47 [Debug]: [SD1792470] Ожидание окна приложения: [_robin_landocs (Мой LanDocs) - Избранное - LanDocs]. Прошло [274] секунд...
2025-09-03 14:11:48 [Debug]: [SD1792470] Ожидание окна приложения: [_robin_landocs (Мой LanDocs) - Избранное - LanDocs]. Прошло [275] секунд...
2025-09-03 14:11:49 [Debug]: [SD1792470] Ожидание окна приложения: [_robin_landocs (Мой LanDocs) - Избранное - LanDocs]. Прошло [276] секунд...
2025-09-03 14:11:50 [Debug]: [SD1792470] Ожидание окна приложения: [_robin_landocs (Мой LanDocs) - Избранное - LanDocs]. Прошло [277] секунд...
2025-09-03 14:11:51 [Debug]: [SD1792470] Ожидание окна приложения: [_robin_landocs (Мой LanDocs) - Избранное - LanDocs]. Прошло [278] секунд...
2025-09-03 14:11:52 [Debug]: [SD1792470] Ожидание окна приложения: [_robin_landocs (Мой LanDocs) - Избранное - LanDocs]. Прошло [279] секунд...
2025-09-03 14:11:53 [Debug]: [SD1792470] Ожидание окна приложения: [_robin_landocs (Мой LanDocs) - Избранное - LanDocs]. Прошло [280] секунд...
2025-09-03 14:11:53 [Warning]: [SD1792470] Ожидание окна приложения: [_robin_landocs (Мой LanDocs) - Избранное - LanDocs]. Прошло [280] секунд.
2025-09-03 14:11:54 [Debug]: [SD1792470] Ожидание окна приложения: [_robin_landocs (Мой LanDocs) - Избранное - LanDocs]. Прошло [281] секунд...
2025-09-03 14:11:55 [Debug]: [SD1792470] Ожидание окна приложения: [_robin_landocs (Мой LanDocs) - Избранное - LanDocs]. Прошло [282] секунд...
2025-09-03 14:11:56 [Debug]: [SD1792470] Ожидание окна приложения: [_robin_landocs (Мой LanDocs) - Избранное - LanDocs]. Прошло [283] секунд...
2025-09-03 14:11:57 [Debug]: [SD1792470] Ожидание окна приложения: [_robin_landocs (Мой LanDocs) - Избранное - LanDocs]. Прошло [284] секунд...
2025-09-03 14:11:58 [Debug]: [SD1792470] Ожидание окна приложения: [_robin_landocs (Мой LanDocs) - Избранное - LanDocs]. Прошло [285] секунд...
2025-09-03 14:11:59 [Debug]: [SD1792470] Ожидание окна приложения: [_robin_landocs (Мой LanDocs) - Избранное - LanDocs]. Прошло [286] секунд...
2025-09-03 14:12:00 [Debug]: [SD1792470] Ожидание окна приложения: [_robin_landocs (Мой LanDocs) - Избранное - LanDocs]. Прошло [287] секунд...
2025-09-03 14:12:01 [Debug]: [SD1792470] Ожидание окна приложения: [_robin_landocs (Мой LanDocs) - Избранное - LanDocs]. Прошло [288] секунд...
2025-09-03 14:12:02 [Debug]: [SD1792470] Ожидание окна приложения: [_robin_landocs (Мой LanDocs) - Избранное - LanDocs]. Прошло [289] секунд...
2025-09-03 14:12:03 [Debug]: [SD1792470] Ожидание окна приложения: [_robin_landocs (Мой LanDocs) - Избранное - LanDocs]. Прошло [290] секунд...
2025-09-03 14:12:03 [Warning]: [SD1792470] Ожидание окна приложения: [_robin_landocs (Мой LanDocs) - Избранное - LanDocs]. Прошло [290] секунд.
2025-09-03 14:12:04 [Debug]: [SD1792470] Ожидание окна приложения: [_robin_landocs (Мой LanDocs) - Избранное - LanDocs]. Прошло [291] секунд...
2025-09-03 14:12:05 [Debug]: [SD1792470] Ожидание окна приложения: [_robin_landocs (Мой LanDocs) - Избранное - LanDocs]. Прошло [292] секунд...
2025-09-03 14:12:06 [Debug]: [SD1792470] Ожидание окна приложения: [_robin_landocs (Мой LanDocs) - Избранное - LanDocs]. Прошло [293] секунд...
2025-09-03 14:12:07 [Debug]: [SD1792470] Ожидание окна приложения: [_robin_landocs (Мой LanDocs) - Избранное - LanDocs]. Прошло [294] секунд...
2025-09-03 14:12:08 [Debug]: [SD1792470] Ожидание окна приложения: [_robin_landocs (Мой LanDocs) - Избранное - LanDocs]. Прошло [295] секунд...
2025-09-03 14:12:09 [Debug]: [SD1792470] Ожидание окна приложения: [_robin_landocs (Мой LanDocs) - Избранное - LanDocs]. Прошло [296] секунд...
2025-09-03 14:12:11 [Debug]: [SD1792470] Ожидание окна приложения: [_robin_landocs (Мой LanDocs) - Избранное - LanDocs]. Прошло [297] секунд...
2025-09-03 14:12:12 [Debug]: [SD1792470] Ожидание окна приложения: [_robin_landocs (Мой LanDocs) - Избранное - LanDocs]. Прошло [298] секунд...
2025-09-03 14:12:13 [Debug]: [SD1792470] Ожидание окна приложения: [_robin_landocs (Мой LanDocs) - Избранное - LanDocs]. Прошло [299] секунд...
2025-09-03 14:12:14 [Debug]: [SD1792470] Ожидание окна приложения: [_robin_landocs (Мой LanDocs) - Избранное - LanDocs]. Прошло [300] секунд...
2025-09-03 14:12:14 [Warning]: [SD1792470] Ожидание окна приложения: [_robin_landocs (Мой LanDocs) - Избранное - LanDocs]. Прошло [300] секунд.
2025-09-03 14:12:14 [Error]: [SD1792470] Окно приложения не найдено после максимального времени ожидания.
2025-09-03 14:12:14 [Fatal]: [SD1792470] Ошибка при запуске или поиске окна приложения: Критическая ошибка: Окно приложения '_robin_landocs (Мой LanDocs) - Избранное - LanDocs' не найдено.
2025-09-03 14:12:14 [Error]: [SD1792470] Ошибка при запуске Landocs: Критическая ошибка: Окно приложения '_robin_landocs (Мой LanDocs) - Избранное - LanDocs' не найдено.
2025-09-03 14:12:14 [Error]: [SD1792470] Ошибка в работе LanDocs [C:\Users\RobinLandocsAC\Desktop\LanDocsRobotReborn\landocs2\LandocsRobot\bin\Debug\Input\SD1792470+]: Критическая ошибка: Окно приложения '_robin_landocs (Мой LanDocs) - Избранное - LanDocs' не найдено.
2025-09-03 14:41:01 [Info]:  🤖 Запуск робота LandocsRobot
2025-09-03 14:41:01 [Info]:  Уровень логирования установлен на: Debug
2025-09-03 14:41:01 [Info]:  Параметры успешно загружены из config.xml
2025-09-03 14:41:01 [Info]:  Список организаций успешно загружен.
2025-09-03 14:41:01 [Info]:  Найдено 1 заяв(-ка) (-ок) для обработки.
2025-09-03 14:41:01 [Info]: [SD1792470] Начинаю обработку заявки: SD1792470+
2025-09-03 14:41:01 [Info]: [SD1792470] Файл заявки [SD1792470+.txt] найден. Начинаю обработку.
2025-09-03 14:41:01 [Debug]: [SD1792470] Начинается обработка файла: C:\Users\RobinLandocsAC\Desktop\LanDocsRobotReborn\landocs2\LandocsRobot\bin\Debug\Input\SD1792470+\SD1792470+.txt
2025-09-03 14:41:01 [Debug]: [SD1792470] Файл успешно прочитан: C:\Users\RobinLandocsAC\Desktop\LanDocsRobotReborn\landocs2\LandocsRobot\bin\Debug\Input\SD1792470+\SD1792470+.txt
2025-09-03 14:41:01 [Info]: [SD1792470] Извлеченные данные: Номер заявки - [SD1792470], Тип - [Годовая инвентаризация (по всем контрагентам и договорам)], Организация - [Дагестанский филиал], ППУД - [ДФ.Проекты ППУД]
2025-09-03 14:41:01 [Info]: [SD1792470] В папке [ЭДО] найдено 5 элементов. Начинаю обработку файлов.
2025-09-03 14:41:01 [Info]: [SD1792470] Сортировка и перемещение файлов завершены.
2025-09-03 14:41:01 [Debug]: [SD1792470] xlsx: 1 элементов.
2025-09-03 14:41:01 [Debug]: [SD1792470] pdf: 2 элементов.
2025-09-03 14:41:01 [Debug]: [SD1792470] zip: 102 элементов.
2025-09-03 14:41:01 [Debug]: [SD1792470] error: 1 элементов.
2025-09-03 14:41:01 [Debug]: [SD1792470] [+] Для файла [Акт св П 1000097213 Каримов Саид Алиевич ИП  №00000008061080 31.10.24_056206233185_ OK] найден соответствующий PDF.
2025-09-03 14:41:01 [Info]: [SD1792470] 0 файл(-а) (-ов) на конвертацию в PDF.
2025-09-03 14:41:01 [Info]: [SD1792470] Обработка заявки [SD1792470+] завершена успешно.
2025-09-03 14:41:01 [Info]: [SD1792470] Начинаю работу по файлу: Индекс: [0], Файл: [LandocsRobot.Program+FileData]. Всего файлов: [2]
2025-09-03 14:41:01 [Info]: [SD1792470] Запускаю Landocs.
2025-09-03 14:41:01 [Debug]: [SD1792470] Выполнил резервную копию файла профиля [C:\Users\RobinLandocsAC\AppData\Local\LANIT\LanDocs\3.6.1.39\UserSettings.xml] переименован в [C:\Users\RobinLandocsAC\AppData\Local\LANIT\LanDocs\3.6.1.39\UserSettings.bak].
2025-09-03 14:41:01 [Debug]: [SD1792470] Кастомный файл профиля landocs успешно перемещен из 'C:\Users\RobinLandocsAC\Desktop\LanDocsRobotReborn\landocs2\LandocsRobot\bin\Debug\UserSettings.xml' в 'C:\Users\RobinLandocsAC\AppData\Local\LANIT\LanDocs\3.6.1.39\UserSettings.xml'.
2025-09-03 14:41:01 [Info]: [SD1792470] Профиль Landocs успешно перемещен.
2025-09-03 14:41:01 [Info]: [SD1792470] Запускаю приложение Landocs по пути: C:\Users\RobinLandocsAC\AppData\Local\Apps\2.0\P5L8YXKH.MD2\WYROW58K.TZV\land...app_564c2c838af24d09_0003.0006_c04a00086fb426e6\LanDocs3.exe
2025-09-03 14:41:01 [Info]: [SD1792470] Запуск приложения: C:\Users\RobinLandocsAC\AppData\Local\Apps\2.0\P5L8YXKH.MD2\WYROW58K.TZV\land...app_564c2c838af24d09_0003.0006_c04a00086fb426e6\LanDocs3.exe
2025-09-03 14:41:02 [Info]: [SD1792470] Поиск окна приложения с именем: [_robin_landocs (Мой LanDocs) - Избранное - LanDocs]. Время ожидания:[300] сек.
2025-09-03 14:41:03 [Debug]: [SD1792470] Ожидание окна приложения: [_robin_landocs (Мой LanDocs) - Избранное - LanDocs]. Прошло [1] секунд...
2025-09-03 14:41:07 [Debug]: [SD1792470] Ожидание окна приложения: [_robin_landocs (Мой LanDocs) - Избранное - LanDocs]. Прошло [2] секунд...
2025-09-03 14:41:08 [Debug]: [SD1792470] Ожидание окна приложения: [_robin_landocs (Мой LanDocs) - Избранное - LanDocs]. Прошло [3] секунд...
2025-09-03 14:41:09 [Debug]: [SD1792470] Ожидание окна приложения: [_robin_landocs (Мой LanDocs) - Избранное - LanDocs]. Прошло [4] секунд...
2025-09-03 14:41:10 [Debug]: [SD1792470] Ожидание окна приложения: [_robin_landocs (Мой LanDocs) - Избранное - LanDocs]. Прошло [5] секунд...
2025-09-03 14:41:11 [Debug]: [SD1792470] Ожидание окна приложения: [_robin_landocs (Мой LanDocs) - Избранное - LanDocs]. Прошло [6] секунд...
2025-09-03 14:41:12 [Debug]: [SD1792470] Ожидание окна приложения: [_robin_landocs (Мой LanDocs) - Избранное - LanDocs]. Прошло [7] секунд...
2025-09-03 14:41:20 [Debug]: [SD1792470] Ожидание окна приложения: [_robin_landocs (Мой LanDocs) - Избранное - LanDocs]. Прошло [8] секунд...
2025-09-03 14:41:20 [Info]: [SD1792470] Landocs успешно запустился.
2025-09-03 14:41:20 [Info]: [SD1792470] Приложение Landocs успешно запущено и окно найдено.
2025-09-03 14:41:25 [Info]: [SD1792470] Начинаю поиск вкладки [Главная] в навигационном меню...
2025-09-03 14:41:25 [Info]: [SD1792470] Вкладка [Главная] найдена. Выполняю клик.
2025-09-03 14:41:25 [Info]: [SD1792470] Клик выполнен по элементу в центре: X=114, Y=37
2025-09-03 14:41:25 [Info]: [SD1792470] Клик по вкладке [Главная] успешно выполнен.
2025-09-03 14:41:25 [Info]: [SD1792470] Начинаю поиск кнопки [Документы] в навигационном меню...
2025-09-03 14:41:25 [Info]: [SD1792470] Нашел ссылку [Документы] в левом навигационном меню
2025-09-03 14:41:26 [Info]: [SD1792470] Клик по элементу [Документы] успешно выполнен.
2025-09-03 14:41:26 [Info]: [SD1792470] Нажимаем Ctrl+F для вызова окна поиска ППУД.
2025-09-03 14:41:29 [Info]: [SD1792470] Элемент окна поиска ППУД успешно найден.
2025-09-03 14:41:29 [Info]: [SD1792470] Значение введено в окно поиска ППУД через ValuePattern.
2025-09-03 14:41:29 [Info]: [SD1792470] Ищу кнопку [Вниз] в окне поиска ППУД.
2025-09-03 14:41:29 [Info]: [SD1792470] Фокус успешно установлен на кнопку [Вниз].
2025-09-03 14:41:31 [Info]: [SD1792470] Нажали кнопку [Вниз] в окне поиска ППУД.
2025-09-03 14:41:31 [Info]: [SD1792470] Нажали кнопку [Вниз] в окне поиска ППУД успешно.
2025-09-03 14:41:33 [Info]: [SD1792470] Начинаю поиск элемента ППУД в списке документов.
2025-09-03 14:41:33 [Info]: [SD1792470] Группа элементов найдена. Ищу ППУД с значением: [ДФ.Проекты ППУД].
2025-09-03 14:41:33 [Info]: [SD1792470] ППУД [ДФ.Проекты ППУД] найден и успешно обработан.
2025-09-03 14:41:33 [Info]: [SD1792470] Начинаю поиск кнопки для создания документа.
2025-09-03 14:41:35 [Info]: [SD1792470] Кнопка [Создать документ] найдена. Устанавливаю фокус и выполняю действие.
2025-09-03 14:41:35 [Info]: [SD1792470] Клик выполнен по элементу в центре: X=34, Y=85
2025-09-03 14:41:35 [Info]: [SD1792470] Успешно нажали на кнопку [Создать документ].
2025-09-03 14:41:35 [Info]: [SD1792470] Начинаю поиск окна создания документа.
2025-09-03 14:41:40 [Info]: [SD1792470] Появилось окно создания документа: [Без имени - Документ LanDocs].
2025-09-03 14:41:40 [Info]: [SD1792470] Начинаю процесс выбора типа документа.
2025-09-03 14:41:40 [Info]: [SD1792470] Открыли список выбора типа документа.
2025-09-03 14:41:40 [Info]: [SD1792470] Выбрали тип документа: [ППУД. Исходящий электронный документ].
2025-09-03 14:41:40 [Info]: [SD1792470] Начинаю поиск и выбор типа документа для второго типа.
2025-09-03 14:41:40 [Info]: [SD1792470] Нажали на кнопку выбора типа документа.
2025-09-03 14:41:41 [Info]: [SD1792470] Выбрали тип документа: [ППУД ИСХ. Акт сверки по договору / договорам].
2025-09-03 14:41:41 [Info]: [SD1792470] Начинаю поиск кнопки для открытия окна с контрагентами.
2025-09-03 14:41:41 [Info]: [SD1792470] Клик выполнен по элементу в центре: X=738, Y=440
2025-09-03 14:41:41 [Info]: [SD1792470] Нажали на кнопку [Открыть окно с контрагентами].
2025-09-03 14:41:44 [Info]: [SD1792470] Появилось окно поиска контрагента [Выбор элемента]
2025-09-03 14:41:44 [Info]: [SD1792470] Значение [0541031172] успешно введено в поле поиска контрагента через ValuePattern.
2025-09-03 14:41:45 [Info]: [SD1792470] Нажали на кнопку поиска контрагента[Поиск]
2025-09-03 14:41:45 [Info]: [SD1792470] Начинаем поиск элемента 'Список контрагентов'...
2025-09-03 14:41:45 [Info]: [SD1792470] Элемент 'Список контрагентов' найден. Пытаемся найти 'Панель данных' внутри списка...
2025-09-03 14:41:45 [Info]: [SD1792470] 'Панель данных' найдена. Получаем список контрагентов...
2025-09-03 14:41:45 [Info]: [SD1792470] Получен список контрагентов: найдено 1 элементов.
2025-09-03 14:41:45 [Debug]: [SD1792470] Обработка контрагента под индексом [0]...
2025-09-03 14:41:45 [Debug]: [SD1792470] Найден контрагент [0]: [Дагестанская энергосбытоваякомпания ПАО, ИНН: 0541031172, КПП: 057201001]
2025-09-03 14:41:45 [Info]: [SD1792470] Все элементы контрагентов обработаны. Выполняем поиск необходимого контрагента...
2025-09-03 14:41:45 [Info]: [SD1792470] Необходимый контрагент найден: ключ [0].
2025-09-03 14:41:45 [Info]: [SD1792470] Выбираем найденного контрагента.
2025-09-03 14:41:45 [Info]: [SD1792470] Работа с найденным элементом завершена.
2025-09-03 14:41:45 [Info]: [SD1792470] Начинаем поиск кнопки [Выбрать] в окне [Выбор элемента] со списком контрагентов...
2025-09-03 14:41:45 [Info]: [SD1792470] Кнопка [Выбрать] найдена. Пытаемся нажать на кнопку...
2025-09-03 14:41:45 [Info]: [SD1792470] Нажали на кнопку [Выбрать] в окне [Выбор элемента] со списком контрагентов.
2025-09-03 14:41:45 [Info]: [SD1792470] Начинаем поиск кнопки [...] для выбора договора в окне [Создание документа]...
2025-09-03 14:41:45 [Info]: [SD1792470] Кнопка открытия окна с  договорами найдена. Пытаемся нажать на кнопку...
2025-09-03 14:41:45 [Info]: [SD1792470] Клик выполнен по элементу в центре: X=114, Y=550
2025-09-03 14:41:45 [Info]: [SD1792470] Нажали на кнопку открытия окна с договорами в окне [Создание документа].
2025-09-03 14:41:48 [Info]: [SD1792470] Окно поиска контрагента [Выбор документа] найдено.
2025-09-03 14:41:48 [Info]: [SD1792470] Начинаем поиск дерева элементов списка [Журналы регистрации]...
2025-09-03 14:41:48 [Info]: [SD1792470] Элемент дерева [Журналы регистрации] найден.
2025-09-03 14:41:48 [Info]: [SD1792470] Элемент дерева [Журналы регистрации] найден. Пытаемся инициализировать скролл...
2025-09-03 14:41:48 [Info]: [SD1792470] Элемент скролла [Vertical] найден! Работа робота продолжается.
2025-09-03 14:41:48 [Info]: [SD1792470] Элемент [Журналы регистраций] найден.
2025-09-03 14:41:48 [Debug]: [SD1792470] Элемент [Журналы регистраций] уже раскрыт.
2025-09-03 14:41:48 [Info]: [SD1792470] Количество журналов [78]
2025-09-03 14:41:48 [Debug]: [SD1792470] Выполняю поиск внутри элемента [Журналы регистраций] - Журнал [ДФ.Договоры]. Фокус на элементе: [БГЭС.Договоры]
2025-09-03 14:41:48 [Debug]: [SD1792470] Выполняю поиск внутри элемента [Журналы регистраций] - Журнал [ДФ.Договоры]. Фокус на элементе: [БГЭС.ПЗД / Приложения к договорам]
2025-09-03 14:41:48 [Debug]: [SD1792470] Выполняю поиск внутри элемента [Журналы регистраций] - Журнал [ДФ.Договоры]. Фокус на элементе: [БГЭС.Проекты договоров]
2025-09-03 14:41:48 [Debug]: [SD1792470] Выполняю поиск внутри элемента [Журналы регистраций] - Журнал [ДФ.Договоры]. Фокус на элементе: [ВГЭС.Договоры]
2025-09-03 14:41:48 [Debug]: [SD1792470] Выполняю поиск внутри элемента [Журналы регистраций] - Журнал [ДФ.Договоры]. Фокус на элементе: [ВГЭС.ПЗД / Приложения к договорам]
2025-09-03 14:41:48 [Debug]: [SD1792470] Выполняю поиск внутри элемента [Журналы регистраций] - Журнал [ДФ.Договоры]. Фокус на элементе: [ВГЭС.Проекты договоров]
2025-09-03 14:41:48 [Debug]: [SD1792470] Выполняю поиск внутри элемента [Журналы регистраций] - Журнал [ДФ.Договоры]. Фокус на элементе: [ВЛГЭС.Договоры]
2025-09-03 14:41:48 [Debug]: [SD1792470] Выполняю поиск внутри элемента [Журналы регистраций] - Журнал [ДФ.Договоры]. Фокус на элементе: [ВЛГЭС.ПЗД / Приложения к договорам]
2025-09-03 14:41:48 [Debug]: [SD1792470] Выполняю поиск внутри элемента [Журналы регистраций] - Журнал [ДФ.Договоры]. Фокус на элементе: [ВЛГЭС.Проекты договоров]
2025-09-03 14:41:48 [Debug]: [SD1792470] Выполняю поиск внутри элемента [Журналы регистраций] - Журнал [ДФ.Договоры]. Фокус на элементе: [ДФ.Договоры]
2025-09-03 14:41:48 [Info]: [SD1792470] Журнал [ДФ.Договоры] внутри элемента [Журналы регистраций] найден.
2025-09-03 14:41:48 [Debug]: [SD1792470] Элемент журнала прокручен в область видимости.
2025-09-03 14:41:49 [Info]: [SD1792470] Элемент журнала выбран.
2025-09-03 14:41:49 [Info]: [SD1792470] Элемент найден. Фокус успешно установлен на первый элемент таблицы договоров.
2025-09-03 14:41:49 [Info]: [SD1792470] Нажали на кнопку [Выбрать] в окне [Выбор документа] со списком журналов.
2025-09-03 14:41:50 [Info]: [SD1792470] Договор проставлен успешно. Номер договора: 1080-59-1-2013
2025-09-03 14:41:50 [Info]: [SD1792470] Текущий подписант: [Гамзатов Тимур Гамзатович]. Меняю на: [Черданцева Наталья Викторовна].
2025-09-03 14:41:50 [Info]: [SD1792470] Подписант успешно установлен: [Черданцева Наталья Викторовна].
2025-09-03 14:41:51 [Info]: [SD1792470] Клик выполнен по элементу в центре: X=37, Y=85
2025-09-03 14:41:51 [Info]: [SD1792470] Нажали на кнопку [Сохранить документ] в окне [Создать документ].
2025-09-03 14:41:51 [Info]: [SD1792470] Элемент неактивен, ждем 1 минуту...
2025-09-03 16:24:56 [Info]:  🤖 Запуск робота LandocsRobot
2025-09-03 16:24:56 [Info]:  Уровень логирования установлен на: Debug
2025-09-03 16:24:56 [Info]:  Параметры успешно загружены из config.xml
2025-09-03 16:24:56 [Info]:  Список организаций успешно загружен.
2025-09-03 16:24:56 [Info]:  Найдено 1 заяв(-ка) (-ок) для обработки.
2025-09-03 16:24:56 [Info]: [SD1792470] Начинаю обработку заявки: SD1792470+
2025-09-03 16:24:56 [Info]: [SD1792470] Файл заявки [SD1792470+.txt] найден. Начинаю обработку.
2025-09-03 16:24:56 [Debug]: [SD1792470] Начинается обработка файла: C:\Users\RobinLandocsAC\Desktop\LanDocsRobotReborn\landocs2\LandocsRobot\bin\Debug\Input\SD1792470+\SD1792470+.txt
2025-09-03 16:24:56 [Debug]: [SD1792470] Файл успешно прочитан: C:\Users\RobinLandocsAC\Desktop\LanDocsRobotReborn\landocs2\LandocsRobot\bin\Debug\Input\SD1792470+\SD1792470+.txt
2025-09-03 16:24:56 [Info]: [SD1792470] Извлеченные данные: Номер заявки - [SD1792470], Тип - [Годовая инвентаризация (по всем контрагентам и договорам)], Организация - [Дагестанский филиал], ППУД - [ДФ.Проекты ППУД]
2025-09-03 16:24:56 [Info]: [SD1792470] В папке [ЭДО] найдено 5 элементов. Начинаю обработку файлов.
2025-09-03 16:24:56 [Info]: [SD1792470] Сортировка и перемещение файлов завершены.
2025-09-03 16:24:56 [Debug]: [SD1792470] xlsx: 1 элементов.
2025-09-03 16:24:56 [Debug]: [SD1792470] pdf: 2 элементов.
2025-09-03 16:24:56 [Debug]: [SD1792470] zip: 102 элементов.
2025-09-03 16:24:56 [Debug]: [SD1792470] error: 1 элементов.
2025-09-03 16:24:56 [Debug]: [SD1792470] [+] Для файла [Акт св П 1000097213 Каримов Саид Алиевич ИП  №00000008061080 31.10.24_056206233185_ OK] найден соответствующий PDF.
2025-09-03 16:24:56 [Info]: [SD1792470] 0 файл(-а) (-ов) на конвертацию в PDF.
2025-09-03 16:24:56 [Info]: [SD1792470] Обработка заявки [SD1792470+] завершена успешно.
2025-09-03 16:24:56 [Info]: [SD1792470] Начинаю работу по файлу: Индекс: [0], Файл: [LandocsRobot.Program+FileData]. Всего файлов: [2]
2025-09-03 16:24:56 [Info]: [SD1792470] Запускаю Landocs.
2025-09-03 16:24:56 [Debug]: [SD1792470] Выполнил резервную копию файла профиля [C:\Users\RobinLandocsAC\AppData\Local\LANIT\LanDocs\3.6.1.39\UserSettings.xml] переименован в [C:\Users\RobinLandocsAC\AppData\Local\LANIT\LanDocs\3.6.1.39\UserSettings.bak].
2025-09-03 16:24:56 [Debug]: [SD1792470] Кастомный файл профиля landocs успешно перемещен из 'C:\Users\RobinLandocsAC\Desktop\LanDocsRobotReborn\landocs2\LandocsRobot\bin\Debug\UserSettings.xml' в 'C:\Users\RobinLandocsAC\AppData\Local\LANIT\LanDocs\3.6.1.39\UserSettings.xml'.
2025-09-03 16:24:56 [Info]: [SD1792470] Профиль Landocs успешно перемещен.
2025-09-03 16:24:56 [Info]: [SD1792470] Запускаю приложение Landocs по пути: C:\Users\RobinLandocsAC\AppData\Local\Apps\2.0\P5L8YXKH.MD2\WYROW58K.TZV\land...app_564c2c838af24d09_0003.0006_c04a00086fb426e6\LanDocs3.exe
2025-09-03 16:24:56 [Info]: [SD1792470] Запуск приложения: C:\Users\RobinLandocsAC\AppData\Local\Apps\2.0\P5L8YXKH.MD2\WYROW58K.TZV\land...app_564c2c838af24d09_0003.0006_c04a00086fb426e6\LanDocs3.exe
2025-09-03 16:24:56 [Info]: [SD1792470] Поиск окна приложения с именем: [_robin_landocs (Мой LanDocs) - Избранное - LanDocs]. Время ожидания:[300] сек.
2025-09-03 16:24:57 [Debug]: [SD1792470] Ожидание окна приложения: [_robin_landocs (Мой LanDocs) - Избранное - LanDocs]. Прошло [1] секунд...
2025-09-03 16:25:01 [Debug]: [SD1792470] Ожидание окна приложения: [_robin_landocs (Мой LanDocs) - Избранное - LanDocs]. Прошло [2] секунд...
2025-09-03 16:25:02 [Debug]: [SD1792470] Ожидание окна приложения: [_robin_landocs (Мой LanDocs) - Избранное - LanDocs]. Прошло [3] секунд...
2025-09-03 16:25:03 [Debug]: [SD1792470] Ожидание окна приложения: [_robin_landocs (Мой LanDocs) - Избранное - LanDocs]. Прошло [4] секунд...
2025-09-03 16:25:04 [Debug]: [SD1792470] Ожидание окна приложения: [_robin_landocs (Мой LanDocs) - Избранное - LanDocs]. Прошло [5] секунд...
2025-09-03 16:25:05 [Debug]: [SD1792470] Ожидание окна приложения: [_robin_landocs (Мой LanDocs) - Избранное - LanDocs]. Прошло [6] секунд...
2025-09-03 16:25:12 [Debug]: [SD1792470] Ожидание окна приложения: [_robin_landocs (Мой LanDocs) - Избранное - LanDocs]. Прошло [7] секунд...
2025-09-03 16:25:12 [Info]: [SD1792470] Landocs успешно запустился.
2025-09-03 16:25:12 [Info]: [SD1792470] Приложение Landocs успешно запущено и окно найдено.
2025-09-03 16:25:17 [Info]: [SD1792470] Начинаю поиск вкладки [Главная] в навигационном меню...
2025-09-03 16:25:17 [Info]: [SD1792470] Вкладка [Главная] найдена. Выполняю клик.
2025-09-03 16:25:17 [Error]: [SD1792470] Не удалось установить курсор на позицию: X=114, Y=37
2025-09-03 16:25:17 [Error]: [SD1792470] Общая ошибка при клике по элементу: Ошибка установки позиции курсора.
2025-09-03 16:25:17 [Error]: [SD1792470] Ошибка при поиске или клике по вкладке [Главная]: Ошибка установки позиции курсора.
2025-09-03 16:25:17 [Error]: [SD1792470] Ошибка в работе LanDocs [C:\Users\RobinLandocsAC\Desktop\LanDocsRobotReborn\landocs2\LandocsRobot\bin\Debug\Input\SD1792470+]: Ошибка установки позиции курсора.
